Classic Timing Analyzer report for LEDA
Sat Feb 05 08:53:08 2011
Quartus II Version 9.0 Build 235 06/17/2009 Service Pack 2 SJ Web Edition


---------------------
; Table of Contents ;
---------------------
  1. Legal Notice
  2. Timing Analyzer Summary
  3. Timing Analyzer Settings
  4. Clock Settings Summary
  5. Clock Setup: 'clk'
  6. tco
  7. Timing Analyzer Messages



----------------
; Legal Notice ;
----------------
Copyright (C) 1991-2009 Altera Corporation
Your use of Altera Corporation's design tools, logic functions 
and other software and tools, and its AMPP partner logic 
functions, and any output files from any of the foregoing 
(including device programming or simulation files), and any 
associated documentation or information are expressly subject 
to the terms and conditions of the Altera Program License 
Subscription Agreement, Altera MegaCore Function License 
Agreement, or other applicable license agreement, including, 
without limitation, that your use is for the sole purpose of 
programming logic devices manufactured by Altera and sold by 
Altera or its authorized distributors.  Please refer to the 
applicable agreement for further details.



+---------------------------------------------------------------------------------------------------------------------------------------------------------------+
; Timing Analyzer Summary                                                                                                                                       ;
+------------------------------+-------+---------------+----------------------------------+--------------+---------------+------------+----------+--------------+
; Type                         ; Slack ; Required Time ; Actual Time                      ; From         ; To            ; From Clock ; To Clock ; Failed Paths ;
+------------------------------+-------+---------------+----------------------------------+--------------+---------------+------------+----------+--------------+
; Worst-case tco               ; N/A   ; None          ; 15.480 ns                        ; led1[2]~reg0 ; led1[2]       ; clk        ; --       ; 0            ;
; Clock Setup: 'clk'           ; N/A   ; None          ; 130.60 MHz ( period = 7.657 ns ) ; \P1:count[6] ; \P1:count[13] ; clk        ; clk      ; 0            ;
; Total number of failed paths ;       ;               ;                                  ;              ;               ;            ;          ; 0            ;
+------------------------------+-------+---------------+----------------------------------+--------------+---------------+------------+----------+--------------+


+--------------------------------------------------------------------------------------------------------------------+
; Timing Analyzer Settings                                                                                           ;
+---------------------------------------------------------------------+--------------------+------+----+-------------+
; Option                                                              ; Setting            ; From ; To ; Entity Name ;
+---------------------------------------------------------------------+--------------------+------+----+-------------+
; Device Name                                                         ; EP2C8Q208C8        ;      ;    ;             ;
; Timing Models                                                       ; Final              ;      ;    ;             ;
; Default hold multicycle                                             ; Same as Multicycle ;      ;    ;             ;
; Cut paths between unrelated clock domains                           ; On                 ;      ;    ;             ;
; Cut off read during write signal paths                              ; On                 ;      ;    ;             ;
; Cut off feedback from I/O pins                                      ; On                 ;      ;    ;             ;
; Report Combined Fast/Slow Timing                                    ; Off                ;      ;    ;             ;
; Ignore Clock Settings                                               ; Off                ;      ;    ;             ;
; Analyze latches as synchronous elements                             ; On                 ;      ;    ;             ;
; Enable Recovery/Removal analysis                                    ; Off                ;      ;    ;             ;
; Enable Clock Latency                                                ; Off                ;      ;    ;             ;
; Use TimeQuest Timing Analyzer                                       ; Off                ;      ;    ;             ;
; Minimum Core Junction Temperature                                   ; 0                  ;      ;    ;             ;
; Maximum Core Junction Temperature                                   ; 85                 ;      ;    ;             ;
; Number of source nodes to report per destination node               ; 10                 ;      ;    ;             ;
; Number of destination nodes to report                               ; 10                 ;      ;    ;             ;
; Number of paths to report                                           ; 200                ;      ;    ;             ;
; Report Minimum Timing Checks                                        ; Off                ;      ;    ;             ;
; Use Fast Timing Models                                              ; Off                ;      ;    ;             ;
; Report IO Paths Separately                                          ; Off                ;      ;    ;             ;
; Perform Multicorner Analysis                                        ; On                 ;      ;    ;             ;
; Reports the worst-case path for each clock domain and analysis      ; Off                ;      ;    ;             ;
; Removes common clock path pessimism (CCPP) during slack computation ; Off                ;      ;    ;             ;
; Output I/O Timing Endpoint                                          ; Near End           ;      ;    ;             ;
+---------------------------------------------------------------------+--------------------+------+----+-------------+


+------------------------------------------------------------------------------------------------------------------------------------------------------------------------------------+
; Clock Settings Summary                                                                                                                                                             ;
+-----------------+--------------------+----------+------------------+---------------+--------------+----------+-----------------------+---------------------+--------+--------------+
; Clock Node Name ; Clock Setting Name ; Type     ; Fmax Requirement ; Early Latency ; Late Latency ; Based on ; Multiply Base Fmax by ; Divide Base Fmax by ; Offset ; Phase offset ;
+-----------------+--------------------+----------+------------------+---------------+--------------+----------+-----------------------+---------------------+--------+--------------+
; clk             ;                    ; User Pin ; None             ; 0.000 ns      ; 0.000 ns     ; --       ; N/A                   ; N/A                 ; N/A    ;              ;
+-----------------+--------------------+----------+------------------+---------------+--------------+----------+-----------------------+---------------------+--------+--------------+


+-------------------------------------------------------------------------------------------------------------------------------------------------------------------------------------------------------------------------------------------+
; Clock Setup: 'clk'                                                                                                                                                                                                                        ;
+-----------------------------------------+-----------------------------------------------------+---------------+---------------+------------+----------+-----------------------------+---------------------------+-------------------------+
; Slack                                   ; Actual fmax (period)                                ; From          ; To            ; From Clock ; To Clock ; Required Setup Relationship ; Required Longest P2P Time ; Actual Longest P2P Time ;
+-----------------------------------------+-----------------------------------------------------+---------------+---------------+------------+----------+-----------------------------+---------------------------+-------------------------+
; N/A                                     ; 130.60 MHz ( period = 7.657 ns )                    ; \P1:count[6]  ; \P1:count[20] ; clk        ; clk      ; None                        ; None                      ; 7.398 ns                ;
; N/A                                     ; 130.60 MHz ( period = 7.657 ns )                    ; \P1:count[6]  ; \P1:count[23] ; clk        ; clk      ; None                        ; None                      ; 7.398 ns                ;
; N/A                                     ; 130.60 MHz ( period = 7.657 ns )                    ; \P1:count[6]  ; \P1:count[22] ; clk        ; clk      ; None                        ; None                      ; 7.398 ns                ;
; N/A                                     ; 130.60 MHz ( period = 7.657 ns )                    ; \P1:count[6]  ; \P1:count[21] ; clk        ; clk      ; None                        ; None                      ; 7.398 ns                ;
; N/A                                     ; 130.60 MHz ( period = 7.657 ns )                    ; \P1:count[6]  ; \P1:count[15] ; clk        ; clk      ; None                        ; None                      ; 7.398 ns                ;
; N/A                                     ; 130.60 MHz ( period = 7.657 ns )                    ; \P1:count[6]  ; \P1:count[18] ; clk        ; clk      ; None                        ; None                      ; 7.398 ns                ;
; N/A                                     ; 130.60 MHz ( period = 7.657 ns )                    ; \P1:count[6]  ; \P1:count[19] ; clk        ; clk      ; None                        ; None                      ; 7.398 ns                ;
; N/A                                     ; 130.60 MHz ( period = 7.657 ns )                    ; \P1:count[6]  ; \P1:count[14] ; clk        ; clk      ; None                        ; None                      ; 7.398 ns                ;
; N/A                                     ; 130.60 MHz ( period = 7.657 ns )                    ; \P1:count[6]  ; \P1:count[17] ; clk        ; clk      ; None                        ; None                      ; 7.398 ns                ;
; N/A                                     ; 130.60 MHz ( period = 7.657 ns )                    ; \P1:count[6]  ; \P1:count[16] ; clk        ; clk      ; None                        ; None                      ; 7.398 ns                ;
; N/A                                     ; 130.60 MHz ( period = 7.657 ns )                    ; \P1:count[6]  ; \P1:count[12] ; clk        ; clk      ; None                        ; None                      ; 7.398 ns                ;
; N/A                                     ; 130.60 MHz ( period = 7.657 ns )                    ; \P1:count[6]  ; \P1:count[13] ; clk        ; clk      ; None                        ; None                      ; 7.398 ns                ;
; N/A                                     ; 131.32 MHz ( period = 7.615 ns )                    ; \P1:count[7]  ; \P1:count[20] ; clk        ; clk      ; None                        ; None                      ; 7.356 ns                ;
; N/A                                     ; 131.32 MHz ( period = 7.615 ns )                    ; \P1:count[7]  ; \P1:count[23] ; clk        ; clk      ; None                        ; None                      ; 7.356 ns                ;
; N/A                                     ; 131.32 MHz ( period = 7.615 ns )                    ; \P1:count[7]  ; \P1:count[22] ; clk        ; clk      ; None                        ; None                      ; 7.356 ns                ;
; N/A                                     ; 131.32 MHz ( period = 7.615 ns )                    ; \P1:count[7]  ; \P1:count[21] ; clk        ; clk      ; None                        ; None                      ; 7.356 ns                ;
; N/A                                     ; 131.32 MHz ( period = 7.615 ns )                    ; \P1:count[7]  ; \P1:count[15] ; clk        ; clk      ; None                        ; None                      ; 7.356 ns                ;
; N/A                                     ; 131.32 MHz ( period = 7.615 ns )                    ; \P1:count[7]  ; \P1:count[18] ; clk        ; clk      ; None                        ; None                      ; 7.356 ns                ;
; N/A                                     ; 131.32 MHz ( period = 7.615 ns )                    ; \P1:count[7]  ; \P1:count[19] ; clk        ; clk      ; None                        ; None                      ; 7.356 ns                ;
; N/A                                     ; 131.32 MHz ( period = 7.615 ns )                    ; \P1:count[7]  ; \P1:count[14] ; clk        ; clk      ; None                        ; None                      ; 7.356 ns                ;
; N/A                                     ; 131.32 MHz ( period = 7.615 ns )                    ; \P1:count[7]  ; \P1:count[17] ; clk        ; clk      ; None                        ; None                      ; 7.356 ns                ;
; N/A                                     ; 131.32 MHz ( period = 7.615 ns )                    ; \P1:count[7]  ; \P1:count[16] ; clk        ; clk      ; None                        ; None                      ; 7.356 ns                ;
; N/A                                     ; 131.32 MHz ( period = 7.615 ns )                    ; \P1:count[7]  ; \P1:count[12] ; clk        ; clk      ; None                        ; None                      ; 7.356 ns                ;
; N/A                                     ; 131.32 MHz ( period = 7.615 ns )                    ; \P1:count[7]  ; \P1:count[13] ; clk        ; clk      ; None                        ; None                      ; 7.356 ns                ;
; N/A                                     ; 135.14 MHz ( period = 7.400 ns )                    ; \P1:count[8]  ; \P1:count[20] ; clk        ; clk      ; None                        ; None                      ; 7.141 ns                ;
; N/A                                     ; 135.14 MHz ( period = 7.400 ns )                    ; \P1:count[8]  ; \P1:count[23] ; clk        ; clk      ; None                        ; None                      ; 7.141 ns                ;
; N/A                                     ; 135.14 MHz ( period = 7.400 ns )                    ; \P1:count[8]  ; \P1:count[22] ; clk        ; clk      ; None                        ; None                      ; 7.141 ns                ;
; N/A                                     ; 135.14 MHz ( period = 7.400 ns )                    ; \P1:count[8]  ; \P1:count[21] ; clk        ; clk      ; None                        ; None                      ; 7.141 ns                ;
; N/A                                     ; 135.14 MHz ( period = 7.400 ns )                    ; \P1:count[8]  ; \P1:count[15] ; clk        ; clk      ; None                        ; None                      ; 7.141 ns                ;
; N/A                                     ; 135.14 MHz ( period = 7.400 ns )                    ; \P1:count[8]  ; \P1:count[18] ; clk        ; clk      ; None                        ; None                      ; 7.141 ns                ;
; N/A                                     ; 135.14 MHz ( period = 7.400 ns )                    ; \P1:count[8]  ; \P1:count[19] ; clk        ; clk      ; None                        ; None                      ; 7.141 ns                ;
; N/A                                     ; 135.14 MHz ( period = 7.400 ns )                    ; \P1:count[8]  ; \P1:count[14] ; clk        ; clk      ; None                        ; None                      ; 7.141 ns                ;
; N/A                                     ; 135.14 MHz ( period = 7.400 ns )                    ; \P1:count[8]  ; \P1:count[17] ; clk        ; clk      ; None                        ; None                      ; 7.141 ns                ;
; N/A                                     ; 135.14 MHz ( period = 7.400 ns )                    ; \P1:count[8]  ; \P1:count[16] ; clk        ; clk      ; None                        ; None                      ; 7.141 ns                ;
; N/A                                     ; 135.14 MHz ( period = 7.400 ns )                    ; \P1:count[8]  ; \P1:count[12] ; clk        ; clk      ; None                        ; None                      ; 7.141 ns                ;
; N/A                                     ; 135.14 MHz ( period = 7.400 ns )                    ; \P1:count[8]  ; \P1:count[13] ; clk        ; clk      ; None                        ; None                      ; 7.141 ns                ;
; N/A                                     ; 136.04 MHz ( period = 7.351 ns )                    ; \P1:count[12] ; \P1:count[20] ; clk        ; clk      ; None                        ; None                      ; 7.087 ns                ;
; N/A                                     ; 136.04 MHz ( period = 7.351 ns )                    ; \P1:count[12] ; \P1:count[23] ; clk        ; clk      ; None                        ; None                      ; 7.087 ns                ;
; N/A                                     ; 136.04 MHz ( period = 7.351 ns )                    ; \P1:count[12] ; \P1:count[22] ; clk        ; clk      ; None                        ; None                      ; 7.087 ns                ;
; N/A                                     ; 136.04 MHz ( period = 7.351 ns )                    ; \P1:count[12] ; \P1:count[21] ; clk        ; clk      ; None                        ; None                      ; 7.087 ns                ;
; N/A                                     ; 136.04 MHz ( period = 7.351 ns )                    ; \P1:count[12] ; \P1:count[15] ; clk        ; clk      ; None                        ; None                      ; 7.087 ns                ;
; N/A                                     ; 136.04 MHz ( period = 7.351 ns )                    ; \P1:count[12] ; \P1:count[18] ; clk        ; clk      ; None                        ; None                      ; 7.087 ns                ;
; N/A                                     ; 136.04 MHz ( period = 7.351 ns )                    ; \P1:count[12] ; \P1:count[19] ; clk        ; clk      ; None                        ; None                      ; 7.087 ns                ;
; N/A                                     ; 136.04 MHz ( period = 7.351 ns )                    ; \P1:count[12] ; \P1:count[14] ; clk        ; clk      ; None                        ; None                      ; 7.087 ns                ;
; N/A                                     ; 136.04 MHz ( period = 7.351 ns )                    ; \P1:count[12] ; \P1:count[17] ; clk        ; clk      ; None                        ; None                      ; 7.087 ns                ;
; N/A                                     ; 136.04 MHz ( period = 7.351 ns )                    ; \P1:count[12] ; \P1:count[16] ; clk        ; clk      ; None                        ; None                      ; 7.087 ns                ;
; N/A                                     ; 136.04 MHz ( period = 7.351 ns )                    ; \P1:count[12] ; \P1:count[12] ; clk        ; clk      ; None                        ; None                      ; 7.087 ns                ;
; N/A                                     ; 136.04 MHz ( period = 7.351 ns )                    ; \P1:count[12] ; \P1:count[13] ; clk        ; clk      ; None                        ; None                      ; 7.087 ns                ;
; N/A                                     ; 137.01 MHz ( period = 7.299 ns )                    ; \P1:count[15] ; \P1:count[20] ; clk        ; clk      ; None                        ; None                      ; 7.035 ns                ;
; N/A                                     ; 137.01 MHz ( period = 7.299 ns )                    ; \P1:count[15] ; \P1:count[23] ; clk        ; clk      ; None                        ; None                      ; 7.035 ns                ;
; N/A                                     ; 137.01 MHz ( period = 7.299 ns )                    ; \P1:count[15] ; \P1:count[22] ; clk        ; clk      ; None                        ; None                      ; 7.035 ns                ;
; N/A                                     ; 137.01 MHz ( period = 7.299 ns )                    ; \P1:count[15] ; \P1:count[21] ; clk        ; clk      ; None                        ; None                      ; 7.035 ns                ;
; N/A                                     ; 137.01 MHz ( period = 7.299 ns )                    ; \P1:count[15] ; \P1:count[15] ; clk        ; clk      ; None                        ; None                      ; 7.035 ns                ;
; N/A                                     ; 137.01 MHz ( period = 7.299 ns )                    ; \P1:count[15] ; \P1:count[18] ; clk        ; clk      ; None                        ; None                      ; 7.035 ns                ;
; N/A                                     ; 137.01 MHz ( period = 7.299 ns )                    ; \P1:count[15] ; \P1:count[19] ; clk        ; clk      ; None                        ; None                      ; 7.035 ns                ;
; N/A                                     ; 137.01 MHz ( period = 7.299 ns )                    ; \P1:count[15] ; \P1:count[14] ; clk        ; clk      ; None                        ; None                      ; 7.035 ns                ;
; N/A                                     ; 137.01 MHz ( period = 7.299 ns )                    ; \P1:count[15] ; \P1:count[17] ; clk        ; clk      ; None                        ; None                      ; 7.035 ns                ;
; N/A                                     ; 137.01 MHz ( period = 7.299 ns )                    ; \P1:count[15] ; \P1:count[16] ; clk        ; clk      ; None                        ; None                      ; 7.035 ns                ;
; N/A                                     ; 137.01 MHz ( period = 7.299 ns )                    ; \P1:count[15] ; \P1:count[12] ; clk        ; clk      ; None                        ; None                      ; 7.035 ns                ;
; N/A                                     ; 137.01 MHz ( period = 7.299 ns )                    ; \P1:count[15] ; \P1:count[13] ; clk        ; clk      ; None                        ; None                      ; 7.035 ns                ;
; N/A                                     ; 137.48 MHz ( period = 7.274 ns )                    ; \P1:count[9]  ; \P1:count[20] ; clk        ; clk      ; None                        ; None                      ; 7.015 ns                ;
; N/A                                     ; 137.48 MHz ( period = 7.274 ns )                    ; \P1:count[9]  ; \P1:count[23] ; clk        ; clk      ; None                        ; None                      ; 7.015 ns                ;
; N/A                                     ; 137.48 MHz ( period = 7.274 ns )                    ; \P1:count[9]  ; \P1:count[22] ; clk        ; clk      ; None                        ; None                      ; 7.015 ns                ;
; N/A                                     ; 137.48 MHz ( period = 7.274 ns )                    ; \P1:count[9]  ; \P1:count[21] ; clk        ; clk      ; None                        ; None                      ; 7.015 ns                ;
; N/A                                     ; 137.48 MHz ( period = 7.274 ns )                    ; \P1:count[9]  ; \P1:count[15] ; clk        ; clk      ; None                        ; None                      ; 7.015 ns                ;
; N/A                                     ; 137.48 MHz ( period = 7.274 ns )                    ; \P1:count[9]  ; \P1:count[18] ; clk        ; clk      ; None                        ; None                      ; 7.015 ns                ;
; N/A                                     ; 137.48 MHz ( period = 7.274 ns )                    ; \P1:count[9]  ; \P1:count[19] ; clk        ; clk      ; None                        ; None                      ; 7.015 ns                ;
; N/A                                     ; 137.48 MHz ( period = 7.274 ns )                    ; \P1:count[9]  ; \P1:count[14] ; clk        ; clk      ; None                        ; None                      ; 7.015 ns                ;
; N/A                                     ; 137.48 MHz ( period = 7.274 ns )                    ; \P1:count[9]  ; \P1:count[17] ; clk        ; clk      ; None                        ; None                      ; 7.015 ns                ;
; N/A                                     ; 137.48 MHz ( period = 7.274 ns )                    ; \P1:count[9]  ; \P1:count[16] ; clk        ; clk      ; None                        ; None                      ; 7.015 ns                ;
; N/A                                     ; 137.48 MHz ( period = 7.274 ns )                    ; \P1:count[9]  ; \P1:count[12] ; clk        ; clk      ; None                        ; None                      ; 7.015 ns                ;
; N/A                                     ; 137.48 MHz ( period = 7.274 ns )                    ; \P1:count[9]  ; \P1:count[13] ; clk        ; clk      ; None                        ; None                      ; 7.015 ns                ;
; N/A                                     ; 138.70 MHz ( period = 7.210 ns )                    ; \P1:count[19] ; \P1:count[20] ; clk        ; clk      ; None                        ; None                      ; 6.946 ns                ;
; N/A                                     ; 138.70 MHz ( period = 7.210 ns )                    ; \P1:count[19] ; \P1:count[23] ; clk        ; clk      ; None                        ; None                      ; 6.946 ns                ;
; N/A                                     ; 138.70 MHz ( period = 7.210 ns )                    ; \P1:count[19] ; \P1:count[22] ; clk        ; clk      ; None                        ; None                      ; 6.946 ns                ;
; N/A                                     ; 138.70 MHz ( period = 7.210 ns )                    ; \P1:count[19] ; \P1:count[21] ; clk        ; clk      ; None                        ; None                      ; 6.946 ns                ;
; N/A                                     ; 138.70 MHz ( period = 7.210 ns )                    ; \P1:count[19] ; \P1:count[15] ; clk        ; clk      ; None                        ; None                      ; 6.946 ns                ;
; N/A                                     ; 138.70 MHz ( period = 7.210 ns )                    ; \P1:count[19] ; \P1:count[18] ; clk        ; clk      ; None                        ; None                      ; 6.946 ns                ;
; N/A                                     ; 138.70 MHz ( period = 7.210 ns )                    ; \P1:count[19] ; \P1:count[19] ; clk        ; clk      ; None                        ; None                      ; 6.946 ns                ;
; N/A                                     ; 138.70 MHz ( period = 7.210 ns )                    ; \P1:count[19] ; \P1:count[14] ; clk        ; clk      ; None                        ; None                      ; 6.946 ns                ;
; N/A                                     ; 138.70 MHz ( period = 7.210 ns )                    ; \P1:count[19] ; \P1:count[17] ; clk        ; clk      ; None                        ; None                      ; 6.946 ns                ;
; N/A                                     ; 138.70 MHz ( period = 7.210 ns )                    ; \P1:count[19] ; \P1:count[16] ; clk        ; clk      ; None                        ; None                      ; 6.946 ns                ;
; N/A                                     ; 138.70 MHz ( period = 7.210 ns )                    ; \P1:count[19] ; \P1:count[12] ; clk        ; clk      ; None                        ; None                      ; 6.946 ns                ;
; N/A                                     ; 138.70 MHz ( period = 7.210 ns )                    ; \P1:count[19] ; \P1:count[13] ; clk        ; clk      ; None                        ; None                      ; 6.946 ns                ;
; N/A                                     ; 140.19 MHz ( period = 7.133 ns )                    ; \P1:count[16] ; \P1:count[20] ; clk        ; clk      ; None                        ; None                      ; 6.869 ns                ;
; N/A                                     ; 140.19 MHz ( period = 7.133 ns )                    ; \P1:count[16] ; \P1:count[23] ; clk        ; clk      ; None                        ; None                      ; 6.869 ns                ;
; N/A                                     ; 140.19 MHz ( period = 7.133 ns )                    ; \P1:count[16] ; \P1:count[22] ; clk        ; clk      ; None                        ; None                      ; 6.869 ns                ;
; N/A                                     ; 140.19 MHz ( period = 7.133 ns )                    ; \P1:count[16] ; \P1:count[21] ; clk        ; clk      ; None                        ; None                      ; 6.869 ns                ;
; N/A                                     ; 140.19 MHz ( period = 7.133 ns )                    ; \P1:count[16] ; \P1:count[15] ; clk        ; clk      ; None                        ; None                      ; 6.869 ns                ;
; N/A                                     ; 140.19 MHz ( period = 7.133 ns )                    ; \P1:count[16] ; \P1:count[18] ; clk        ; clk      ; None                        ; None                      ; 6.869 ns                ;
; N/A                                     ; 140.19 MHz ( period = 7.133 ns )                    ; \P1:count[16] ; \P1:count[19] ; clk        ; clk      ; None                        ; None                      ; 6.869 ns                ;
; N/A                                     ; 140.19 MHz ( period = 7.133 ns )                    ; \P1:count[16] ; \P1:count[14] ; clk        ; clk      ; None                        ; None                      ; 6.869 ns                ;
; N/A                                     ; 140.19 MHz ( period = 7.133 ns )                    ; \P1:count[16] ; \P1:count[17] ; clk        ; clk      ; None                        ; None                      ; 6.869 ns                ;
; N/A                                     ; 140.19 MHz ( period = 7.133 ns )                    ; \P1:count[16] ; \P1:count[16] ; clk        ; clk      ; None                        ; None                      ; 6.869 ns                ;
; N/A                                     ; 140.19 MHz ( period = 7.133 ns )                    ; \P1:count[16] ; \P1:count[12] ; clk        ; clk      ; None                        ; None                      ; 6.869 ns                ;
; N/A                                     ; 140.19 MHz ( period = 7.133 ns )                    ; \P1:count[16] ; \P1:count[13] ; clk        ; clk      ; None                        ; None                      ; 6.869 ns                ;
; N/A                                     ; 140.96 MHz ( period = 7.094 ns )                    ; \P1:count[10] ; \P1:count[20] ; clk        ; clk      ; None                        ; None                      ; 6.835 ns                ;
; N/A                                     ; 140.96 MHz ( period = 7.094 ns )                    ; \P1:count[10] ; \P1:count[23] ; clk        ; clk      ; None                        ; None                      ; 6.835 ns                ;
; N/A                                     ; 140.96 MHz ( period = 7.094 ns )                    ; \P1:count[10] ; \P1:count[22] ; clk        ; clk      ; None                        ; None                      ; 6.835 ns                ;
; N/A                                     ; 140.96 MHz ( period = 7.094 ns )                    ; \P1:count[10] ; \P1:count[21] ; clk        ; clk      ; None                        ; None                      ; 6.835 ns                ;
; N/A                                     ; 140.96 MHz ( period = 7.094 ns )                    ; \P1:count[10] ; \P1:count[15] ; clk        ; clk      ; None                        ; None                      ; 6.835 ns                ;
; N/A                                     ; 140.96 MHz ( period = 7.094 ns )                    ; \P1:count[10] ; \P1:count[18] ; clk        ; clk      ; None                        ; None                      ; 6.835 ns                ;
; N/A                                     ; 140.96 MHz ( period = 7.094 ns )                    ; \P1:count[10] ; \P1:count[19] ; clk        ; clk      ; None                        ; None                      ; 6.835 ns                ;
; N/A                                     ; 140.96 MHz ( period = 7.094 ns )                    ; \P1:count[10] ; \P1:count[14] ; clk        ; clk      ; None                        ; None                      ; 6.835 ns                ;
; N/A                                     ; 140.96 MHz ( period = 7.094 ns )                    ; \P1:count[10] ; \P1:count[17] ; clk        ; clk      ; None                        ; None                      ; 6.835 ns                ;
; N/A                                     ; 140.96 MHz ( period = 7.094 ns )                    ; \P1:count[10] ; \P1:count[16] ; clk        ; clk      ; None                        ; None                      ; 6.835 ns                ;
; N/A                                     ; 140.96 MHz ( period = 7.094 ns )                    ; \P1:count[10] ; \P1:count[12] ; clk        ; clk      ; None                        ; None                      ; 6.835 ns                ;
; N/A                                     ; 140.96 MHz ( period = 7.094 ns )                    ; \P1:count[10] ; \P1:count[13] ; clk        ; clk      ; None                        ; None                      ; 6.835 ns                ;
; N/A                                     ; 142.67 MHz ( period = 7.009 ns )                    ; \P1:count[13] ; \P1:count[20] ; clk        ; clk      ; None                        ; None                      ; 6.745 ns                ;
; N/A                                     ; 142.67 MHz ( period = 7.009 ns )                    ; \P1:count[13] ; \P1:count[23] ; clk        ; clk      ; None                        ; None                      ; 6.745 ns                ;
; N/A                                     ; 142.67 MHz ( period = 7.009 ns )                    ; \P1:count[13] ; \P1:count[22] ; clk        ; clk      ; None                        ; None                      ; 6.745 ns                ;
; N/A                                     ; 142.67 MHz ( period = 7.009 ns )                    ; \P1:count[13] ; \P1:count[21] ; clk        ; clk      ; None                        ; None                      ; 6.745 ns                ;
; N/A                                     ; 142.67 MHz ( period = 7.009 ns )                    ; \P1:count[13] ; \P1:count[15] ; clk        ; clk      ; None                        ; None                      ; 6.745 ns                ;
; N/A                                     ; 142.67 MHz ( period = 7.009 ns )                    ; \P1:count[13] ; \P1:count[18] ; clk        ; clk      ; None                        ; None                      ; 6.745 ns                ;
; N/A                                     ; 142.67 MHz ( period = 7.009 ns )                    ; \P1:count[13] ; \P1:count[19] ; clk        ; clk      ; None                        ; None                      ; 6.745 ns                ;
; N/A                                     ; 142.67 MHz ( period = 7.009 ns )                    ; \P1:count[13] ; \P1:count[14] ; clk        ; clk      ; None                        ; None                      ; 6.745 ns                ;
; N/A                                     ; 142.67 MHz ( period = 7.009 ns )                    ; \P1:count[13] ; \P1:count[17] ; clk        ; clk      ; None                        ; None                      ; 6.745 ns                ;
; N/A                                     ; 142.67 MHz ( period = 7.009 ns )                    ; \P1:count[13] ; \P1:count[16] ; clk        ; clk      ; None                        ; None                      ; 6.745 ns                ;
; N/A                                     ; 142.67 MHz ( period = 7.009 ns )                    ; \P1:count[13] ; \P1:count[12] ; clk        ; clk      ; None                        ; None                      ; 6.745 ns                ;
; N/A                                     ; 142.67 MHz ( period = 7.009 ns )                    ; \P1:count[13] ; \P1:count[13] ; clk        ; clk      ; None                        ; None                      ; 6.745 ns                ;
; N/A                                     ; 143.20 MHz ( period = 6.983 ns )                    ; \P1:count[14] ; \P1:count[20] ; clk        ; clk      ; None                        ; None                      ; 6.719 ns                ;
; N/A                                     ; 143.20 MHz ( period = 6.983 ns )                    ; \P1:count[14] ; \P1:count[23] ; clk        ; clk      ; None                        ; None                      ; 6.719 ns                ;
; N/A                                     ; 143.20 MHz ( period = 6.983 ns )                    ; \P1:count[14] ; \P1:count[22] ; clk        ; clk      ; None                        ; None                      ; 6.719 ns                ;
; N/A                                     ; 143.20 MHz ( period = 6.983 ns )                    ; \P1:count[14] ; \P1:count[21] ; clk        ; clk      ; None                        ; None                      ; 6.719 ns                ;
; N/A                                     ; 143.20 MHz ( period = 6.983 ns )                    ; \P1:count[14] ; \P1:count[15] ; clk        ; clk      ; None                        ; None                      ; 6.719 ns                ;
; N/A                                     ; 143.20 MHz ( period = 6.983 ns )                    ; \P1:count[14] ; \P1:count[18] ; clk        ; clk      ; None                        ; None                      ; 6.719 ns                ;
; N/A                                     ; 143.20 MHz ( period = 6.983 ns )                    ; \P1:count[14] ; \P1:count[19] ; clk        ; clk      ; None                        ; None                      ; 6.719 ns                ;
; N/A                                     ; 143.20 MHz ( period = 6.983 ns )                    ; \P1:count[14] ; \P1:count[14] ; clk        ; clk      ; None                        ; None                      ; 6.719 ns                ;
; N/A                                     ; 143.20 MHz ( period = 6.983 ns )                    ; \P1:count[14] ; \P1:count[17] ; clk        ; clk      ; None                        ; None                      ; 6.719 ns                ;
; N/A                                     ; 143.20 MHz ( period = 6.983 ns )                    ; \P1:count[14] ; \P1:count[16] ; clk        ; clk      ; None                        ; None                      ; 6.719 ns                ;
; N/A                                     ; 143.20 MHz ( period = 6.983 ns )                    ; \P1:count[14] ; \P1:count[12] ; clk        ; clk      ; None                        ; None                      ; 6.719 ns                ;
; N/A                                     ; 143.20 MHz ( period = 6.983 ns )                    ; \P1:count[14] ; \P1:count[13] ; clk        ; clk      ; None                        ; None                      ; 6.719 ns                ;
; N/A                                     ; 143.39 MHz ( period = 6.974 ns )                    ; \P1:count[20] ; \P1:count[20] ; clk        ; clk      ; None                        ; None                      ; 6.710 ns                ;
; N/A                                     ; 143.39 MHz ( period = 6.974 ns )                    ; \P1:count[20] ; \P1:count[23] ; clk        ; clk      ; None                        ; None                      ; 6.710 ns                ;
; N/A                                     ; 143.39 MHz ( period = 6.974 ns )                    ; \P1:count[20] ; \P1:count[22] ; clk        ; clk      ; None                        ; None                      ; 6.710 ns                ;
; N/A                                     ; 143.39 MHz ( period = 6.974 ns )                    ; \P1:count[20] ; \P1:count[21] ; clk        ; clk      ; None                        ; None                      ; 6.710 ns                ;
; N/A                                     ; 143.39 MHz ( period = 6.974 ns )                    ; \P1:count[20] ; \P1:count[15] ; clk        ; clk      ; None                        ; None                      ; 6.710 ns                ;
; N/A                                     ; 143.39 MHz ( period = 6.974 ns )                    ; \P1:count[20] ; \P1:count[18] ; clk        ; clk      ; None                        ; None                      ; 6.710 ns                ;
; N/A                                     ; 143.39 MHz ( period = 6.974 ns )                    ; \P1:count[20] ; \P1:count[19] ; clk        ; clk      ; None                        ; None                      ; 6.710 ns                ;
; N/A                                     ; 143.39 MHz ( period = 6.974 ns )                    ; \P1:count[6]  ; \P1:count[9]  ; clk        ; clk      ; None                        ; None                      ; 6.710 ns                ;
; N/A                                     ; 143.39 MHz ( period = 6.974 ns )                    ; \P1:count[20] ; \P1:count[14] ; clk        ; clk      ; None                        ; None                      ; 6.710 ns                ;
; N/A                                     ; 143.39 MHz ( period = 6.974 ns )                    ; \P1:count[20] ; \P1:count[17] ; clk        ; clk      ; None                        ; None                      ; 6.710 ns                ;
; N/A                                     ; 143.39 MHz ( period = 6.974 ns )                    ; \P1:count[20] ; \P1:count[16] ; clk        ; clk      ; None                        ; None                      ; 6.710 ns                ;
; N/A                                     ; 143.39 MHz ( period = 6.974 ns )                    ; \P1:count[6]  ; \P1:count[8]  ; clk        ; clk      ; None                        ; None                      ; 6.710 ns                ;
; N/A                                     ; 143.39 MHz ( period = 6.974 ns )                    ; \P1:count[6]  ; \P1:count[7]  ; clk        ; clk      ; None                        ; None                      ; 6.710 ns                ;
; N/A                                     ; 143.39 MHz ( period = 6.974 ns )                    ; \P1:count[20] ; \P1:count[12] ; clk        ; clk      ; None                        ; None                      ; 6.710 ns                ;
; N/A                                     ; 143.39 MHz ( period = 6.974 ns )                    ; \P1:count[6]  ; \P1:count[10] ; clk        ; clk      ; None                        ; None                      ; 6.710 ns                ;
; N/A                                     ; 143.39 MHz ( period = 6.974 ns )                    ; \P1:count[6]  ; \P1:count[11] ; clk        ; clk      ; None                        ; None                      ; 6.710 ns                ;
; N/A                                     ; 143.39 MHz ( period = 6.974 ns )                    ; \P1:count[20] ; \P1:count[13] ; clk        ; clk      ; None                        ; None                      ; 6.710 ns                ;
; N/A                                     ; 143.39 MHz ( period = 6.974 ns )                    ; \P1:count[6]  ; \P1:count[4]  ; clk        ; clk      ; None                        ; None                      ; 6.710 ns                ;
; N/A                                     ; 143.39 MHz ( period = 6.974 ns )                    ; \P1:count[6]  ; \P1:count[5]  ; clk        ; clk      ; None                        ; None                      ; 6.710 ns                ;
; N/A                                     ; 143.39 MHz ( period = 6.974 ns )                    ; \P1:count[6]  ; \P1:count[3]  ; clk        ; clk      ; None                        ; None                      ; 6.710 ns                ;
; N/A                                     ; 143.39 MHz ( period = 6.974 ns )                    ; \P1:count[6]  ; \P1:count[1]  ; clk        ; clk      ; None                        ; None                      ; 6.710 ns                ;
; N/A                                     ; 143.39 MHz ( period = 6.974 ns )                    ; \P1:count[6]  ; \P1:count[2]  ; clk        ; clk      ; None                        ; None                      ; 6.710 ns                ;
; N/A                                     ; 143.39 MHz ( period = 6.974 ns )                    ; \P1:count[6]  ; \P1:count[0]  ; clk        ; clk      ; None                        ; None                      ; 6.710 ns                ;
; N/A                                     ; 143.39 MHz ( period = 6.974 ns )                    ; \P1:count[6]  ; \P1:count[6]  ; clk        ; clk      ; None                        ; None                      ; 6.710 ns                ;
; N/A                                     ; 144.26 MHz ( period = 6.932 ns )                    ; \P1:count[7]  ; \P1:count[9]  ; clk        ; clk      ; None                        ; None                      ; 6.668 ns                ;
; N/A                                     ; 144.26 MHz ( period = 6.932 ns )                    ; \P1:count[7]  ; \P1:count[8]  ; clk        ; clk      ; None                        ; None                      ; 6.668 ns                ;
; N/A                                     ; 144.26 MHz ( period = 6.932 ns )                    ; \P1:count[7]  ; \P1:count[7]  ; clk        ; clk      ; None                        ; None                      ; 6.668 ns                ;
; N/A                                     ; 144.26 MHz ( period = 6.932 ns )                    ; \P1:count[7]  ; \P1:count[10] ; clk        ; clk      ; None                        ; None                      ; 6.668 ns                ;
; N/A                                     ; 144.26 MHz ( period = 6.932 ns )                    ; \P1:count[7]  ; \P1:count[11] ; clk        ; clk      ; None                        ; None                      ; 6.668 ns                ;
; N/A                                     ; 144.26 MHz ( period = 6.932 ns )                    ; \P1:count[7]  ; \P1:count[4]  ; clk        ; clk      ; None                        ; None                      ; 6.668 ns                ;
; N/A                                     ; 144.26 MHz ( period = 6.932 ns )                    ; \P1:count[7]  ; \P1:count[5]  ; clk        ; clk      ; None                        ; None                      ; 6.668 ns                ;
; N/A                                     ; 144.26 MHz ( period = 6.932 ns )                    ; \P1:count[7]  ; \P1:count[3]  ; clk        ; clk      ; None                        ; None                      ; 6.668 ns                ;
; N/A                                     ; 144.26 MHz ( period = 6.932 ns )                    ; \P1:count[7]  ; \P1:count[1]  ; clk        ; clk      ; None                        ; None                      ; 6.668 ns                ;
; N/A                                     ; 144.26 MHz ( period = 6.932 ns )                    ; \P1:count[7]  ; \P1:count[2]  ; clk        ; clk      ; None                        ; None                      ; 6.668 ns                ;
; N/A                                     ; 144.26 MHz ( period = 6.932 ns )                    ; \P1:count[7]  ; \P1:count[0]  ; clk        ; clk      ; None                        ; None                      ; 6.668 ns                ;
; N/A                                     ; 144.26 MHz ( period = 6.932 ns )                    ; \P1:count[7]  ; \P1:count[6]  ; clk        ; clk      ; None                        ; None                      ; 6.668 ns                ;
; N/A                                     ; 145.45 MHz ( period = 6.875 ns )                    ; \P1:count[17] ; \P1:count[20] ; clk        ; clk      ; None                        ; None                      ; 6.611 ns                ;
; N/A                                     ; 145.45 MHz ( period = 6.875 ns )                    ; \P1:count[17] ; \P1:count[23] ; clk        ; clk      ; None                        ; None                      ; 6.611 ns                ;
; N/A                                     ; 145.45 MHz ( period = 6.875 ns )                    ; \P1:count[17] ; \P1:count[22] ; clk        ; clk      ; None                        ; None                      ; 6.611 ns                ;
; N/A                                     ; 145.45 MHz ( period = 6.875 ns )                    ; \P1:count[17] ; \P1:count[21] ; clk        ; clk      ; None                        ; None                      ; 6.611 ns                ;
; N/A                                     ; 145.45 MHz ( period = 6.875 ns )                    ; \P1:count[17] ; \P1:count[15] ; clk        ; clk      ; None                        ; None                      ; 6.611 ns                ;
; N/A                                     ; 145.45 MHz ( period = 6.875 ns )                    ; \P1:count[17] ; \P1:count[18] ; clk        ; clk      ; None                        ; None                      ; 6.611 ns                ;
; N/A                                     ; 145.45 MHz ( period = 6.875 ns )                    ; \P1:count[17] ; \P1:count[19] ; clk        ; clk      ; None                        ; None                      ; 6.611 ns                ;
; N/A                                     ; 145.45 MHz ( period = 6.875 ns )                    ; \P1:count[17] ; \P1:count[14] ; clk        ; clk      ; None                        ; None                      ; 6.611 ns                ;
; N/A                                     ; 145.45 MHz ( period = 6.875 ns )                    ; \P1:count[17] ; \P1:count[17] ; clk        ; clk      ; None                        ; None                      ; 6.611 ns                ;
; N/A                                     ; 145.45 MHz ( period = 6.875 ns )                    ; \P1:count[17] ; \P1:count[16] ; clk        ; clk      ; None                        ; None                      ; 6.611 ns                ;
; N/A                                     ; 145.45 MHz ( period = 6.875 ns )                    ; \P1:count[17] ; \P1:count[12] ; clk        ; clk      ; None                        ; None                      ; 6.611 ns                ;
; N/A                                     ; 145.45 MHz ( period = 6.875 ns )                    ; \P1:count[17] ; \P1:count[13] ; clk        ; clk      ; None                        ; None                      ; 6.611 ns                ;
; N/A                                     ; 146.46 MHz ( period = 6.828 ns )                    ; \P1:count[11] ; \P1:count[20] ; clk        ; clk      ; None                        ; None                      ; 6.569 ns                ;
; N/A                                     ; 146.46 MHz ( period = 6.828 ns )                    ; \P1:count[11] ; \P1:count[23] ; clk        ; clk      ; None                        ; None                      ; 6.569 ns                ;
; N/A                                     ; 146.46 MHz ( period = 6.828 ns )                    ; \P1:count[11] ; \P1:count[22] ; clk        ; clk      ; None                        ; None                      ; 6.569 ns                ;
; N/A                                     ; 146.46 MHz ( period = 6.828 ns )                    ; \P1:count[11] ; \P1:count[21] ; clk        ; clk      ; None                        ; None                      ; 6.569 ns                ;
; N/A                                     ; 146.46 MHz ( period = 6.828 ns )                    ; \P1:count[11] ; \P1:count[15] ; clk        ; clk      ; None                        ; None                      ; 6.569 ns                ;
; N/A                                     ; 146.46 MHz ( period = 6.828 ns )                    ; \P1:count[11] ; \P1:count[18] ; clk        ; clk      ; None                        ; None                      ; 6.569 ns                ;
; N/A                                     ; 146.46 MHz ( period = 6.828 ns )                    ; \P1:count[11] ; \P1:count[19] ; clk        ; clk      ; None                        ; None                      ; 6.569 ns                ;
; N/A                                     ; 146.46 MHz ( period = 6.828 ns )                    ; \P1:count[11] ; \P1:count[14] ; clk        ; clk      ; None                        ; None                      ; 6.569 ns                ;
; N/A                                     ; 146.46 MHz ( period = 6.828 ns )                    ; \P1:count[11] ; \P1:count[17] ; clk        ; clk      ; None                        ; None                      ; 6.569 ns                ;
; N/A                                     ; 146.46 MHz ( period = 6.828 ns )                    ; \P1:count[11] ; \P1:count[16] ; clk        ; clk      ; None                        ; None                      ; 6.569 ns                ;
; N/A                                     ; 146.46 MHz ( period = 6.828 ns )                    ; \P1:count[11] ; \P1:count[12] ; clk        ; clk      ; None                        ; None                      ; 6.569 ns                ;
; N/A                                     ; 146.46 MHz ( period = 6.828 ns )                    ; \P1:count[11] ; \P1:count[13] ; clk        ; clk      ; None                        ; None                      ; 6.569 ns                ;
; N/A                                     ; 146.69 MHz ( period = 6.817 ns )                    ; \P1:count[23] ; \P1:count[21] ; clk        ; clk      ; None                        ; None                      ; 6.553 ns                ;
; N/A                                     ; 146.69 MHz ( period = 6.817 ns )                    ; \P1:count[23] ; \P1:count[15] ; clk        ; clk      ; None                        ; None                      ; 6.553 ns                ;
; N/A                                     ; 146.69 MHz ( period = 6.817 ns )                    ; \P1:count[23] ; \P1:count[18] ; clk        ; clk      ; None                        ; None                      ; 6.553 ns                ;
; N/A                                     ; 146.69 MHz ( period = 6.817 ns )                    ; \P1:count[23] ; \P1:count[19] ; clk        ; clk      ; None                        ; None                      ; 6.553 ns                ;
; N/A                                     ; 146.69 MHz ( period = 6.817 ns )                    ; \P1:count[23] ; \P1:count[14] ; clk        ; clk      ; None                        ; None                      ; 6.553 ns                ;
; N/A                                     ; 146.69 MHz ( period = 6.817 ns )                    ; \P1:count[23] ; \P1:count[17] ; clk        ; clk      ; None                        ; None                      ; 6.553 ns                ;
; N/A                                     ; 146.69 MHz ( period = 6.817 ns )                    ; \P1:count[23] ; \P1:count[16] ; clk        ; clk      ; None                        ; None                      ; 6.553 ns                ;
; N/A                                     ; 146.69 MHz ( period = 6.817 ns )                    ; \P1:count[23] ; \P1:count[12] ; clk        ; clk      ; None                        ; None                      ; 6.553 ns                ;
; Timing analysis restricted to 200 rows. ; To change the limit use Settings (Assignments menu) ;               ;               ;            ;          ;                             ;                           ;                         ;
+-----------------------------------------+-----------------------------------------------------+---------------+---------------+------------+----------+-----------------------------+---------------------------+-------------------------+


+-------------------------------------------------------------------------+
; tco                                                                     ;
+-------+--------------+------------+--------------+---------+------------+
; Slack ; Required tco ; Actual tco ; From         ; To      ; From Clock ;
+-------+--------------+------------+--------------+---------+------------+
; N/A   ; None         ; 15.480 ns  ; led1[2]~reg0 ; led1[2] ; clk        ;
; N/A   ; None         ; 15.459 ns  ; led1[3]~reg0 ; led1[3] ; clk        ;
; N/A   ; None         ; 15.153 ns  ; led1[5]~reg0 ; led1[5] ; clk        ;
; N/A   ; None         ; 15.120 ns  ; led1[4]~reg0 ; led1[4] ; clk        ;
; N/A   ; None         ; 14.589 ns  ; led1[0]~reg0 ; led1[0] ; clk        ;
; N/A   ; None         ; 14.265 ns  ; led1[6]~reg0 ; led1[6] ; clk        ;
; N/A   ; None         ; 14.173 ns  ; led1[7]~reg0 ; led1[7] ; clk        ;
; N/A   ; None         ; 14.140 ns  ; led1[1]~reg0 ; led1[1] ; clk        ;
+-------+--------------+------------+--------------+---------+------------+


+--------------------------+
; Timing Analyzer Messages ;
+--------------------------+
Info: *******************************************************************
Info: Running Quartus II Classic Timing Analyzer
    Info: Version 9.0 Build 235 06/17/2009 Service Pack 2 SJ Web Edition
    Info: Processing started: Sat Feb 05 08:53:04 2011
Info: Command: quartus_tan --read_settings_files=off --write_settings_files=off LEDA -c LEDA --timing_analysis_only
Info: Only one processor detected - disabling parallel compilation
Warning: Found pins functioning as undefined clocks and/or memory enables
    Info: Assuming node "clk" is an undefined clock
Warning: Found 2 node(s) in clock paths which may be acting as ripple and/or gated clocks -- node(s) analyzed as buffer(s) resulting in clock skew
    Info: Detected ripple clock "clk1" as buffer
    Info: Detected ripple clock "CLK2" as buffer
Info: Clock "clk" has Internal fmax of 130.6 MHz between source register "\P1:count[6]" and destination register "\P1:count[20]" (period= 7.657 ns)
    Info: + Longest register to register delay is 7.398 ns
        Info: 1: + IC(0.000 ns) + CELL(0.000 ns) = 0.000 ns; Loc. = LCFF_X32_Y6_N21; Fanout = 4; REG Node = '\P1:count[6]'
        Info: 2: + IC(0.477 ns) + CELL(0.615 ns) = 1.092 ns; Loc. = LCCOMB_X32_Y6_N0; Fanout = 1; COMB Node = 'LessThan0~0'
        Info: 3: + IC(1.061 ns) + CELL(0.206 ns) = 2.359 ns; Loc. = LCCOMB_X32_Y5_N26; Fanout = 1; COMB Node = 'LessThan0~1'
        Info: 4: + IC(0.365 ns) + CELL(0.577 ns) = 3.301 ns; Loc. = LCCOMB_X32_Y5_N28; Fanout = 1; COMB Node = 'LessThan0~2'
        Info: 5: + IC(0.359 ns) + CELL(0.206 ns) = 3.866 ns; Loc. = LCCOMB_X32_Y5_N30; Fanout = 1; COMB Node = 'LessThan0~3'
        Info: 6: + IC(1.070 ns) + CELL(0.206 ns) = 5.142 ns; Loc. = LCCOMB_X32_Y6_N2; Fanout = 2; COMB Node = 'LessThan0~4'
        Info: 7: + IC(0.372 ns) + CELL(0.206 ns) = 5.720 ns; Loc. = LCCOMB_X32_Y6_N6; Fanout = 24; COMB Node = '\P1:count[23]~2'
        Info: 8: + IC(1.018 ns) + CELL(0.660 ns) = 7.398 ns; Loc. = LCFF_X32_Y5_N17; Fanout = 5; REG Node = '\P1:count[20]'
        Info: Total cell delay = 2.676 ns ( 36.17 % )
        Info: Total interconnect delay = 4.722 ns ( 63.83 % )
    Info: - Smallest clock skew is 0.005 ns
        Info: + Shortest clock path from clock "clk" to destination register is 2.867 ns
            Info: 1: + IC(0.000 ns) + CELL(1.140 ns) = 1.140 ns; Loc. = PIN_23; Fanout = 2; CLK Node = 'clk'
            Info: 2: + IC(0.139 ns) + CELL(0.000 ns) = 1.279 ns; Loc. = CLKCTRL_G2; Fanout = 24; COMB Node = 'clk~clkctrl'
            Info: 3: + IC(0.922 ns) + CELL(0.666 ns) = 2.867 ns; Loc. = LCFF_X32_Y5_N17; Fanout = 5; REG Node = '\P1:count[20]'
            Info: Total cell delay = 1.806 ns ( 62.99 % )
            Info: Total interconnect delay = 1.061 ns ( 37.01 % )
        Info: - Longest clock path from clock "clk" to source register is 2.862 ns
            Info: 1: + IC(0.000 ns) + CELL(1.140 ns) = 1.140 ns; Loc. = PIN_23; Fanout = 2; CLK Node = 'clk'
            Info: 2: + IC(0.139 ns) + CELL(0.000 ns) = 1.279 ns; Loc. = CLKCTRL_G2; Fanout = 24; COMB Node = 'clk~clkctrl'
            Info: 3: + IC(0.917 ns) + CELL(0.666 ns) = 2.862 ns; Loc. = LCFF_X32_Y6_N21; Fanout = 4; REG Node = '\P1:count[6]'
            Info: Total cell delay = 1.806 ns ( 63.10 % )
            Info: Total interconnect delay = 1.056 ns ( 36.90 % )
    Info: + Micro clock to output delay of source is 0.304 ns
    Info: + Micro setup delay of destination is -0.040 ns
Info: tco from clock "clk" to destination pin "led1[2]" through register "led1[2]~reg0" is 15.480 ns
    Info: + Longest clock path from clock "clk" to source register is 8.372 ns
        Info: 1: + IC(0.000 ns) + CELL(1.140 ns) = 1.140 ns; Loc. = PIN_23; Fanout = 2; CLK Node = 'clk'
        Info: 2: + IC(2.059 ns) + CELL(0.970 ns) = 4.169 ns; Loc. = LCFF_X33_Y6_N31; Fanout = 2; REG Node = 'clk1'
        Info: 3: + IC(0.390 ns) + CELL(0.970 ns) = 5.529 ns; Loc. = LCFF_X33_Y6_N15; Fanout = 2; REG Node = 'CLK2'
        Info: 4: + IC(1.250 ns) + CELL(0.000 ns) = 6.779 ns; Loc. = CLKCTRL_G5; Fanout = 13; COMB Node = 'CLK2~clkctrl'
        Info: 5: + IC(0.927 ns) + CELL(0.666 ns) = 8.372 ns; Loc. = LCFF_X16_Y14_N13; Fanout = 1; REG Node = 'led1[2]~reg0'
        Info: Total cell delay = 3.746 ns ( 44.74 % )
        Info: Total interconnect delay = 4.626 ns ( 55.26 % )
    Info: + Micro clock to output delay of source is 0.304 ns
    Info: + Longest register to pin delay is 6.804 ns
        Info: 1: + IC(0.000 ns) + CELL(0.000 ns) = 0.000 ns; Loc. = LCFF_X16_Y14_N13; Fanout = 1; REG Node = 'led1[2]~reg0'
        Info: 2: + IC(3.698 ns) + CELL(3.106 ns) = 6.804 ns; Loc. = PIN_115; Fanout = 0; PIN Node = 'led1[2]'
        Info: Total cell delay = 3.106 ns ( 45.65 % )
        Info: Total interconnect delay = 3.698 ns ( 54.35 % )
Info: Quartus II Classic Timing Analyzer was successful. 0 errors, 2 warnings
    Info: Peak virtual memory: 136 megabytes
    Info: Processing ended: Sat Feb 05 08:53:09 2011
    Info: Elapsed time: 00:00:05
    Info: Total CPU time (on all processors): 00:00:02


