Analysis & Synthesis report for ps2_lcd1602_1
Tue Sep 04 15:50:49 2012
Quartus II Version 11.0 Build 157 04/27/2011 SJ Full Version


---------------------
; Table of Contents ;
---------------------
  1. Legal Notice
  2. Analysis & Synthesis Summary
  3. Analysis & Synthesis Settings
  4. Parallel Compilation
  5. Analysis & Synthesis Source Files Read
  6. Analysis & Synthesis Resource Usage Summary
  7. Analysis & Synthesis Resource Utilization by Entity
  8. State Machine - |ps2_lcd1602_1|LCD1602:a1|Current_State
  9. State Machine - |ps2_lcd1602_1|ps2:a0|c_state
 10. User-Specified and Inferred Latches
 11. Registers Removed During Synthesis
 12. General Register Statistics
 13. Inverted Register Statistics
 14. Multiplexer Restructuring Statistics (Restructuring Performed)
 15. Elapsed Time Per Partition
 16. Analysis & Synthesis Messages



----------------
; Legal Notice ;
----------------
Copyright (C) 1991-2011 Altera Corporation
Your use of Altera Corporation's design tools, logic functions 
and other software and tools, and its AMPP partner logic 
functions, and any output files from any of the foregoing 
(including device programming or simulation files), and any 
associated documentation or information are expressly subject 
to the terms and conditions of the Altera Program License 
Subscription Agreement, Altera MegaCore Function License 
Agreement, or other applicable license agreement, including, 
without limitation, that your use is for the sole purpose of 
programming logic devices manufactured by Altera and sold by 
Altera or its authorized distributors.  Please refer to the 
applicable agreement for further details.



+--------------------------------------------------------------------------------+
; Analysis & Synthesis Summary                                                   ;
+------------------------------------+-------------------------------------------+
; Analysis & Synthesis Status        ; Successful - Tue Sep 04 15:50:49 2012     ;
; Quartus II Version                 ; 11.0 Build 157 04/27/2011 SJ Full Version ;
; Revision Name                      ; ps2_lcd1602_1                             ;
; Top-level Entity Name              ; ps2_lcd1602_1                             ;
; Family                             ; Cyclone IV E                              ;
; Total logic elements               ; 578                                       ;
;     Total combinational functions  ; 352                                       ;
;     Dedicated logic registers      ; 289                                       ;
; Total registers                    ; 289                                       ;
; Total pins                         ; 21                                        ;
; Total virtual pins                 ; 0                                         ;
; Total memory bits                  ; 0                                         ;
; Embedded Multiplier 9-bit elements ; 0                                         ;
; Total PLLs                         ; 0                                         ;
+------------------------------------+-------------------------------------------+


+----------------------------------------------------------------------------------------------------------------------+
; Analysis & Synthesis Settings                                                                                        ;
+----------------------------------------------------------------------------+--------------------+--------------------+
; Option                                                                     ; Setting            ; Default Value      ;
+----------------------------------------------------------------------------+--------------------+--------------------+
; Device                                                                     ; EP4CE6E22C8        ;                    ;
; Top-level entity name                                                      ; ps2_lcd1602_1      ; ps2_lcd1602_1      ;
; Family name                                                                ; Cyclone IV E       ; Cyclone IV GX      ;
; Use smart compilation                                                      ; Off                ; Off                ;
; Enable parallel Assembler and TimeQuest Timing Analyzer during compilation ; On                 ; On                 ;
; Enable compact report table                                                ; Off                ; Off                ;
; Restructure Multiplexers                                                   ; Auto               ; Auto               ;
; Create Debugging Nodes for IP Cores                                        ; Off                ; Off                ;
; Preserve fewer node names                                                  ; On                 ; On                 ;
; Disable OpenCore Plus hardware evaluation                                  ; Off                ; Off                ;
; Verilog Version                                                            ; Verilog_2001       ; Verilog_2001       ;
; VHDL Version                                                               ; VHDL_1993          ; VHDL_1993          ;
; State Machine Processing                                                   ; Auto               ; Auto               ;
; Safe State Machine                                                         ; Off                ; Off                ;
; Extract Verilog State Machines                                             ; On                 ; On                 ;
; Extract VHDL State Machines                                                ; On                 ; On                 ;
; Ignore Verilog initial constructs                                          ; Off                ; Off                ;
; Iteration limit for constant Verilog loops                                 ; 5000               ; 5000               ;
; Iteration limit for non-constant Verilog loops                             ; 250                ; 250                ;
; Add Pass-Through Logic to Inferred RAMs                                    ; On                 ; On                 ;
; Parallel Synthesis                                                         ; On                 ; On                 ;
; DSP Block Balancing                                                        ; Auto               ; Auto               ;
; NOT Gate Push-Back                                                         ; On                 ; On                 ;
; Power-Up Don't Care                                                        ; On                 ; On                 ;
; Remove Redundant Logic Cells                                               ; Off                ; Off                ;
; Remove Duplicate Registers                                                 ; On                 ; On                 ;
; Ignore CARRY Buffers                                                       ; Off                ; Off                ;
; Ignore CASCADE Buffers                                                     ; Off                ; Off                ;
; Ignore GLOBAL Buffers                                                      ; Off                ; Off                ;
; Ignore ROW GLOBAL Buffers                                                  ; Off                ; Off                ;
; Ignore LCELL Buffers                                                       ; Off                ; Off                ;
; Ignore SOFT Buffers                                                        ; On                 ; On                 ;
; Limit AHDL Integers to 32 Bits                                             ; Off                ; Off                ;
; Optimization Technique                                                     ; Balanced           ; Balanced           ;
; Carry Chain Length                                                         ; 70                 ; 70                 ;
; Auto Carry Chains                                                          ; On                 ; On                 ;
; Auto Open-Drain Pins                                                       ; On                 ; On                 ;
; Perform WYSIWYG Primitive Resynthesis                                      ; Off                ; Off                ;
; Auto ROM Replacement                                                       ; On                 ; On                 ;
; Auto RAM Replacement                                                       ; On                 ; On                 ;
; Auto DSP Block Replacement                                                 ; On                 ; On                 ;
; Auto Shift Register Replacement                                            ; Auto               ; Auto               ;
; Allow Shift Register Merging across Hierarchies                            ; Auto               ; Auto               ;
; Auto Clock Enable Replacement                                              ; On                 ; On                 ;
; Strict RAM Replacement                                                     ; Off                ; Off                ;
; Allow Synchronous Control Signals                                          ; On                 ; On                 ;
; Force Use of Synchronous Clear Signals                                     ; Off                ; Off                ;
; Auto RAM Block Balancing                                                   ; On                 ; On                 ;
; Auto RAM to Logic Cell Conversion                                          ; Off                ; Off                ;
; Auto Resource Sharing                                                      ; Off                ; Off                ;
; Allow Any RAM Size For Recognition                                         ; Off                ; Off                ;
; Allow Any ROM Size For Recognition                                         ; Off                ; Off                ;
; Allow Any Shift Register Size For Recognition                              ; Off                ; Off                ;
; Use LogicLock Constraints during Resource Balancing                        ; On                 ; On                 ;
; Ignore translate_off and synthesis_off directives                          ; Off                ; Off                ;
; Timing-Driven Synthesis                                                    ; On                 ; On                 ;
; Report Parameter Settings                                                  ; On                 ; On                 ;
; Report Source Assignments                                                  ; On                 ; On                 ;
; Report Connectivity Checks                                                 ; On                 ; On                 ;
; Ignore Maximum Fan-Out Assignments                                         ; Off                ; Off                ;
; Synchronization Register Chain Length                                      ; 2                  ; 2                  ;
; PowerPlay Power Optimization                                               ; Normal compilation ; Normal compilation ;
; HDL message level                                                          ; Level2             ; Level2             ;
; Suppress Register Optimization Related Messages                            ; Off                ; Off                ;
; Number of Removed Registers Reported in Synthesis Report                   ; 5000               ; 5000               ;
; Number of Inverted Registers Reported in Synthesis Report                  ; 100                ; 100                ;
; Clock MUX Protection                                                       ; On                 ; On                 ;
; Auto Gated Clock Conversion                                                ; Off                ; Off                ;
; Block Design Naming                                                        ; Auto               ; Auto               ;
; SDC constraint protection                                                  ; Off                ; Off                ;
; Synthesis Effort                                                           ; Auto               ; Auto               ;
; Shift Register Replacement - Allow Asynchronous Clear Signal               ; On                 ; On                 ;
; Analysis & Synthesis Message Level                                         ; Medium             ; Medium             ;
; Disable Register Merging Across Hierarchies                                ; Auto               ; Auto               ;
; Resource Aware Inference For Block RAM                                     ; On                 ; On                 ;
; Synthesis Seed                                                             ; 1                  ; 1                  ;
+----------------------------------------------------------------------------+--------------------+--------------------+


+------------------------------------------+
; Parallel Compilation                     ;
+----------------------------+-------------+
; Processors                 ; Number      ;
+----------------------------+-------------+
; Number detected on machine ; 2           ;
; Maximum allowed            ; 2           ;
;                            ;             ;
; Average used               ; 1.00        ;
; Maximum used               ; 1           ;
;                            ;             ;
; Usage by Processor         ; % Time Used ;
;     1 processor            ; 100.0%      ;
;     2 processors           ;   0.0%      ;
+----------------------------+-------------+


+---------------------------------------------------------------------------------------------------------------------+
; Analysis & Synthesis Source Files Read                                                                              ;
+----------------------------------+-----------------+-----------------+----------------------------------------------+
; File Name with User-Entered Path ; Used in Netlist ; File Type       ; File Name with Absolute Path                 ;
+----------------------------------+-----------------+-----------------+----------------------------------------------+
; ps2_lcd1602_1.vhd                ; yes             ; User VHDL File  ; E:/Program/EP4CE6/vhdl/PS2/ps2_lcd1602_1.vhd ;
; ps2.vhd                          ; yes             ; User VHDL File  ; E:/Program/EP4CE6/vhdl/PS2/ps2.vhd           ;
; LCD1602.vhd                      ; yes             ; User VHDL File  ; E:/Program/EP4CE6/vhdl/PS2/LCD1602.vhd       ;
+----------------------------------+-----------------+-----------------+----------------------------------------------+


+------------------------------------------------------------+
; Analysis & Synthesis Resource Usage Summary                ;
+---------------------------------------------+--------------+
; Resource                                    ; Usage        ;
+---------------------------------------------+--------------+
; Estimated Total logic elements              ; 578          ;
;                                             ;              ;
; Total combinational functions               ; 352          ;
; Logic element usage by number of LUT inputs ;              ;
;     -- 4 input functions                    ; 236          ;
;     -- 3 input functions                    ; 46           ;
;     -- <=2 input functions                  ; 70           ;
;                                             ;              ;
; Logic elements by mode                      ;              ;
;     -- normal mode                          ; 322          ;
;     -- arithmetic mode                      ; 30           ;
;                                             ;              ;
; Total registers                             ; 289          ;
;     -- Dedicated logic registers            ; 289          ;
;     -- I/O registers                        ; 0            ;
;                                             ;              ;
; I/O pins                                    ; 21           ;
; Maximum fan-out node                        ; ps2:a0|hit_1 ;
; Maximum fan-out                             ; 223          ;
; Total fan-out                               ; 2131         ;
; Average fan-out                             ; 3.12         ;
+---------------------------------------------+--------------+


+-----------------------------------------------------------------------------------------------------------------------------------------------------------------------------------+
; Analysis & Synthesis Resource Utilization by Entity                                                                                                                               ;
+----------------------------+-------------------+--------------+-------------+--------------+---------+-----------+------+--------------+---------------------------+--------------+
; Compilation Hierarchy Node ; LC Combinationals ; LC Registers ; Memory Bits ; DSP Elements ; DSP 9x9 ; DSP 18x18 ; Pins ; Virtual Pins ; Full Hierarchy Name       ; Library Name ;
+----------------------------+-------------------+--------------+-------------+--------------+---------+-----------+------+--------------+---------------------------+--------------+
; |ps2_lcd1602_1             ; 352 (0)           ; 289 (0)      ; 0           ; 0            ; 0       ; 0         ; 21   ; 0            ; |ps2_lcd1602_1            ;              ;
;    |LCD1602:a1|            ; 247 (247)         ; 259 (259)    ; 0           ; 0            ; 0       ; 0         ; 0    ; 0            ; |ps2_lcd1602_1|LCD1602:a1 ;              ;
;    |ps2:a0|                ; 105 (105)         ; 30 (30)      ; 0           ; 0            ; 0       ; 0         ; 0    ; 0            ; |ps2_lcd1602_1|ps2:a0     ;              ;
+----------------------------+-------------------+--------------+-------------+--------------+---------+-----------+------+--------------+---------------------------+--------------+
Note: For table entries with two numbers listed, the numbers in parentheses indicate the number of resources of the given type used by the specific entity alone. The numbers listed outside of parentheses indicate the total resources of the given type used by the specific entity and all of its sub-entities in the hierarchy.


Encoding Type:  One-Hot
+-------------------------------------------------------------------------------------------------------------------------------------------------------------------------------------------------------------------------+
; State Machine - |ps2_lcd1602_1|LCD1602:a1|Current_State                                                                                                                                                                 ;
+------------------------------+------------------------------+-------------------------+---------------------------+-------------------------+-----------------------+--------------------------+------------------------+
; Name                         ; Current_State.write_LCD_Data ; Current_State.set_ddram ; Current_State.write_cgram ; Current_State.set_cgram ; Current_State.set_dcb ; Current_State.set_cursor ; Current_State.set_dlnf ;
+------------------------------+------------------------------+-------------------------+---------------------------+-------------------------+-----------------------+--------------------------+------------------------+
; Current_State.set_dlnf       ; 0                            ; 0                       ; 0                         ; 0                       ; 0                     ; 0                        ; 0                      ;
; Current_State.set_cursor     ; 0                            ; 0                       ; 0                         ; 0                       ; 0                     ; 1                        ; 1                      ;
; Current_State.set_dcb        ; 0                            ; 0                       ; 0                         ; 0                       ; 1                     ; 0                        ; 1                      ;
; Current_State.set_cgram      ; 0                            ; 0                       ; 0                         ; 1                       ; 0                     ; 0                        ; 1                      ;
; Current_State.write_cgram    ; 0                            ; 0                       ; 1                         ; 0                       ; 0                     ; 0                        ; 1                      ;
; Current_State.set_ddram      ; 0                            ; 1                       ; 0                         ; 0                       ; 0                     ; 0                        ; 1                      ;
; Current_State.write_LCD_Data ; 1                            ; 0                       ; 0                         ; 0                       ; 0                     ; 0                        ; 1                      ;
+------------------------------+------------------------------+-------------------------+---------------------------+-------------------------+-----------------------+--------------------------+------------------------+


Encoding Type:  One-Hot
+-------------------------------------------------------------------------------+
; State Machine - |ps2_lcd1602_1|ps2:a0|c_state                                 ;
+----------------+----------------+--------------+---------------+--------------+
; Name           ; c_state.PARITY ; c_state.DATA ; c_state.START ; c_state.IDLE ;
+----------------+----------------+--------------+---------------+--------------+
; c_state.IDLE   ; 0              ; 0            ; 0             ; 0            ;
; c_state.START  ; 0              ; 0            ; 1             ; 1            ;
; c_state.DATA   ; 0              ; 1            ; 0             ; 1            ;
; c_state.PARITY ; 1              ; 0            ; 0             ; 1            ;
+----------------+----------------+--------------+---------------+--------------+


+----------------------------------------------------------------------------------------------------+
; User-Specified and Inferred Latches                                                                ;
+-----------------------------------------------------+---------------------+------------------------+
; Latch Name                                          ; Latch Enable Signal ; Free of Timing Hazards ;
+-----------------------------------------------------+---------------------+------------------------+
; ps2:a0|hit_1                                        ; ps2:a0|hit_1        ; yes                    ;
; ps2:a0|hit_cnt[1]                                   ; ps2:a0|Mux7         ; yes                    ;
; ps2:a0|hit_cnt[0]                                   ; ps2:a0|Mux7         ; yes                    ;
; ps2:a0|hit_cnt[3]                                   ; ps2:a0|Mux7         ; yes                    ;
; ps2:a0|hit_cnt[4]                                   ; ps2:a0|Mux7         ; yes                    ;
; ps2:a0|hit_cnt[5]                                   ; ps2:a0|Mux7         ; yes                    ;
; ps2:a0|hit_cnt[6]                                   ; ps2:a0|Mux7         ; yes                    ;
; ps2:a0|hit_cnt[7]                                   ; ps2:a0|Mux7         ; yes                    ;
; ps2:a0|hit_cnt[8]                                   ; ps2:a0|Mux7         ; yes                    ;
; ps2:a0|hit_cnt[2]                                   ; ps2:a0|Mux7         ; yes                    ;
; Number of user-specified and inferred latches = 10  ;                     ;                        ;
+-----------------------------------------------------+---------------------+------------------------+
Note: All latches listed above may not be present at the end of synthesis due to various synthesis optimizations.


+---------------------------------------------------------------------------------+
; Registers Removed During Synthesis                                              ;
+----------------------------------------+----------------------------------------+
; Register name                          ; Reason for Removal                     ;
+----------------------------------------+----------------------------------------+
; LCD1602:a1|cgram~99                    ; Stuck at GND due to stuck port data_in ;
; LCD1602:a1|cgram~91                    ; Stuck at GND due to stuck port data_in ;
; LCD1602:a1|cgram~83                    ; Stuck at GND due to stuck port data_in ;
; LCD1602:a1|cgram~107                   ; Stuck at GND due to stuck port data_in ;
; LCD1602:a1|cgram~59                    ; Stuck at GND due to stuck port data_in ;
; LCD1602:a1|cgram~67                    ; Stuck at GND due to stuck port data_in ;
; LCD1602:a1|cgram~51                    ; Stuck at GND due to stuck port data_in ;
; LCD1602:a1|cgram~75                    ; Stuck at GND due to stuck port data_in ;
; LCD1602:a1|cgram~35                    ; Stuck at GND due to stuck port data_in ;
; LCD1602:a1|cgram~27                    ; Stuck at GND due to stuck port data_in ;
; LCD1602:a1|cgram~19                    ; Stuck at GND due to stuck port data_in ;
; LCD1602:a1|cgram~43                    ; Stuck at GND due to stuck port data_in ;
; LCD1602:a1|cgram~123                   ; Stuck at GND due to stuck port data_in ;
; LCD1602:a1|cgram~131                   ; Stuck at GND due to stuck port data_in ;
; LCD1602:a1|cgram~115                   ; Stuck at GND due to stuck port data_in ;
; LCD1602:a1|cgram~139                   ; Stuck at GND due to stuck port data_in ;
; LCD1602:a1|cgram~195                   ; Stuck at GND due to stuck port data_in ;
; LCD1602:a1|cgram~227                   ; Stuck at GND due to stuck port data_in ;
; LCD1602:a1|cgram~163                   ; Stuck at GND due to stuck port data_in ;
; LCD1602:a1|cgram~259                   ; Stuck at GND due to stuck port data_in ;
; LCD1602:a1|cgram~219                   ; Stuck at GND due to stuck port data_in ;
; LCD1602:a1|cgram~187                   ; Stuck at GND due to stuck port data_in ;
; LCD1602:a1|cgram~155                   ; Stuck at GND due to stuck port data_in ;
; LCD1602:a1|cgram~251                   ; Stuck at GND due to stuck port data_in ;
; LCD1602:a1|cgram~179                   ; Stuck at GND due to stuck port data_in ;
; LCD1602:a1|cgram~211                   ; Stuck at GND due to stuck port data_in ;
; LCD1602:a1|cgram~147                   ; Stuck at GND due to stuck port data_in ;
; LCD1602:a1|cgram~243                   ; Stuck at GND due to stuck port data_in ;
; LCD1602:a1|cgram~171                   ; Stuck at GND due to stuck port data_in ;
; LCD1602:a1|cgram~203                   ; Stuck at GND due to stuck port data_in ;
; LCD1602:a1|cgram~235                   ; Stuck at GND due to stuck port data_in ;
; Total Number of Removed Registers = 31 ;                                        ;
+----------------------------------------+----------------------------------------+


+------------------------------------------------------+
; General Register Statistics                          ;
+----------------------------------------------+-------+
; Statistic                                    ; Value ;
+----------------------------------------------+-------+
; Total registers                              ; 289   ;
; Number of registers using Synchronous Clear  ; 15    ;
; Number of registers using Synchronous Load   ; 0     ;
; Number of registers using Asynchronous Clear ; 43    ;
; Number of registers using Asynchronous Load  ; 0     ;
; Number of registers using Clock Enable       ; 249   ;
; Number of registers using Preset             ; 0     ;
+----------------------------------------------+-------+


+---------------------------------------------------+
; Inverted Register Statistics                      ;
+-----------------------------------------+---------+
; Inverted Register                       ; Fan out ;
+-----------------------------------------+---------+
; LCD1602:a1|cnt1[4]                      ; 10      ;
; LCD1602:a1|cnt1[3]                      ; 59      ;
; LCD1602:a1|cnt1[2]                      ; 59      ;
; LCD1602:a1|cnt1[1]                      ; 55      ;
; ps2:a0|leds[0]                          ; 26      ;
; ps2:a0|leds[1]                          ; 25      ;
; ps2:a0|leds[2]                          ; 23      ;
; ps2:a0|leds[3]                          ; 23      ;
; ps2:a0|leds[5]                          ; 20      ;
; ps2:a0|leds[4]                          ; 20      ;
; ps2:a0|leds[7]                          ; 9       ;
; ps2:a0|leds[6]                          ; 15      ;
; ps2:a0|act_ps2_clk                      ; 4       ;
; ps2:a0|prv_ps2_clk                      ; 3       ;
; ps2:a0|parbit                           ; 2       ;
; ps2:a0|parset                           ; 1       ;
; Total number of inverted registers = 16 ;         ;
+-----------------------------------------+---------+


+---------------------------------------------------------------------------------------------------------------------------------------------------------------------+
; Multiplexer Restructuring Statistics (Restructuring Performed)                                                                                                      ;
+--------------------+-----------+---------------+----------------------+------------------------+---------------------------------------+----------------------------+
; Multiplexer Inputs ; Bus Width ; Baseline Area ; Area if Restructured ; Saving if Restructured ; Registered                            ; Example Multiplexer Output ;
+--------------------+-----------+---------------+----------------------+------------------------+---------------------------------------+----------------------------+
; 4:1                ; 2 bits    ; 4 LEs         ; 4 LEs                ; 0 LEs                  ; |ps2_lcd1602_1|LCD1602:a1|LCD_Data[4] ;                            ;
; 4:1                ; 2 bits    ; 4 LEs         ; 4 LEs                ; 0 LEs                  ; |ps2_lcd1602_1|LCD1602:a1|LCD_Data[1] ;                            ;
; 3:1                ; 8 bits    ; 16 LEs        ; 8 LEs                ; 8 LEs                  ; |ps2_lcd1602_1|ps2:a0|leds[2]         ;                            ;
+--------------------+-----------+---------------+----------------------+------------------------+---------------------------------------+----------------------------+


+-------------------------------+
; Elapsed Time Per Partition    ;
+----------------+--------------+
; Partition Name ; Elapsed Time ;
+----------------+--------------+
; Top            ; 00:00:03     ;
+----------------+--------------+


+-------------------------------+
; Analysis & Synthesis Messages ;
+-------------------------------+
Info: *******************************************************************
Info: Running Quartus II Analysis & Synthesis
    Info: Version 11.0 Build 157 04/27/2011 SJ Full Version
    Info: Processing started: Tue Sep 04 15:50:45 2012
Info: Command: quartus_map --read_settings_files=on --write_settings_files=off ps2_lcd1602_1 -c ps2_lcd1602_1
Info: Parallel compilation is enabled and will use 2 of the 2 processors detected
Info: Found 2 design units, including 1 entities, in source file ps2_lcd1602_1.vhd
    Info: Found design unit 1: ps2_lcd1602_1-Behavioral
    Info: Found entity 1: ps2_lcd1602_1
Info: Found 2 design units, including 1 entities, in source file ps2.vhd
    Info: Found design unit 1: ps2-behavioral
    Info: Found entity 1: ps2
Info: Found 2 design units, including 1 entities, in source file lcd1602.vhd
    Info: Found design unit 1: LCD1602-Behavioral
    Info: Found entity 1: LCD1602
Info: Elaborating entity "ps2_lcd1602_1" for the top level hierarchy
Info: Elaborating entity "ps2" for hierarchy "ps2:a0"
Warning (10492): VHDL Process Statement warning at ps2.vhd(137): signal "parbit" is read inside the Process Statement but isn't in the Process Statement's sensitivity list
Warning (10492): VHDL Process Statement warning at ps2.vhd(209): signal "hit" is read inside the Process Statement but isn't in the Process Statement's sensitivity list
Warning (10492): VHDL Process Statement warning at ps2.vhd(210): signal "hit_cnt" is read inside the Process Statement but isn't in the Process Statement's sensitivity list
Warning (10492): VHDL Process Statement warning at ps2.vhd(214): signal "hit_cnt" is read inside the Process Statement but isn't in the Process Statement's sensitivity list
Warning (10492): VHDL Process Statement warning at ps2.vhd(217): signal "hit" is read inside the Process Statement but isn't in the Process Statement's sensitivity list
Warning (10631): VHDL Process Statement warning at ps2.vhd(165): inferring latch(es) for signal or variable "hit_1", which holds its previous value in one or more paths through the process
Warning (10631): VHDL Process Statement warning at ps2.vhd(165): inferring latch(es) for signal or variable "hit_cnt", which holds its previous value in one or more paths through the process
Info (10041): Inferred latch for "hit_cnt[0]" at ps2.vhd(165)
Info (10041): Inferred latch for "hit_cnt[1]" at ps2.vhd(165)
Info (10041): Inferred latch for "hit_cnt[2]" at ps2.vhd(165)
Info (10041): Inferred latch for "hit_cnt[3]" at ps2.vhd(165)
Info (10041): Inferred latch for "hit_cnt[4]" at ps2.vhd(165)
Info (10041): Inferred latch for "hit_cnt[5]" at ps2.vhd(165)
Info (10041): Inferred latch for "hit_cnt[6]" at ps2.vhd(165)
Info (10041): Inferred latch for "hit_cnt[7]" at ps2.vhd(165)
Info (10041): Inferred latch for "hit_cnt[8]" at ps2.vhd(165)
Info (10041): Inferred latch for "hit_1" at ps2.vhd(165)
Info: Elaborating entity "LCD1602" for hierarchy "LCD1602:a1"
Info: Found 1 instances of uninferred RAM logic
    Info: RAM logic "LCD1602:a1|cgram" is uninferred due to asynchronous read logic
Warning: 1 out of 32 addresses are uninitialized. The Quartus II software will initialize them to "0". There are 1 warnings found, and 1 warnings are reported.
    Warning: Memory Initialization File Address 31 is not initialized
Warning: Latch ps2:a0|hit_1 has unsafe behavior
    Warning: Ports D and ENA on the latch are fed by the same signal ps2:a0|leds[7]
Info: Registers with preset signals will power-up high
Info: DEV_CLRn pin will set, and not reset, register with preset signal due to NOT Gate Push-Back
Warning: Output pins are stuck at VCC or GND
    Warning (13410): Pin "LCD_RW" is stuck at GND
    Warning (13410): Pin "LCD_N" is stuck at GND
    Warning (13410): Pin "LCD_P" is stuck at VCC
    Warning (13410): Pin "VSS" is stuck at GND
    Warning (13410): Pin "VDD" is stuck at VCC
    Warning (13410): Pin "VO" is stuck at VCC
Info: Timing-Driven Synthesis is running
Info: Generating hard_block partition "hard_block:auto_generated_inst"
Info: Implemented 611 device resources after synthesis - the final resource count might be different
    Info: Implemented 5 input pins
    Info: Implemented 16 output pins
    Info: Implemented 590 logic cells
Info: Quartus II Analysis & Synthesis was successful. 0 errors, 18 warnings
    Info: Peak virtual memory: 248 megabytes
    Info: Processing ended: Tue Sep 04 15:50:49 2012
    Info: Elapsed time: 00:00:04
    Info: Total CPU time (on all processors): 00:00:04


