Flow report for serial
Tue Sep 08 09:58:27 2015
Quartus II Version 11.0 Build 157 04/27/2011 SJ Full Version


---------------------
; Table of Contents ;
---------------------
  1. Legal Notice
  2. Flow Summary
  3. Flow Settings
  4. Flow Non-Default Global Settings
  5. Flow Elapsed Time
  6. Flow OS Summary
  7. Flow Log



----------------
; Legal Notice ;
----------------
Copyright (C) 1991-2011 Altera Corporation
Your use of Altera Corporation's design tools, logic functions 
and other software and tools, and its AMPP partner logic 
functions, and any output files from any of the foregoing 
(including device programming or simulation files), and any 
associated documentation or information are expressly subject 
to the terms and conditions of the Altera Program License 
Subscription Agreement, Altera MegaCore Function License 
Agreement, or other applicable license agreement, including, 
without limitation, that your use is for the sole purpose of 
programming logic devices manufactured by Altera and sold by 
Altera or its authorized distributors.  Please refer to the 
applicable agreement for further details.



+--------------------------------------------------------------------------------+
; Flow Summary                                                                   ;
+------------------------------------+-------------------------------------------+
; Flow Status                        ; Successful - Tue Sep 08 09:58:25 2015     ;
; Quartus II Version                 ; 11.0 Build 157 04/27/2011 SJ Full Version ;
; Revision Name                      ; serial                                    ;
; Top-level Entity Name              ; serial                                    ;
; Family                             ; Cyclone IV E                              ;
; Device                             ; EP4CE6E22C8                               ;
; Timing Models                      ; Final                                     ;
; Total logic elements               ; 170 / 6,272 ( 3 % )                       ;
;     Total combinational functions  ; 160 / 6,272 ( 3 % )                       ;
;     Dedicated logic registers      ; 78 / 6,272 ( 1 % )                        ;
; Total registers                    ; 78                                        ;
; Total pins                         ; 22 / 92 ( 24 % )                          ;
; Total virtual pins                 ; 0                                         ;
; Total memory bits                  ; 0 / 276,480 ( 0 % )                       ;
; Embedded Multiplier 9-bit elements ; 0 / 30 ( 0 % )                            ;
; Total PLLs                         ; 0 / 2 ( 0 % )                             ;
+------------------------------------+-------------------------------------------+


+-----------------------------------------+
; Flow Settings                           ;
+-------------------+---------------------+
; Option            ; Setting             ;
+-------------------+---------------------+
; Start date & time ; 09/08/2015 09:58:10 ;
; Main task         ; Compilation         ;
; Revision Name     ; serial              ;
+-------------------+---------------------+


+--------------------------------------------------------------------------------------------------------------+
; Flow Non-Default Global Settings                                                                             ;
+-------------------------------------+-----------------------------+---------------+-------------+------------+
; Assignment Name                     ; Value                       ; Default Value ; Entity Name ; Section Id ;
+-------------------------------------+-----------------------------+---------------+-------------+------------+
; COMPILER_SIGNATURE_ID               ; 91673767957.144167749002644 ; --            ; --          ; --         ;
; FITTER_EFFORT                       ; Standard Fit                ; Auto Fit      ; --          ; --         ;
; MAX_CORE_JUNCTION_TEMP              ; 85                          ; --            ; --          ; --         ;
; MIN_CORE_JUNCTION_TEMP              ; 0                           ; --            ; --          ; --         ;
; OPTIMIZE_HOLD_TIMING                ; Off                         ; All Paths     ; --          ; --         ;
; PARTITION_COLOR                     ; 16764057                    ; --            ; --          ; Top        ;
; PARTITION_FITTER_PRESERVATION_LEVEL ; PLACEMENT_AND_ROUTING       ; --            ; --          ; Top        ;
; PARTITION_NETLIST_TYPE              ; SOURCE                      ; --            ; --          ; Top        ;
+-------------------------------------+-----------------------------+---------------+-------------+------------+


+-------------------------------------------------------------------------------------------------------------------------------+
; Flow Elapsed Time                                                                                                             ;
+---------------------------+--------------+-------------------------+---------------------+------------------------------------+
; Module Name               ; Elapsed Time ; Average Processors Used ; Peak Virtual Memory ; Total CPU Time (on all processors) ;
+---------------------------+--------------+-------------------------+---------------------+------------------------------------+
; Analysis & Synthesis      ; 00:00:03     ; 1.0                     ; 233 MB              ; 00:00:03                           ;
; Fitter                    ; 00:00:07     ; 1.2                     ; 338 MB              ; 00:00:07                           ;
; Assembler                 ; 00:00:02     ; 1.0                     ; 227 MB              ; 00:00:02                           ;
; TimeQuest Timing Analyzer ; 00:00:05     ; 1.0                     ; 258 MB              ; 00:00:04                           ;
; Total                     ; 00:00:17     ; --                      ; --                  ; 00:00:16                           ;
+---------------------------+--------------+-------------------------+---------------------+------------------------------------+


+-----------------------------------------------------------------------------------------+
; Flow OS Summary                                                                         ;
+---------------------------+------------------+------------+------------+----------------+
; Module Name               ; Machine Hostname ; OS Name    ; OS Version ; Processor type ;
+---------------------------+------------------+------------+------------+----------------+
; Analysis & Synthesis      ; 6262b8bcd6f540b  ; Windows XP ; 5.1        ; i686           ;
; Fitter                    ; 6262b8bcd6f540b  ; Windows XP ; 5.1        ; i686           ;
; Assembler                 ; 6262b8bcd6f540b  ; Windows XP ; 5.1        ; i686           ;
; TimeQuest Timing Analyzer ; 6262b8bcd6f540b  ; Windows XP ; 5.1        ; i686           ;
+---------------------------+------------------+------------+------------+----------------+


------------
; Flow Log ;
------------
quartus_map --read_settings_files=on --write_settings_files=off serial -c serial
quartus_fit --read_settings_files=off --write_settings_files=off serial -c serial
quartus_asm --read_settings_files=off --write_settings_files=off serial -c serial
quartus_sta serial -c serial



