Classic Timing Analyzer report for state_machine
Thu Jul 04 21:22:20 2013
Quartus II Version 9.0 Build 235 06/17/2009 Service Pack 2 SJ Web Edition


---------------------
; Table of Contents ;
---------------------
  1. Legal Notice
  2. Timing Analyzer Summary
  3. Timing Analyzer Settings
  4. Clock Settings Summary
  5. Parallel Compilation
  6. Clock Setup: 'clk'
  7. tco
  8. Timing Analyzer Messages



----------------
; Legal Notice ;
----------------
Copyright (C) 1991-2009 Altera Corporation
Your use of Altera Corporation's design tools, logic functions 
and other software and tools, and its AMPP partner logic 
functions, and any output files from any of the foregoing 
(including device programming or simulation files), and any 
associated documentation or information are expressly subject 
to the terms and conditions of the Altera Program License 
Subscription Agreement, Altera MegaCore Function License 
Agreement, or other applicable license agreement, including, 
without limitation, that your use is for the sole purpose of 
programming logic devices manufactured by Altera and sold by 
Altera or its authorized distributors.  Please refer to the 
applicable agreement for further details.



+------------------------------------------------------------------------------------------------------------------------------------------------------+
; Timing Analyzer Summary                                                                                                                              ;
+------------------------------+-------+---------------+----------------------------------+----------+----------+------------+----------+--------------+
; Type                         ; Slack ; Required Time ; Actual Time                      ; From     ; To       ; From Clock ; To Clock ; Failed Paths ;
+------------------------------+-------+---------------+----------------------------------+----------+----------+------------+----------+--------------+
; Worst-case tco               ; N/A   ; None          ; 10.228 ns                        ; state[1] ; c[5]     ; clk        ; --       ; 0            ;
; Clock Setup: 'clk'           ; N/A   ; None          ; 139.45 MHz ( period = 7.171 ns ) ; cnt[3]   ; state[1] ; clk        ; clk      ; 0            ;
; Total number of failed paths ;       ;               ;                                  ;          ;          ;            ;          ; 0            ;
+------------------------------+-------+---------------+----------------------------------+----------+----------+------------+----------+--------------+


+--------------------------------------------------------------------------------------------------------------------+
; Timing Analyzer Settings                                                                                           ;
+---------------------------------------------------------------------+--------------------+------+----+-------------+
; Option                                                              ; Setting            ; From ; To ; Entity Name ;
+---------------------------------------------------------------------+--------------------+------+----+-------------+
; Device Name                                                         ; EPM240T100C5       ;      ;    ;             ;
; Timing Models                                                       ; Final              ;      ;    ;             ;
; Default hold multicycle                                             ; Same as Multicycle ;      ;    ;             ;
; Cut paths between unrelated clock domains                           ; On                 ;      ;    ;             ;
; Cut off read during write signal paths                              ; On                 ;      ;    ;             ;
; Cut off feedback from I/O pins                                      ; On                 ;      ;    ;             ;
; Report Combined Fast/Slow Timing                                    ; Off                ;      ;    ;             ;
; Ignore Clock Settings                                               ; Off                ;      ;    ;             ;
; Analyze latches as synchronous elements                             ; Off                ;      ;    ;             ;
; Enable Recovery/Removal analysis                                    ; Off                ;      ;    ;             ;
; Enable Clock Latency                                                ; Off                ;      ;    ;             ;
; Use TimeQuest Timing Analyzer                                       ; Off                ;      ;    ;             ;
; Minimum Core Junction Temperature                                   ; 0                  ;      ;    ;             ;
; Maximum Core Junction Temperature                                   ; 85                 ;      ;    ;             ;
; Number of source nodes to report per destination node               ; 10                 ;      ;    ;             ;
; Number of destination nodes to report                               ; 10                 ;      ;    ;             ;
; Number of paths to report                                           ; 200                ;      ;    ;             ;
; Report Minimum Timing Checks                                        ; Off                ;      ;    ;             ;
; Use Fast Timing Models                                              ; Off                ;      ;    ;             ;
; Report IO Paths Separately                                          ; Off                ;      ;    ;             ;
; Perform Multicorner Analysis                                        ; Off                ;      ;    ;             ;
; Reports the worst-case path for each clock domain and analysis      ; Off                ;      ;    ;             ;
; Removes common clock path pessimism (CCPP) during slack computation ; Off                ;      ;    ;             ;
; Output I/O Timing Endpoint                                          ; Near End           ;      ;    ;             ;
+---------------------------------------------------------------------+--------------------+------+----+-------------+


+------------------------------------------------------------------------------------------------------------------------------------------------------------------------------------+
; Clock Settings Summary                                                                                                                                                             ;
+-----------------+--------------------+----------+------------------+---------------+--------------+----------+-----------------------+---------------------+--------+--------------+
; Clock Node Name ; Clock Setting Name ; Type     ; Fmax Requirement ; Early Latency ; Late Latency ; Based on ; Multiply Base Fmax by ; Divide Base Fmax by ; Offset ; Phase offset ;
+-----------------+--------------------+----------+------------------+---------------+--------------+----------+-----------------------+---------------------+--------+--------------+
; clk             ;                    ; User Pin ; None             ; 0.000 ns      ; 0.000 ns     ; --       ; N/A                   ; N/A                 ; N/A    ;              ;
+-----------------+--------------------+----------+------------------+---------------+--------------+----------+-----------------------+---------------------+--------+--------------+


+------------------------------------------+
; Parallel Compilation                     ;
+----------------------------+-------------+
; Processors                 ; Number      ;
+----------------------------+-------------+
; Number detected on machine ; 2           ;
; Maximum allowed            ; 2           ;
;                            ;             ;
; Average used               ; 1.00        ;
; Maximum used               ; 1           ;
;                            ;             ;
; Usage by Processor         ; % Time Used ;
;     1 processor            ; 100.0%      ;
;     2 processors           ;   0.0%      ;
+----------------------------+-------------+


+--------------------------------------------------------------------------------------------------------------------------------------------------------------------------------------------------------------------------------+
; Clock Setup: 'clk'                                                                                                                                                                                                             ;
+-----------------------------------------+-----------------------------------------------------+---------+----------+------------+----------+-----------------------------+---------------------------+-------------------------+
; Slack                                   ; Actual fmax (period)                                ; From    ; To       ; From Clock ; To Clock ; Required Setup Relationship ; Required Longest P2P Time ; Actual Longest P2P Time ;
+-----------------------------------------+-----------------------------------------------------+---------+----------+------------+----------+-----------------------------+---------------------------+-------------------------+
; N/A                                     ; 139.45 MHz ( period = 7.171 ns )                    ; cnt[3]  ; state[1] ; clk        ; clk      ; None                        ; None                      ; 6.462 ns                ;
; N/A                                     ; 142.03 MHz ( period = 7.041 ns )                    ; cnt[15] ; state[1] ; clk        ; clk      ; None                        ; None                      ; 6.332 ns                ;
; N/A                                     ; 142.55 MHz ( period = 7.015 ns )                    ; cnt[0]  ; state[1] ; clk        ; clk      ; None                        ; None                      ; 6.306 ns                ;
; N/A                                     ; 144.28 MHz ( period = 6.931 ns )                    ; cnt[3]  ; state[0] ; clk        ; clk      ; None                        ; None                      ; 6.222 ns                ;
; N/A                                     ; 144.97 MHz ( period = 6.898 ns )                    ; cnt[14] ; state[1] ; clk        ; clk      ; None                        ; None                      ; 6.189 ns                ;
; N/A                                     ; 146.33 MHz ( period = 6.834 ns )                    ; cnt[2]  ; state[1] ; clk        ; clk      ; None                        ; None                      ; 6.125 ns                ;
; N/A                                     ; 146.65 MHz ( period = 6.819 ns )                    ; cnt[1]  ; state[1] ; clk        ; clk      ; None                        ; None                      ; 6.110 ns                ;
; N/A                                     ; 147.04 MHz ( period = 6.801 ns )                    ; cnt[15] ; state[0] ; clk        ; clk      ; None                        ; None                      ; 6.092 ns                ;
; N/A                                     ; 147.60 MHz ( period = 6.775 ns )                    ; cnt[0]  ; state[0] ; clk        ; clk      ; None                        ; None                      ; 6.066 ns                ;
; N/A                                     ; 147.89 MHz ( period = 6.762 ns )                    ; cnt[3]  ; state[2] ; clk        ; clk      ; None                        ; None                      ; 6.053 ns                ;
; N/A                                     ; 148.28 MHz ( period = 6.744 ns )                    ; cnt[13] ; state[1] ; clk        ; clk      ; None                        ; None                      ; 6.035 ns                ;
; N/A                                     ; 148.65 MHz ( period = 6.727 ns )                    ; cnt[9]  ; state[1] ; clk        ; clk      ; None                        ; None                      ; 6.018 ns                ;
; N/A                                     ; 150.20 MHz ( period = 6.658 ns )                    ; cnt[14] ; state[0] ; clk        ; clk      ; None                        ; None                      ; 5.949 ns                ;
; N/A                                     ; 150.78 MHz ( period = 6.632 ns )                    ; cnt[15] ; state[2] ; clk        ; clk      ; None                        ; None                      ; 5.923 ns                ;
; N/A                                     ; 151.38 MHz ( period = 6.606 ns )                    ; cnt[0]  ; state[2] ; clk        ; clk      ; None                        ; None                      ; 5.897 ns                ;
; N/A                                     ; 151.65 MHz ( period = 6.594 ns )                    ; cnt[2]  ; state[0] ; clk        ; clk      ; None                        ; None                      ; 5.885 ns                ;
; N/A                                     ; 152.00 MHz ( period = 6.579 ns )                    ; cnt[1]  ; state[0] ; clk        ; clk      ; None                        ; None                      ; 5.870 ns                ;
; N/A                                     ; 152.18 MHz ( period = 6.571 ns )                    ; cnt[20] ; state[1] ; clk        ; clk      ; None                        ; None                      ; 5.862 ns                ;
; N/A                                     ; 153.75 MHz ( period = 6.504 ns )                    ; cnt[13] ; state[0] ; clk        ; clk      ; None                        ; None                      ; 5.795 ns                ;
; N/A                                     ; 154.11 MHz ( period = 6.489 ns )                    ; cnt[14] ; state[2] ; clk        ; clk      ; None                        ; None                      ; 5.780 ns                ;
; N/A                                     ; 154.15 MHz ( period = 6.487 ns )                    ; cnt[9]  ; state[0] ; clk        ; clk      ; None                        ; None                      ; 5.778 ns                ;
; N/A                                     ; 155.64 MHz ( period = 6.425 ns )                    ; cnt[2]  ; state[2] ; clk        ; clk      ; None                        ; None                      ; 5.716 ns                ;
; N/A                                     ; 156.01 MHz ( period = 6.410 ns )                    ; cnt[1]  ; state[2] ; clk        ; clk      ; None                        ; None                      ; 5.701 ns                ;
; N/A                                     ; 157.06 MHz ( period = 6.367 ns )                    ; cnt[12] ; state[1] ; clk        ; clk      ; None                        ; None                      ; 5.658 ns                ;
; N/A                                     ; 157.18 MHz ( period = 6.362 ns )                    ; cnt[8]  ; state[1] ; clk        ; clk      ; None                        ; None                      ; 5.653 ns                ;
; N/A                                     ; 157.83 MHz ( period = 6.336 ns )                    ; cnt[7]  ; state[1] ; clk        ; clk      ; None                        ; None                      ; 5.627 ns                ;
; N/A                                     ; 157.85 MHz ( period = 6.335 ns )                    ; cnt[13] ; state[2] ; clk        ; clk      ; None                        ; None                      ; 5.626 ns                ;
; N/A                                     ; 158.28 MHz ( period = 6.318 ns )                    ; cnt[9]  ; state[2] ; clk        ; clk      ; None                        ; None                      ; 5.609 ns                ;
; N/A                                     ; 158.78 MHz ( period = 6.298 ns )                    ; cnt[5]  ; state[1] ; clk        ; clk      ; None                        ; None                      ; 5.589 ns                ;
; N/A                                     ; 160.44 MHz ( period = 6.233 ns )                    ; cnt[11] ; state[1] ; clk        ; clk      ; None                        ; None                      ; 5.524 ns                ;
; N/A                                     ; 161.11 MHz ( period = 6.207 ns )                    ; cnt[23] ; state[1] ; clk        ; clk      ; None                        ; None                      ; 5.498 ns                ;
; N/A                                     ; 161.37 MHz ( period = 6.197 ns )                    ; cnt[10] ; state[1] ; clk        ; clk      ; None                        ; None                      ; 5.488 ns                ;
; N/A                                     ; 161.68 MHz ( period = 6.185 ns )                    ; cnt[22] ; state[1] ; clk        ; clk      ; None                        ; None                      ; 5.476 ns                ;
; N/A                                     ; 162.28 MHz ( period = 6.162 ns )                    ; cnt[20] ; state[2] ; clk        ; clk      ; None                        ; None                      ; 5.453 ns                ;
; N/A                                     ; 162.84 MHz ( period = 6.141 ns )                    ; cnt[4]  ; state[1] ; clk        ; clk      ; None                        ; None                      ; 5.432 ns                ;
; N/A                                     ; 163.21 MHz ( period = 6.127 ns )                    ; cnt[12] ; state[0] ; clk        ; clk      ; None                        ; None                      ; 5.418 ns                ;
; N/A                                     ; 163.35 MHz ( period = 6.122 ns )                    ; cnt[8]  ; state[0] ; clk        ; clk      ; None                        ; None                      ; 5.413 ns                ;
; N/A                                     ; 163.99 MHz ( period = 6.098 ns )                    ; cnt[20] ; state[0] ; clk        ; clk      ; None                        ; None                      ; 5.389 ns                ;
; N/A                                     ; 164.04 MHz ( period = 6.096 ns )                    ; cnt[7]  ; state[0] ; clk        ; clk      ; None                        ; None                      ; 5.387 ns                ;
; N/A                                     ; 164.12 MHz ( period = 6.093 ns )                    ; cnt[19] ; state[1] ; clk        ; clk      ; None                        ; None                      ; 5.384 ns                ;
; N/A                                     ; 165.07 MHz ( period = 6.058 ns )                    ; cnt[5]  ; state[0] ; clk        ; clk      ; None                        ; None                      ; 5.349 ns                ;
; N/A                                     ; 166.86 MHz ( period = 5.993 ns )                    ; cnt[11] ; state[0] ; clk        ; clk      ; None                        ; None                      ; 5.284 ns                ;
; N/A                                     ; 167.84 MHz ( period = 5.958 ns )                    ; cnt[12] ; state[2] ; clk        ; clk      ; None                        ; None                      ; 5.249 ns                ;
; N/A                                     ; 167.87 MHz ( period = 5.957 ns )                    ; cnt[10] ; state[0] ; clk        ; clk      ; None                        ; None                      ; 5.248 ns                ;
; N/A                                     ; 167.93 MHz ( period = 5.955 ns )                    ; cnt[16] ; state[1] ; clk        ; clk      ; None                        ; None                      ; 5.246 ns                ;
; N/A                                     ; 167.98 MHz ( period = 5.953 ns )                    ; cnt[8]  ; state[2] ; clk        ; clk      ; None                        ; None                      ; 5.244 ns                ;
; N/A                                     ; 168.72 MHz ( period = 5.927 ns )                    ; cnt[7]  ; state[2] ; clk        ; clk      ; None                        ; None                      ; 5.218 ns                ;
; N/A                                     ; 169.46 MHz ( period = 5.901 ns )                    ; cnt[4]  ; state[0] ; clk        ; clk      ; None                        ; None                      ; 5.192 ns                ;
; N/A                                     ; 169.81 MHz ( period = 5.889 ns )                    ; cnt[5]  ; state[2] ; clk        ; clk      ; None                        ; None                      ; 5.180 ns                ;
; N/A                                     ; 171.70 MHz ( period = 5.824 ns )                    ; cnt[11] ; state[2] ; clk        ; clk      ; None                        ; None                      ; 5.115 ns                ;
; N/A                                     ; 172.47 MHz ( period = 5.798 ns )                    ; cnt[23] ; state[2] ; clk        ; clk      ; None                        ; None                      ; 5.089 ns                ;
; N/A                                     ; 172.77 MHz ( period = 5.788 ns )                    ; cnt[10] ; state[2] ; clk        ; clk      ; None                        ; None                      ; 5.079 ns                ;
; N/A                                     ; 173.13 MHz ( period = 5.776 ns )                    ; cnt[22] ; state[2] ; clk        ; clk      ; None                        ; None                      ; 5.067 ns                ;
; N/A                                     ; 174.40 MHz ( period = 5.734 ns )                    ; cnt[23] ; state[0] ; clk        ; clk      ; None                        ; None                      ; 5.025 ns                ;
; N/A                                     ; 174.46 MHz ( period = 5.732 ns )                    ; cnt[4]  ; state[2] ; clk        ; clk      ; None                        ; None                      ; 5.023 ns                ;
; N/A                                     ; 175.07 MHz ( period = 5.712 ns )                    ; cnt[22] ; state[0] ; clk        ; clk      ; None                        ; None                      ; 5.003 ns                ;
; N/A                                     ; 175.93 MHz ( period = 5.684 ns )                    ; cnt[19] ; state[2] ; clk        ; clk      ; None                        ; None                      ; 4.975 ns                ;
; N/A                                     ; 175.93 MHz ( period = 5.684 ns )                    ; cnt[21] ; state[1] ; clk        ; clk      ; None                        ; None                      ; 4.975 ns                ;
; N/A                                     ; 177.65 MHz ( period = 5.629 ns )                    ; cnt[6]  ; state[1] ; clk        ; clk      ; None                        ; None                      ; 4.920 ns                ;
; N/A                                     ; 178.67 MHz ( period = 5.597 ns )                    ; cnt[2]  ; cnt[19]  ; clk        ; clk      ; None                        ; None                      ; 4.888 ns                ;
; N/A                                     ; 178.67 MHz ( period = 5.597 ns )                    ; cnt[2]  ; cnt[18]  ; clk        ; clk      ; None                        ; None                      ; 4.888 ns                ;
; N/A                                     ; 178.67 MHz ( period = 5.597 ns )                    ; cnt[2]  ; cnt[17]  ; clk        ; clk      ; None                        ; None                      ; 4.888 ns                ;
; N/A                                     ; 178.67 MHz ( period = 5.597 ns )                    ; cnt[2]  ; cnt[20]  ; clk        ; clk      ; None                        ; None                      ; 4.888 ns                ;
; N/A                                     ; 178.67 MHz ( period = 5.597 ns )                    ; cnt[2]  ; cnt[21]  ; clk        ; clk      ; None                        ; None                      ; 4.888 ns                ;
; N/A                                     ; 179.08 MHz ( period = 5.584 ns )                    ; cnt[2]  ; cnt[23]  ; clk        ; clk      ; None                        ; None                      ; 4.875 ns                ;
; N/A                                     ; 179.08 MHz ( period = 5.584 ns )                    ; cnt[2]  ; cnt[22]  ; clk        ; clk      ; None                        ; None                      ; 4.875 ns                ;
; N/A                                     ; 179.86 MHz ( period = 5.560 ns )                    ; cnt[18] ; state[1] ; clk        ; clk      ; None                        ; None                      ; 4.851 ns                ;
; N/A                                     ; 180.31 MHz ( period = 5.546 ns )                    ; cnt[16] ; state[2] ; clk        ; clk      ; None                        ; None                      ; 4.837 ns                ;
; N/A                                     ; 182.62 MHz ( period = 5.476 ns )                    ; cnt[3]  ; cnt[19]  ; clk        ; clk      ; None                        ; None                      ; 4.767 ns                ;
; N/A                                     ; 182.62 MHz ( period = 5.476 ns )                    ; cnt[3]  ; cnt[18]  ; clk        ; clk      ; None                        ; None                      ; 4.767 ns                ;
; N/A                                     ; 182.62 MHz ( period = 5.476 ns )                    ; cnt[3]  ; cnt[17]  ; clk        ; clk      ; None                        ; None                      ; 4.767 ns                ;
; N/A                                     ; 182.62 MHz ( period = 5.476 ns )                    ; cnt[3]  ; cnt[20]  ; clk        ; clk      ; None                        ; None                      ; 4.767 ns                ;
; N/A                                     ; 182.62 MHz ( period = 5.476 ns )                    ; cnt[3]  ; cnt[21]  ; clk        ; clk      ; None                        ; None                      ; 4.767 ns                ;
; N/A                                     ; 183.05 MHz ( period = 5.463 ns )                    ; cnt[3]  ; cnt[23]  ; clk        ; clk      ; None                        ; None                      ; 4.754 ns                ;
; N/A                                     ; 183.05 MHz ( period = 5.463 ns )                    ; cnt[3]  ; cnt[22]  ; clk        ; clk      ; None                        ; None                      ; 4.754 ns                ;
; N/A                                     ; 185.56 MHz ( period = 5.389 ns )                    ; cnt[6]  ; state[0] ; clk        ; clk      ; None                        ; None                      ; 4.680 ns                ;
; N/A                                     ; 185.84 MHz ( period = 5.381 ns )                    ; cnt[17] ; state[1] ; clk        ; clk      ; None                        ; None                      ; 4.672 ns                ;
; N/A                                     ; 189.57 MHz ( period = 5.275 ns )                    ; cnt[21] ; state[2] ; clk        ; clk      ; None                        ; None                      ; 4.566 ns                ;
; N/A                                     ; 189.86 MHz ( period = 5.267 ns )                    ; cnt[1]  ; cnt[19]  ; clk        ; clk      ; None                        ; None                      ; 4.558 ns                ;
; N/A                                     ; 189.86 MHz ( period = 5.267 ns )                    ; cnt[1]  ; cnt[18]  ; clk        ; clk      ; None                        ; None                      ; 4.558 ns                ;
; N/A                                     ; 189.86 MHz ( period = 5.267 ns )                    ; cnt[1]  ; cnt[17]  ; clk        ; clk      ; None                        ; None                      ; 4.558 ns                ;
; N/A                                     ; 189.86 MHz ( period = 5.267 ns )                    ; cnt[1]  ; cnt[20]  ; clk        ; clk      ; None                        ; None                      ; 4.558 ns                ;
; N/A                                     ; 189.86 MHz ( period = 5.267 ns )                    ; cnt[1]  ; cnt[21]  ; clk        ; clk      ; None                        ; None                      ; 4.558 ns                ;
; N/A                                     ; 190.33 MHz ( period = 5.254 ns )                    ; cnt[1]  ; cnt[23]  ; clk        ; clk      ; None                        ; None                      ; 4.545 ns                ;
; N/A                                     ; 190.33 MHz ( period = 5.254 ns )                    ; cnt[1]  ; cnt[22]  ; clk        ; clk      ; None                        ; None                      ; 4.545 ns                ;
; N/A                                     ; 191.57 MHz ( period = 5.220 ns )                    ; cnt[6]  ; state[2] ; clk        ; clk      ; None                        ; None                      ; 4.511 ns                ;
; N/A                                     ; 191.90 MHz ( period = 5.211 ns )                    ; cnt[21] ; state[0] ; clk        ; clk      ; None                        ; None                      ; 4.502 ns                ;
; N/A                                     ; 192.27 MHz ( period = 5.201 ns )                    ; cnt[5]  ; cnt[19]  ; clk        ; clk      ; None                        ; None                      ; 4.492 ns                ;
; N/A                                     ; 192.27 MHz ( period = 5.201 ns )                    ; cnt[5]  ; cnt[18]  ; clk        ; clk      ; None                        ; None                      ; 4.492 ns                ;
; N/A                                     ; 192.27 MHz ( period = 5.201 ns )                    ; cnt[5]  ; cnt[17]  ; clk        ; clk      ; None                        ; None                      ; 4.492 ns                ;
; N/A                                     ; 192.27 MHz ( period = 5.201 ns )                    ; cnt[5]  ; cnt[20]  ; clk        ; clk      ; None                        ; None                      ; 4.492 ns                ;
; N/A                                     ; 192.27 MHz ( period = 5.201 ns )                    ; cnt[5]  ; cnt[21]  ; clk        ; clk      ; None                        ; None                      ; 4.492 ns                ;
; N/A                                     ; 192.75 MHz ( period = 5.188 ns )                    ; cnt[5]  ; cnt[23]  ; clk        ; clk      ; None                        ; None                      ; 4.479 ns                ;
; N/A                                     ; 192.75 MHz ( period = 5.188 ns )                    ; cnt[5]  ; cnt[22]  ; clk        ; clk      ; None                        ; None                      ; 4.479 ns                ;
; N/A                                     ; 192.94 MHz ( period = 5.183 ns )                    ; cnt[0]  ; cnt[19]  ; clk        ; clk      ; None                        ; None                      ; 4.474 ns                ;
; N/A                                     ; 192.94 MHz ( period = 5.183 ns )                    ; cnt[0]  ; cnt[18]  ; clk        ; clk      ; None                        ; None                      ; 4.474 ns                ;
; N/A                                     ; 192.94 MHz ( period = 5.183 ns )                    ; cnt[0]  ; cnt[17]  ; clk        ; clk      ; None                        ; None                      ; 4.474 ns                ;
; N/A                                     ; 192.94 MHz ( period = 5.183 ns )                    ; cnt[0]  ; cnt[20]  ; clk        ; clk      ; None                        ; None                      ; 4.474 ns                ;
; N/A                                     ; 192.94 MHz ( period = 5.183 ns )                    ; cnt[0]  ; cnt[21]  ; clk        ; clk      ; None                        ; None                      ; 4.474 ns                ;
; N/A                                     ; 193.42 MHz ( period = 5.170 ns )                    ; cnt[0]  ; cnt[23]  ; clk        ; clk      ; None                        ; None                      ; 4.461 ns                ;
; N/A                                     ; 193.42 MHz ( period = 5.170 ns )                    ; cnt[0]  ; cnt[22]  ; clk        ; clk      ; None                        ; None                      ; 4.461 ns                ;
; N/A                                     ; 194.14 MHz ( period = 5.151 ns )                    ; cnt[18] ; state[2] ; clk        ; clk      ; None                        ; None                      ; 4.442 ns                ;
; N/A                                     ; 195.73 MHz ( period = 5.109 ns )                    ; cnt[19] ; state[0] ; clk        ; clk      ; None                        ; None                      ; 4.400 ns                ;
; N/A                                     ; 195.73 MHz ( period = 5.109 ns )                    ; cnt[4]  ; cnt[19]  ; clk        ; clk      ; None                        ; None                      ; 4.400 ns                ;
; N/A                                     ; 195.73 MHz ( period = 5.109 ns )                    ; cnt[4]  ; cnt[18]  ; clk        ; clk      ; None                        ; None                      ; 4.400 ns                ;
; N/A                                     ; 195.73 MHz ( period = 5.109 ns )                    ; cnt[4]  ; cnt[17]  ; clk        ; clk      ; None                        ; None                      ; 4.400 ns                ;
; N/A                                     ; 195.73 MHz ( period = 5.109 ns )                    ; cnt[4]  ; cnt[20]  ; clk        ; clk      ; None                        ; None                      ; 4.400 ns                ;
; N/A                                     ; 195.73 MHz ( period = 5.109 ns )                    ; cnt[4]  ; cnt[21]  ; clk        ; clk      ; None                        ; None                      ; 4.400 ns                ;
; N/A                                     ; 196.23 MHz ( period = 5.096 ns )                    ; cnt[4]  ; cnt[23]  ; clk        ; clk      ; None                        ; None                      ; 4.387 ns                ;
; N/A                                     ; 196.23 MHz ( period = 5.096 ns )                    ; cnt[4]  ; cnt[22]  ; clk        ; clk      ; None                        ; None                      ; 4.387 ns                ;
; N/A                                     ; 199.92 MHz ( period = 5.002 ns )                    ; cnt[2]  ; cnt[7]   ; clk        ; clk      ; None                        ; None                      ; 4.293 ns                ;
; N/A                                     ; 199.92 MHz ( period = 5.002 ns )                    ; cnt[2]  ; cnt[8]   ; clk        ; clk      ; None                        ; None                      ; 4.293 ns                ;
; N/A                                     ; 199.92 MHz ( period = 5.002 ns )                    ; cnt[2]  ; cnt[9]   ; clk        ; clk      ; None                        ; None                      ; 4.293 ns                ;
; N/A                                     ; 199.92 MHz ( period = 5.002 ns )                    ; cnt[2]  ; cnt[10]  ; clk        ; clk      ; None                        ; None                      ; 4.293 ns                ;
; N/A                                     ; 199.92 MHz ( period = 5.002 ns )                    ; cnt[2]  ; cnt[11]  ; clk        ; clk      ; None                        ; None                      ; 4.293 ns                ;
; N/A                                     ; 200.44 MHz ( period = 4.989 ns )                    ; cnt[2]  ; cnt[16]  ; clk        ; clk      ; None                        ; None                      ; 4.280 ns                ;
; N/A                                     ; 200.44 MHz ( period = 4.989 ns )                    ; cnt[2]  ; cnt[12]  ; clk        ; clk      ; None                        ; None                      ; 4.280 ns                ;
; N/A                                     ; 200.44 MHz ( period = 4.989 ns )                    ; cnt[2]  ; cnt[13]  ; clk        ; clk      ; None                        ; None                      ; 4.280 ns                ;
; N/A                                     ; 200.44 MHz ( period = 4.989 ns )                    ; cnt[2]  ; cnt[14]  ; clk        ; clk      ; None                        ; None                      ; 4.280 ns                ;
; N/A                                     ; 200.44 MHz ( period = 4.989 ns )                    ; cnt[2]  ; cnt[15]  ; clk        ; clk      ; None                        ; None                      ; 4.280 ns                ;
; N/A                                     ; 201.09 MHz ( period = 4.973 ns )                    ; cnt[12] ; cnt[19]  ; clk        ; clk      ; None                        ; None                      ; 4.264 ns                ;
; N/A                                     ; 201.09 MHz ( period = 4.973 ns )                    ; cnt[12] ; cnt[18]  ; clk        ; clk      ; None                        ; None                      ; 4.264 ns                ;
; N/A                                     ; 201.09 MHz ( period = 4.973 ns )                    ; cnt[12] ; cnt[17]  ; clk        ; clk      ; None                        ; None                      ; 4.264 ns                ;
; N/A                                     ; 201.09 MHz ( period = 4.973 ns )                    ; cnt[12] ; cnt[20]  ; clk        ; clk      ; None                        ; None                      ; 4.264 ns                ;
; N/A                                     ; 201.09 MHz ( period = 4.973 ns )                    ; cnt[12] ; cnt[21]  ; clk        ; clk      ; None                        ; None                      ; 4.264 ns                ;
; N/A                                     ; 201.13 MHz ( period = 4.972 ns )                    ; cnt[17] ; state[2] ; clk        ; clk      ; None                        ; None                      ; 4.263 ns                ;
; N/A                                     ; 201.17 MHz ( period = 4.971 ns )                    ; cnt[16] ; state[0] ; clk        ; clk      ; None                        ; None                      ; 4.262 ns                ;
; N/A                                     ; 201.37 MHz ( period = 4.966 ns )                    ; cnt[6]  ; cnt[19]  ; clk        ; clk      ; None                        ; None                      ; 4.257 ns                ;
; N/A                                     ; 201.37 MHz ( period = 4.966 ns )                    ; cnt[6]  ; cnt[18]  ; clk        ; clk      ; None                        ; None                      ; 4.257 ns                ;
; N/A                                     ; 201.37 MHz ( period = 4.966 ns )                    ; cnt[6]  ; cnt[17]  ; clk        ; clk      ; None                        ; None                      ; 4.257 ns                ;
; N/A                                     ; 201.37 MHz ( period = 4.966 ns )                    ; cnt[6]  ; cnt[20]  ; clk        ; clk      ; None                        ; None                      ; 4.257 ns                ;
; N/A                                     ; 201.37 MHz ( period = 4.966 ns )                    ; cnt[6]  ; cnt[21]  ; clk        ; clk      ; None                        ; None                      ; 4.257 ns                ;
; N/A                                     ; 201.57 MHz ( period = 4.961 ns )                    ; cnt[7]  ; cnt[19]  ; clk        ; clk      ; None                        ; None                      ; 4.252 ns                ;
; N/A                                     ; 201.57 MHz ( period = 4.961 ns )                    ; cnt[7]  ; cnt[18]  ; clk        ; clk      ; None                        ; None                      ; 4.252 ns                ;
; N/A                                     ; 201.57 MHz ( period = 4.961 ns )                    ; cnt[7]  ; cnt[17]  ; clk        ; clk      ; None                        ; None                      ; 4.252 ns                ;
; N/A                                     ; 201.57 MHz ( period = 4.961 ns )                    ; cnt[7]  ; cnt[20]  ; clk        ; clk      ; None                        ; None                      ; 4.252 ns                ;
; N/A                                     ; 201.57 MHz ( period = 4.961 ns )                    ; cnt[7]  ; cnt[21]  ; clk        ; clk      ; None                        ; None                      ; 4.252 ns                ;
; N/A                                     ; 201.61 MHz ( period = 4.960 ns )                    ; cnt[12] ; cnt[23]  ; clk        ; clk      ; None                        ; None                      ; 4.251 ns                ;
; N/A                                     ; 201.61 MHz ( period = 4.960 ns )                    ; cnt[12] ; cnt[22]  ; clk        ; clk      ; None                        ; None                      ; 4.251 ns                ;
; N/A                                     ; 201.90 MHz ( period = 4.953 ns )                    ; cnt[6]  ; cnt[23]  ; clk        ; clk      ; None                        ; None                      ; 4.244 ns                ;
; N/A                                     ; 201.90 MHz ( period = 4.953 ns )                    ; cnt[6]  ; cnt[22]  ; clk        ; clk      ; None                        ; None                      ; 4.244 ns                ;
; N/A                                     ; 202.10 MHz ( period = 4.948 ns )                    ; cnt[7]  ; cnt[23]  ; clk        ; clk      ; None                        ; None                      ; 4.239 ns                ;
; N/A                                     ; 202.10 MHz ( period = 4.948 ns )                    ; cnt[7]  ; cnt[22]  ; clk        ; clk      ; None                        ; None                      ; 4.239 ns                ;
; N/A                                     ; 204.88 MHz ( period = 4.881 ns )                    ; cnt[3]  ; cnt[7]   ; clk        ; clk      ; None                        ; None                      ; 4.172 ns                ;
; N/A                                     ; 204.88 MHz ( period = 4.881 ns )                    ; cnt[3]  ; cnt[8]   ; clk        ; clk      ; None                        ; None                      ; 4.172 ns                ;
; N/A                                     ; 204.88 MHz ( period = 4.881 ns )                    ; cnt[3]  ; cnt[9]   ; clk        ; clk      ; None                        ; None                      ; 4.172 ns                ;
; N/A                                     ; 204.88 MHz ( period = 4.881 ns )                    ; cnt[3]  ; cnt[10]  ; clk        ; clk      ; None                        ; None                      ; 4.172 ns                ;
; N/A                                     ; 204.88 MHz ( period = 4.881 ns )                    ; cnt[3]  ; cnt[11]  ; clk        ; clk      ; None                        ; None                      ; 4.172 ns                ;
; N/A                                     ; 205.42 MHz ( period = 4.868 ns )                    ; cnt[3]  ; cnt[16]  ; clk        ; clk      ; None                        ; None                      ; 4.159 ns                ;
; N/A                                     ; 205.42 MHz ( period = 4.868 ns )                    ; cnt[3]  ; cnt[12]  ; clk        ; clk      ; None                        ; None                      ; 4.159 ns                ;
; N/A                                     ; 205.42 MHz ( period = 4.868 ns )                    ; cnt[3]  ; cnt[13]  ; clk        ; clk      ; None                        ; None                      ; 4.159 ns                ;
; N/A                                     ; 205.42 MHz ( period = 4.868 ns )                    ; cnt[3]  ; cnt[14]  ; clk        ; clk      ; None                        ; None                      ; 4.159 ns                ;
; N/A                                     ; 205.42 MHz ( period = 4.868 ns )                    ; cnt[3]  ; cnt[15]  ; clk        ; clk      ; None                        ; None                      ; 4.159 ns                ;
; N/A                                     ; 206.14 MHz ( period = 4.851 ns )                    ; cnt[13] ; cnt[19]  ; clk        ; clk      ; None                        ; None                      ; 4.142 ns                ;
; N/A                                     ; 206.14 MHz ( period = 4.851 ns )                    ; cnt[13] ; cnt[18]  ; clk        ; clk      ; None                        ; None                      ; 4.142 ns                ;
; N/A                                     ; 206.14 MHz ( period = 4.851 ns )                    ; cnt[13] ; cnt[17]  ; clk        ; clk      ; None                        ; None                      ; 4.142 ns                ;
; N/A                                     ; 206.14 MHz ( period = 4.851 ns )                    ; cnt[13] ; cnt[20]  ; clk        ; clk      ; None                        ; None                      ; 4.142 ns                ;
; N/A                                     ; 206.14 MHz ( period = 4.851 ns )                    ; cnt[13] ; cnt[21]  ; clk        ; clk      ; None                        ; None                      ; 4.142 ns                ;
; N/A                                     ; 206.27 MHz ( period = 4.848 ns )                    ; cnt[8]  ; cnt[19]  ; clk        ; clk      ; None                        ; None                      ; 4.139 ns                ;
; N/A                                     ; 206.27 MHz ( period = 4.848 ns )                    ; cnt[8]  ; cnt[18]  ; clk        ; clk      ; None                        ; None                      ; 4.139 ns                ;
; N/A                                     ; 206.27 MHz ( period = 4.848 ns )                    ; cnt[8]  ; cnt[17]  ; clk        ; clk      ; None                        ; None                      ; 4.139 ns                ;
; N/A                                     ; 206.27 MHz ( period = 4.848 ns )                    ; cnt[8]  ; cnt[20]  ; clk        ; clk      ; None                        ; None                      ; 4.139 ns                ;
; N/A                                     ; 206.27 MHz ( period = 4.848 ns )                    ; cnt[8]  ; cnt[21]  ; clk        ; clk      ; None                        ; None                      ; 4.139 ns                ;
; N/A                                     ; 206.70 MHz ( period = 4.838 ns )                    ; cnt[13] ; cnt[23]  ; clk        ; clk      ; None                        ; None                      ; 4.129 ns                ;
; N/A                                     ; 206.70 MHz ( period = 4.838 ns )                    ; cnt[13] ; cnt[22]  ; clk        ; clk      ; None                        ; None                      ; 4.129 ns                ;
; N/A                                     ; 206.83 MHz ( period = 4.835 ns )                    ; cnt[8]  ; cnt[23]  ; clk        ; clk      ; None                        ; None                      ; 4.126 ns                ;
; N/A                                     ; 206.83 MHz ( period = 4.835 ns )                    ; cnt[8]  ; cnt[22]  ; clk        ; clk      ; None                        ; None                      ; 4.126 ns                ;
; N/A                                     ; 208.07 MHz ( period = 4.806 ns )                    ; cnt[10] ; cnt[19]  ; clk        ; clk      ; None                        ; None                      ; 4.097 ns                ;
; N/A                                     ; 208.07 MHz ( period = 4.806 ns )                    ; cnt[10] ; cnt[18]  ; clk        ; clk      ; None                        ; None                      ; 4.097 ns                ;
; N/A                                     ; 208.07 MHz ( period = 4.806 ns )                    ; cnt[10] ; cnt[17]  ; clk        ; clk      ; None                        ; None                      ; 4.097 ns                ;
; N/A                                     ; 208.07 MHz ( period = 4.806 ns )                    ; cnt[10] ; cnt[20]  ; clk        ; clk      ; None                        ; None                      ; 4.097 ns                ;
; N/A                                     ; 208.07 MHz ( period = 4.806 ns )                    ; cnt[10] ; cnt[21]  ; clk        ; clk      ; None                        ; None                      ; 4.097 ns                ;
; N/A                                     ; 208.64 MHz ( period = 4.793 ns )                    ; cnt[10] ; cnt[23]  ; clk        ; clk      ; None                        ; None                      ; 4.084 ns                ;
; N/A                                     ; 208.64 MHz ( period = 4.793 ns )                    ; cnt[10] ; cnt[22]  ; clk        ; clk      ; None                        ; None                      ; 4.084 ns                ;
; N/A                                     ; 211.64 MHz ( period = 4.725 ns )                    ; cnt[9]  ; cnt[19]  ; clk        ; clk      ; None                        ; None                      ; 4.016 ns                ;
; N/A                                     ; 211.64 MHz ( period = 4.725 ns )                    ; cnt[9]  ; cnt[18]  ; clk        ; clk      ; None                        ; None                      ; 4.016 ns                ;
; N/A                                     ; 211.64 MHz ( period = 4.725 ns )                    ; cnt[9]  ; cnt[17]  ; clk        ; clk      ; None                        ; None                      ; 4.016 ns                ;
; N/A                                     ; 211.64 MHz ( period = 4.725 ns )                    ; cnt[9]  ; cnt[20]  ; clk        ; clk      ; None                        ; None                      ; 4.016 ns                ;
; N/A                                     ; 211.64 MHz ( period = 4.725 ns )                    ; cnt[9]  ; cnt[21]  ; clk        ; clk      ; None                        ; None                      ; 4.016 ns                ;
; N/A                                     ; 212.22 MHz ( period = 4.712 ns )                    ; cnt[9]  ; cnt[23]  ; clk        ; clk      ; None                        ; None                      ; 4.003 ns                ;
; N/A                                     ; 212.22 MHz ( period = 4.712 ns )                    ; cnt[9]  ; cnt[22]  ; clk        ; clk      ; None                        ; None                      ; 4.003 ns                ;
; N/A                                     ; 214.04 MHz ( period = 4.672 ns )                    ; cnt[1]  ; cnt[7]   ; clk        ; clk      ; None                        ; None                      ; 3.963 ns                ;
; N/A                                     ; 214.04 MHz ( period = 4.672 ns )                    ; cnt[1]  ; cnt[8]   ; clk        ; clk      ; None                        ; None                      ; 3.963 ns                ;
; N/A                                     ; 214.04 MHz ( period = 4.672 ns )                    ; cnt[1]  ; cnt[9]   ; clk        ; clk      ; None                        ; None                      ; 3.963 ns                ;
; N/A                                     ; 214.04 MHz ( period = 4.672 ns )                    ; cnt[1]  ; cnt[10]  ; clk        ; clk      ; None                        ; None                      ; 3.963 ns                ;
; N/A                                     ; 214.04 MHz ( period = 4.672 ns )                    ; cnt[1]  ; cnt[11]  ; clk        ; clk      ; None                        ; None                      ; 3.963 ns                ;
; N/A                                     ; 214.64 MHz ( period = 4.659 ns )                    ; cnt[1]  ; cnt[16]  ; clk        ; clk      ; None                        ; None                      ; 3.950 ns                ;
; N/A                                     ; 214.64 MHz ( period = 4.659 ns )                    ; cnt[1]  ; cnt[12]  ; clk        ; clk      ; None                        ; None                      ; 3.950 ns                ;
; N/A                                     ; 214.64 MHz ( period = 4.659 ns )                    ; cnt[1]  ; cnt[13]  ; clk        ; clk      ; None                        ; None                      ; 3.950 ns                ;
; N/A                                     ; 214.64 MHz ( period = 4.659 ns )                    ; cnt[1]  ; cnt[14]  ; clk        ; clk      ; None                        ; None                      ; 3.950 ns                ;
; N/A                                     ; 214.64 MHz ( period = 4.659 ns )                    ; cnt[1]  ; cnt[15]  ; clk        ; clk      ; None                        ; None                      ; 3.950 ns                ;
; N/A                                     ; 214.87 MHz ( period = 4.654 ns )                    ; cnt[11] ; cnt[19]  ; clk        ; clk      ; None                        ; None                      ; 3.945 ns                ;
; N/A                                     ; 214.87 MHz ( period = 4.654 ns )                    ; cnt[11] ; cnt[18]  ; clk        ; clk      ; None                        ; None                      ; 3.945 ns                ;
; N/A                                     ; 214.87 MHz ( period = 4.654 ns )                    ; cnt[11] ; cnt[17]  ; clk        ; clk      ; None                        ; None                      ; 3.945 ns                ;
; N/A                                     ; 214.87 MHz ( period = 4.654 ns )                    ; cnt[11] ; cnt[20]  ; clk        ; clk      ; None                        ; None                      ; 3.945 ns                ;
; N/A                                     ; 214.87 MHz ( period = 4.654 ns )                    ; cnt[11] ; cnt[21]  ; clk        ; clk      ; None                        ; None                      ; 3.945 ns                ;
; N/A                                     ; 215.47 MHz ( period = 4.641 ns )                    ; cnt[11] ; cnt[23]  ; clk        ; clk      ; None                        ; None                      ; 3.932 ns                ;
; N/A                                     ; 215.47 MHz ( period = 4.641 ns )                    ; cnt[11] ; cnt[22]  ; clk        ; clk      ; None                        ; None                      ; 3.932 ns                ;
; N/A                                     ; 217.11 MHz ( period = 4.606 ns )                    ; cnt[5]  ; cnt[9]   ; clk        ; clk      ; None                        ; None                      ; 3.897 ns                ;
; N/A                                     ; 217.11 MHz ( period = 4.606 ns )                    ; cnt[5]  ; cnt[10]  ; clk        ; clk      ; None                        ; None                      ; 3.897 ns                ;
; Timing analysis restricted to 200 rows. ; To change the limit use Settings (Assignments menu) ;         ;          ;            ;          ;                             ;                           ;                         ;
+-----------------------------------------+-----------------------------------------------------+---------+----------+------------+----------+-----------------------------+---------------------------+-------------------------+


+------------------------------------------------------------------+
; tco                                                              ;
+-------+--------------+------------+----------+------+------------+
; Slack ; Required tco ; Actual tco ; From     ; To   ; From Clock ;
+-------+--------------+------------+----------+------+------------+
; N/A   ; None         ; 10.228 ns  ; state[1] ; c[5] ; clk        ;
; N/A   ; None         ; 10.129 ns  ; state[1] ; c[6] ; clk        ;
; N/A   ; None         ; 9.905 ns   ; state[2] ; c[5] ; clk        ;
; N/A   ; None         ; 9.789 ns   ; state[2] ; c[6] ; clk        ;
; N/A   ; None         ; 9.787 ns   ; state[2] ; c[3] ; clk        ;
; N/A   ; None         ; 9.783 ns   ; state[2] ; c[1] ; clk        ;
; N/A   ; None         ; 9.770 ns   ; state[1] ; c[3] ; clk        ;
; N/A   ; None         ; 9.751 ns   ; state[2] ; c[4] ; clk        ;
; N/A   ; None         ; 9.742 ns   ; state[1] ; c[1] ; clk        ;
; N/A   ; None         ; 9.720 ns   ; state[1] ; c[4] ; clk        ;
; N/A   ; None         ; 9.656 ns   ; state[0] ; c[1] ; clk        ;
; N/A   ; None         ; 9.654 ns   ; state[2] ; c[2] ; clk        ;
; N/A   ; None         ; 9.640 ns   ; state[0] ; c[3] ; clk        ;
; N/A   ; None         ; 9.624 ns   ; state[2] ; c[0] ; clk        ;
; N/A   ; None         ; 9.623 ns   ; state[0] ; c[4] ; clk        ;
; N/A   ; None         ; 9.620 ns   ; state[1] ; c[2] ; clk        ;
; N/A   ; None         ; 9.597 ns   ; state[1] ; c[0] ; clk        ;
; N/A   ; None         ; 9.545 ns   ; state[0] ; c[5] ; clk        ;
; N/A   ; None         ; 9.527 ns   ; state[0] ; c[2] ; clk        ;
; N/A   ; None         ; 9.496 ns   ; state[0] ; c[0] ; clk        ;
; N/A   ; None         ; 9.424 ns   ; state[0] ; c[6] ; clk        ;
+-------+--------------+------------+----------+------+------------+


+--------------------------+
; Timing Analyzer Messages ;
+--------------------------+
Info: *******************************************************************
Info: Running Quartus II Classic Timing Analyzer
    Info: Version 9.0 Build 235 06/17/2009 Service Pack 2 SJ Web Edition
    Info: Processing started: Thu Jul 04 21:22:19 2013
Info: Command: quartus_tan --read_settings_files=off --write_settings_files=off state_machine -c state_machine
Info: Parallel compilation is enabled and will use 2 of the 2 processors detected
Info: Started post-fitting delay annotation
Info: Delay annotation completed successfully
Warning: Found pins functioning as undefined clocks and/or memory enables
    Info: Assuming node "clk" is an undefined clock
Info: Clock "clk" has Internal fmax of 139.45 MHz between source register "cnt[3]" and destination register "state[1]" (period= 7.171 ns)
    Info: + Longest register to register delay is 6.462 ns
        Info: 1: + IC(0.000 ns) + CELL(0.000 ns) = 0.000 ns; Loc. = LC_X2_Y2_N6; Fanout = 4; REG Node = 'cnt[3]'
        Info: 2: + IC(0.931 ns) + CELL(0.914 ns) = 1.845 ns; Loc. = LC_X2_Y2_N3; Fanout = 1; COMB Node = 'Equal0~0'
        Info: 3: + IC(1.893 ns) + CELL(0.914 ns) = 4.652 ns; Loc. = LC_X5_Y2_N7; Fanout = 2; COMB Node = 'Equal0~4'
        Info: 4: + IC(0.305 ns) + CELL(0.200 ns) = 5.157 ns; Loc. = LC_X5_Y2_N8; Fanout = 2; COMB Node = 'Equal0~7'
        Info: 5: + IC(0.714 ns) + CELL(0.591 ns) = 6.462 ns; Loc. = LC_X5_Y2_N0; Fanout = 9; REG Node = 'state[1]'
        Info: Total cell delay = 2.619 ns ( 40.53 % )
        Info: Total interconnect delay = 3.843 ns ( 59.47 % )
    Info: - Smallest clock skew is 0.000 ns
        Info: + Shortest clock path from clock "clk" to destination register is 3.348 ns
            Info: 1: + IC(0.000 ns) + CELL(1.163 ns) = 1.163 ns; Loc. = PIN_12; Fanout = 27; CLK Node = 'clk'
            Info: 2: + IC(1.267 ns) + CELL(0.918 ns) = 3.348 ns; Loc. = LC_X5_Y2_N0; Fanout = 9; REG Node = 'state[1]'
            Info: Total cell delay = 2.081 ns ( 62.16 % )
            Info: Total interconnect delay = 1.267 ns ( 37.84 % )
        Info: - Longest clock path from clock "clk" to source register is 3.348 ns
            Info: 1: + IC(0.000 ns) + CELL(1.163 ns) = 1.163 ns; Loc. = PIN_12; Fanout = 27; CLK Node = 'clk'
            Info: 2: + IC(1.267 ns) + CELL(0.918 ns) = 3.348 ns; Loc. = LC_X2_Y2_N6; Fanout = 4; REG Node = 'cnt[3]'
            Info: Total cell delay = 2.081 ns ( 62.16 % )
            Info: Total interconnect delay = 1.267 ns ( 37.84 % )
    Info: + Micro clock to output delay of source is 0.376 ns
    Info: + Micro setup delay of destination is 0.333 ns
Info: tco from clock "clk" to destination pin "c[5]" through register "state[1]" is 10.228 ns
    Info: + Longest clock path from clock "clk" to source register is 3.348 ns
        Info: 1: + IC(0.000 ns) + CELL(1.163 ns) = 1.163 ns; Loc. = PIN_12; Fanout = 27; CLK Node = 'clk'
        Info: 2: + IC(1.267 ns) + CELL(0.918 ns) = 3.348 ns; Loc. = LC_X5_Y2_N0; Fanout = 9; REG Node = 'state[1]'
        Info: Total cell delay = 2.081 ns ( 62.16 % )
        Info: Total interconnect delay = 1.267 ns ( 37.84 % )
    Info: + Micro clock to output delay of source is 0.376 ns
    Info: + Longest register to pin delay is 6.504 ns
        Info: 1: + IC(0.000 ns) + CELL(0.000 ns) = 0.000 ns; Loc. = LC_X5_Y2_N0; Fanout = 9; REG Node = 'state[1]'
        Info: 2: + IC(1.288 ns) + CELL(0.914 ns) = 2.202 ns; Loc. = LC_X6_Y2_N0; Fanout = 1; COMB Node = 'Mux3~0'
        Info: 3: + IC(1.980 ns) + CELL(2.322 ns) = 6.504 ns; Loc. = PIN_78; Fanout = 0; PIN Node = 'c[5]'
        Info: Total cell delay = 3.236 ns ( 49.75 % )
        Info: Total interconnect delay = 3.268 ns ( 50.25 % )
Info: Quartus II Classic Timing Analyzer was successful. 0 errors, 1 warning
    Info: Peak virtual memory: 133 megabytes
    Info: Processing ended: Thu Jul 04 21:22:20 2013
    Info: Elapsed time: 00:00:01
    Info: Total CPU time (on all processors): 00:00:01


