Flow report for USB_LED
Tue Sep 04 17:47:29 2012
Quartus II Version 11.0 Build 157 04/27/2011 SJ Full Version


---------------------
; Table of Contents ;
---------------------
  1. Legal Notice
  2. Flow Summary
  3. Flow Settings
  4. Flow Non-Default Global Settings
  5. Flow Elapsed Time
  6. Flow OS Summary
  7. Flow Log



----------------
; Legal Notice ;
----------------
Copyright (C) 1991-2011 Altera Corporation
Your use of Altera Corporation's design tools, logic functions 
and other software and tools, and its AMPP partner logic 
functions, and any output files from any of the foregoing 
(including device programming or simulation files), and any 
associated documentation or information are expressly subject 
to the terms and conditions of the Altera Program License 
Subscription Agreement, Altera MegaCore Function License 
Agreement, or other applicable license agreement, including, 
without limitation, that your use is for the sole purpose of 
programming logic devices manufactured by Altera and sold by 
Altera or its authorized distributors.  Please refer to the 
applicable agreement for further details.



+--------------------------------------------------------------------------------+
; Flow Summary                                                                   ;
+------------------------------------+-------------------------------------------+
; Flow Status                        ; Successful - Tue Sep 04 17:47:27 2012     ;
; Quartus II Version                 ; 11.0 Build 157 04/27/2011 SJ Full Version ;
; Revision Name                      ; USB_LED                                   ;
; Top-level Entity Name              ; USB_LED                                   ;
; Family                             ; Cyclone IV E                              ;
; Device                             ; EP4CE6E22C8                               ;
; Timing Models                      ; Final                                     ;
; Total logic elements               ; 613 / 6,272 ( 10 % )                      ;
;     Total combinational functions  ; 425 / 6,272 ( 7 % )                       ;
;     Dedicated logic registers      ; 489 / 6,272 ( 8 % )                       ;
; Total registers                    ; 489                                       ;
; Total pins                         ; 30 / 92 ( 33 % )                          ;
; Total virtual pins                 ; 0                                         ;
; Total memory bits                  ; 16,384 / 276,480 ( 6 % )                  ;
; Embedded Multiplier 9-bit elements ; 0 / 30 ( 0 % )                            ;
; Total PLLs                         ; 0 / 2 ( 0 % )                             ;
+------------------------------------+-------------------------------------------+


+-----------------------------------------+
; Flow Settings                           ;
+-------------------+---------------------+
; Option            ; Setting             ;
+-------------------+---------------------+
; Start date & time ; 09/04/2012 17:47:14 ;
; Main task         ; Compilation         ;
; Revision Name     ; USB_LED             ;
+-------------------+---------------------+


+-----------------------------------------------------------------------------------------------------------------------------------------------------------------------------------+
; Flow Non-Default Global Settings                                                                                                                                                  ;
+-----------------------------------------------------------+----------------------------------------------------------------------+---------------+-------------+------------------+
; Assignment Name                                           ; Value                                                                ; Default Value ; Entity Name ; Section Id       ;
+-----------------------------------------------------------+----------------------------------------------------------------------+---------------+-------------+------------------+
; ALLOW_LVTTL_LVCMOS_INPUT_LEVELS_TO_OVERDRIVE_INPUT_BUFFER ; On                                                                   ; Off           ; --          ; --               ;
; COMPILER_SIGNATURE_ID                                     ; 154522815254864.134675203403188                                      ; --            ; --          ; --               ;
; ENABLE_SIGNALTAP                                          ; On                                                                   ; --            ; --          ; --               ;
; IP_TOOL_NAME                                              ; ALTPLL                                                               ; --            ; --          ; --               ;
; IP_TOOL_VERSION                                           ; 10.1                                                                 ; --            ; --          ; --               ;
; MAX_CORE_JUNCTION_TEMP                                    ; 85                                                                   ; --            ; --          ; --               ;
; MIN_CORE_JUNCTION_TEMP                                    ; 0                                                                    ; --            ; --          ; --               ;
; MISC_FILE                                                 ; E:/project/prjPCI_USB/src/USB_LED/FPGA/USB_LED.dpf                   ; --            ; --          ; --               ;
; MISC_FILE                                                 ; F:/300/ALTERA_USB/Program/USB_LED/FPGA/USB_LED.dpf                   ; --            ; --          ; --               ;
; MISC_FILE                                                 ; PLL.cmp                                                              ; --            ; --          ; --               ;
; MISC_FILE                                                 ; PLL.ppf                                                              ; --            ; --          ; --               ;
; MISC_FILE                                                 ; F:/USB_LED/FPGA/USB_LED.dpf                                          ; --            ; --          ; --               ;
; MISC_FILE                                                 ; D:/fpga_files/Test_Done_usb/USB_LED/FPGA/USB_LED.dpf                 ; --            ; --          ; --               ;
; MISC_FILE                                                 ; D:/fpga_files/usb_ok/USB_LED/FPGA/USB_LED.dpf                        ; --            ; --          ; --               ;
; MISC_FILE                                                 ; F:/program/EPC340/vhdl/USB_LED/FPGA/USB_LED.dpf                      ; --            ; --          ; --               ;
; MISC_FILE                                                 ; E:/Program/EP2C8Q/vhdl/USB/FPGA_USB/USB_LED.dpf                      ; --            ; --          ; --               ;
; PARTITION_COLOR                                           ; 16764057                                                             ; --            ; --          ; Top              ;
; PARTITION_FITTER_PRESERVATION_LEVEL                       ; PLACEMENT_AND_ROUTING                                                ; --            ; --          ; Top              ;
; PARTITION_NETLIST_TYPE                                    ; SOURCE                                                               ; --            ; --          ; Top              ;
; SLD_NODE_CREATOR_ID                                       ; 110                                                                  ; --            ; --          ; auto_signaltap_0 ;
; SLD_NODE_ENTITY_NAME                                      ; sld_signaltap                                                        ; --            ; --          ; auto_signaltap_0 ;
; SLD_NODE_PARAMETER_ASSIGNMENT                             ; SLD_DATA_BITS=8                                                      ; --            ; --          ; auto_signaltap_0 ;
; SLD_NODE_PARAMETER_ASSIGNMENT                             ; SLD_TRIGGER_BITS=8                                                   ; --            ; --          ; auto_signaltap_0 ;
; SLD_NODE_PARAMETER_ASSIGNMENT                             ; SLD_NODE_INFO=805334528                                              ; --            ; --          ; auto_signaltap_0 ;
; SLD_NODE_PARAMETER_ASSIGNMENT                             ; SLD_POWER_UP_TRIGGER=0                                               ; --            ; --          ; auto_signaltap_0 ;
; SLD_NODE_PARAMETER_ASSIGNMENT                             ; SLD_INVERSION_MASK=0000000000000000000000000000000000000000000000000 ; --            ; --          ; auto_signaltap_0 ;
; SLD_NODE_PARAMETER_ASSIGNMENT                             ; SLD_INVERSION_MASK_LENGTH=49                                         ; --            ; --          ; auto_signaltap_0 ;
; SLD_NODE_PARAMETER_ASSIGNMENT                             ; SLD_STORAGE_QUALIFIER_INVERSION_MASK_LENGTH=0                        ; --            ; --          ; auto_signaltap_0 ;
; SLD_NODE_PARAMETER_ASSIGNMENT                             ; SLD_SEGMENT_SIZE=2048                                                ; --            ; --          ; auto_signaltap_0 ;
; SLD_NODE_PARAMETER_ASSIGNMENT                             ; SLD_ATTRIBUTE_MEM_MODE=OFF                                           ; --            ; --          ; auto_signaltap_0 ;
; SLD_NODE_PARAMETER_ASSIGNMENT                             ; SLD_STATE_FLOW_USE_GENERATED=0                                       ; --            ; --          ; auto_signaltap_0 ;
; SLD_NODE_PARAMETER_ASSIGNMENT                             ; SLD_STATE_BITS=11                                                    ; --            ; --          ; auto_signaltap_0 ;
; SLD_NODE_PARAMETER_ASSIGNMENT                             ; SLD_BUFFER_FULL_STOP=1                                               ; --            ; --          ; auto_signaltap_0 ;
; SLD_NODE_PARAMETER_ASSIGNMENT                             ; SLD_CURRENT_RESOURCE_WIDTH=1                                         ; --            ; --          ; auto_signaltap_0 ;
; SLD_NODE_PARAMETER_ASSIGNMENT                             ; SLD_NODE_CRC_LOWORD=23384                                            ; --            ; --          ; auto_signaltap_0 ;
; SLD_NODE_PARAMETER_ASSIGNMENT                             ; SLD_NODE_CRC_HIWORD=16084                                            ; --            ; --          ; auto_signaltap_0 ;
; SLD_NODE_PARAMETER_ASSIGNMENT                             ; SLD_TRIGGER_LEVEL=1                                                  ; --            ; --          ; auto_signaltap_0 ;
; SLD_NODE_PARAMETER_ASSIGNMENT                             ; SLD_SAMPLE_DEPTH=2048                                                ; --            ; --          ; auto_signaltap_0 ;
; SLD_NODE_PARAMETER_ASSIGNMENT                             ; SLD_TRIGGER_IN_ENABLED=0                                             ; --            ; --          ; auto_signaltap_0 ;
; SLD_NODE_PARAMETER_ASSIGNMENT                             ; SLD_ADVANCED_TRIGGER_ENTITY=basic,1,                                 ; --            ; --          ; auto_signaltap_0 ;
; SLD_NODE_PARAMETER_ASSIGNMENT                             ; SLD_TRIGGER_LEVEL_PIPELINE=1                                         ; --            ; --          ; auto_signaltap_0 ;
; SLD_NODE_PARAMETER_ASSIGNMENT                             ; SLD_ENABLE_ADVANCED_TRIGGER=0                                        ; --            ; --          ; auto_signaltap_0 ;
; USE_SIGNALTAP_FILE                                        ; stp1.stp                                                             ; --            ; --          ; --               ;
+-----------------------------------------------------------+----------------------------------------------------------------------+---------------+-------------+------------------+


+-------------------------------------------------------------------------------------------------------------------------------+
; Flow Elapsed Time                                                                                                             ;
+---------------------------+--------------+-------------------------+---------------------+------------------------------------+
; Module Name               ; Elapsed Time ; Average Processors Used ; Peak Virtual Memory ; Total CPU Time (on all processors) ;
+---------------------------+--------------+-------------------------+---------------------+------------------------------------+
; Analysis & Synthesis      ; 00:00:04     ; 1.0                     ; 270 MB              ; 00:00:04                           ;
; Fitter                    ; 00:00:05     ; 1.3                     ; 324 MB              ; 00:00:05                           ;
; Assembler                 ; 00:00:01     ; 1.0                     ; 219 MB              ; 00:00:01                           ;
; TimeQuest Timing Analyzer ; 00:00:03     ; 1.0                     ; 249 MB              ; 00:00:03                           ;
; Total                     ; 00:00:13     ; --                      ; --                  ; 00:00:13                           ;
+---------------------------+--------------+-------------------------+---------------------+------------------------------------+


+-----------------------------------------------------------------------------------------+
; Flow OS Summary                                                                         ;
+---------------------------+------------------+------------+------------+----------------+
; Module Name               ; Machine Hostname ; OS Name    ; OS Version ; Processor type ;
+---------------------------+------------------+------------+------------+----------------+
; Analysis & Synthesis      ; PC--20120818EXH  ; Windows XP ; 5.1        ; i686           ;
; Fitter                    ; PC--20120818EXH  ; Windows XP ; 5.1        ; i686           ;
; Assembler                 ; PC--20120818EXH  ; Windows XP ; 5.1        ; i686           ;
; TimeQuest Timing Analyzer ; PC--20120818EXH  ; Windows XP ; 5.1        ; i686           ;
+---------------------------+------------------+------------+------------+----------------+


------------
; Flow Log ;
------------
quartus_map --read_settings_files=on --write_settings_files=off USB_LED -c USB_LED
quartus_fit --read_settings_files=off --write_settings_files=off USB_LED -c USB_LED
quartus_asm --read_settings_files=off --write_settings_files=off USB_LED -c USB_LED
quartus_sta USB_LED -c USB_LED



