Analysis & Synthesis report for USB_LED
Tue Sep 04 17:47:19 2012
Quartus II Version 11.0 Build 157 04/27/2011 SJ Full Version


---------------------
; Table of Contents ;
---------------------
  1. Legal Notice
  2. Analysis & Synthesis Summary
  3. Analysis & Synthesis Settings
  4. Parallel Compilation
  5. Analysis & Synthesis Source Files Read
  6. Analysis & Synthesis Resource Usage Summary
  7. Analysis & Synthesis Resource Utilization by Entity
  8. Analysis & Synthesis RAM Summary
  9. User-Specified and Inferred Latches
 10. Registers Removed During Synthesis
 11. General Register Statistics
 12. Inverted Register Statistics
 13. Multiplexer Restructuring Statistics (Restructuring Performed)
 14. Source assignments for sld_signaltap:auto_signaltap_0|sld_signaltap_impl:sld_signaltap_body|altsyncram:\stp_non_zero_ram_gen:stp_buffer_ram|altsyncram_6u14:auto_generated
 15. Parameter Settings for Inferred Entity Instance: sld_signaltap:auto_signaltap_0
 16. Parameter Settings for Inferred Entity Instance: sld_hub:auto_hub
 17. SignalTap II Logic Analyzer Settings
 18. Elapsed Time Per Partition
 19. Connections to In-System Debugging Instance "auto_signaltap_0"
 20. Analysis & Synthesis Messages



----------------
; Legal Notice ;
----------------
Copyright (C) 1991-2011 Altera Corporation
Your use of Altera Corporation's design tools, logic functions 
and other software and tools, and its AMPP partner logic 
functions, and any output files from any of the foregoing 
(including device programming or simulation files), and any 
associated documentation or information are expressly subject 
to the terms and conditions of the Altera Program License 
Subscription Agreement, Altera MegaCore Function License 
Agreement, or other applicable license agreement, including, 
without limitation, that your use is for the sole purpose of 
programming logic devices manufactured by Altera and sold by 
Altera or its authorized distributors.  Please refer to the 
applicable agreement for further details.



+--------------------------------------------------------------------------------+
; Analysis & Synthesis Summary                                                   ;
+------------------------------------+-------------------------------------------+
; Analysis & Synthesis Status        ; Successful - Tue Sep 04 17:47:18 2012     ;
; Quartus II Version                 ; 11.0 Build 157 04/27/2011 SJ Full Version ;
; Revision Name                      ; USB_LED                                   ;
; Top-level Entity Name              ; USB_LED                                   ;
; Family                             ; Cyclone IV E                              ;
; Total logic elements               ; 636                                       ;
;     Total combinational functions  ; 423                                       ;
;     Dedicated logic registers      ; 489                                       ;
; Total registers                    ; 489                                       ;
; Total pins                         ; 30                                        ;
; Total virtual pins                 ; 0                                         ;
; Total memory bits                  ; 16,384                                    ;
; Embedded Multiplier 9-bit elements ; 0                                         ;
; Total PLLs                         ; 0                                         ;
+------------------------------------+-------------------------------------------+


+----------------------------------------------------------------------------------------------------------------------+
; Analysis & Synthesis Settings                                                                                        ;
+----------------------------------------------------------------------------+--------------------+--------------------+
; Option                                                                     ; Setting            ; Default Value      ;
+----------------------------------------------------------------------------+--------------------+--------------------+
; Device                                                                     ; EP4CE6E22C8        ;                    ;
; Top-level entity name                                                      ; USB_LED            ; USB_LED            ;
; Family name                                                                ; Cyclone IV E       ; Cyclone IV GX      ;
; Use smart compilation                                                      ; Off                ; Off                ;
; Enable parallel Assembler and TimeQuest Timing Analyzer during compilation ; On                 ; On                 ;
; Enable compact report table                                                ; Off                ; Off                ;
; Restructure Multiplexers                                                   ; Auto               ; Auto               ;
; Create Debugging Nodes for IP Cores                                        ; Off                ; Off                ;
; Preserve fewer node names                                                  ; On                 ; On                 ;
; Disable OpenCore Plus hardware evaluation                                  ; Off                ; Off                ;
; Verilog Version                                                            ; Verilog_2001       ; Verilog_2001       ;
; VHDL Version                                                               ; VHDL_1993          ; VHDL_1993          ;
; State Machine Processing                                                   ; Auto               ; Auto               ;
; Safe State Machine                                                         ; Off                ; Off                ;
; Extract Verilog State Machines                                             ; On                 ; On                 ;
; Extract VHDL State Machines                                                ; On                 ; On                 ;
; Ignore Verilog initial constructs                                          ; Off                ; Off                ;
; Iteration limit for constant Verilog loops                                 ; 5000               ; 5000               ;
; Iteration limit for non-constant Verilog loops                             ; 250                ; 250                ;
; Add Pass-Through Logic to Inferred RAMs                                    ; On                 ; On                 ;
; Parallel Synthesis                                                         ; On                 ; On                 ;
; DSP Block Balancing                                                        ; Auto               ; Auto               ;
; NOT Gate Push-Back                                                         ; On                 ; On                 ;
; Power-Up Don't Care                                                        ; On                 ; On                 ;
; Remove Redundant Logic Cells                                               ; Off                ; Off                ;
; Remove Duplicate Registers                                                 ; On                 ; On                 ;
; Ignore CARRY Buffers                                                       ; Off                ; Off                ;
; Ignore CASCADE Buffers                                                     ; Off                ; Off                ;
; Ignore GLOBAL Buffers                                                      ; Off                ; Off                ;
; Ignore ROW GLOBAL Buffers                                                  ; Off                ; Off                ;
; Ignore LCELL Buffers                                                       ; Off                ; Off                ;
; Ignore SOFT Buffers                                                        ; On                 ; On                 ;
; Limit AHDL Integers to 32 Bits                                             ; Off                ; Off                ;
; Optimization Technique                                                     ; Balanced           ; Balanced           ;
; Carry Chain Length                                                         ; 70                 ; 70                 ;
; Auto Carry Chains                                                          ; On                 ; On                 ;
; Auto Open-Drain Pins                                                       ; On                 ; On                 ;
; Perform WYSIWYG Primitive Resynthesis                                      ; Off                ; Off                ;
; Auto ROM Replacement                                                       ; On                 ; On                 ;
; Auto RAM Replacement                                                       ; On                 ; On                 ;
; Auto DSP Block Replacement                                                 ; On                 ; On                 ;
; Auto Shift Register Replacement                                            ; Auto               ; Auto               ;
; Allow Shift Register Merging across Hierarchies                            ; Auto               ; Auto               ;
; Auto Clock Enable Replacement                                              ; On                 ; On                 ;
; Strict RAM Replacement                                                     ; Off                ; Off                ;
; Allow Synchronous Control Signals                                          ; On                 ; On                 ;
; Force Use of Synchronous Clear Signals                                     ; Off                ; Off                ;
; Auto RAM Block Balancing                                                   ; On                 ; On                 ;
; Auto RAM to Logic Cell Conversion                                          ; Off                ; Off                ;
; Auto Resource Sharing                                                      ; Off                ; Off                ;
; Allow Any RAM Size For Recognition                                         ; Off                ; Off                ;
; Allow Any ROM Size For Recognition                                         ; Off                ; Off                ;
; Allow Any Shift Register Size For Recognition                              ; Off                ; Off                ;
; Use LogicLock Constraints during Resource Balancing                        ; On                 ; On                 ;
; Ignore translate_off and synthesis_off directives                          ; Off                ; Off                ;
; Timing-Driven Synthesis                                                    ; On                 ; On                 ;
; Report Parameter Settings                                                  ; On                 ; On                 ;
; Report Source Assignments                                                  ; On                 ; On                 ;
; Report Connectivity Checks                                                 ; On                 ; On                 ;
; Ignore Maximum Fan-Out Assignments                                         ; Off                ; Off                ;
; Synchronization Register Chain Length                                      ; 2                  ; 2                  ;
; PowerPlay Power Optimization                                               ; Normal compilation ; Normal compilation ;
; HDL message level                                                          ; Level2             ; Level2             ;
; Suppress Register Optimization Related Messages                            ; Off                ; Off                ;
; Number of Removed Registers Reported in Synthesis Report                   ; 5000               ; 5000               ;
; Number of Inverted Registers Reported in Synthesis Report                  ; 100                ; 100                ;
; Clock MUX Protection                                                       ; On                 ; On                 ;
; Auto Gated Clock Conversion                                                ; Off                ; Off                ;
; Block Design Naming                                                        ; Auto               ; Auto               ;
; SDC constraint protection                                                  ; Off                ; Off                ;
; Synthesis Effort                                                           ; Auto               ; Auto               ;
; Shift Register Replacement - Allow Asynchronous Clear Signal               ; On                 ; On                 ;
; Analysis & Synthesis Message Level                                         ; Medium             ; Medium             ;
; Disable Register Merging Across Hierarchies                                ; Auto               ; Auto               ;
; Resource Aware Inference For Block RAM                                     ; On                 ; On                 ;
; Synthesis Seed                                                             ; 1                  ; 1                  ;
+----------------------------------------------------------------------------+--------------------+--------------------+


+------------------------------------------+
; Parallel Compilation                     ;
+----------------------------+-------------+
; Processors                 ; Number      ;
+----------------------------+-------------+
; Number detected on machine ; 2           ;
; Maximum allowed            ; 2           ;
;                            ;             ;
; Average used               ; 1.00        ;
; Maximum used               ; 1           ;
;                            ;             ;
; Usage by Processor         ; % Time Used ;
;     1 processor            ; 100.0%      ;
;     2 processors           ;   0.0%      ;
+----------------------------+-------------+


+-----------------------------------------------------------------------------------------------------------------------------------------------------------------+
; Analysis & Synthesis Source Files Read                                                                                                                          ;
+----------------------------------+-----------------+------------------------------+-----------------------------------------------------------------------------+
; File Name with User-Entered Path ; Used in Netlist ; File Type                    ; File Name with Absolute Path                                                ;
+----------------------------------+-----------------+------------------------------+-----------------------------------------------------------------------------+
; slavefifo_rd.vhd                 ; yes             ; User VHDL File               ; E:/Program/EP4CE6/vhdl/USB/FPGA_USB/slavefifo_rd.vhd                        ;
; sld_signaltap.vhd                ; yes             ; Encrypted Megafunction       ; c:/altera/11.0/quartus/libraries/megafunctions/sld_signaltap.vhd            ;
; sld_ela_control.vhd              ; yes             ; Encrypted Megafunction       ; c:/altera/11.0/quartus/libraries/megafunctions/sld_ela_control.vhd          ;
; lpm_shiftreg.tdf                 ; yes             ; Megafunction                 ; c:/altera/11.0/quartus/libraries/megafunctions/lpm_shiftreg.tdf             ;
; lpm_constant.inc                 ; yes             ; Megafunction                 ; c:/altera/11.0/quartus/libraries/megafunctions/lpm_constant.inc             ;
; dffeea.inc                       ; yes             ; Megafunction                 ; c:/altera/11.0/quartus/libraries/megafunctions/dffeea.inc                   ;
; aglobal110.inc                   ; yes             ; Megafunction                 ; c:/altera/11.0/quartus/libraries/megafunctions/aglobal110.inc               ;
; sld_mbpmg.vhd                    ; yes             ; Encrypted Megafunction       ; c:/altera/11.0/quartus/libraries/megafunctions/sld_mbpmg.vhd                ;
; sld_ela_trigger_flow_mgr.vhd     ; yes             ; Encrypted Megafunction       ; c:/altera/11.0/quartus/libraries/megafunctions/sld_ela_trigger_flow_mgr.vhd ;
; sld_buffer_manager.vhd           ; yes             ; Encrypted Megafunction       ; c:/altera/11.0/quartus/libraries/megafunctions/sld_buffer_manager.vhd       ;
; altsyncram.tdf                   ; yes             ; Megafunction                 ; c:/altera/11.0/quartus/libraries/megafunctions/altsyncram.tdf               ;
; stratix_ram_block.inc            ; yes             ; Megafunction                 ; c:/altera/11.0/quartus/libraries/megafunctions/stratix_ram_block.inc        ;
; lpm_mux.inc                      ; yes             ; Megafunction                 ; c:/altera/11.0/quartus/libraries/megafunctions/lpm_mux.inc                  ;
; lpm_decode.inc                   ; yes             ; Megafunction                 ; c:/altera/11.0/quartus/libraries/megafunctions/lpm_decode.inc               ;
; a_rdenreg.inc                    ; yes             ; Megafunction                 ; c:/altera/11.0/quartus/libraries/megafunctions/a_rdenreg.inc                ;
; altrom.inc                       ; yes             ; Megafunction                 ; c:/altera/11.0/quartus/libraries/megafunctions/altrom.inc                   ;
; altram.inc                       ; yes             ; Megafunction                 ; c:/altera/11.0/quartus/libraries/megafunctions/altram.inc                   ;
; altdpram.inc                     ; yes             ; Megafunction                 ; c:/altera/11.0/quartus/libraries/megafunctions/altdpram.inc                 ;
; db/altsyncram_6u14.tdf           ; yes             ; Auto-Generated Megafunction  ; E:/Program/EP4CE6/vhdl/USB/FPGA_USB/db/altsyncram_6u14.tdf                  ;
; altdpram.tdf                     ; yes             ; Megafunction                 ; c:/altera/11.0/quartus/libraries/megafunctions/altdpram.tdf                 ;
; memmodes.inc                     ; yes             ; Megafunction                 ; c:/altera/11.0/quartus/libraries/others/maxplus2/memmodes.inc               ;
; a_hdffe.inc                      ; yes             ; Megafunction                 ; c:/altera/11.0/quartus/libraries/megafunctions/a_hdffe.inc                  ;
; alt_le_rden_reg.inc              ; yes             ; Megafunction                 ; c:/altera/11.0/quartus/libraries/megafunctions/alt_le_rden_reg.inc          ;
; altsyncram.inc                   ; yes             ; Megafunction                 ; c:/altera/11.0/quartus/libraries/megafunctions/altsyncram.inc               ;
; lpm_mux.tdf                      ; yes             ; Megafunction                 ; c:/altera/11.0/quartus/libraries/megafunctions/lpm_mux.tdf                  ;
; muxlut.inc                       ; yes             ; Megafunction                 ; c:/altera/11.0/quartus/libraries/megafunctions/muxlut.inc                   ;
; bypassff.inc                     ; yes             ; Megafunction                 ; c:/altera/11.0/quartus/libraries/megafunctions/bypassff.inc                 ;
; altshift.inc                     ; yes             ; Megafunction                 ; c:/altera/11.0/quartus/libraries/megafunctions/altshift.inc                 ;
; db/mux_rsc.tdf                   ; yes             ; Auto-Generated Megafunction  ; E:/Program/EP4CE6/vhdl/USB/FPGA_USB/db/mux_rsc.tdf                          ;
; lpm_decode.tdf                   ; yes             ; Megafunction                 ; c:/altera/11.0/quartus/libraries/megafunctions/lpm_decode.tdf               ;
; declut.inc                       ; yes             ; Megafunction                 ; c:/altera/11.0/quartus/libraries/megafunctions/declut.inc                   ;
; lpm_compare.inc                  ; yes             ; Megafunction                 ; c:/altera/11.0/quartus/libraries/megafunctions/lpm_compare.inc              ;
; db/decode_dvf.tdf                ; yes             ; Auto-Generated Megafunction  ; E:/Program/EP4CE6/vhdl/USB/FPGA_USB/db/decode_dvf.tdf                       ;
; lpm_counter.tdf                  ; yes             ; Megafunction                 ; c:/altera/11.0/quartus/libraries/megafunctions/lpm_counter.tdf              ;
; lpm_add_sub.inc                  ; yes             ; Megafunction                 ; c:/altera/11.0/quartus/libraries/megafunctions/lpm_add_sub.inc              ;
; cmpconst.inc                     ; yes             ; Megafunction                 ; c:/altera/11.0/quartus/libraries/megafunctions/cmpconst.inc                 ;
; lpm_counter.inc                  ; yes             ; Megafunction                 ; c:/altera/11.0/quartus/libraries/megafunctions/lpm_counter.inc              ;
; alt_counter_stratix.inc          ; yes             ; Megafunction                 ; c:/altera/11.0/quartus/libraries/megafunctions/alt_counter_stratix.inc      ;
; db/cntr_vei.tdf                  ; yes             ; Auto-Generated Megafunction  ; E:/Program/EP4CE6/vhdl/USB/FPGA_USB/db/cntr_vei.tdf                         ;
; db/cntr_g9j.tdf                  ; yes             ; Auto-Generated Megafunction  ; E:/Program/EP4CE6/vhdl/USB/FPGA_USB/db/cntr_g9j.tdf                         ;
; db/cntr_egi.tdf                  ; yes             ; Auto-Generated Megafunction  ; E:/Program/EP4CE6/vhdl/USB/FPGA_USB/db/cntr_egi.tdf                         ;
; db/cmpr_rgc.tdf                  ; yes             ; Auto-Generated Megafunction  ; E:/Program/EP4CE6/vhdl/USB/FPGA_USB/db/cmpr_rgc.tdf                         ;
; db/cntr_23j.tdf                  ; yes             ; Auto-Generated Megafunction  ; E:/Program/EP4CE6/vhdl/USB/FPGA_USB/db/cntr_23j.tdf                         ;
; db/cmpr_ngc.tdf                  ; yes             ; Auto-Generated Megafunction  ; E:/Program/EP4CE6/vhdl/USB/FPGA_USB/db/cmpr_ngc.tdf                         ;
; sld_rom_sr.vhd                   ; yes             ; Encrypted Megafunction       ; c:/altera/11.0/quartus/libraries/megafunctions/sld_rom_sr.vhd               ;
; sld_hub.vhd                      ; yes             ; Encrypted Megafunction       ; c:/altera/11.0/quartus/libraries/megafunctions/sld_hub.vhd                  ;
+----------------------------------+-----------------+------------------------------+-----------------------------------------------------------------------------+


+------------------------------------------------------------------------+
; Analysis & Synthesis Resource Usage Summary                            ;
+---------------------------------------------+--------------------------+
; Resource                                    ; Usage                    ;
+---------------------------------------------+--------------------------+
; Estimated Total logic elements              ; 636                      ;
;                                             ;                          ;
; Total combinational functions               ; 423                      ;
; Logic element usage by number of LUT inputs ;                          ;
;     -- 4 input functions                    ; 170                      ;
;     -- 3 input functions                    ; 121                      ;
;     -- <=2 input functions                  ; 132                      ;
;                                             ;                          ;
; Logic elements by mode                      ;                          ;
;     -- normal mode                          ; 348                      ;
;     -- arithmetic mode                      ; 75                       ;
;                                             ;                          ;
; Total registers                             ; 489                      ;
;     -- Dedicated logic registers            ; 489                      ;
;     -- I/O registers                        ; 0                        ;
;                                             ;                          ;
; I/O pins                                    ; 30                       ;
; Total memory bits                           ; 16384                    ;
; Maximum fan-out node                        ; altera_internal_jtag~TDO ;
; Maximum fan-out                             ; 278                      ;
; Total fan-out                               ; 3089                     ;
; Average fan-out                             ; 3.07                     ;
+---------------------------------------------+--------------------------+


+-----------------------------------------------------------------------------------------------------------------------------------------------------------------------------------------------------------------------------------------------------------------------------------------------------------------------------------------------------------------------------------------------------------------------------------------------------------------------------------------------------------------------------------------+
; Analysis & Synthesis Resource Utilization by Entity                                                                                                                                                                                                                                                                                                                                                                                                                                                                                     ;
+------------------------------------------------------------------------------------------------------+-------------------+--------------+-------------+--------------+---------+-----------+------+--------------+-------------------------------------------------------------------------------------------------------------------------------------------------------------------------------------------------------------------------------------------------------------------------------------------------------+--------------+
; Compilation Hierarchy Node                                                                           ; LC Combinationals ; LC Registers ; Memory Bits ; DSP Elements ; DSP 9x9 ; DSP 18x18 ; Pins ; Virtual Pins ; Full Hierarchy Name                                                                                                                                                                                                                                                                                   ; Library Name ;
+------------------------------------------------------------------------------------------------------+-------------------+--------------+-------------+--------------+---------+-----------+------+--------------+-------------------------------------------------------------------------------------------------------------------------------------------------------------------------------------------------------------------------------------------------------------------------------------------------------+--------------+
; |USB_LED                                                                                             ; 423 (46)          ; 489 (34)     ; 16384       ; 0            ; 0       ; 0         ; 30   ; 0            ; |USB_LED                                                                                                                                                                                                                                                                                              ;              ;
;    |sld_hub:auto_hub|                                                                                ; 105 (67)          ; 73 (45)      ; 0           ; 0            ; 0       ; 0         ; 0    ; 0            ; |USB_LED|sld_hub:auto_hub                                                                                                                                                                                                                                                                             ;              ;
;       |sld_rom_sr:hub_info_reg|                                                                      ; 21 (21)           ; 9 (9)        ; 0           ; 0            ; 0       ; 0         ; 0    ; 0            ; |USB_LED|sld_hub:auto_hub|sld_rom_sr:hub_info_reg                                                                                                                                                                                                                                                     ;              ;
;       |sld_shadow_jsm:shadow_jsm|                                                                    ; 17 (17)           ; 19 (19)      ; 0           ; 0            ; 0       ; 0         ; 0    ; 0            ; |USB_LED|sld_hub:auto_hub|sld_shadow_jsm:shadow_jsm                                                                                                                                                                                                                                                   ;              ;
;    |sld_signaltap:auto_signaltap_0|                                                                  ; 272 (1)           ; 382 (0)      ; 16384       ; 0            ; 0       ; 0         ; 0    ; 0            ; |USB_LED|sld_signaltap:auto_signaltap_0                                                                                                                                                                                                                                                               ;              ;
;       |sld_signaltap_impl:sld_signaltap_body|                                                        ; 271 (18)          ; 382 (82)     ; 16384       ; 0            ; 0       ; 0         ; 0    ; 0            ; |USB_LED|sld_signaltap:auto_signaltap_0|sld_signaltap_impl:sld_signaltap_body                                                                                                                                                                                                                         ;              ;
;          |altdpram:\stp_non_zero_ram_gen:attribute_mem_gen:attribute_mem|                            ; 25 (0)            ; 70 (70)      ; 0           ; 0            ; 0       ; 0         ; 0    ; 0            ; |USB_LED|sld_signaltap:auto_signaltap_0|sld_signaltap_impl:sld_signaltap_body|altdpram:\stp_non_zero_ram_gen:attribute_mem_gen:attribute_mem                                                                                                                                                          ;              ;
;             |lpm_decode:wdecoder|                                                                    ; 2 (0)             ; 0 (0)        ; 0           ; 0            ; 0       ; 0         ; 0    ; 0            ; |USB_LED|sld_signaltap:auto_signaltap_0|sld_signaltap_impl:sld_signaltap_body|altdpram:\stp_non_zero_ram_gen:attribute_mem_gen:attribute_mem|lpm_decode:wdecoder                                                                                                                                      ;              ;
;                |decode_dvf:auto_generated|                                                           ; 2 (2)             ; 0 (0)        ; 0           ; 0            ; 0       ; 0         ; 0    ; 0            ; |USB_LED|sld_signaltap:auto_signaltap_0|sld_signaltap_impl:sld_signaltap_body|altdpram:\stp_non_zero_ram_gen:attribute_mem_gen:attribute_mem|lpm_decode:wdecoder|decode_dvf:auto_generated                                                                                                            ;              ;
;             |lpm_mux:mux|                                                                            ; 23 (0)            ; 0 (0)        ; 0           ; 0            ; 0       ; 0         ; 0    ; 0            ; |USB_LED|sld_signaltap:auto_signaltap_0|sld_signaltap_impl:sld_signaltap_body|altdpram:\stp_non_zero_ram_gen:attribute_mem_gen:attribute_mem|lpm_mux:mux                                                                                                                                              ;              ;
;                |mux_rsc:auto_generated|                                                              ; 23 (23)           ; 0 (0)        ; 0           ; 0            ; 0       ; 0         ; 0    ; 0            ; |USB_LED|sld_signaltap:auto_signaltap_0|sld_signaltap_impl:sld_signaltap_body|altdpram:\stp_non_zero_ram_gen:attribute_mem_gen:attribute_mem|lpm_mux:mux|mux_rsc:auto_generated                                                                                                                       ;              ;
;          |altsyncram:\stp_non_zero_ram_gen:stp_buffer_ram|                                           ; 0 (0)             ; 0 (0)        ; 16384       ; 0            ; 0       ; 0         ; 0    ; 0            ; |USB_LED|sld_signaltap:auto_signaltap_0|sld_signaltap_impl:sld_signaltap_body|altsyncram:\stp_non_zero_ram_gen:stp_buffer_ram                                                                                                                                                                         ;              ;
;             |altsyncram_6u14:auto_generated|                                                         ; 0 (0)             ; 0 (0)        ; 16384       ; 0            ; 0       ; 0         ; 0    ; 0            ; |USB_LED|sld_signaltap:auto_signaltap_0|sld_signaltap_impl:sld_signaltap_body|altsyncram:\stp_non_zero_ram_gen:stp_buffer_ram|altsyncram_6u14:auto_generated                                                                                                                                          ;              ;
;          |lpm_shiftreg:segment_offset_config_deserialize|                                            ; 0 (0)             ; 11 (11)      ; 0           ; 0            ; 0       ; 0         ; 0    ; 0            ; |USB_LED|sld_signaltap:auto_signaltap_0|sld_signaltap_impl:sld_signaltap_body|lpm_shiftreg:segment_offset_config_deserialize                                                                                                                                                                          ;              ;
;          |lpm_shiftreg:status_register|                                                              ; 17 (17)           ; 17 (17)      ; 0           ; 0            ; 0       ; 0         ; 0    ; 0            ; |USB_LED|sld_signaltap:auto_signaltap_0|sld_signaltap_impl:sld_signaltap_body|lpm_shiftreg:status_register                                                                                                                                                                                            ;              ;
;          |sld_buffer_manager:sld_buffer_manager_inst|                                                ; 85 (85)           ; 64 (64)      ; 0           ; 0            ; 0       ; 0         ; 0    ; 0            ; |USB_LED|sld_signaltap:auto_signaltap_0|sld_signaltap_impl:sld_signaltap_body|sld_buffer_manager:sld_buffer_manager_inst                                                                                                                                                                              ;              ;
;          |sld_ela_control:ela_control|                                                               ; 20 (1)            ; 56 (1)       ; 0           ; 0            ; 0       ; 0         ; 0    ; 0            ; |USB_LED|sld_signaltap:auto_signaltap_0|sld_signaltap_impl:sld_signaltap_body|sld_ela_control:ela_control                                                                                                                                                                                             ;              ;
;             |lpm_shiftreg:trigger_config_deserialize|                                                ; 0 (0)             ; 4 (4)        ; 0           ; 0            ; 0       ; 0         ; 0    ; 0            ; |USB_LED|sld_signaltap:auto_signaltap_0|sld_signaltap_impl:sld_signaltap_body|sld_ela_control:ela_control|lpm_shiftreg:trigger_config_deserialize                                                                                                                                                     ;              ;
;             |sld_ela_basic_multi_level_trigger:\basic_multi_level_mbpm_trigger_gen:multi_level_mbpm| ; 16 (0)            ; 40 (0)       ; 0           ; 0            ; 0       ; 0         ; 0    ; 0            ; |USB_LED|sld_signaltap:auto_signaltap_0|sld_signaltap_impl:sld_signaltap_body|sld_ela_control:ela_control|sld_ela_basic_multi_level_trigger:\basic_multi_level_mbpm_trigger_gen:multi_level_mbpm                                                                                                      ;              ;
;                |lpm_shiftreg:trigger_condition_deserialize|                                          ; 0 (0)             ; 24 (24)      ; 0           ; 0            ; 0       ; 0         ; 0    ; 0            ; |USB_LED|sld_signaltap:auto_signaltap_0|sld_signaltap_impl:sld_signaltap_body|sld_ela_control:ela_control|sld_ela_basic_multi_level_trigger:\basic_multi_level_mbpm_trigger_gen:multi_level_mbpm|lpm_shiftreg:trigger_condition_deserialize                                                           ;              ;
;                |sld_mbpmg:\trigger_modules_gen:0:trigger_match|                                      ; 16 (0)            ; 16 (0)       ; 0           ; 0            ; 0       ; 0         ; 0    ; 0            ; |USB_LED|sld_signaltap:auto_signaltap_0|sld_signaltap_impl:sld_signaltap_body|sld_ela_control:ela_control|sld_ela_basic_multi_level_trigger:\basic_multi_level_mbpm_trigger_gen:multi_level_mbpm|sld_mbpmg:\trigger_modules_gen:0:trigger_match                                                       ;              ;
;                   |sld_sbpmg:\gen_sbpmg_pipeline_less_than_two:sm0:0:sm1|                            ; 2 (2)             ; 2 (2)        ; 0           ; 0            ; 0       ; 0         ; 0    ; 0            ; |USB_LED|sld_signaltap:auto_signaltap_0|sld_signaltap_impl:sld_signaltap_body|sld_ela_control:ela_control|sld_ela_basic_multi_level_trigger:\basic_multi_level_mbpm_trigger_gen:multi_level_mbpm|sld_mbpmg:\trigger_modules_gen:0:trigger_match|sld_sbpmg:\gen_sbpmg_pipeline_less_than_two:sm0:0:sm1 ;              ;
;                   |sld_sbpmg:\gen_sbpmg_pipeline_less_than_two:sm0:1:sm1|                            ; 2 (2)             ; 2 (2)        ; 0           ; 0            ; 0       ; 0         ; 0    ; 0            ; |USB_LED|sld_signaltap:auto_signaltap_0|sld_signaltap_impl:sld_signaltap_body|sld_ela_control:ela_control|sld_ela_basic_multi_level_trigger:\basic_multi_level_mbpm_trigger_gen:multi_level_mbpm|sld_mbpmg:\trigger_modules_gen:0:trigger_match|sld_sbpmg:\gen_sbpmg_pipeline_less_than_two:sm0:1:sm1 ;              ;
;                   |sld_sbpmg:\gen_sbpmg_pipeline_less_than_two:sm0:2:sm1|                            ; 2 (2)             ; 2 (2)        ; 0           ; 0            ; 0       ; 0         ; 0    ; 0            ; |USB_LED|sld_signaltap:auto_signaltap_0|sld_signaltap_impl:sld_signaltap_body|sld_ela_control:ela_control|sld_ela_basic_multi_level_trigger:\basic_multi_level_mbpm_trigger_gen:multi_level_mbpm|sld_mbpmg:\trigger_modules_gen:0:trigger_match|sld_sbpmg:\gen_sbpmg_pipeline_less_than_two:sm0:2:sm1 ;              ;
;                   |sld_sbpmg:\gen_sbpmg_pipeline_less_than_two:sm0:3:sm1|                            ; 2 (2)             ; 2 (2)        ; 0           ; 0            ; 0       ; 0         ; 0    ; 0            ; |USB_LED|sld_signaltap:auto_signaltap_0|sld_signaltap_impl:sld_signaltap_body|sld_ela_control:ela_control|sld_ela_basic_multi_level_trigger:\basic_multi_level_mbpm_trigger_gen:multi_level_mbpm|sld_mbpmg:\trigger_modules_gen:0:trigger_match|sld_sbpmg:\gen_sbpmg_pipeline_less_than_two:sm0:3:sm1 ;              ;
;                   |sld_sbpmg:\gen_sbpmg_pipeline_less_than_two:sm0:4:sm1|                            ; 2 (2)             ; 2 (2)        ; 0           ; 0            ; 0       ; 0         ; 0    ; 0            ; |USB_LED|sld_signaltap:auto_signaltap_0|sld_signaltap_impl:sld_signaltap_body|sld_ela_control:ela_control|sld_ela_basic_multi_level_trigger:\basic_multi_level_mbpm_trigger_gen:multi_level_mbpm|sld_mbpmg:\trigger_modules_gen:0:trigger_match|sld_sbpmg:\gen_sbpmg_pipeline_less_than_two:sm0:4:sm1 ;              ;
;                   |sld_sbpmg:\gen_sbpmg_pipeline_less_than_two:sm0:5:sm1|                            ; 2 (2)             ; 2 (2)        ; 0           ; 0            ; 0       ; 0         ; 0    ; 0            ; |USB_LED|sld_signaltap:auto_signaltap_0|sld_signaltap_impl:sld_signaltap_body|sld_ela_control:ela_control|sld_ela_basic_multi_level_trigger:\basic_multi_level_mbpm_trigger_gen:multi_level_mbpm|sld_mbpmg:\trigger_modules_gen:0:trigger_match|sld_sbpmg:\gen_sbpmg_pipeline_less_than_two:sm0:5:sm1 ;              ;
;                   |sld_sbpmg:\gen_sbpmg_pipeline_less_than_two:sm0:6:sm1|                            ; 2 (2)             ; 2 (2)        ; 0           ; 0            ; 0       ; 0         ; 0    ; 0            ; |USB_LED|sld_signaltap:auto_signaltap_0|sld_signaltap_impl:sld_signaltap_body|sld_ela_control:ela_control|sld_ela_basic_multi_level_trigger:\basic_multi_level_mbpm_trigger_gen:multi_level_mbpm|sld_mbpmg:\trigger_modules_gen:0:trigger_match|sld_sbpmg:\gen_sbpmg_pipeline_less_than_two:sm0:6:sm1 ;              ;
;                   |sld_sbpmg:\gen_sbpmg_pipeline_less_than_two:sm0:7:sm1|                            ; 2 (2)             ; 2 (2)        ; 0           ; 0            ; 0       ; 0         ; 0    ; 0            ; |USB_LED|sld_signaltap:auto_signaltap_0|sld_signaltap_impl:sld_signaltap_body|sld_ela_control:ela_control|sld_ela_basic_multi_level_trigger:\basic_multi_level_mbpm_trigger_gen:multi_level_mbpm|sld_mbpmg:\trigger_modules_gen:0:trigger_match|sld_sbpmg:\gen_sbpmg_pipeline_less_than_two:sm0:7:sm1 ;              ;
;             |sld_ela_trigger_flow_mgr:\builtin:ela_trigger_flow_mgr_entity|                          ; 3 (3)             ; 11 (1)       ; 0           ; 0            ; 0       ; 0         ; 0    ; 0            ; |USB_LED|sld_signaltap:auto_signaltap_0|sld_signaltap_impl:sld_signaltap_body|sld_ela_control:ela_control|sld_ela_trigger_flow_mgr:\builtin:ela_trigger_flow_mgr_entity                                                                                                                               ;              ;
;                |lpm_shiftreg:trigger_config_deserialize|                                             ; 0 (0)             ; 10 (10)      ; 0           ; 0            ; 0       ; 0         ; 0    ; 0            ; |USB_LED|sld_signaltap:auto_signaltap_0|sld_signaltap_impl:sld_signaltap_body|sld_ela_control:ela_control|sld_ela_trigger_flow_mgr:\builtin:ela_trigger_flow_mgr_entity|lpm_shiftreg:trigger_config_deserialize                                                                                       ;              ;
;          |sld_offload_buffer_mgr:\stp_non_zero_depth_offload_gen:stp_offload_buff_mgr_inst|          ; 87 (9)            ; 74 (0)       ; 0           ; 0            ; 0       ; 0         ; 0    ; 0            ; |USB_LED|sld_signaltap:auto_signaltap_0|sld_signaltap_impl:sld_signaltap_body|sld_offload_buffer_mgr:\stp_non_zero_depth_offload_gen:stp_offload_buff_mgr_inst                                                                                                                                        ;              ;
;             |lpm_counter:\adv_point_3_and_more:advance_pointer_counter|                              ; 3 (0)             ; 3 (0)        ; 0           ; 0            ; 0       ; 0         ; 0    ; 0            ; |USB_LED|sld_signaltap:auto_signaltap_0|sld_signaltap_impl:sld_signaltap_body|sld_offload_buffer_mgr:\stp_non_zero_depth_offload_gen:stp_offload_buff_mgr_inst|lpm_counter:\adv_point_3_and_more:advance_pointer_counter                                                                              ;              ;
;                |cntr_vei:auto_generated|                                                             ; 3 (3)             ; 3 (3)        ; 0           ; 0            ; 0       ; 0         ; 0    ; 0            ; |USB_LED|sld_signaltap:auto_signaltap_0|sld_signaltap_impl:sld_signaltap_body|sld_offload_buffer_mgr:\stp_non_zero_depth_offload_gen:stp_offload_buff_mgr_inst|lpm_counter:\adv_point_3_and_more:advance_pointer_counter|cntr_vei:auto_generated                                                      ;              ;
;             |lpm_counter:read_pointer_counter|                                                       ; 11 (0)            ; 11 (0)       ; 0           ; 0            ; 0       ; 0         ; 0    ; 0            ; |USB_LED|sld_signaltap:auto_signaltap_0|sld_signaltap_impl:sld_signaltap_body|sld_offload_buffer_mgr:\stp_non_zero_depth_offload_gen:stp_offload_buff_mgr_inst|lpm_counter:read_pointer_counter                                                                                                       ;              ;
;                |cntr_g9j:auto_generated|                                                             ; 11 (11)           ; 11 (11)      ; 0           ; 0            ; 0       ; 0         ; 0    ; 0            ; |USB_LED|sld_signaltap:auto_signaltap_0|sld_signaltap_impl:sld_signaltap_body|sld_offload_buffer_mgr:\stp_non_zero_depth_offload_gen:stp_offload_buff_mgr_inst|lpm_counter:read_pointer_counter|cntr_g9j:auto_generated                                                                               ;              ;
;             |lpm_counter:status_advance_pointer_counter|                                             ; 7 (0)             ; 5 (0)        ; 0           ; 0            ; 0       ; 0         ; 0    ; 0            ; |USB_LED|sld_signaltap:auto_signaltap_0|sld_signaltap_impl:sld_signaltap_body|sld_offload_buffer_mgr:\stp_non_zero_depth_offload_gen:stp_offload_buff_mgr_inst|lpm_counter:status_advance_pointer_counter                                                                                             ;              ;
;                |cntr_egi:auto_generated|                                                             ; 7 (7)             ; 5 (5)        ; 0           ; 0            ; 0       ; 0         ; 0    ; 0            ; |USB_LED|sld_signaltap:auto_signaltap_0|sld_signaltap_impl:sld_signaltap_body|sld_offload_buffer_mgr:\stp_non_zero_depth_offload_gen:stp_offload_buff_mgr_inst|lpm_counter:status_advance_pointer_counter|cntr_egi:auto_generated                                                                     ;              ;
;             |lpm_counter:status_read_pointer_counter|                                                ; 3 (0)             ; 1 (0)        ; 0           ; 0            ; 0       ; 0         ; 0    ; 0            ; |USB_LED|sld_signaltap:auto_signaltap_0|sld_signaltap_impl:sld_signaltap_body|sld_offload_buffer_mgr:\stp_non_zero_depth_offload_gen:stp_offload_buff_mgr_inst|lpm_counter:status_read_pointer_counter                                                                                                ;              ;
;                |cntr_23j:auto_generated|                                                             ; 3 (3)             ; 1 (1)        ; 0           ; 0            ; 0       ; 0         ; 0    ; 0            ; |USB_LED|sld_signaltap:auto_signaltap_0|sld_signaltap_impl:sld_signaltap_body|sld_offload_buffer_mgr:\stp_non_zero_depth_offload_gen:stp_offload_buff_mgr_inst|lpm_counter:status_read_pointer_counter|cntr_23j:auto_generated                                                                        ;              ;
;             |lpm_shiftreg:info_data_shift_out|                                                       ; 23 (23)           ; 23 (23)      ; 0           ; 0            ; 0       ; 0         ; 0    ; 0            ; |USB_LED|sld_signaltap:auto_signaltap_0|sld_signaltap_impl:sld_signaltap_body|sld_offload_buffer_mgr:\stp_non_zero_depth_offload_gen:stp_offload_buff_mgr_inst|lpm_shiftreg:info_data_shift_out                                                                                                       ;              ;
;             |lpm_shiftreg:ram_data_shift_out|                                                        ; 8 (8)             ; 8 (8)        ; 0           ; 0            ; 0       ; 0         ; 0    ; 0            ; |USB_LED|sld_signaltap:auto_signaltap_0|sld_signaltap_impl:sld_signaltap_body|sld_offload_buffer_mgr:\stp_non_zero_depth_offload_gen:stp_offload_buff_mgr_inst|lpm_shiftreg:ram_data_shift_out                                                                                                        ;              ;
;             |lpm_shiftreg:status_data_shift_out|                                                     ; 23 (23)           ; 23 (23)      ; 0           ; 0            ; 0       ; 0         ; 0    ; 0            ; |USB_LED|sld_signaltap:auto_signaltap_0|sld_signaltap_impl:sld_signaltap_body|sld_offload_buffer_mgr:\stp_non_zero_depth_offload_gen:stp_offload_buff_mgr_inst|lpm_shiftreg:status_data_shift_out                                                                                                     ;              ;
;          |sld_rom_sr:crc_rom_sr|                                                                     ; 19 (19)           ; 8 (8)        ; 0           ; 0            ; 0       ; 0         ; 0    ; 0            ; |USB_LED|sld_signaltap:auto_signaltap_0|sld_signaltap_impl:sld_signaltap_body|sld_rom_sr:crc_rom_sr                                                                                                                                                                                                   ;              ;
+------------------------------------------------------------------------------------------------------+-------------------+--------------+-------------+--------------+---------+-----------+------+--------------+-------------------------------------------------------------------------------------------------------------------------------------------------------------------------------------------------------------------------------------------------------------------------------------------------------+--------------+
Note: For table entries with two numbers listed, the numbers in parentheses indicate the number of resources of the given type used by the specific entity alone. The numbers listed outside of parentheses indicate the total resources of the given type used by the specific entity and all of its sub-entities in the hierarchy.


+---------------------------------------------------------------------------------------------------------------------------------------------------------------------------------------------------------------------------------------------------------------------+
; Analysis & Synthesis RAM Summary                                                                                                                                                                                                                                    ;
+----------------------------------------------------------------------------------------------------------------------------------------------------------------+------+------------------+--------------+--------------+--------------+--------------+-------+------+
; Name                                                                                                                                                           ; Type ; Mode             ; Port A Depth ; Port A Width ; Port B Depth ; Port B Width ; Size  ; MIF  ;
+----------------------------------------------------------------------------------------------------------------------------------------------------------------+------+------------------+--------------+--------------+--------------+--------------+-------+------+
; sld_signaltap:auto_signaltap_0|sld_signaltap_impl:sld_signaltap_body|altsyncram:\stp_non_zero_ram_gen:stp_buffer_ram|altsyncram_6u14:auto_generated|ALTSYNCRAM ; AUTO ; Simple Dual Port ; 2048         ; 8            ; 2048         ; 8            ; 16384 ; None ;
+----------------------------------------------------------------------------------------------------------------------------------------------------------------+------+------------------+--------------+--------------+--------------+--------------+-------+------+


+---------------------------------------------------------------------------------------------------+
; User-Specified and Inferred Latches                                                               ;
+----------------------------------------------------+---------------------+------------------------+
; Latch Name                                         ; Latch Enable Signal ; Free of Timing Hazards ;
+----------------------------------------------------+---------------------+------------------------+
; ledctrl[2]                                         ; SLOE_r              ; yes                    ;
; ledctrl[1]                                         ; SLOE_r              ; yes                    ;
; ledctrl[0]                                         ; SLOE_r              ; yes                    ;
; ledctrl[3]                                         ; SLOE_r              ; yes                    ;
; Number of user-specified and inferred latches = 4  ;                     ;                        ;
+----------------------------------------------------+---------------------+------------------------+
Note: All latches listed above may not be present at the end of synthesis due to various synthesis optimizations.


+--------------------------------------------------------------------------------+
; Registers Removed During Synthesis                                             ;
+---------------------------------------+----------------------------------------+
; Register name                         ; Reason for Removal                     ;
+---------------------------------------+----------------------------------------+
; SLRD_r                                ; Merged with SLOE_r                     ;
; FIFOADR_Read[1]                       ; Merged with FIFOADR_Read[0]            ;
; FIFOADR_Read[0]                       ; Stuck at GND due to stuck port data_in ;
; led_cnt[24,25]                        ; Lost fanout                            ;
; Total Number of Removed Registers = 5 ;                                        ;
+---------------------------------------+----------------------------------------+


+------------------------------------------------------+
; General Register Statistics                          ;
+----------------------------------------------+-------+
; Statistic                                    ; Value ;
+----------------------------------------------+-------+
; Total registers                              ; 489   ;
; Number of registers using Synchronous Clear  ; 12    ;
; Number of registers using Synchronous Load   ; 21    ;
; Number of registers using Asynchronous Clear ; 246   ;
; Number of registers using Asynchronous Load  ; 0     ;
; Number of registers using Clock Enable       ; 264   ;
; Number of registers using Preset             ; 0     ;
+----------------------------------------------+-------+


+---------------------------------------------------------------------------------------------------------------------------------------------------+
; Inverted Register Statistics                                                                                                                      ;
+-----------------------------------------------------------------------------------------------------------------------------------------+---------+
; Inverted Register                                                                                                                       ; Fan out ;
+-----------------------------------------------------------------------------------------------------------------------------------------+---------+
; SLOE_r                                                                                                                                  ; 9       ;
; led_r[0]                                                                                                                                ; 3       ;
; led_r[1]                                                                                                                                ; 2       ;
; led_r[2]                                                                                                                                ; 2       ;
; led_r[3]                                                                                                                                ; 2       ;
; sld_hub:auto_hub|tdo                                                                                                                    ; 2       ;
; sld_signaltap:auto_signaltap_0|sld_signaltap_impl:sld_signaltap_body|sld_buffer_manager:sld_buffer_manager_inst|modified_post_count[1]  ; 1       ;
; sld_signaltap:auto_signaltap_0|sld_signaltap_impl:sld_signaltap_body|sld_buffer_manager:sld_buffer_manager_inst|modified_post_count[2]  ; 1       ;
; sld_signaltap:auto_signaltap_0|sld_signaltap_impl:sld_signaltap_body|sld_buffer_manager:sld_buffer_manager_inst|modified_post_count[3]  ; 1       ;
; sld_signaltap:auto_signaltap_0|sld_signaltap_impl:sld_signaltap_body|sld_buffer_manager:sld_buffer_manager_inst|modified_post_count[4]  ; 1       ;
; sld_signaltap:auto_signaltap_0|sld_signaltap_impl:sld_signaltap_body|sld_buffer_manager:sld_buffer_manager_inst|modified_post_count[5]  ; 1       ;
; sld_signaltap:auto_signaltap_0|sld_signaltap_impl:sld_signaltap_body|sld_buffer_manager:sld_buffer_manager_inst|modified_post_count[6]  ; 1       ;
; sld_signaltap:auto_signaltap_0|sld_signaltap_impl:sld_signaltap_body|sld_buffer_manager:sld_buffer_manager_inst|modified_post_count[7]  ; 1       ;
; sld_signaltap:auto_signaltap_0|sld_signaltap_impl:sld_signaltap_body|sld_buffer_manager:sld_buffer_manager_inst|modified_post_count[8]  ; 1       ;
; sld_signaltap:auto_signaltap_0|sld_signaltap_impl:sld_signaltap_body|sld_buffer_manager:sld_buffer_manager_inst|modified_post_count[9]  ; 1       ;
; sld_signaltap:auto_signaltap_0|sld_signaltap_impl:sld_signaltap_body|sld_buffer_manager:sld_buffer_manager_inst|modified_post_count[10] ; 1       ;
; sld_signaltap:auto_signaltap_0|sld_signaltap_impl:sld_signaltap_body|sld_buffer_manager:sld_buffer_manager_inst|modified_post_count[11] ; 1       ;
; sld_signaltap:auto_signaltap_0|sld_signaltap_impl:sld_signaltap_body|sld_buffer_manager:sld_buffer_manager_inst|modified_post_count[0]  ; 1       ;
; Total number of inverted registers = 18                                                                                                 ;         ;
+-----------------------------------------------------------------------------------------------------------------------------------------+---------+


+-------------------------------------------------------------------------------------------------------------------------------------------------+
; Multiplexer Restructuring Statistics (Restructuring Performed)                                                                                  ;
+--------------------+-----------+---------------+----------------------+------------------------+-------------------+----------------------------+
; Multiplexer Inputs ; Bus Width ; Baseline Area ; Area if Restructured ; Saving if Restructured ; Registered        ; Example Multiplexer Output ;
+--------------------+-----------+---------------+----------------------+------------------------+-------------------+----------------------------+
; 16:1               ; 4 bits    ; 40 LEs        ; 20 LEs               ; 20 LEs                 ; |USB_LED|led_r[0] ;                            ;
+--------------------+-----------+---------------+----------------------+------------------------+-------------------+----------------------------+


+----------------------------------------------------------------------------------------------------------------------------------------------------------------------------+
; Source assignments for sld_signaltap:auto_signaltap_0|sld_signaltap_impl:sld_signaltap_body|altsyncram:\stp_non_zero_ram_gen:stp_buffer_ram|altsyncram_6u14:auto_generated ;
+---------------------------------+--------------------+------+--------------------------------------------------------------------------------------------------------------+
; Assignment                      ; Value              ; From ; To                                                                                                           ;
+---------------------------------+--------------------+------+--------------------------------------------------------------------------------------------------------------+
; OPTIMIZE_POWER_DURING_SYNTHESIS ; NORMAL_COMPILATION ; -    ; -                                                                                                            ;
+---------------------------------+--------------------+------+--------------------------------------------------------------------------------------------------------------+


+----------------------------------------------------------------------------------------------------------------------+
; Parameter Settings for Inferred Entity Instance: sld_signaltap:auto_signaltap_0                                      ;
+-------------------------------------------------+---------------------------------------------------+----------------+
; Parameter Name                                  ; Value                                             ; Type           ;
+-------------------------------------------------+---------------------------------------------------+----------------+
; lpm_type                                        ; sld_signaltap                                     ; String         ;
; sld_node_info                                   ; 805334528                                         ; Untyped        ;
; SLD_IP_VERSION                                  ; 6                                                 ; Signed Integer ;
; SLD_IP_MINOR_VERSION                            ; 0                                                 ; Signed Integer ;
; SLD_COMMON_IP_VERSION                           ; 0                                                 ; Signed Integer ;
; sld_data_bits                                   ; 8                                                 ; Untyped        ;
; sld_trigger_bits                                ; 8                                                 ; Untyped        ;
; SLD_NODE_CRC_BITS                               ; 32                                                ; Signed Integer ;
; sld_node_crc_hiword                             ; 16084                                             ; Untyped        ;
; sld_node_crc_loword                             ; 23384                                             ; Untyped        ;
; SLD_INCREMENTAL_ROUTING                         ; 0                                                 ; Signed Integer ;
; sld_sample_depth                                ; 2048                                              ; Untyped        ;
; sld_segment_size                                ; 2048                                              ; Untyped        ;
; SLD_RAM_BLOCK_TYPE                              ; AUTO                                              ; String         ;
; sld_state_bits                                  ; 11                                                ; Untyped        ;
; sld_buffer_full_stop                            ; 1                                                 ; Untyped        ;
; SLD_MEM_ADDRESS_BITS                            ; 7                                                 ; Signed Integer ;
; SLD_DATA_BIT_CNTR_BITS                          ; 4                                                 ; Signed Integer ;
; sld_trigger_level                               ; 1                                                 ; Untyped        ;
; sld_trigger_in_enabled                          ; 0                                                 ; Untyped        ;
; sld_advanced_trigger_entity                     ; basic,1,                                          ; Untyped        ;
; sld_trigger_level_pipeline                      ; 1                                                 ; Untyped        ;
; sld_enable_advanced_trigger                     ; 0                                                 ; Untyped        ;
; SLD_ADVANCED_TRIGGER_1                          ; NONE                                              ; String         ;
; SLD_ADVANCED_TRIGGER_2                          ; NONE                                              ; String         ;
; SLD_ADVANCED_TRIGGER_3                          ; NONE                                              ; String         ;
; SLD_ADVANCED_TRIGGER_4                          ; NONE                                              ; String         ;
; SLD_ADVANCED_TRIGGER_5                          ; NONE                                              ; String         ;
; SLD_ADVANCED_TRIGGER_6                          ; NONE                                              ; String         ;
; SLD_ADVANCED_TRIGGER_7                          ; NONE                                              ; String         ;
; SLD_ADVANCED_TRIGGER_8                          ; NONE                                              ; String         ;
; SLD_ADVANCED_TRIGGER_9                          ; NONE                                              ; String         ;
; SLD_ADVANCED_TRIGGER_10                         ; NONE                                              ; String         ;
; sld_inversion_mask_length                       ; 49                                                ; Untyped        ;
; sld_inversion_mask                              ; 0000000000000000000000000000000000000000000000000 ; Untyped        ;
; sld_power_up_trigger                            ; 0                                                 ; Untyped        ;
; SLD_STATE_FLOW_MGR_ENTITY                       ; state_flow_mgr_entity.vhd                         ; String         ;
; sld_state_flow_use_generated                    ; 0                                                 ; Untyped        ;
; sld_current_resource_width                      ; 1                                                 ; Untyped        ;
; sld_attribute_mem_mode                          ; OFF                                               ; Untyped        ;
; SLD_STORAGE_QUALIFIER_BITS                      ; 1                                                 ; Signed Integer ;
; SLD_STORAGE_QUALIFIER_GAP_RECORD                ; 0                                                 ; Signed Integer ;
; SLD_STORAGE_QUALIFIER_MODE                      ; OFF                                               ; String         ;
; SLD_STORAGE_QUALIFIER_ENABLE_ADVANCED_CONDITION ; 0                                                 ; Signed Integer ;
; sld_storage_qualifier_inversion_mask_length     ; 0                                                 ; Untyped        ;
; SLD_STORAGE_QUALIFIER_ADVANCED_CONDITION_ENTITY ; basic                                             ; String         ;
; SLD_STORAGE_QUALIFIER_PIPELINE                  ; 0                                                 ; Signed Integer ;
+-------------------------------------------------+---------------------------------------------------+----------------+
Note: In order to hide this table in the UI and the text report file, please set the "Show Parameter Settings in Synthesis Report" option in "Analysis and Synthesis Settings -> More Settings" to "Off".


+-------------------------------------------------------------------------------+
; Parameter Settings for Inferred Entity Instance: sld_hub:auto_hub             ;
+--------------------------+----------------------------------+-----------------+
; Parameter Name           ; Value                            ; Type            ;
+--------------------------+----------------------------------+-----------------+
; sld_hub_ip_version       ; 1                                ; Untyped         ;
; sld_hub_ip_minor_version ; 4                                ; Untyped         ;
; sld_common_ip_version    ; 0                                ; Untyped         ;
; device_family            ; Cyclone IV E                     ; Untyped         ;
; n_nodes                  ; 1                                ; Untyped         ;
; n_sel_bits               ; 1                                ; Untyped         ;
; n_node_ir_bits           ; 8                                ; Untyped         ;
; node_info                ; 00110000000000000110111000000000 ; Unsigned Binary ;
; compilation_mode         ; 1                                ; Untyped         ;
; BROADCAST_FEATURE        ; 1                                ; Signed Integer  ;
; FORCE_IR_CAPTURE_FEATURE ; 1                                ; Signed Integer  ;
+--------------------------+----------------------------------+-----------------+
Note: In order to hide this table in the UI and the text report file, please set the "Show Parameter Settings in Synthesis Report" option in "Analysis and Synthesis Settings -> More Settings" to "Off".


+-------------------------------------------------------------------------------------------------------------------------------------------------------------------------------------------------------------------------------------------------------------------------+
; SignalTap II Logic Analyzer Settings                                                                                                                                                                                                                                    ;
+----------------+------------------+---------------------+------------------+--------------+----------+------------------------+----------------------+--------------------+-----------------------------+-----------------+------------------+--------------------------+
; Instance Index ; Instance Name    ; Trigger Input Width ; Data Input Width ; Sample Depth ; Segments ; Storage Qualifier Type ; Trigger Flow Control ; Trigger Conditions ; Advanced Trigger Conditions ; Trigger In Used ; Trigger Out Used ; Power-Up Trigger Enabled ;
+----------------+------------------+---------------------+------------------+--------------+----------+------------------------+----------------------+--------------------+-----------------------------+-----------------+------------------+--------------------------+
; 0              ; auto_signaltap_0 ; 8                   ; 8                ; 2048         ; 1        ; continuous             ; sequential           ; 1                  ; 0                           ; no              ; no               ; no                       ;
+----------------+------------------+---------------------+------------------+--------------+----------+------------------------+----------------------+--------------------+-----------------------------+-----------------+------------------+--------------------------+


+-------------------------------+
; Elapsed Time Per Partition    ;
+----------------+--------------+
; Partition Name ; Elapsed Time ;
+----------------+--------------+
; Top            ; 00:00:00     ;
+----------------+--------------+


+------------------------------------------------------------------------------------------------------------+
; Connections to In-System Debugging Instance "auto_signaltap_0"                                             ;
+------------+---------------+-----------+----------------+-------------------+--------------------+---------+
; Name       ; Type          ; Status    ; Partition Name ; Netlist Type Used ; Actual Connection  ; Details ;
+------------+---------------+-----------+----------------+-------------------+--------------------+---------+
; FIFOADR[0] ; pre-synthesis ; connected ; Top            ; post-synthesis    ; ~GND               ; N/A     ;
; FIFOADR[0] ; pre-synthesis ; connected ; Top            ; post-synthesis    ; ~GND               ; N/A     ;
; FIFOADR[1] ; pre-synthesis ; connected ; Top            ; post-synthesis    ; ~GND               ; N/A     ;
; FIFOADR[1] ; pre-synthesis ; connected ; Top            ; post-synthesis    ; ~GND               ; N/A     ;
; FLAGA      ; pre-synthesis ; connected ; Top            ; post-synthesis    ; FLAGA              ; N/A     ;
; FLAGA      ; pre-synthesis ; connected ; Top            ; post-synthesis    ; FLAGA              ; N/A     ;
; FLAGB      ; pre-synthesis ; connected ; Top            ; post-synthesis    ; FLAGB              ; N/A     ;
; FLAGB      ; pre-synthesis ; connected ; Top            ; post-synthesis    ; FLAGB              ; N/A     ;
; FLAGC      ; pre-synthesis ; connected ; Top            ; post-synthesis    ; FLAGC              ; N/A     ;
; FLAGC      ; pre-synthesis ; connected ; Top            ; post-synthesis    ; FLAGC              ; N/A     ;
; SLOE       ; pre-synthesis ; connected ; Top            ; post-synthesis    ; SLOE_r~_wirecell   ; N/A     ;
; SLOE       ; pre-synthesis ; connected ; Top            ; post-synthesis    ; SLOE_r~_wirecell   ; N/A     ;
; SLRD       ; pre-synthesis ; connected ; Top            ; post-synthesis    ; SLOE_r~_wirecell   ; N/A     ;
; SLRD       ; pre-synthesis ; connected ; Top            ; post-synthesis    ; SLOE_r~_wirecell   ; N/A     ;
; clk        ; pre-synthesis ; connected ; Top            ; post-synthesis    ; clk                ; N/A     ;
; led[0]     ; pre-synthesis ; connected ; Top            ; post-synthesis    ; led_r[0]~_wirecell ; N/A     ;
; led[0]     ; pre-synthesis ; connected ; Top            ; post-synthesis    ; led_r[0]~_wirecell ; N/A     ;
+------------+---------------+-----------+----------------+-------------------+--------------------+---------+


+-------------------------------+
; Analysis & Synthesis Messages ;
+-------------------------------+
Info: *******************************************************************
Info: Running Quartus II Analysis & Synthesis
    Info: Version 11.0 Build 157 04/27/2011 SJ Full Version
    Info: Processing started: Tue Sep 04 17:47:14 2012
Info: Command: quartus_map --read_settings_files=on --write_settings_files=off USB_LED -c USB_LED
Info: Parallel compilation is enabled and will use 2 of the 2 processors detected
Info: Found 2 design units, including 1 entities, in source file slavefifo_rd.vhd
    Info: Found design unit 1: USB_LED-Behavioral
    Info: Found entity 1: USB_LED
Info: Found 2 design units, including 1 entities, in source file pll.vhd
    Info: Found design unit 1: pll-SYN
    Info: Found entity 1: PLL
Info: Elaborating entity "USB_LED" for the top level hierarchy
Warning (10541): VHDL Signal Declaration warning at slavefifo_rd.vhd(40): used implicit default value for signal "SLWR" because signal was never assigned a value or an explicit default value. Use of implicit default value may introduce unintended design optimizations.
Warning (10036): Verilog HDL or VHDL warning at slavefifo_rd.vhd(49): object "flag_b" assigned a value but never read
Warning (10541): VHDL Signal Declaration warning at slavefifo_rd.vhd(57): used implicit default value for signal "empty" because signal was never assigned a value or an explicit default value. Use of implicit default value may introduce unintended design optimizations.
Warning (10036): Verilog HDL or VHDL warning at slavefifo_rd.vhd(58): object "read_finish" assigned a value but never read
Warning (10036): Verilog HDL or VHDL warning at slavefifo_rd.vhd(59): object "empty_r" assigned a value but never read
Warning (10036): Verilog HDL or VHDL warning at slavefifo_rd.vhd(62): object "start_flag" assigned a value but never read
Warning (10492): VHDL Process Statement warning at slavefifo_rd.vhd(211): signal "rst" is read inside the Process Statement but isn't in the Process Statement's sensitivity list
Info (10041): Inferred latch for "ledctrl[0]" at slavefifo_rd.vhd(204)
Info (10041): Inferred latch for "ledctrl[1]" at slavefifo_rd.vhd(204)
Info (10041): Inferred latch for "ledctrl[2]" at slavefifo_rd.vhd(204)
Info (10041): Inferred latch for "ledctrl[3]" at slavefifo_rd.vhd(204)
Info: Found 1 design units, including 1 entities, in source file db/altsyncram_6u14.tdf
    Info: Found entity 1: altsyncram_6u14
Info: Found 1 design units, including 1 entities, in source file db/mux_rsc.tdf
    Info: Found entity 1: mux_rsc
Info: Found 1 design units, including 1 entities, in source file db/decode_dvf.tdf
    Info: Found entity 1: decode_dvf
Info: Found 1 design units, including 1 entities, in source file db/cntr_vei.tdf
    Info: Found entity 1: cntr_vei
Info: Found 1 design units, including 1 entities, in source file db/cntr_g9j.tdf
    Info: Found entity 1: cntr_g9j
Info: Found 1 design units, including 1 entities, in source file db/cntr_egi.tdf
    Info: Found entity 1: cntr_egi
Info: Found 1 design units, including 1 entities, in source file db/cmpr_rgc.tdf
    Info: Found entity 1: cmpr_rgc
Info: Found 1 design units, including 1 entities, in source file db/cntr_23j.tdf
    Info: Found entity 1: cntr_23j
Info: Found 1 design units, including 1 entities, in source file db/cmpr_ngc.tdf
    Info: Found entity 1: cmpr_ngc
Info: Analysis and Synthesis generated SignalTap II or debug node instance "auto_signaltap_0"
Warning: The following bidir pins have no drivers
    Warning: Bidir "FIFODATA[4]" has no driver
    Warning: Bidir "FIFODATA[5]" has no driver
    Warning: Bidir "FIFODATA[6]" has no driver
    Warning: Bidir "FIFODATA[7]" has no driver
    Warning: Bidir "FIFODATA[8]" has no driver
    Warning: Bidir "FIFODATA[9]" has no driver
    Warning: Bidir "FIFODATA[10]" has no driver
    Warning: Bidir "FIFODATA[11]" has no driver
    Warning: Bidir "FIFODATA[12]" has no driver
    Warning: Bidir "FIFODATA[13]" has no driver
    Warning: Bidir "FIFODATA[14]" has no driver
    Warning: Bidir "FIFODATA[15]" has no driver
    Warning: Bidir "FIFODATA[0]" has no driver
    Warning: Bidir "FIFODATA[1]" has no driver
    Warning: Bidir "FIFODATA[2]" has no driver
    Warning: Bidir "FIFODATA[3]" has no driver
Info: Registers with preset signals will power-up high
Info: DEV_CLRn pin will set, and not reset, register with preset signal due to NOT Gate Push-Back
Warning: Output pins are stuck at VCC or GND
    Warning (13410): Pin "FIFOADR[0]" is stuck at GND
    Warning (13410): Pin "FIFOADR[1]" is stuck at GND
    Warning (13410): Pin "SLWR" is stuck at GND
Info: Timing-Driven Synthesis is running on partition "Top"
Info: 2 registers lost all their fanouts during netlist optimizations. The first 2 are displayed below.
    Info: Register "led_cnt[24]" lost all its fanouts during netlist optimizations.
    Info: Register "led_cnt[25]" lost all its fanouts during netlist optimizations.
Info: Succesfully connected in-system debug instance "auto_signaltap_0" to all 17 required data inputs, trigger inputs, acquisition clocks, and dynamic pins
Info: Generating hard_block partition "hard_block:auto_generated_inst"
Info: Implemented 700 device resources after synthesis - the final resource count might be different
    Info: Implemented 8 input pins
    Info: Implemented 10 output pins
    Info: Implemented 16 bidirectional pins
    Info: Implemented 657 logic cells
    Info: Implemented 8 RAM segments
Info: Quartus II Analysis & Synthesis was successful. 0 errors, 28 warnings
    Info: Peak virtual memory: 270 megabytes
    Info: Processing ended: Tue Sep 04 17:47:19 2012
    Info: Elapsed time: 00:00:05
    Info: Total CPU time (on all processors): 00:00:04


