Flow report for led_dt
Mon Sep 07 21:14:26 2015
Quartus II Version 11.0 Build 157 04/27/2011 SJ Full Version


---------------------
; Table of Contents ;
---------------------
  1. Legal Notice
  2. Flow Summary
  3. Flow Settings
  4. Flow Non-Default Global Settings
  5. Flow Elapsed Time
  6. Flow OS Summary
  7. Flow Log



----------------
; Legal Notice ;
----------------
Copyright (C) 1991-2011 Altera Corporation
Your use of Altera Corporation's design tools, logic functions 
and other software and tools, and its AMPP partner logic 
functions, and any output files from any of the foregoing 
(including device programming or simulation files), and any 
associated documentation or information are expressly subject 
to the terms and conditions of the Altera Program License 
Subscription Agreement, Altera MegaCore Function License 
Agreement, or other applicable license agreement, including, 
without limitation, that your use is for the sole purpose of 
programming logic devices manufactured by Altera and sold by 
Altera or its authorized distributors.  Please refer to the 
applicable agreement for further details.



+--------------------------------------------------------------------------------+
; Flow Summary                                                                   ;
+------------------------------------+-------------------------------------------+
; Flow Status                        ; Successful - Mon Sep 07 21:14:24 2015     ;
; Quartus II Version                 ; 11.0 Build 157 04/27/2011 SJ Full Version ;
; Revision Name                      ; led_dt                                    ;
; Top-level Entity Name              ; led_dt                                    ;
; Family                             ; Cyclone IV E                              ;
; Device                             ; EP4CE6E22C8                               ;
; Timing Models                      ; Final                                     ;
; Total logic elements               ; 51 / 6,272 ( 1 % )                        ;
;     Total combinational functions  ; 51 / 6,272 ( 1 % )                        ;
;     Dedicated logic registers      ; 40 / 6,272 ( 1 % )                        ;
; Total registers                    ; 40                                        ;
; Total pins                         ; 10 / 92 ( 11 % )                          ;
; Total virtual pins                 ; 0                                         ;
; Total memory bits                  ; 0 / 276,480 ( 0 % )                       ;
; Embedded Multiplier 9-bit elements ; 0 / 30 ( 0 % )                            ;
; Total PLLs                         ; 0 / 2 ( 0 % )                             ;
+------------------------------------+-------------------------------------------+


+-----------------------------------------+
; Flow Settings                           ;
+-------------------+---------------------+
; Option            ; Setting             ;
+-------------------+---------------------+
; Start date & time ; 09/07/2015 21:14:09 ;
; Main task         ; Compilation         ;
; Revision Name     ; led_dt              ;
+-------------------+---------------------+


+------------------------------------------------------------------------------------------------------------------------------------------------------------------------+
; Flow Non-Default Global Settings                                                                                                                                       ;
+---------------------------------------+---------------------------------------------------------------------------------+---------------+-------------+----------------+
; Assignment Name                       ; Value                                                                           ; Default Value ; Entity Name ; Section Id     ;
+---------------------------------------+---------------------------------------------------------------------------------+---------------+-------------+----------------+
; COMPILER_SIGNATURE_ID                 ; 91673767957.144163164903244                                                     ; --            ; --          ; --             ;
; MAX_CORE_JUNCTION_TEMP                ; 85                                                                              ; --            ; --          ; --             ;
; MIN_CORE_JUNCTION_TEMP                ; 0                                                                               ; --            ; --          ; --             ;
; MISC_FILE                             ; G:/做视频教材要用的/VHDL/7段数码管动态显示/led_dt.dpf                           ; --            ; --          ; --             ;
; MISC_FILE                             ; E:/A-C5FB/A-C8V4开发板-整理的VHDL程序/16实验十六：一位数码管动态显示/led_dt.dpf ; --            ; --          ; --             ;
; MISC_FILE                             ; D:/C-M240/VHDL-Examples/16-SMG_LED/led_dt.dpf                                   ; --            ; --          ; --             ;
; MISC_FILE                             ; E:/A-C2FB English/VHDL-Examples/16-SMG_LED/led_dt.dpf                           ; --            ; --          ; --             ;
; PARTITION_COLOR                       ; 16764057                                                                        ; --            ; --          ; Top            ;
; PARTITION_FITTER_PRESERVATION_LEVEL   ; PLACEMENT_AND_ROUTING                                                           ; --            ; --          ; Top            ;
; PARTITION_NETLIST_TYPE                ; SOURCE                                                                          ; --            ; --          ; Top            ;
; POWER_EXT_SUPPLY_VOLTAGE_TO_REGULATOR ; 3.3V                                                                            ; --            ; --          ; --             ;
; USE_GENERATED_PHYSICAL_CONSTRAINTS    ; Off                                                                             ; --            ; --          ; eda_blast_fpga ;
+---------------------------------------+---------------------------------------------------------------------------------+---------------+-------------+----------------+


+-------------------------------------------------------------------------------------------------------------------------------+
; Flow Elapsed Time                                                                                                             ;
+---------------------------+--------------+-------------------------+---------------------+------------------------------------+
; Module Name               ; Elapsed Time ; Average Processors Used ; Peak Virtual Memory ; Total CPU Time (on all processors) ;
+---------------------------+--------------+-------------------------+---------------------+------------------------------------+
; Analysis & Synthesis      ; 00:00:03     ; 1.0                     ; 257 MB              ; 00:00:03                           ;
; Fitter                    ; 00:00:06     ; 1.3                     ; 328 MB              ; 00:00:06                           ;
; Assembler                 ; 00:00:03     ; 1.0                     ; 227 MB              ; 00:00:02                           ;
; TimeQuest Timing Analyzer ; 00:00:05     ; 1.0                     ; 257 MB              ; 00:00:04                           ;
; Total                     ; 00:00:17     ; --                      ; --                  ; 00:00:15                           ;
+---------------------------+--------------+-------------------------+---------------------+------------------------------------+


+-----------------------------------------------------------------------------------------+
; Flow OS Summary                                                                         ;
+---------------------------+------------------+------------+------------+----------------+
; Module Name               ; Machine Hostname ; OS Name    ; OS Version ; Processor type ;
+---------------------------+------------------+------------+------------+----------------+
; Analysis & Synthesis      ; 6262b8bcd6f540b  ; Windows XP ; 5.1        ; i686           ;
; Fitter                    ; 6262b8bcd6f540b  ; Windows XP ; 5.1        ; i686           ;
; Assembler                 ; 6262b8bcd6f540b  ; Windows XP ; 5.1        ; i686           ;
; TimeQuest Timing Analyzer ; 6262b8bcd6f540b  ; Windows XP ; 5.1        ; i686           ;
+---------------------------+------------------+------------+------------+----------------+


------------
; Flow Log ;
------------
quartus_map --read_settings_files=on --write_settings_files=off led_dt -c led_dt
quartus_fit --read_settings_files=off --write_settings_files=off led_dt -c led_dt
quartus_asm --read_settings_files=off --write_settings_files=off led_dt -c led_dt
quartus_sta led_dt -c led_dt



