Timing Analyzer report for LCD12864
Thu Sep 17 23:05:50 2009
Version 6.0 Build 178 04/27/2006 SJ Full Version


---------------------
; Table of Contents ;
---------------------
  1. Legal Notice
  2. Timing Analyzer Summary
  3. Timing Analyzer Settings
  4. Clock Settings Summary
  5. Clock Setup: 'clk'
  6. tco
  7. Timing Analyzer Messages



----------------
; Legal Notice ;
----------------
Copyright (C) 1991-2006 Altera Corporation
Your use of Altera Corporation's design tools, logic functions 
and other software and tools, and its AMPP partner logic 
functions, and any output files any of the foregoing 
(including device programming or simulation files), and any 
associated documentation or information are expressly subject 
to the terms and conditions of the Altera Program License 
Subscription Agreement, Altera MegaCore Function License 
Agreement, or other applicable license agreement, including, 
without limitation, that your use is for the sole purpose of 
programming logic devices manufactured by Altera and sold by 
Altera or its authorized distributors.  Please refer to the 
applicable agreement for further details.



+----------------------------------------------------------------------------------------------------------------------------------------------------+
; Timing Analyzer Summary                                                                                                                            ;
+------------------------------+-------+---------------+----------------------------------+------------+------+------------+----------+--------------+
; Type                         ; Slack ; Required Time ; Actual Time                      ; From       ; To   ; From Clock ; To Clock ; Failed Paths ;
+------------------------------+-------+---------------+----------------------------------+------------+------+------------+----------+--------------+
; Worst-case tco               ; N/A   ; None          ; 13.416 ns                        ; e          ; en   ; clk        ; --       ; 0            ;
; Clock Setup: 'clk'           ; N/A   ; None          ; 187.55 MHz ( period = 5.332 ns ) ; counter[0] ; clkr ; clk        ; clk      ; 0            ;
; Total number of failed paths ;       ;               ;                                  ;            ;      ;            ;          ; 0            ;
+------------------------------+-------+---------------+----------------------------------+------------+------+------------+----------+--------------+


+------------------------------------------------------------------------------------------------------+
; Timing Analyzer Settings                                                                             ;
+-------------------------------------------------------+--------------------+------+----+-------------+
; Option                                                ; Setting            ; From ; To ; Entity Name ;
+-------------------------------------------------------+--------------------+------+----+-------------+
; Device Name                                           ; EP2C5T144C8        ;      ;    ;             ;
; Timing Models                                         ; Final              ;      ;    ;             ;
; Number of source nodes to report per destination node ; 10                 ;      ;    ;             ;
; Number of destination nodes to report                 ; 10                 ;      ;    ;             ;
; Number of paths to report                             ; 200                ;      ;    ;             ;
; Report Minimum Timing Checks                          ; Off                ;      ;    ;             ;
; Use Fast Timing Models                                ; Off                ;      ;    ;             ;
; Report IO Paths Separately                            ; Off                ;      ;    ;             ;
; Default hold multicycle                               ; Same As Multicycle ;      ;    ;             ;
; Cut paths between unrelated clock domains             ; On                 ;      ;    ;             ;
; Cut off read during write signal paths                ; On                 ;      ;    ;             ;
; Cut off feedback from I/O pins                        ; On                 ;      ;    ;             ;
; Report Combined Fast/Slow Timing                      ; Off                ;      ;    ;             ;
; Ignore Clock Settings                                 ; Off                ;      ;    ;             ;
; Analyze latches as synchronous elements               ; On                 ;      ;    ;             ;
; Enable Recovery/Removal analysis                      ; Off                ;      ;    ;             ;
; Enable Clock Latency                                  ; Off                ;      ;    ;             ;
; Use TimeQuest Timing Analyzer                         ; Off                ;      ;    ;             ;
+-------------------------------------------------------+--------------------+------+----+-------------+


+------------------------------------------------------------------------------------------------------------------------------------------------------------------------------------+
; Clock Settings Summary                                                                                                                                                             ;
+-----------------+--------------------+----------+------------------+---------------+--------------+----------+-----------------------+---------------------+--------+--------------+
; Clock Node Name ; Clock Setting Name ; Type     ; Fmax Requirement ; Early Latency ; Late Latency ; Based on ; Multiply Base Fmax by ; Divide Base Fmax by ; Offset ; Phase offset ;
+-----------------+--------------------+----------+------------------+---------------+--------------+----------+-----------------------+---------------------+--------+--------------+
; clk             ;                    ; User Pin ; None             ; 0.000 ns      ; 0.000 ns     ; --       ; N/A                   ; N/A                 ; N/A    ;              ;
+-----------------+--------------------+----------+------------------+---------------+--------------+----------+-----------------------+---------------------+--------+--------------+


+---------------------------------------------------------------------------------------------------------------------------------------------------------------------------------------------------------------------------------------+
; Clock Setup: 'clk'                                                                                                                                                                                                                    ;
+-----------------------------------------+-----------------------------------------------------+-------------+-------------+------------+----------+-----------------------------+---------------------------+-------------------------+
; Slack                                   ; Actual fmax (period)                                ; From        ; To          ; From Clock ; To Clock ; Required Setup Relationship ; Required Longest P2P Time ; Actual Longest P2P Time ;
+-----------------------------------------+-----------------------------------------------------+-------------+-------------+------------+----------+-----------------------------+---------------------------+-------------------------+
; N/A                                     ; 187.55 MHz ( period = 5.332 ns )                    ; counter[0]  ; clkr        ; clk        ; clk      ; None                        ; None                      ; 5.069 ns                ;
; N/A                                     ; 190.29 MHz ( period = 5.255 ns )                    ; counter[1]  ; clkr        ; clk        ; clk      ; None                        ; None                      ; 4.992 ns                ;
; N/A                                     ; 193.42 MHz ( period = 5.170 ns )                    ; counter[2]  ; clkr        ; clk        ; clk      ; None                        ; None                      ; 4.907 ns                ;
; N/A                                     ; 194.78 MHz ( period = 5.134 ns )                    ; counter[3]  ; clkr        ; clk        ; clk      ; None                        ; None                      ; 4.871 ns                ;
; N/A                                     ; 200.04 MHz ( period = 4.999 ns )                    ; counter[4]  ; clkr        ; clk        ; clk      ; None                        ; None                      ; 4.736 ns                ;
; N/A                                     ; 201.49 MHz ( period = 4.963 ns )                    ; counter[5]  ; clkr        ; clk        ; clk      ; None                        ; None                      ; 4.700 ns                ;
; N/A                                     ; 205.04 MHz ( period = 4.877 ns )                    ; counter[6]  ; clkr        ; clk        ; clk      ; None                        ; None                      ; 4.614 ns                ;
; N/A                                     ; 210.66 MHz ( period = 4.747 ns )                    ; counter[7]  ; clkr        ; clk        ; clk      ; None                        ; None                      ; 4.484 ns                ;
; N/A                                     ; 217.39 MHz ( period = 4.600 ns )                    ; counter[8]  ; clkr        ; clk        ; clk      ; None                        ; None                      ; 4.337 ns                ;
; N/A                                     ; 224.01 MHz ( period = 4.464 ns )                    ; counter[9]  ; clkr        ; clk        ; clk      ; None                        ; None                      ; 4.201 ns                ;
; N/A                                     ; 225.84 MHz ( period = 4.428 ns )                    ; counter[10] ; clkr        ; clk        ; clk      ; None                        ; None                      ; 4.165 ns                ;
; N/A                                     ; 232.94 MHz ( period = 4.293 ns )                    ; counter[11] ; clkr        ; clk        ; clk      ; None                        ; None                      ; 4.030 ns                ;
; N/A                                     ; 234.91 MHz ( period = 4.257 ns )                    ; counter[12] ; clkr        ; clk        ; clk      ; None                        ; None                      ; 3.994 ns                ;
; N/A                                     ; 235.74 MHz ( period = 4.242 ns )                    ; next.dat1   ; dat[0]~reg0 ; clk        ; clk      ; None                        ; None                      ; 3.973 ns                ;
; N/A                                     ; 242.66 MHz ( period = 4.121 ns )                    ; counter[13] ; clkr        ; clk        ; clk      ; None                        ; None                      ; 3.858 ns                ;
; N/A                                     ; 247.83 MHz ( period = 4.035 ns )                    ; counter[14] ; clkr        ; clk        ; clk      ; None                        ; None                      ; 3.772 ns                ;
; N/A                                     ; 248.45 MHz ( period = 4.025 ns )                    ; next.dat2   ; dat[0]~reg0 ; clk        ; clk      ; None                        ; None                      ; 3.756 ns                ;
; N/A                                     ; 254.65 MHz ( period = 3.927 ns )                    ; next.dat4   ; dat[2]~reg0 ; clk        ; clk      ; None                        ; None                      ; 3.658 ns                ;
; N/A                                     ; 254.97 MHz ( period = 3.922 ns )                    ; next.dat17  ; dat[0]~reg0 ; clk        ; clk      ; None                        ; None                      ; 3.653 ns                ;
; N/A                                     ; 256.41 MHz ( period = 3.900 ns )                    ; next.dat15  ; dat[4]~reg0 ; clk        ; clk      ; None                        ; None                      ; 3.631 ns                ;
; N/A                                     ; 257.00 MHz ( period = 3.891 ns )                    ; next.dat6   ; dat[0]~reg0 ; clk        ; clk      ; None                        ; None                      ; 3.627 ns                ;
; N/A                                     ; 258.40 MHz ( period = 3.870 ns )                    ; next.dat24  ; dat[4]~reg0 ; clk        ; clk      ; None                        ; None                      ; 3.598 ns                ;
; N/A                                     ; 266.38 MHz ( period = 3.754 ns )                    ; next.dat4   ; dat[1]~reg0 ; clk        ; clk      ; None                        ; None                      ; 3.485 ns                ;
; N/A                                     ; 268.60 MHz ( period = 3.723 ns )                    ; next.dat2   ; dat[1]~reg0 ; clk        ; clk      ; None                        ; None                      ; 3.454 ns                ;
; N/A                                     ; 271.00 MHz ( period = 3.690 ns )                    ; next.dat14  ; dat[3]~reg0 ; clk        ; clk      ; None                        ; None                      ; 3.421 ns                ;
; N/A                                     ; 271.22 MHz ( period = 3.687 ns )                    ; next.dat14  ; dat[2]~reg0 ; clk        ; clk      ; None                        ; None                      ; 3.418 ns                ;
; N/A                                     ; 271.30 MHz ( period = 3.686 ns )                    ; next.dat5   ; dat[4]~reg0 ; clk        ; clk      ; None                        ; None                      ; 3.414 ns                ;
; N/A                                     ; 271.74 MHz ( period = 3.680 ns )                    ; next.dat14  ; dat[0]~reg0 ; clk        ; clk      ; None                        ; None                      ; 3.411 ns                ;
; N/A                                     ; 278.55 MHz ( period = 3.590 ns )                    ; next.dat18  ; dat[0]~reg0 ; clk        ; clk      ; None                        ; None                      ; 3.321 ns                ;
; N/A                                     ; 281.77 MHz ( period = 3.549 ns )                    ; next.set2   ; dat[2]~reg0 ; clk        ; clk      ; None                        ; None                      ; 3.286 ns                ;
; N/A                                     ; 284.41 MHz ( period = 3.516 ns )                    ; next.set1   ; rs~reg0     ; clk        ; clk      ; None                        ; None                      ; 3.251 ns                ;
; N/A                                     ; 287.60 MHz ( period = 3.477 ns )                    ; next.set1   ; dat[6]~reg0 ; clk        ; clk      ; None                        ; None                      ; 3.212 ns                ;
; N/A                                     ; 288.27 MHz ( period = 3.469 ns )                    ; next.dat6   ; dat[5]~reg0 ; clk        ; clk      ; None                        ; None                      ; 3.210 ns                ;
; N/A                                     ; 291.80 MHz ( period = 3.427 ns )                    ; next.dat5   ; dat[5]~reg0 ; clk        ; clk      ; None                        ; None                      ; 3.160 ns                ;
; N/A                                     ; 296.03 MHz ( period = 3.378 ns )                    ; next.dat14  ; dat[1]~reg0 ; clk        ; clk      ; None                        ; None                      ; 3.109 ns                ;
; N/A                                     ; 296.21 MHz ( period = 3.376 ns )                    ; next.set2   ; dat[1]~reg0 ; clk        ; clk      ; None                        ; None                      ; 3.113 ns                ;
; N/A                                     ; 297.09 MHz ( period = 3.366 ns )                    ; next.dat1   ; dat[3]~reg0 ; clk        ; clk      ; None                        ; None                      ; 3.097 ns                ;
; N/A                                     ; 300.30 MHz ( period = 3.330 ns )                    ; next.dat13  ; dat[0]~reg0 ; clk        ; clk      ; None                        ; None                      ; 3.061 ns                ;
; N/A                                     ; 303.77 MHz ( period = 3.292 ns )                    ; next.dat7   ; dat[2]~reg0 ; clk        ; clk      ; None                        ; None                      ; 3.024 ns                ;
; N/A                                     ; 311.43 MHz ( period = 3.211 ns )                    ; counter[0]  ; counter[15] ; clk        ; clk      ; None                        ; None                      ; 2.947 ns                ;
; N/A                                     ; 313.58 MHz ( period = 3.189 ns )                    ; next.dat9   ; dat[2]~reg0 ; clk        ; clk      ; None                        ; None                      ; 2.920 ns                ;
; N/A                                     ; 319.08 MHz ( period = 3.134 ns )                    ; counter[1]  ; counter[15] ; clk        ; clk      ; None                        ; None                      ; 2.870 ns                ;
; N/A                                     ; 319.28 MHz ( period = 3.132 ns )                    ; counter[15] ; clkr        ; clk        ; clk      ; None                        ; None                      ; 2.869 ns                ;
; N/A                                     ; 320.00 MHz ( period = 3.125 ns )                    ; counter[0]  ; counter[14] ; clk        ; clk      ; None                        ; None                      ; 2.861 ns                ;
; N/A                                     ; 323.62 MHz ( period = 3.090 ns )                    ; next.dat20  ; dat[3]~reg0 ; clk        ; clk      ; None                        ; None                      ; 2.821 ns                ;
; N/A                                     ; 323.94 MHz ( period = 3.087 ns )                    ; next.dat15  ; dat[0]~reg0 ; clk        ; clk      ; None                        ; None                      ; 2.818 ns                ;
; N/A                                     ; 323.94 MHz ( period = 3.087 ns )                    ; next.dat20  ; dat[2]~reg0 ; clk        ; clk      ; None                        ; None                      ; 2.818 ns                ;
; N/A                                     ; 324.68 MHz ( period = 3.080 ns )                    ; next.dat20  ; dat[0]~reg0 ; clk        ; clk      ; None                        ; None                      ; 2.811 ns                ;
; N/A                                     ; 327.87 MHz ( period = 3.050 ns )                    ; next.dat9   ; dat[0]~reg0 ; clk        ; clk      ; None                        ; None                      ; 2.781 ns                ;
; N/A                                     ; 327.98 MHz ( period = 3.049 ns )                    ; counter[2]  ; counter[15] ; clk        ; clk      ; None                        ; None                      ; 2.785 ns                ;
; N/A                                     ; 328.08 MHz ( period = 3.048 ns )                    ; counter[1]  ; counter[14] ; clk        ; clk      ; None                        ; None                      ; 2.784 ns                ;
; N/A                                     ; 328.30 MHz ( period = 3.046 ns )                    ; next.dat17  ; dat[3]~reg0 ; clk        ; clk      ; None                        ; None                      ; 2.777 ns                ;
; N/A                                     ; 329.06 MHz ( period = 3.039 ns )                    ; counter[0]  ; counter[13] ; clk        ; clk      ; None                        ; None                      ; 2.775 ns                ;
; N/A                                     ; 330.25 MHz ( period = 3.028 ns )                    ; next.dat19  ; dat[4]~reg0 ; clk        ; clk      ; None                        ; None                      ; 2.764 ns                ;
; N/A                                     ; 330.36 MHz ( period = 3.027 ns )                    ; next.dat0   ; dat[3]~reg0 ; clk        ; clk      ; None                        ; None                      ; 2.753 ns                ;
; N/A                                     ; 330.69 MHz ( period = 3.024 ns )                    ; next.dat0   ; dat[2]~reg0 ; clk        ; clk      ; None                        ; None                      ; 2.750 ns                ;
; N/A                                     ; 331.13 MHz ( period = 3.020 ns )                    ; next.set5   ; dat[6]~reg0 ; clk        ; clk      ; None                        ; None                      ; 2.750 ns                ;
; N/A                                     ; 331.79 MHz ( period = 3.014 ns )                    ; next.dat25  ; dat[0]~reg0 ; clk        ; clk      ; None                        ; None                      ; 2.750 ns                ;
; N/A                                     ; 331.90 MHz ( period = 3.013 ns )                    ; counter[3]  ; counter[15] ; clk        ; clk      ; None                        ; None                      ; 2.749 ns                ;
; N/A                                     ; 337.15 MHz ( period = 2.966 ns )                    ; next.set0   ; dat[4]~reg0 ; clk        ; clk      ; None                        ; None                      ; 2.703 ns                ;
; N/A                                     ; 337.50 MHz ( period = 2.963 ns )                    ; counter[2]  ; counter[14] ; clk        ; clk      ; None                        ; None                      ; 2.699 ns                ;
; N/A                                     ; 337.61 MHz ( period = 2.962 ns )                    ; counter[1]  ; counter[13] ; clk        ; clk      ; None                        ; None                      ; 2.698 ns                ;
; N/A                                     ; 338.64 MHz ( period = 2.953 ns )                    ; counter[0]  ; counter[12] ; clk        ; clk      ; None                        ; None                      ; 2.689 ns                ;
; N/A                                     ; 338.64 MHz ( period = 2.953 ns )                    ; next.dat7   ; dat[0]~reg0 ; clk        ; clk      ; None                        ; None                      ; 2.685 ns                ;
; N/A                                     ; Restricted to 340.02 MHz ( period = 2.941 ns )      ; counter[3]  ; counter[14] ; clk        ; clk      ; None                        ; None                      ; 2.663 ns                ;
; N/A                                     ; Restricted to 340.02 MHz ( period = 2.941 ns )      ; counter[4]  ; counter[15] ; clk        ; clk      ; None                        ; None                      ; 2.614 ns                ;
; N/A                                     ; Restricted to 340.02 MHz ( period = 2.941 ns )      ; counter[2]  ; counter[13] ; clk        ; clk      ; None                        ; None                      ; 2.613 ns                ;
; N/A                                     ; Restricted to 340.02 MHz ( period = 2.941 ns )      ; counter[1]  ; counter[12] ; clk        ; clk      ; None                        ; None                      ; 2.612 ns                ;
; N/A                                     ; Restricted to 340.02 MHz ( period = 2.941 ns )      ; counter[0]  ; counter[11] ; clk        ; clk      ; None                        ; None                      ; 2.603 ns                ;
; N/A                                     ; Restricted to 340.02 MHz ( period = 2.941 ns )      ; counter[5]  ; counter[15] ; clk        ; clk      ; None                        ; None                      ; 2.578 ns                ;
; N/A                                     ; Restricted to 340.02 MHz ( period = 2.941 ns )      ; counter[3]  ; counter[13] ; clk        ; clk      ; None                        ; None                      ; 2.577 ns                ;
; N/A                                     ; Restricted to 340.02 MHz ( period = 2.941 ns )      ; counter[4]  ; counter[14] ; clk        ; clk      ; None                        ; None                      ; 2.528 ns                ;
; N/A                                     ; Restricted to 340.02 MHz ( period = 2.941 ns )      ; counter[2]  ; counter[12] ; clk        ; clk      ; None                        ; None                      ; 2.527 ns                ;
; N/A                                     ; Restricted to 340.02 MHz ( period = 2.941 ns )      ; counter[1]  ; counter[11] ; clk        ; clk      ; None                        ; None                      ; 2.526 ns                ;
; N/A                                     ; Restricted to 340.02 MHz ( period = 2.941 ns )      ; next.dat15  ; dat[1]~reg0 ; clk        ; clk      ; None                        ; None                      ; 2.516 ns                ;
; N/A                                     ; Restricted to 340.02 MHz ( period = 2.941 ns )      ; counter[0]  ; counter[10] ; clk        ; clk      ; None                        ; None                      ; 2.517 ns                ;
; N/A                                     ; Restricted to 340.02 MHz ( period = 2.941 ns )      ; next.dat20  ; dat[1]~reg0 ; clk        ; clk      ; None                        ; None                      ; 2.509 ns                ;
; N/A                                     ; Restricted to 340.02 MHz ( period = 2.941 ns )      ; counter[5]  ; counter[14] ; clk        ; clk      ; None                        ; None                      ; 2.492 ns                ;
; N/A                                     ; Restricted to 340.02 MHz ( period = 2.941 ns )      ; counter[6]  ; counter[15] ; clk        ; clk      ; None                        ; None                      ; 2.492 ns                ;
; N/A                                     ; Restricted to 340.02 MHz ( period = 2.941 ns )      ; next.dat22  ; dat[0]~reg0 ; clk        ; clk      ; None                        ; None                      ; 2.492 ns                ;
; N/A                                     ; Restricted to 340.02 MHz ( period = 2.941 ns )      ; counter[3]  ; counter[12] ; clk        ; clk      ; None                        ; None                      ; 2.491 ns                ;
; N/A                                     ; Restricted to 340.02 MHz ( period = 2.941 ns )      ; next.dat18  ; dat[3]~reg0 ; clk        ; clk      ; None                        ; None                      ; 2.445 ns                ;
; N/A                                     ; Restricted to 340.02 MHz ( period = 2.941 ns )      ; next.dat25  ; dat[1]~reg0 ; clk        ; clk      ; None                        ; None                      ; 2.448 ns                ;
; N/A                                     ; Restricted to 340.02 MHz ( period = 2.941 ns )      ; next.set5   ; rs~reg0     ; clk        ; clk      ; None                        ; None                      ; 2.441 ns                ;
; N/A                                     ; Restricted to 340.02 MHz ( period = 2.941 ns )      ; next.set0   ; dat[5]~reg0 ; clk        ; clk      ; None                        ; None                      ; 2.449 ns                ;
; N/A                                     ; Restricted to 340.02 MHz ( period = 2.941 ns )      ; counter[4]  ; counter[13] ; clk        ; clk      ; None                        ; None                      ; 2.442 ns                ;
; N/A                                     ; Restricted to 340.02 MHz ( period = 2.941 ns )      ; counter[2]  ; counter[11] ; clk        ; clk      ; None                        ; None                      ; 2.441 ns                ;
; N/A                                     ; Restricted to 340.02 MHz ( period = 2.941 ns )      ; counter[1]  ; counter[10] ; clk        ; clk      ; None                        ; None                      ; 2.440 ns                ;
; N/A                                     ; Restricted to 340.02 MHz ( period = 2.941 ns )      ; next.set1   ; dat[3]~reg0 ; clk        ; clk      ; None                        ; None                      ; 2.433 ns                ;
; N/A                                     ; Restricted to 340.02 MHz ( period = 2.941 ns )      ; counter[0]  ; counter[9]  ; clk        ; clk      ; None                        ; None                      ; 2.431 ns                ;
; N/A                                     ; Restricted to 340.02 MHz ( period = 2.941 ns )      ; next.set1   ; dat[2]~reg0 ; clk        ; clk      ; None                        ; None                      ; 2.430 ns                ;
; N/A                                     ; Restricted to 340.02 MHz ( period = 2.941 ns )      ; counter[5]  ; counter[13] ; clk        ; clk      ; None                        ; None                      ; 2.406 ns                ;
; N/A                                     ; Restricted to 340.02 MHz ( period = 2.941 ns )      ; counter[6]  ; counter[14] ; clk        ; clk      ; None                        ; None                      ; 2.406 ns                ;
; N/A                                     ; Restricted to 340.02 MHz ( period = 2.941 ns )      ; counter[3]  ; counter[11] ; clk        ; clk      ; None                        ; None                      ; 2.405 ns                ;
; N/A                                     ; Restricted to 340.02 MHz ( period = 2.941 ns )      ; next.set4   ; dat[6]~reg0 ; clk        ; clk      ; None                        ; None                      ; 2.387 ns                ;
; N/A                                     ; Restricted to 340.02 MHz ( period = 2.941 ns )      ; counter[7]  ; counter[15] ; clk        ; clk      ; None                        ; None                      ; 2.362 ns                ;
; N/A                                     ; Restricted to 340.02 MHz ( period = 2.941 ns )      ; counter[4]  ; counter[12] ; clk        ; clk      ; None                        ; None                      ; 2.356 ns                ;
; N/A                                     ; Restricted to 340.02 MHz ( period = 2.941 ns )      ; next.dat3   ; dat[6]~reg0 ; clk        ; clk      ; None                        ; None                      ; 2.350 ns                ;
; N/A                                     ; Restricted to 340.02 MHz ( period = 2.941 ns )      ; counter[2]  ; counter[10] ; clk        ; clk      ; None                        ; None                      ; 2.355 ns                ;
; N/A                                     ; Restricted to 340.02 MHz ( period = 2.941 ns )      ; counter[1]  ; counter[9]  ; clk        ; clk      ; None                        ; None                      ; 2.354 ns                ;
; N/A                                     ; Restricted to 340.02 MHz ( period = 2.941 ns )      ; counter[0]  ; counter[8]  ; clk        ; clk      ; None                        ; None                      ; 2.345 ns                ;
; N/A                                     ; Restricted to 340.02 MHz ( period = 2.941 ns )      ; counter[6]  ; counter[13] ; clk        ; clk      ; None                        ; None                      ; 2.320 ns                ;
; N/A                                     ; Restricted to 340.02 MHz ( period = 2.941 ns )      ; counter[5]  ; counter[12] ; clk        ; clk      ; None                        ; None                      ; 2.320 ns                ;
; N/A                                     ; Restricted to 340.02 MHz ( period = 2.941 ns )      ; counter[3]  ; counter[10] ; clk        ; clk      ; None                        ; None                      ; 2.319 ns                ;
; N/A                                     ; Restricted to 340.02 MHz ( period = 2.941 ns )      ; cnt[0]      ; next.nul    ; clk        ; clk      ; None                        ; None                      ; 2.317 ns                ;
; N/A                                     ; Restricted to 340.02 MHz ( period = 2.941 ns )      ; cnt[0]      ; e           ; clk        ; clk      ; None                        ; None                      ; 2.317 ns                ;
; N/A                                     ; Restricted to 340.02 MHz ( period = 2.941 ns )      ; cnt[0]      ; next.set0   ; clk        ; clk      ; None                        ; None                      ; 2.316 ns                ;
; N/A                                     ; Restricted to 340.02 MHz ( period = 2.941 ns )      ; counter[7]  ; counter[14] ; clk        ; clk      ; None                        ; None                      ; 2.276 ns                ;
; N/A                                     ; Restricted to 340.02 MHz ( period = 2.941 ns )      ; counter[4]  ; counter[11] ; clk        ; clk      ; None                        ; None                      ; 2.270 ns                ;
; N/A                                     ; Restricted to 340.02 MHz ( period = 2.941 ns )      ; counter[2]  ; counter[9]  ; clk        ; clk      ; None                        ; None                      ; 2.269 ns                ;
; N/A                                     ; Restricted to 340.02 MHz ( period = 2.941 ns )      ; counter[1]  ; counter[8]  ; clk        ; clk      ; None                        ; None                      ; 2.268 ns                ;
; N/A                                     ; Restricted to 340.02 MHz ( period = 2.941 ns )      ; next.dat7   ; dat[5]~reg0 ; clk        ; clk      ; None                        ; None                      ; 2.268 ns                ;
; N/A                                     ; Restricted to 340.02 MHz ( period = 2.941 ns )      ; counter[6]  ; counter[12] ; clk        ; clk      ; None                        ; None                      ; 2.234 ns                ;
; N/A                                     ; Restricted to 340.02 MHz ( period = 2.941 ns )      ; counter[5]  ; counter[11] ; clk        ; clk      ; None                        ; None                      ; 2.234 ns                ;
; N/A                                     ; Restricted to 340.02 MHz ( period = 2.941 ns )      ; counter[3]  ; counter[9]  ; clk        ; clk      ; None                        ; None                      ; 2.233 ns                ;
; N/A                                     ; Restricted to 340.02 MHz ( period = 2.941 ns )      ; counter[8]  ; counter[15] ; clk        ; clk      ; None                        ; None                      ; 2.215 ns                ;
; N/A                                     ; Restricted to 340.02 MHz ( period = 2.941 ns )      ; next.set6   ; dat[4]~reg0 ; clk        ; clk      ; None                        ; None                      ; 2.212 ns                ;
; N/A                                     ; Restricted to 340.02 MHz ( period = 2.941 ns )      ; counter[7]  ; counter[13] ; clk        ; clk      ; None                        ; None                      ; 2.190 ns                ;
; N/A                                     ; Restricted to 340.02 MHz ( period = 2.941 ns )      ; next.dat22  ; dat[1]~reg0 ; clk        ; clk      ; None                        ; None                      ; 2.190 ns                ;
; N/A                                     ; Restricted to 340.02 MHz ( period = 2.941 ns )      ; next.dat13  ; dat[3]~reg0 ; clk        ; clk      ; None                        ; None                      ; 2.185 ns                ;
; N/A                                     ; Restricted to 340.02 MHz ( period = 2.941 ns )      ; counter[4]  ; counter[10] ; clk        ; clk      ; None                        ; None                      ; 2.184 ns                ;
; N/A                                     ; Restricted to 340.02 MHz ( period = 2.941 ns )      ; counter[2]  ; counter[8]  ; clk        ; clk      ; None                        ; None                      ; 2.183 ns                ;
; N/A                                     ; Restricted to 340.02 MHz ( period = 2.941 ns )      ; next.set3   ; rs~reg0     ; clk        ; clk      ; None                        ; None                      ; 2.177 ns                ;
; N/A                                     ; Restricted to 340.02 MHz ( period = 2.941 ns )      ; counter[0]  ; counter[7]  ; clk        ; clk      ; None                        ; None                      ; 2.155 ns                ;
; N/A                                     ; Restricted to 340.02 MHz ( period = 2.941 ns )      ; counter[5]  ; counter[10] ; clk        ; clk      ; None                        ; None                      ; 2.148 ns                ;
; N/A                                     ; Restricted to 340.02 MHz ( period = 2.941 ns )      ; counter[6]  ; counter[11] ; clk        ; clk      ; None                        ; None                      ; 2.148 ns                ;
; N/A                                     ; Restricted to 340.02 MHz ( period = 2.941 ns )      ; counter[3]  ; counter[8]  ; clk        ; clk      ; None                        ; None                      ; 2.147 ns                ;
; N/A                                     ; Restricted to 340.02 MHz ( period = 2.941 ns )      ; next.set3   ; dat[6]~reg0 ; clk        ; clk      ; None                        ; None                      ; 2.138 ns                ;
; N/A                                     ; Restricted to 340.02 MHz ( period = 2.941 ns )      ; next.dat3   ; dat[5]~reg0 ; clk        ; clk      ; None                        ; None                      ; 2.134 ns                ;
; N/A                                     ; Restricted to 340.02 MHz ( period = 2.941 ns )      ; counter[8]  ; counter[14] ; clk        ; clk      ; None                        ; None                      ; 2.129 ns                ;
; N/A                                     ; Restricted to 340.02 MHz ( period = 2.941 ns )      ; counter[7]  ; counter[12] ; clk        ; clk      ; None                        ; None                      ; 2.104 ns                ;
; N/A                                     ; Restricted to 340.02 MHz ( period = 2.941 ns )      ; counter[4]  ; counter[9]  ; clk        ; clk      ; None                        ; None                      ; 2.098 ns                ;
; N/A                                     ; Restricted to 340.02 MHz ( period = 2.941 ns )      ; next.set4   ; rs~reg0     ; clk        ; clk      ; None                        ; None                      ; 2.078 ns                ;
; N/A                                     ; Restricted to 340.02 MHz ( period = 2.941 ns )      ; counter[9]  ; counter[15] ; clk        ; clk      ; None                        ; None                      ; 2.079 ns                ;
; N/A                                     ; Restricted to 340.02 MHz ( period = 2.941 ns )      ; counter[1]  ; counter[7]  ; clk        ; clk      ; None                        ; None                      ; 2.078 ns                ;
; N/A                                     ; Restricted to 340.02 MHz ( period = 2.941 ns )      ; counter[0]  ; counter[6]  ; clk        ; clk      ; None                        ; None                      ; 2.069 ns                ;
; N/A                                     ; Restricted to 340.02 MHz ( period = 2.941 ns )      ; counter[5]  ; counter[9]  ; clk        ; clk      ; None                        ; None                      ; 2.062 ns                ;
; N/A                                     ; Restricted to 340.02 MHz ( period = 2.941 ns )      ; counter[6]  ; counter[10] ; clk        ; clk      ; None                        ; None                      ; 2.062 ns                ;
; N/A                                     ; Restricted to 340.02 MHz ( period = 2.941 ns )      ; counter[8]  ; counter[13] ; clk        ; clk      ; None                        ; None                      ; 2.043 ns                ;
; N/A                                     ; Restricted to 340.02 MHz ( period = 2.941 ns )      ; counter[10] ; counter[15] ; clk        ; clk      ; None                        ; None                      ; 2.043 ns                ;
; N/A                                     ; Restricted to 340.02 MHz ( period = 2.941 ns )      ; next.dat16  ; dat[6]~reg0 ; clk        ; clk      ; None                        ; None                      ; 2.015 ns                ;
; N/A                                     ; Restricted to 340.02 MHz ( period = 2.941 ns )      ; next.set1   ; next.set2   ; clk        ; clk      ; None                        ; None                      ; 2.019 ns                ;
; N/A                                     ; Restricted to 340.02 MHz ( period = 2.941 ns )      ; counter[7]  ; counter[11] ; clk        ; clk      ; None                        ; None                      ; 2.018 ns                ;
; N/A                                     ; Restricted to 340.02 MHz ( period = 2.941 ns )      ; counter[4]  ; counter[8]  ; clk        ; clk      ; None                        ; None                      ; 2.012 ns                ;
; N/A                                     ; Restricted to 340.02 MHz ( period = 2.941 ns )      ; counter[2]  ; counter[7]  ; clk        ; clk      ; None                        ; None                      ; 1.993 ns                ;
; N/A                                     ; Restricted to 340.02 MHz ( period = 2.941 ns )      ; counter[9]  ; counter[14] ; clk        ; clk      ; None                        ; None                      ; 1.993 ns                ;
; N/A                                     ; Restricted to 340.02 MHz ( period = 2.941 ns )      ; counter[1]  ; counter[6]  ; clk        ; clk      ; None                        ; None                      ; 1.992 ns                ;
; N/A                                     ; Restricted to 340.02 MHz ( period = 2.941 ns )      ; next.dat23  ; dat[2]~reg0 ; clk        ; clk      ; None                        ; None                      ; 1.978 ns                ;
; N/A                                     ; Restricted to 340.02 MHz ( period = 2.941 ns )      ; counter[0]  ; counter[5]  ; clk        ; clk      ; None                        ; None                      ; 1.983 ns                ;
; N/A                                     ; Restricted to 340.02 MHz ( period = 2.941 ns )      ; counter[5]  ; counter[8]  ; clk        ; clk      ; None                        ; None                      ; 1.976 ns                ;
; N/A                                     ; Restricted to 340.02 MHz ( period = 2.941 ns )      ; counter[6]  ; counter[9]  ; clk        ; clk      ; None                        ; None                      ; 1.976 ns                ;
; N/A                                     ; Restricted to 340.02 MHz ( period = 2.941 ns )      ; counter[8]  ; counter[12] ; clk        ; clk      ; None                        ; None                      ; 1.957 ns                ;
; N/A                                     ; Restricted to 340.02 MHz ( period = 2.941 ns )      ; counter[3]  ; counter[7]  ; clk        ; clk      ; None                        ; None                      ; 1.957 ns                ;
; N/A                                     ; Restricted to 340.02 MHz ( period = 2.941 ns )      ; counter[10] ; counter[14] ; clk        ; clk      ; None                        ; None                      ; 1.957 ns                ;
; N/A                                     ; Restricted to 340.02 MHz ( period = 2.941 ns )      ; next.set6   ; dat[6]~reg0 ; clk        ; clk      ; None                        ; None                      ; 1.942 ns                ;
; N/A                                     ; Restricted to 340.02 MHz ( period = 2.941 ns )      ; counter[7]  ; counter[10] ; clk        ; clk      ; None                        ; None                      ; 1.932 ns                ;
; N/A                                     ; Restricted to 340.02 MHz ( period = 2.941 ns )      ; next.set5   ; dat[3]~reg0 ; clk        ; clk      ; None                        ; None                      ; 1.917 ns                ;
; N/A                                     ; Restricted to 340.02 MHz ( period = 2.941 ns )      ; next.dat5   ; dat[1]~reg0 ; clk        ; clk      ; None                        ; None                      ; 1.907 ns                ;
; N/A                                     ; Restricted to 340.02 MHz ( period = 2.941 ns )      ; counter[11] ; counter[15] ; clk        ; clk      ; None                        ; None                      ; 1.908 ns                ;
; N/A                                     ; Restricted to 340.02 MHz ( period = 2.941 ns )      ; counter[9]  ; counter[13] ; clk        ; clk      ; None                        ; None                      ; 1.907 ns                ;
; N/A                                     ; Restricted to 340.02 MHz ( period = 2.941 ns )      ; counter[2]  ; counter[6]  ; clk        ; clk      ; None                        ; None                      ; 1.907 ns                ;
; N/A                                     ; Restricted to 340.02 MHz ( period = 2.941 ns )      ; counter[1]  ; counter[5]  ; clk        ; clk      ; None                        ; None                      ; 1.906 ns                ;
; N/A                                     ; Restricted to 340.02 MHz ( period = 2.941 ns )      ; next.set6   ; dat[3]~reg0 ; clk        ; clk      ; None                        ; None                      ; 1.898 ns                ;
; N/A                                     ; Restricted to 340.02 MHz ( period = 2.941 ns )      ; counter[0]  ; counter[4]  ; clk        ; clk      ; None                        ; None                      ; 1.897 ns                ;
; N/A                                     ; Restricted to 340.02 MHz ( period = 2.941 ns )      ; counter[6]  ; counter[8]  ; clk        ; clk      ; None                        ; None                      ; 1.890 ns                ;
; N/A                                     ; Restricted to 340.02 MHz ( period = 2.941 ns )      ; counter[12] ; counter[15] ; clk        ; clk      ; None                        ; None                      ; 1.872 ns                ;
; N/A                                     ; Restricted to 340.02 MHz ( period = 2.941 ns )      ; counter[10] ; counter[13] ; clk        ; clk      ; None                        ; None                      ; 1.871 ns                ;
; N/A                                     ; Restricted to 340.02 MHz ( period = 2.941 ns )      ; counter[8]  ; counter[11] ; clk        ; clk      ; None                        ; None                      ; 1.871 ns                ;
; N/A                                     ; Restricted to 340.02 MHz ( period = 2.941 ns )      ; counter[3]  ; counter[6]  ; clk        ; clk      ; None                        ; None                      ; 1.871 ns                ;
; N/A                                     ; Restricted to 340.02 MHz ( period = 2.941 ns )      ; counter[7]  ; counter[9]  ; clk        ; clk      ; None                        ; None                      ; 1.846 ns                ;
; N/A                                     ; Restricted to 340.02 MHz ( period = 2.941 ns )      ; cnt[0]      ; cnt[1]      ; clk        ; clk      ; None                        ; None                      ; 1.841 ns                ;
; N/A                                     ; Restricted to 340.02 MHz ( period = 2.941 ns )      ; next.dat4   ; next.dat5   ; clk        ; clk      ; None                        ; None                      ; 1.841 ns                ;
; N/A                                     ; Restricted to 340.02 MHz ( period = 2.941 ns )      ; next.nul    ; rs~reg0     ; clk        ; clk      ; None                        ; None                      ; 1.834 ns                ;
; N/A                                     ; Restricted to 340.02 MHz ( period = 2.941 ns )      ; next.set3   ; next.dat0   ; clk        ; clk      ; None                        ; None                      ; 1.840 ns                ;
; N/A                                     ; Restricted to 340.02 MHz ( period = 2.941 ns )      ; counter[4]  ; counter[7]  ; clk        ; clk      ; None                        ; None                      ; 1.822 ns                ;
; N/A                                     ; Restricted to 340.02 MHz ( period = 2.941 ns )      ; counter[11] ; counter[14] ; clk        ; clk      ; None                        ; None                      ; 1.822 ns                ;
; N/A                                     ; Restricted to 340.02 MHz ( period = 2.941 ns )      ; counter[9]  ; counter[12] ; clk        ; clk      ; None                        ; None                      ; 1.821 ns                ;
; N/A                                     ; Restricted to 340.02 MHz ( period = 2.941 ns )      ; counter[2]  ; counter[5]  ; clk        ; clk      ; None                        ; None                      ; 1.821 ns                ;
; N/A                                     ; Restricted to 340.02 MHz ( period = 2.941 ns )      ; counter[1]  ; counter[4]  ; clk        ; clk      ; None                        ; None                      ; 1.820 ns                ;
; N/A                                     ; Restricted to 340.02 MHz ( period = 2.941 ns )      ; next.dat23  ; dat[1]~reg0 ; clk        ; clk      ; None                        ; None                      ; 1.805 ns                ;
; N/A                                     ; Restricted to 340.02 MHz ( period = 2.941 ns )      ; counter[0]  ; counter[3]  ; clk        ; clk      ; None                        ; None                      ; 1.811 ns                ;
; N/A                                     ; Restricted to 340.02 MHz ( period = 2.941 ns )      ; next.dat25  ; dat[2]~reg0 ; clk        ; clk      ; None                        ; None                      ; 1.801 ns                ;
; N/A                                     ; Restricted to 340.02 MHz ( period = 2.941 ns )      ; next.set0   ; next.set1   ; clk        ; clk      ; None                        ; None                      ; 1.801 ns                ;
; N/A                                     ; Restricted to 340.02 MHz ( period = 2.941 ns )      ; next.dat16  ; dat[5]~reg0 ; clk        ; clk      ; None                        ; None                      ; 1.799 ns                ;
; N/A                                     ; Restricted to 340.02 MHz ( period = 2.941 ns )      ; next.nul    ; dat[6]~reg0 ; clk        ; clk      ; None                        ; None                      ; 1.795 ns                ;
; N/A                                     ; Restricted to 340.02 MHz ( period = 2.941 ns )      ; counter[5]  ; counter[7]  ; clk        ; clk      ; None                        ; None                      ; 1.786 ns                ;
; N/A                                     ; Restricted to 340.02 MHz ( period = 2.941 ns )      ; counter[12] ; counter[14] ; clk        ; clk      ; None                        ; None                      ; 1.786 ns                ;
; N/A                                     ; Restricted to 340.02 MHz ( period = 2.941 ns )      ; counter[10] ; counter[12] ; clk        ; clk      ; None                        ; None                      ; 1.785 ns                ;
; N/A                                     ; Restricted to 340.02 MHz ( period = 2.941 ns )      ; counter[8]  ; counter[10] ; clk        ; clk      ; None                        ; None                      ; 1.785 ns                ;
; N/A                                     ; Restricted to 340.02 MHz ( period = 2.941 ns )      ; counter[3]  ; counter[5]  ; clk        ; clk      ; None                        ; None                      ; 1.785 ns                ;
; N/A                                     ; Restricted to 340.02 MHz ( period = 2.941 ns )      ; next.dat8   ; dat[6]~reg0 ; clk        ; clk      ; None                        ; None                      ; 1.758 ns                ;
; N/A                                     ; Restricted to 340.02 MHz ( period = 2.941 ns )      ; next.dat1   ; dat[4]~reg0 ; clk        ; clk      ; None                        ; None                      ; 1.756 ns                ;
; N/A                                     ; Restricted to 340.02 MHz ( period = 2.941 ns )      ; counter[7]  ; counter[8]  ; clk        ; clk      ; None                        ; None                      ; 1.760 ns                ;
; N/A                                     ; Restricted to 340.02 MHz ( period = 2.941 ns )      ; counter[11] ; counter[13] ; clk        ; clk      ; None                        ; None                      ; 1.736 ns                ;
; N/A                                     ; Restricted to 340.02 MHz ( period = 2.941 ns )      ; counter[4]  ; counter[6]  ; clk        ; clk      ; None                        ; None                      ; 1.736 ns                ;
; N/A                                     ; Restricted to 340.02 MHz ( period = 2.941 ns )      ; counter[13] ; counter[15] ; clk        ; clk      ; None                        ; None                      ; 1.736 ns                ;
; N/A                                     ; Restricted to 340.02 MHz ( period = 2.941 ns )      ; counter[2]  ; counter[4]  ; clk        ; clk      ; None                        ; None                      ; 1.735 ns                ;
; N/A                                     ; Restricted to 340.02 MHz ( period = 2.941 ns )      ; counter[9]  ; counter[11] ; clk        ; clk      ; None                        ; None                      ; 1.735 ns                ;
; N/A                                     ; Restricted to 340.02 MHz ( period = 2.941 ns )      ; counter[1]  ; counter[3]  ; clk        ; clk      ; None                        ; None                      ; 1.734 ns                ;
; N/A                                     ; Restricted to 340.02 MHz ( period = 2.941 ns )      ; counter[0]  ; counter[2]  ; clk        ; clk      ; None                        ; None                      ; 1.725 ns                ;
; Timing analysis restricted to 200 rows. ; To change the limit use Settings (Assignments menu) ;             ;             ;            ;          ;                             ;                           ;                         ;
+-----------------------------------------+-----------------------------------------------------+-------------+-------------+------------+----------+-----------------------------+---------------------------+-------------------------+


+-----------------------------------------------------------------------+
; tco                                                                   ;
+-------+--------------+------------+-------------+--------+------------+
; Slack ; Required tco ; Actual tco ; From        ; To     ; From Clock ;
+-------+--------------+------------+-------------+--------+------------+
; N/A   ; None         ; 13.416 ns  ; e           ; en     ; clk        ;
; N/A   ; None         ; 12.771 ns  ; dat[5]~reg0 ; dat[5] ; clk        ;
; N/A   ; None         ; 12.667 ns  ; rs~reg0     ; rs     ; clk        ;
; N/A   ; None         ; 12.503 ns  ; dat[7]~reg0 ; dat[7] ; clk        ;
; N/A   ; None         ; 12.494 ns  ; dat[6]~reg0 ; dat[6] ; clk        ;
; N/A   ; None         ; 12.389 ns  ; dat[4]~reg0 ; dat[4] ; clk        ;
; N/A   ; None         ; 12.382 ns  ; dat[3]~reg0 ; dat[3] ; clk        ;
; N/A   ; None         ; 12.040 ns  ; dat[2]~reg0 ; dat[2] ; clk        ;
; N/A   ; None         ; 11.985 ns  ; dat[1]~reg0 ; dat[1] ; clk        ;
; N/A   ; None         ; 11.656 ns  ; dat[0]~reg0 ; dat[0] ; clk        ;
; N/A   ; None         ; 8.682 ns   ; clkr        ; en     ; clk        ;
+-------+--------------+------------+-------------+--------+------------+


+--------------------------+
; Timing Analyzer Messages ;
+--------------------------+
Info: *******************************************************************
Info: Running Quartus II Timing Analyzer
    Info: Version 6.0 Build 178 04/27/2006 SJ Full Version
    Info: Processing started: Thu Sep 17 23:05:50 2009
Info: Command: quartus_tan --read_settings_files=off --write_settings_files=off LCD12864 -c LCD12864 --timing_analysis_only
Warning: Found pins functioning as undefined clocks and/or memory enables
    Info: Assuming node "clk" is an undefined clock
Warning: Found 1 node(s) in clock paths which may be acting as ripple and/or gated clocks -- node(s) analyzed as buffer(s) resulting in clock skew
    Info: Detected ripple clock "clkr" as buffer
Info: Clock "clk" has Internal fmax of 187.55 MHz between source register "counter[0]" and destination register "clkr" (period= 5.332 ns)
    Info: + Longest register to register delay is 5.069 ns
        Info: 1: + IC(0.000 ns) + CELL(0.000 ns) = 0.000 ns; Loc. = LCFF_X8_Y7_N1; Fanout = 2; REG Node = 'counter[0]'
        Info: 2: + IC(0.429 ns) + CELL(0.596 ns) = 1.025 ns; Loc. = LCCOMB_X8_Y7_N0; Fanout = 2; COMB Node = 'Add0~193'
        Info: 3: + IC(0.000 ns) + CELL(0.086 ns) = 1.111 ns; Loc. = LCCOMB_X8_Y7_N2; Fanout = 2; COMB Node = 'Add0~195'
        Info: 4: + IC(0.000 ns) + CELL(0.086 ns) = 1.197 ns; Loc. = LCCOMB_X8_Y7_N4; Fanout = 2; COMB Node = 'Add0~197'
        Info: 5: + IC(0.000 ns) + CELL(0.086 ns) = 1.283 ns; Loc. = LCCOMB_X8_Y7_N6; Fanout = 2; COMB Node = 'Add0~199'
        Info: 6: + IC(0.000 ns) + CELL(0.086 ns) = 1.369 ns; Loc. = LCCOMB_X8_Y7_N8; Fanout = 2; COMB Node = 'Add0~201'
        Info: 7: + IC(0.000 ns) + CELL(0.086 ns) = 1.455 ns; Loc. = LCCOMB_X8_Y7_N10; Fanout = 2; COMB Node = 'Add0~203'
        Info: 8: + IC(0.000 ns) + CELL(0.086 ns) = 1.541 ns; Loc. = LCCOMB_X8_Y7_N12; Fanout = 2; COMB Node = 'Add0~205'
        Info: 9: + IC(0.000 ns) + CELL(0.190 ns) = 1.731 ns; Loc. = LCCOMB_X8_Y7_N14; Fanout = 2; COMB Node = 'Add0~207'
        Info: 10: + IC(0.000 ns) + CELL(0.086 ns) = 1.817 ns; Loc. = LCCOMB_X8_Y7_N16; Fanout = 2; COMB Node = 'Add0~209'
        Info: 11: + IC(0.000 ns) + CELL(0.086 ns) = 1.903 ns; Loc. = LCCOMB_X8_Y7_N18; Fanout = 2; COMB Node = 'Add0~211'
        Info: 12: + IC(0.000 ns) + CELL(0.086 ns) = 1.989 ns; Loc. = LCCOMB_X8_Y7_N20; Fanout = 2; COMB Node = 'Add0~213'
        Info: 13: + IC(0.000 ns) + CELL(0.086 ns) = 2.075 ns; Loc. = LCCOMB_X8_Y7_N22; Fanout = 2; COMB Node = 'Add0~215'
        Info: 14: + IC(0.000 ns) + CELL(0.086 ns) = 2.161 ns; Loc. = LCCOMB_X8_Y7_N24; Fanout = 2; COMB Node = 'Add0~217'
        Info: 15: + IC(0.000 ns) + CELL(0.086 ns) = 2.247 ns; Loc. = LCCOMB_X8_Y7_N26; Fanout = 2; COMB Node = 'Add0~219'
        Info: 16: + IC(0.000 ns) + CELL(0.086 ns) = 2.333 ns; Loc. = LCCOMB_X8_Y7_N28; Fanout = 1; COMB Node = 'Add0~221'
        Info: 17: + IC(0.000 ns) + CELL(0.506 ns) = 2.839 ns; Loc. = LCCOMB_X8_Y7_N30; Fanout = 2; COMB Node = 'Add0~222'
        Info: 18: + IC(0.595 ns) + CELL(0.370 ns) = 3.804 ns; Loc. = LCCOMB_X9_Y7_N2; Fanout = 1; COMB Node = 'Equal0~146'
        Info: 19: + IC(0.383 ns) + CELL(0.206 ns) = 4.393 ns; Loc. = LCCOMB_X9_Y7_N6; Fanout = 1; COMB Node = 'Equal0~148'
        Info: 20: + IC(0.362 ns) + CELL(0.206 ns) = 4.961 ns; Loc. = LCCOMB_X9_Y7_N18; Fanout = 1; COMB Node = 'clkr~12'
        Info: 21: + IC(0.000 ns) + CELL(0.108 ns) = 5.069 ns; Loc. = LCFF_X9_Y7_N19; Fanout = 3; REG Node = 'clkr'
        Info: Total cell delay = 3.300 ns ( 65.10 % )
        Info: Total interconnect delay = 1.769 ns ( 34.90 % )
    Info: - Smallest clock skew is 0.001 ns
        Info: + Shortest clock path from clock "clk" to destination register is 2.719 ns
            Info: 1: + IC(0.000 ns) + CELL(1.100 ns) = 1.100 ns; Loc. = PIN_17; Fanout = 1; CLK Node = 'clk'
            Info: 2: + IC(0.143 ns) + CELL(0.000 ns) = 1.243 ns; Loc. = CLKCTRL_G2; Fanout = 17; COMB Node = 'clk~clkctrl'
            Info: 3: + IC(0.810 ns) + CELL(0.666 ns) = 2.719 ns; Loc. = LCFF_X9_Y7_N19; Fanout = 3; REG Node = 'clkr'
            Info: Total cell delay = 1.766 ns ( 64.95 % )
            Info: Total interconnect delay = 0.953 ns ( 35.05 % )
        Info: - Longest clock path from clock "clk" to source register is 2.718 ns
            Info: 1: + IC(0.000 ns) + CELL(1.100 ns) = 1.100 ns; Loc. = PIN_17; Fanout = 1; CLK Node = 'clk'
            Info: 2: + IC(0.143 ns) + CELL(0.000 ns) = 1.243 ns; Loc. = CLKCTRL_G2; Fanout = 17; COMB Node = 'clk~clkctrl'
            Info: 3: + IC(0.809 ns) + CELL(0.666 ns) = 2.718 ns; Loc. = LCFF_X8_Y7_N1; Fanout = 2; REG Node = 'counter[0]'
            Info: Total cell delay = 1.766 ns ( 64.97 % )
            Info: Total interconnect delay = 0.952 ns ( 35.03 % )
    Info: + Micro clock to output delay of source is 0.304 ns
    Info: + Micro setup delay of destination is -0.040 ns
Info: tco from clock "clk" to destination pin "en" through register "e" is 13.416 ns
    Info: + Longest clock path from clock "clk" to source register is 6.707 ns
        Info: 1: + IC(0.000 ns) + CELL(1.100 ns) = 1.100 ns; Loc. = PIN_17; Fanout = 1; CLK Node = 'clk'
        Info: 2: + IC(0.143 ns) + CELL(0.000 ns) = 1.243 ns; Loc. = CLKCTRL_G2; Fanout = 17; COMB Node = 'clk~clkctrl'
        Info: 3: + IC(0.810 ns) + CELL(0.970 ns) = 3.023 ns; Loc. = LCFF_X9_Y7_N19; Fanout = 3; REG Node = 'clkr'
        Info: 4: + IC(2.208 ns) + CELL(0.000 ns) = 5.231 ns; Loc. = CLKCTRL_G0; Fanout = 47; COMB Node = 'clkr~clkctrl'
        Info: 5: + IC(0.810 ns) + CELL(0.666 ns) = 6.707 ns; Loc. = LCFF_X9_Y7_N27; Fanout = 2; REG Node = 'e'
        Info: Total cell delay = 2.736 ns ( 40.79 % )
        Info: Total interconnect delay = 3.971 ns ( 59.21 % )
    Info: + Micro clock to output delay of source is 0.304 ns
    Info: + Longest register to pin delay is 6.405 ns
        Info: 1: + IC(0.000 ns) + CELL(0.000 ns) = 0.000 ns; Loc. = LCFF_X9_Y7_N27; Fanout = 2; REG Node = 'e'
        Info: 2: + IC(0.765 ns) + CELL(0.651 ns) = 1.416 ns; Loc. = LCCOMB_X9_Y7_N12; Fanout = 1; COMB Node = 'en~0'
        Info: 3: + IC(1.763 ns) + CELL(3.226 ns) = 6.405 ns; Loc. = PIN_57; Fanout = 0; PIN Node = 'en'
        Info: Total cell delay = 3.877 ns ( 60.53 % )
        Info: Total interconnect delay = 2.528 ns ( 39.47 % )
Info: Quartus II Timing Analyzer was successful. 0 errors, 2 warnings
    Info: Processing ended: Thu Sep 17 23:05:50 2009
    Info: Elapsed time: 00:00:01


