Flow report for DECL7S
Mon Sep 07 20:48:48 2015
Quartus II Version 11.0 Build 157 04/27/2011 SJ Full Version


---------------------
; Table of Contents ;
---------------------
  1. Legal Notice
  2. Flow Summary
  3. Flow Settings
  4. Flow Non-Default Global Settings
  5. Flow Elapsed Time
  6. Flow OS Summary
  7. Flow Log



----------------
; Legal Notice ;
----------------
Copyright (C) 1991-2011 Altera Corporation
Your use of Altera Corporation's design tools, logic functions 
and other software and tools, and its AMPP partner logic 
functions, and any output files from any of the foregoing 
(including device programming or simulation files), and any 
associated documentation or information are expressly subject 
to the terms and conditions of the Altera Program License 
Subscription Agreement, Altera MegaCore Function License 
Agreement, or other applicable license agreement, including, 
without limitation, that your use is for the sole purpose of 
programming logic devices manufactured by Altera and sold by 
Altera or its authorized distributors.  Please refer to the 
applicable agreement for further details.



+--------------------------------------------------------------------------------+
; Flow Summary                                                                   ;
+------------------------------------+-------------------------------------------+
; Flow Status                        ; Successful - Mon Sep 07 20:48:45 2015     ;
; Quartus II Version                 ; 11.0 Build 157 04/27/2011 SJ Full Version ;
; Revision Name                      ; DECL7S                                    ;
; Top-level Entity Name              ; DECL7S                                    ;
; Family                             ; Cyclone IV E                              ;
; Device                             ; EP4CE6E22C8                               ;
; Timing Models                      ; Final                                     ;
; Total logic elements               ; 6 / 6,272 ( < 1 % )                       ;
;     Total combinational functions  ; 6 / 6,272 ( < 1 % )                       ;
;     Dedicated logic registers      ; 0 / 6,272 ( 0 % )                         ;
; Total registers                    ; 0                                         ;
; Total pins                         ; 20 / 92 ( 22 % )                          ;
; Total virtual pins                 ; 0                                         ;
; Total memory bits                  ; 0 / 276,480 ( 0 % )                       ;
; Embedded Multiplier 9-bit elements ; 0 / 30 ( 0 % )                            ;
; Total PLLs                         ; 0 / 2 ( 0 % )                             ;
+------------------------------------+-------------------------------------------+


+-----------------------------------------+
; Flow Settings                           ;
+-------------------+---------------------+
; Option            ; Setting             ;
+-------------------+---------------------+
; Start date & time ; 09/07/2015 20:48:33 ;
; Main task         ; Compilation         ;
; Revision Name     ; DECL7S              ;
+-------------------+---------------------+


+----------------------------------------------------------------------------------------------------------------------------------------------------------------------+
; Flow Non-Default Global Settings                                                                                                                                     ;
+---------------------------------------+-----------------------------------------------------------------------------------+---------------+-------------+------------+
; Assignment Name                       ; Value                                                                             ; Default Value ; Entity Name ; Section Id ;
+---------------------------------------+-----------------------------------------------------------------------------------+---------------+-------------+------------+
; COMPILER_SIGNATURE_ID                 ; 91673767957.144163011304936                                                       ; --            ; --          ; --         ;
; MAX_CORE_JUNCTION_TEMP                ; 85                                                                                ; --            ; --          ; --         ;
; MIN_CORE_JUNCTION_TEMP                ; 0                                                                                 ; --            ; --          ; --         ;
; MISC_FILE                             ; H:/A-C5FB/A-C8V4开发板-整理的VHDL程序/7实验七：用按键点亮数码管/DECL7S.dpf        ; --            ; --          ; --         ;
; MISC_FILE                             ; E:/A-C5FB/A-C8V4开发板-整理的VHDL程序/7实验七：用按键点亮数码管/DECL7S.dpf        ; --            ; --          ; --         ;
; MISC_FILE                             ; G:/A-C5FB/A-C5FB/A-C8V4开发板-整理的VHDL程序/7实验七：用按键点亮数码管/DECL7S.dpf ; --            ; --          ; --         ;
; MISC_FILE                             ; D:/C-M240/VHDL-Examples/7-KEY-digital tube display/DECL7S.dpf                     ; --            ; --          ; --         ;
; MISC_FILE                             ; E:/A-C2FB English/VHDL-Examples/7-KEY-digital tube display/DECL7S.dpf             ; --            ; --          ; --         ;
; PARTITION_COLOR                       ; 16764057                                                                          ; --            ; --          ; Top        ;
; PARTITION_FITTER_PRESERVATION_LEVEL   ; PLACEMENT_AND_ROUTING                                                             ; --            ; --          ; Top        ;
; PARTITION_NETLIST_TYPE                ; SOURCE                                                                            ; --            ; --          ; Top        ;
; POWER_EXT_SUPPLY_VOLTAGE_TO_REGULATOR ; 3.3V                                                                              ; --            ; --          ; --         ;
+---------------------------------------+-----------------------------------------------------------------------------------+---------------+-------------+------------+


+-------------------------------------------------------------------------------------------------------------------------------+
; Flow Elapsed Time                                                                                                             ;
+---------------------------+--------------+-------------------------+---------------------+------------------------------------+
; Module Name               ; Elapsed Time ; Average Processors Used ; Peak Virtual Memory ; Total CPU Time (on all processors) ;
+---------------------------+--------------+-------------------------+---------------------+------------------------------------+
; Analysis & Synthesis      ; 00:00:03     ; 1.0                     ; 252 MB              ; 00:00:02                           ;
; Fitter                    ; 00:00:05     ; 1.3                     ; 327 MB              ; 00:00:05                           ;
; Assembler                 ; 00:00:02     ; 1.0                     ; 227 MB              ; 00:00:02                           ;
; TimeQuest Timing Analyzer ; 00:00:05     ; 1.0                     ; 252 MB              ; 00:00:04                           ;
; Total                     ; 00:00:15     ; --                      ; --                  ; 00:00:13                           ;
+---------------------------+--------------+-------------------------+---------------------+------------------------------------+


+-----------------------------------------------------------------------------------------+
; Flow OS Summary                                                                         ;
+---------------------------+------------------+------------+------------+----------------+
; Module Name               ; Machine Hostname ; OS Name    ; OS Version ; Processor type ;
+---------------------------+------------------+------------+------------+----------------+
; Analysis & Synthesis      ; 6262b8bcd6f540b  ; Windows XP ; 5.1        ; i686           ;
; Fitter                    ; 6262b8bcd6f540b  ; Windows XP ; 5.1        ; i686           ;
; Assembler                 ; 6262b8bcd6f540b  ; Windows XP ; 5.1        ; i686           ;
; TimeQuest Timing Analyzer ; 6262b8bcd6f540b  ; Windows XP ; 5.1        ; i686           ;
+---------------------------+------------------+------------+------------+----------------+


------------
; Flow Log ;
------------
quartus_map --read_settings_files=on --write_settings_files=off DECL7S -c DECL7S
quartus_fit --read_settings_files=off --write_settings_files=off DECL7S -c DECL7S
quartus_asm --read_settings_files=off --write_settings_files=off DECL7S -c DECL7S
quartus_sta DECL7S -c DECL7S



