Flow report for ledwater
Wed May 29 19:00:26 2019
Quartus Prime Version 18.1.0 Build 625 09/12/2018 SJ Lite Edition


---------------------
; Table of Contents ;
---------------------
  1. Legal Notice
  2. Flow Summary
  3. Flow Settings
  4. Flow Non-Default Global Settings
  5. Flow Elapsed Time
  6. Flow OS Summary
  7. Flow Log
  8. Flow Messages
  9. Flow Suppressed Messages



----------------
; Legal Notice ;
----------------
Copyright (C) 2018  Intel Corporation. All rights reserved.
Your use of Intel Corporation's design tools, logic functions 
and other software and tools, and its AMPP partner logic 
functions, and any output files from any of the foregoing 
(including device programming or simulation files), and any 
associated documentation or information are expressly subject 
to the terms and conditions of the Intel Program License 
Subscription Agreement, the Intel Quartus Prime License Agreement,
the Intel FPGA IP License Agreement, or other applicable license
agreement, including, without limitation, that your use is for
the sole purpose of programming logic devices manufactured by
Intel and sold by Intel or its authorized distributors.  Please
refer to the applicable agreement for further details.



+----------------------------------------------------------------------------------+
; Flow Summary                                                                     ;
+------------------------------------+---------------------------------------------+
; Flow Status                        ; Successful - Wed May 29 19:00:22 2019       ;
; Quartus Prime Version              ; 18.1.0 Build 625 09/12/2018 SJ Lite Edition ;
; Revision Name                      ; ledwater                                    ;
; Top-level Entity Name              ; ledwater                                    ;
; Family                             ; Cyclone IV E                                ;
; Device                             ; EP4CE10F17C8                                ;
; Timing Models                      ; Final                                       ;
; Total logic elements               ; 34 / 10,320 ( < 1 % )                       ;
;     Total combinational functions  ; 34 / 10,320 ( < 1 % )                       ;
;     Dedicated logic registers      ; 26 / 10,320 ( < 1 % )                       ;
; Total registers                    ; 26                                          ;
; Total pins                         ; 10 / 180 ( 6 % )                            ;
; Total virtual pins                 ; 0                                           ;
; Total memory bits                  ; 0 / 423,936 ( 0 % )                         ;
; Embedded Multiplier 9-bit elements ; 0 / 46 ( 0 % )                              ;
; Total PLLs                         ; 0 / 2 ( 0 % )                               ;
+------------------------------------+---------------------------------------------+


+-----------------------------------------+
; Flow Settings                           ;
+-------------------+---------------------+
; Option            ; Setting             ;
+-------------------+---------------------+
; Start date & time ; 05/29/2019 19:00:01 ;
; Main task         ; Compilation         ;
; Revision Name     ; ledwater            ;
+-------------------+---------------------+


+--------------------------------------------------------------------------------------------------------------------------------------------------------------------------------+
; Flow Non-Default Global Settings                                                                                                                                               ;
+---------------------------------------+---------------------------------------------------------------------------------------------+---------------+-------------+------------+
; Assignment Name                       ; Value                                                                                       ; Default Value ; Entity Name ; Section Id ;
+---------------------------------------+---------------------------------------------------------------------------------------------+---------------+-------------+------------+
; COMPILER_SIGNATURE_ID                 ; 198690285320223.155917080113876                                                             ; --            ; --          ; --         ;
; FITTER_EFFORT                         ; Standard Fit                                                                                ; Auto Fit      ; --          ; --         ;
; MAX_CORE_JUNCTION_TEMP                ; 85                                                                                          ; --            ; --          ; --         ;
; MIN_CORE_JUNCTION_TEMP                ; 0                                                                                           ; --            ; --          ; --         ;
; MISC_FILE                             ; G:/Verlog/跑马灯/ledwater.dpf                                                               ; --            ; --          ; --         ;
; MISC_FILE                             ; G:/做视频教材要用的/vreolg/好的程序/LED跑马灯/ledwater.dpf                                  ; --            ; --          ; --         ;
; MISC_FILE                             ; G:/CPLD_160_Vrlog/Verlog 没有调试/LED跑马灯/ledwater.dpf                                    ; --            ; --          ; --         ;
; MISC_FILE                             ; E:/A-C8V4整理的Verilog程序/LED花样跑马灯/ledwater.dpf                                       ; --            ; --          ; --         ;
; MISC_FILE                             ; E:/A-C5FB/A-C8V4开发板-整理的Verilog程序/17实验十七：利用语言实现LED花样跑马灯/ledwater.dpf ; --            ; --          ; --         ;
; MISC_FILE                             ; G:/A-C5FB/A-C5FB/A-C8V4开发板-整理的Verilog程序/17实验十七：LED花样跑马灯/ledwater.dpf      ; --            ; --          ; --         ;
; MISC_FILE                             ; D:/C-M240/Verilog-Examples/17-ledwater/ledwater.dpf                                         ; --            ; --          ; --         ;
; MISC_FILE                             ; F:/english/A-C2FB/Verilog-Examples/17-ledwater/ledwater.dpf                                 ; --            ; --          ; --         ;
; OPTIMIZE_HOLD_TIMING                  ; Off                                                                                         ; All Paths     ; --          ; --         ;
; OUTPUT_IO_TIMING_FAR_END_VMEAS        ; Half Signal Swing                                                                           ; --            ; --          ; --         ;
; OUTPUT_IO_TIMING_FAR_END_VMEAS        ; Half Signal Swing                                                                           ; --            ; --          ; --         ;
; OUTPUT_IO_TIMING_NEAR_END_VMEAS       ; Half Vccio                                                                                  ; --            ; --          ; --         ;
; OUTPUT_IO_TIMING_NEAR_END_VMEAS       ; Half Vccio                                                                                  ; --            ; --          ; --         ;
; PARTITION_COLOR                       ; -- (Not supported for targeted family)                                                      ; --            ; --          ; Top        ;
; PARTITION_FITTER_PRESERVATION_LEVEL   ; -- (Not supported for targeted family)                                                      ; --            ; --          ; Top        ;
; PARTITION_NETLIST_TYPE                ; -- (Not supported for targeted family)                                                      ; --            ; --          ; Top        ;
; POWER_EXT_SUPPLY_VOLTAGE_TO_REGULATOR ; -- (Not supported for targeted family)                                                      ; --            ; --          ; --         ;
+---------------------------------------+---------------------------------------------------------------------------------------------+---------------+-------------+------------+


+--------------------------------------------------------------------------------------------------------------------------+
; Flow Elapsed Time                                                                                                        ;
+----------------------+--------------+-------------------------+---------------------+------------------------------------+
; Module Name          ; Elapsed Time ; Average Processors Used ; Peak Virtual Memory ; Total CPU Time (on all processors) ;
+----------------------+--------------+-------------------------+---------------------+------------------------------------+
; Analysis & Synthesis ; 00:00:13     ; 1.0                     ; 4781 MB             ; 00:00:28                           ;
; Fitter               ; 00:00:05     ; 1.0                     ; 5504 MB             ; 00:00:06                           ;
; Assembler            ; 00:00:01     ; 1.0                     ; 4689 MB             ; 00:00:01                           ;
; Timing Analyzer      ; 00:00:03     ; 1.0                     ; 4767 MB             ; 00:00:03                           ;
; Total                ; 00:00:22     ; --                      ; --                  ; 00:00:38                           ;
+----------------------+--------------+-------------------------+---------------------+------------------------------------+


+------------------------------------------------------------------------------------+
; Flow OS Summary                                                                    ;
+----------------------+------------------+------------+------------+----------------+
; Module Name          ; Machine Hostname ; OS Name    ; OS Version ; Processor type ;
+----------------------+------------------+------------+------------+----------------+
; Analysis & Synthesis ; DESKTOP-2UF8LNB  ; Windows 10 ; 10.0       ; x86_64         ;
; Fitter               ; DESKTOP-2UF8LNB  ; Windows 10 ; 10.0       ; x86_64         ;
; Assembler            ; DESKTOP-2UF8LNB  ; Windows 10 ; 10.0       ; x86_64         ;
; Timing Analyzer      ; DESKTOP-2UF8LNB  ; Windows 10 ; 10.0       ; x86_64         ;
+----------------------+------------------+------------+------------+----------------+


------------
; Flow Log ;
------------
quartus_map --read_settings_files=on --write_settings_files=off ledwater -c ledwater
quartus_fit --read_settings_files=off --write_settings_files=off ledwater -c ledwater
quartus_asm --read_settings_files=off --write_settings_files=off ledwater -c ledwater
quartus_sta ledwater -c ledwater



