Classic Timing Analyzer report for div_f
Thu Jul 04 21:14:27 2013
Quartus II Version 9.0 Build 235 06/17/2009 Service Pack 2 SJ Web Edition


---------------------
; Table of Contents ;
---------------------
  1. Legal Notice
  2. Timing Analyzer Summary
  3. Timing Analyzer Settings
  4. Clock Settings Summary
  5. Parallel Compilation
  6. Clock Setup: 'clk'
  7. tco
  8. Timing Analyzer Messages



----------------
; Legal Notice ;
----------------
Copyright (C) 1991-2009 Altera Corporation
Your use of Altera Corporation's design tools, logic functions 
and other software and tools, and its AMPP partner logic 
functions, and any output files from any of the foregoing 
(including device programming or simulation files), and any 
associated documentation or information are expressly subject 
to the terms and conditions of the Altera Program License 
Subscription Agreement, Altera MegaCore Function License 
Agreement, or other applicable license agreement, including, 
without limitation, that your use is for the sole purpose of 
programming logic devices manufactured by Altera and sold by 
Altera or its authorized distributors.  Please refer to the 
applicable agreement for further details.



+----------------------------------------------------------------------------------------------------------------------------------------------------+
; Timing Analyzer Summary                                                                                                                            ;
+------------------------------+-------+---------------+----------------------------------+--------+----------+------------+----------+--------------+
; Type                         ; Slack ; Required Time ; Actual Time                      ; From   ; To       ; From Clock ; To Clock ; Failed Paths ;
+------------------------------+-------+---------------+----------------------------------+--------+----------+------------+----------+--------------+
; Worst-case tco               ; N/A   ; None          ; 6.813 ns                         ; ff     ; miao_out ; clk        ; --       ; 0            ;
; Clock Setup: 'clk'           ; N/A   ; None          ; 84.39 MHz ( period = 11.850 ns ) ; cnt[7] ; cnt[6]   ; clk        ; clk      ; 0            ;
; Total number of failed paths ;       ;               ;                                  ;        ;          ;            ;          ; 0            ;
+------------------------------+-------+---------------+----------------------------------+--------+----------+------------+----------+--------------+


+--------------------------------------------------------------------------------------------------------------------+
; Timing Analyzer Settings                                                                                           ;
+---------------------------------------------------------------------+--------------------+------+----+-------------+
; Option                                                              ; Setting            ; From ; To ; Entity Name ;
+---------------------------------------------------------------------+--------------------+------+----+-------------+
; Device Name                                                         ; EPM240T100C5       ;      ;    ;             ;
; Timing Models                                                       ; Final              ;      ;    ;             ;
; Default hold multicycle                                             ; Same as Multicycle ;      ;    ;             ;
; Cut paths between unrelated clock domains                           ; On                 ;      ;    ;             ;
; Cut off read during write signal paths                              ; On                 ;      ;    ;             ;
; Cut off feedback from I/O pins                                      ; On                 ;      ;    ;             ;
; Report Combined Fast/Slow Timing                                    ; Off                ;      ;    ;             ;
; Ignore Clock Settings                                               ; Off                ;      ;    ;             ;
; Analyze latches as synchronous elements                             ; On                 ;      ;    ;             ;
; Enable Recovery/Removal analysis                                    ; Off                ;      ;    ;             ;
; Enable Clock Latency                                                ; Off                ;      ;    ;             ;
; Use TimeQuest Timing Analyzer                                       ; Off                ;      ;    ;             ;
; Minimum Core Junction Temperature                                   ; 0                  ;      ;    ;             ;
; Maximum Core Junction Temperature                                   ; 85                 ;      ;    ;             ;
; Number of source nodes to report per destination node               ; 10                 ;      ;    ;             ;
; Number of destination nodes to report                               ; 10                 ;      ;    ;             ;
; Number of paths to report                                           ; 200                ;      ;    ;             ;
; Report Minimum Timing Checks                                        ; Off                ;      ;    ;             ;
; Use Fast Timing Models                                              ; Off                ;      ;    ;             ;
; Report IO Paths Separately                                          ; Off                ;      ;    ;             ;
; Perform Multicorner Analysis                                        ; Off                ;      ;    ;             ;
; Reports the worst-case path for each clock domain and analysis      ; Off                ;      ;    ;             ;
; Removes common clock path pessimism (CCPP) during slack computation ; Off                ;      ;    ;             ;
; Output I/O Timing Endpoint                                          ; Near End           ;      ;    ;             ;
+---------------------------------------------------------------------+--------------------+------+----+-------------+


+------------------------------------------------------------------------------------------------------------------------------------------------------------------------------------+
; Clock Settings Summary                                                                                                                                                             ;
+-----------------+--------------------+----------+------------------+---------------+--------------+----------+-----------------------+---------------------+--------+--------------+
; Clock Node Name ; Clock Setting Name ; Type     ; Fmax Requirement ; Early Latency ; Late Latency ; Based on ; Multiply Base Fmax by ; Divide Base Fmax by ; Offset ; Phase offset ;
+-----------------+--------------------+----------+------------------+---------------+--------------+----------+-----------------------+---------------------+--------+--------------+
; clk             ;                    ; User Pin ; None             ; 0.000 ns      ; 0.000 ns     ; --       ; N/A                   ; N/A                 ; N/A    ;              ;
+-----------------+--------------------+----------+------------------+---------------+--------------+----------+-----------------------+---------------------+--------+--------------+


+------------------------------------------+
; Parallel Compilation                     ;
+----------------------------+-------------+
; Processors                 ; Number      ;
+----------------------------+-------------+
; Number detected on machine ; 2           ;
; Maximum allowed            ; 2           ;
;                            ;             ;
; Average used               ; 1.00        ;
; Maximum used               ; 1           ;
;                            ;             ;
; Usage by Processor         ; % Time Used ;
;     1 processor            ; 100.0%      ;
;     2 processors           ;   0.0%      ;
+----------------------------+-------------+


+-------------------------------------------------------------------------------------------------------------------------------------------------------------------------------------------------------------------------------+
; Clock Setup: 'clk'                                                                                                                                                                                                            ;
+-----------------------------------------+-----------------------------------------------------+---------+---------+------------+----------+-----------------------------+---------------------------+-------------------------+
; Slack                                   ; Actual fmax (period)                                ; From    ; To      ; From Clock ; To Clock ; Required Setup Relationship ; Required Longest P2P Time ; Actual Longest P2P Time ;
+-----------------------------------------+-----------------------------------------------------+---------+---------+------------+----------+-----------------------------+---------------------------+-------------------------+
; N/A                                     ; 84.39 MHz ( period = 11.850 ns )                    ; cnt[7]  ; cnt[0]  ; clk        ; clk      ; None                        ; None                      ; 11.141 ns               ;
; N/A                                     ; 84.39 MHz ( period = 11.850 ns )                    ; cnt[7]  ; cnt[1]  ; clk        ; clk      ; None                        ; None                      ; 11.141 ns               ;
; N/A                                     ; 84.39 MHz ( period = 11.850 ns )                    ; cnt[7]  ; cnt[2]  ; clk        ; clk      ; None                        ; None                      ; 11.141 ns               ;
; N/A                                     ; 84.39 MHz ( period = 11.850 ns )                    ; cnt[7]  ; cnt[3]  ; clk        ; clk      ; None                        ; None                      ; 11.141 ns               ;
; N/A                                     ; 84.39 MHz ( period = 11.850 ns )                    ; cnt[7]  ; cnt[4]  ; clk        ; clk      ; None                        ; None                      ; 11.141 ns               ;
; N/A                                     ; 84.39 MHz ( period = 11.850 ns )                    ; cnt[7]  ; cnt[5]  ; clk        ; clk      ; None                        ; None                      ; 11.141 ns               ;
; N/A                                     ; 84.39 MHz ( period = 11.850 ns )                    ; cnt[7]  ; cnt[6]  ; clk        ; clk      ; None                        ; None                      ; 11.141 ns               ;
; N/A                                     ; 85.17 MHz ( period = 11.741 ns )                    ; cnt[8]  ; cnt[0]  ; clk        ; clk      ; None                        ; None                      ; 11.032 ns               ;
; N/A                                     ; 85.17 MHz ( period = 11.741 ns )                    ; cnt[8]  ; cnt[1]  ; clk        ; clk      ; None                        ; None                      ; 11.032 ns               ;
; N/A                                     ; 85.17 MHz ( period = 11.741 ns )                    ; cnt[8]  ; cnt[2]  ; clk        ; clk      ; None                        ; None                      ; 11.032 ns               ;
; N/A                                     ; 85.17 MHz ( period = 11.741 ns )                    ; cnt[8]  ; cnt[3]  ; clk        ; clk      ; None                        ; None                      ; 11.032 ns               ;
; N/A                                     ; 85.17 MHz ( period = 11.741 ns )                    ; cnt[8]  ; cnt[4]  ; clk        ; clk      ; None                        ; None                      ; 11.032 ns               ;
; N/A                                     ; 85.17 MHz ( period = 11.741 ns )                    ; cnt[8]  ; cnt[5]  ; clk        ; clk      ; None                        ; None                      ; 11.032 ns               ;
; N/A                                     ; 85.17 MHz ( period = 11.741 ns )                    ; cnt[8]  ; cnt[6]  ; clk        ; clk      ; None                        ; None                      ; 11.032 ns               ;
; N/A                                     ; 85.66 MHz ( period = 11.674 ns )                    ; cnt[10] ; cnt[0]  ; clk        ; clk      ; None                        ; None                      ; 10.965 ns               ;
; N/A                                     ; 85.66 MHz ( period = 11.674 ns )                    ; cnt[10] ; cnt[1]  ; clk        ; clk      ; None                        ; None                      ; 10.965 ns               ;
; N/A                                     ; 85.66 MHz ( period = 11.674 ns )                    ; cnt[10] ; cnt[2]  ; clk        ; clk      ; None                        ; None                      ; 10.965 ns               ;
; N/A                                     ; 85.66 MHz ( period = 11.674 ns )                    ; cnt[10] ; cnt[3]  ; clk        ; clk      ; None                        ; None                      ; 10.965 ns               ;
; N/A                                     ; 85.66 MHz ( period = 11.674 ns )                    ; cnt[10] ; cnt[4]  ; clk        ; clk      ; None                        ; None                      ; 10.965 ns               ;
; N/A                                     ; 85.66 MHz ( period = 11.674 ns )                    ; cnt[10] ; cnt[5]  ; clk        ; clk      ; None                        ; None                      ; 10.965 ns               ;
; N/A                                     ; 85.66 MHz ( period = 11.674 ns )                    ; cnt[10] ; cnt[6]  ; clk        ; clk      ; None                        ; None                      ; 10.965 ns               ;
; N/A                                     ; 86.65 MHz ( period = 11.541 ns )                    ; cnt[11] ; cnt[0]  ; clk        ; clk      ; None                        ; None                      ; 10.832 ns               ;
; N/A                                     ; 86.65 MHz ( period = 11.541 ns )                    ; cnt[11] ; cnt[1]  ; clk        ; clk      ; None                        ; None                      ; 10.832 ns               ;
; N/A                                     ; 86.65 MHz ( period = 11.541 ns )                    ; cnt[11] ; cnt[2]  ; clk        ; clk      ; None                        ; None                      ; 10.832 ns               ;
; N/A                                     ; 86.65 MHz ( period = 11.541 ns )                    ; cnt[11] ; cnt[3]  ; clk        ; clk      ; None                        ; None                      ; 10.832 ns               ;
; N/A                                     ; 86.65 MHz ( period = 11.541 ns )                    ; cnt[11] ; cnt[4]  ; clk        ; clk      ; None                        ; None                      ; 10.832 ns               ;
; N/A                                     ; 86.65 MHz ( period = 11.541 ns )                    ; cnt[11] ; cnt[5]  ; clk        ; clk      ; None                        ; None                      ; 10.832 ns               ;
; N/A                                     ; 86.65 MHz ( period = 11.541 ns )                    ; cnt[11] ; cnt[6]  ; clk        ; clk      ; None                        ; None                      ; 10.832 ns               ;
; N/A                                     ; 86.66 MHz ( period = 11.539 ns )                    ; cnt[12] ; cnt[0]  ; clk        ; clk      ; None                        ; None                      ; 10.830 ns               ;
; N/A                                     ; 86.66 MHz ( period = 11.539 ns )                    ; cnt[12] ; cnt[1]  ; clk        ; clk      ; None                        ; None                      ; 10.830 ns               ;
; N/A                                     ; 86.66 MHz ( period = 11.539 ns )                    ; cnt[12] ; cnt[2]  ; clk        ; clk      ; None                        ; None                      ; 10.830 ns               ;
; N/A                                     ; 86.66 MHz ( period = 11.539 ns )                    ; cnt[12] ; cnt[3]  ; clk        ; clk      ; None                        ; None                      ; 10.830 ns               ;
; N/A                                     ; 86.66 MHz ( period = 11.539 ns )                    ; cnt[12] ; cnt[4]  ; clk        ; clk      ; None                        ; None                      ; 10.830 ns               ;
; N/A                                     ; 86.66 MHz ( period = 11.539 ns )                    ; cnt[12] ; cnt[5]  ; clk        ; clk      ; None                        ; None                      ; 10.830 ns               ;
; N/A                                     ; 86.66 MHz ( period = 11.539 ns )                    ; cnt[12] ; cnt[6]  ; clk        ; clk      ; None                        ; None                      ; 10.830 ns               ;
; N/A                                     ; 87.41 MHz ( period = 11.440 ns )                    ; cnt[13] ; cnt[0]  ; clk        ; clk      ; None                        ; None                      ; 10.731 ns               ;
; N/A                                     ; 87.41 MHz ( period = 11.440 ns )                    ; cnt[13] ; cnt[1]  ; clk        ; clk      ; None                        ; None                      ; 10.731 ns               ;
; N/A                                     ; 87.41 MHz ( period = 11.440 ns )                    ; cnt[13] ; cnt[2]  ; clk        ; clk      ; None                        ; None                      ; 10.731 ns               ;
; N/A                                     ; 87.41 MHz ( period = 11.440 ns )                    ; cnt[13] ; cnt[3]  ; clk        ; clk      ; None                        ; None                      ; 10.731 ns               ;
; N/A                                     ; 87.41 MHz ( period = 11.440 ns )                    ; cnt[13] ; cnt[4]  ; clk        ; clk      ; None                        ; None                      ; 10.731 ns               ;
; N/A                                     ; 87.41 MHz ( period = 11.440 ns )                    ; cnt[13] ; cnt[5]  ; clk        ; clk      ; None                        ; None                      ; 10.731 ns               ;
; N/A                                     ; 87.41 MHz ( period = 11.440 ns )                    ; cnt[13] ; cnt[6]  ; clk        ; clk      ; None                        ; None                      ; 10.731 ns               ;
; N/A                                     ; 88.04 MHz ( period = 11.359 ns )                    ; cnt[9]  ; cnt[0]  ; clk        ; clk      ; None                        ; None                      ; 10.650 ns               ;
; N/A                                     ; 88.04 MHz ( period = 11.359 ns )                    ; cnt[9]  ; cnt[1]  ; clk        ; clk      ; None                        ; None                      ; 10.650 ns               ;
; N/A                                     ; 88.04 MHz ( period = 11.359 ns )                    ; cnt[9]  ; cnt[2]  ; clk        ; clk      ; None                        ; None                      ; 10.650 ns               ;
; N/A                                     ; 88.04 MHz ( period = 11.359 ns )                    ; cnt[9]  ; cnt[3]  ; clk        ; clk      ; None                        ; None                      ; 10.650 ns               ;
; N/A                                     ; 88.04 MHz ( period = 11.359 ns )                    ; cnt[9]  ; cnt[4]  ; clk        ; clk      ; None                        ; None                      ; 10.650 ns               ;
; N/A                                     ; 88.04 MHz ( period = 11.359 ns )                    ; cnt[9]  ; cnt[5]  ; clk        ; clk      ; None                        ; None                      ; 10.650 ns               ;
; N/A                                     ; 88.04 MHz ( period = 11.359 ns )                    ; cnt[9]  ; cnt[6]  ; clk        ; clk      ; None                        ; None                      ; 10.650 ns               ;
; N/A                                     ; 88.73 MHz ( period = 11.270 ns )                    ; cnt[7]  ; cnt[16] ; clk        ; clk      ; None                        ; None                      ; 10.561 ns               ;
; N/A                                     ; 88.73 MHz ( period = 11.270 ns )                    ; cnt[7]  ; cnt[11] ; clk        ; clk      ; None                        ; None                      ; 10.561 ns               ;
; N/A                                     ; 88.73 MHz ( period = 11.270 ns )                    ; cnt[7]  ; cnt[15] ; clk        ; clk      ; None                        ; None                      ; 10.561 ns               ;
; N/A                                     ; 88.73 MHz ( period = 11.270 ns )                    ; cnt[7]  ; cnt[14] ; clk        ; clk      ; None                        ; None                      ; 10.561 ns               ;
; N/A                                     ; 88.73 MHz ( period = 11.270 ns )                    ; cnt[7]  ; cnt[13] ; clk        ; clk      ; None                        ; None                      ; 10.561 ns               ;
; N/A                                     ; 88.73 MHz ( period = 11.270 ns )                    ; cnt[7]  ; cnt[12] ; clk        ; clk      ; None                        ; None                      ; 10.561 ns               ;
; N/A                                     ; 88.73 MHz ( period = 11.270 ns )                    ; cnt[7]  ; cnt[7]  ; clk        ; clk      ; None                        ; None                      ; 10.561 ns               ;
; N/A                                     ; 88.73 MHz ( period = 11.270 ns )                    ; cnt[7]  ; cnt[8]  ; clk        ; clk      ; None                        ; None                      ; 10.561 ns               ;
; N/A                                     ; 88.73 MHz ( period = 11.270 ns )                    ; cnt[7]  ; cnt[9]  ; clk        ; clk      ; None                        ; None                      ; 10.561 ns               ;
; N/A                                     ; 88.73 MHz ( period = 11.270 ns )                    ; cnt[7]  ; cnt[10] ; clk        ; clk      ; None                        ; None                      ; 10.561 ns               ;
; N/A                                     ; 88.94 MHz ( period = 11.244 ns )                    ; cnt[1]  ; cnt[0]  ; clk        ; clk      ; None                        ; None                      ; 10.535 ns               ;
; N/A                                     ; 88.94 MHz ( period = 11.244 ns )                    ; cnt[1]  ; cnt[1]  ; clk        ; clk      ; None                        ; None                      ; 10.535 ns               ;
; N/A                                     ; 88.94 MHz ( period = 11.244 ns )                    ; cnt[1]  ; cnt[2]  ; clk        ; clk      ; None                        ; None                      ; 10.535 ns               ;
; N/A                                     ; 88.94 MHz ( period = 11.244 ns )                    ; cnt[1]  ; cnt[3]  ; clk        ; clk      ; None                        ; None                      ; 10.535 ns               ;
; N/A                                     ; 88.94 MHz ( period = 11.244 ns )                    ; cnt[1]  ; cnt[4]  ; clk        ; clk      ; None                        ; None                      ; 10.535 ns               ;
; N/A                                     ; 88.94 MHz ( period = 11.244 ns )                    ; cnt[1]  ; cnt[5]  ; clk        ; clk      ; None                        ; None                      ; 10.535 ns               ;
; N/A                                     ; 88.94 MHz ( period = 11.244 ns )                    ; cnt[1]  ; cnt[6]  ; clk        ; clk      ; None                        ; None                      ; 10.535 ns               ;
; N/A                                     ; 89.03 MHz ( period = 11.232 ns )                    ; cnt[14] ; cnt[0]  ; clk        ; clk      ; None                        ; None                      ; 10.523 ns               ;
; N/A                                     ; 89.03 MHz ( period = 11.232 ns )                    ; cnt[14] ; cnt[1]  ; clk        ; clk      ; None                        ; None                      ; 10.523 ns               ;
; N/A                                     ; 89.03 MHz ( period = 11.232 ns )                    ; cnt[14] ; cnt[2]  ; clk        ; clk      ; None                        ; None                      ; 10.523 ns               ;
; N/A                                     ; 89.03 MHz ( period = 11.232 ns )                    ; cnt[14] ; cnt[3]  ; clk        ; clk      ; None                        ; None                      ; 10.523 ns               ;
; N/A                                     ; 89.03 MHz ( period = 11.232 ns )                    ; cnt[14] ; cnt[4]  ; clk        ; clk      ; None                        ; None                      ; 10.523 ns               ;
; N/A                                     ; 89.03 MHz ( period = 11.232 ns )                    ; cnt[14] ; cnt[5]  ; clk        ; clk      ; None                        ; None                      ; 10.523 ns               ;
; N/A                                     ; 89.03 MHz ( period = 11.232 ns )                    ; cnt[14] ; cnt[6]  ; clk        ; clk      ; None                        ; None                      ; 10.523 ns               ;
; N/A                                     ; 89.60 MHz ( period = 11.161 ns )                    ; cnt[8]  ; cnt[16] ; clk        ; clk      ; None                        ; None                      ; 10.452 ns               ;
; N/A                                     ; 89.60 MHz ( period = 11.161 ns )                    ; cnt[8]  ; cnt[11] ; clk        ; clk      ; None                        ; None                      ; 10.452 ns               ;
; N/A                                     ; 89.60 MHz ( period = 11.161 ns )                    ; cnt[8]  ; cnt[15] ; clk        ; clk      ; None                        ; None                      ; 10.452 ns               ;
; N/A                                     ; 89.60 MHz ( period = 11.161 ns )                    ; cnt[8]  ; cnt[14] ; clk        ; clk      ; None                        ; None                      ; 10.452 ns               ;
; N/A                                     ; 89.60 MHz ( period = 11.161 ns )                    ; cnt[8]  ; cnt[13] ; clk        ; clk      ; None                        ; None                      ; 10.452 ns               ;
; N/A                                     ; 89.60 MHz ( period = 11.161 ns )                    ; cnt[8]  ; cnt[12] ; clk        ; clk      ; None                        ; None                      ; 10.452 ns               ;
; N/A                                     ; 89.60 MHz ( period = 11.161 ns )                    ; cnt[8]  ; cnt[7]  ; clk        ; clk      ; None                        ; None                      ; 10.452 ns               ;
; N/A                                     ; 89.60 MHz ( period = 11.161 ns )                    ; cnt[8]  ; cnt[8]  ; clk        ; clk      ; None                        ; None                      ; 10.452 ns               ;
; N/A                                     ; 89.60 MHz ( period = 11.161 ns )                    ; cnt[8]  ; cnt[9]  ; clk        ; clk      ; None                        ; None                      ; 10.452 ns               ;
; N/A                                     ; 89.60 MHz ( period = 11.161 ns )                    ; cnt[8]  ; cnt[10] ; clk        ; clk      ; None                        ; None                      ; 10.452 ns               ;
; N/A                                     ; 90.14 MHz ( period = 11.094 ns )                    ; cnt[10] ; cnt[16] ; clk        ; clk      ; None                        ; None                      ; 10.385 ns               ;
; N/A                                     ; 90.14 MHz ( period = 11.094 ns )                    ; cnt[10] ; cnt[11] ; clk        ; clk      ; None                        ; None                      ; 10.385 ns               ;
; N/A                                     ; 90.14 MHz ( period = 11.094 ns )                    ; cnt[10] ; cnt[15] ; clk        ; clk      ; None                        ; None                      ; 10.385 ns               ;
; N/A                                     ; 90.14 MHz ( period = 11.094 ns )                    ; cnt[10] ; cnt[14] ; clk        ; clk      ; None                        ; None                      ; 10.385 ns               ;
; N/A                                     ; 90.14 MHz ( period = 11.094 ns )                    ; cnt[10] ; cnt[13] ; clk        ; clk      ; None                        ; None                      ; 10.385 ns               ;
; N/A                                     ; 90.14 MHz ( period = 11.094 ns )                    ; cnt[10] ; cnt[12] ; clk        ; clk      ; None                        ; None                      ; 10.385 ns               ;
; N/A                                     ; 90.14 MHz ( period = 11.094 ns )                    ; cnt[10] ; cnt[7]  ; clk        ; clk      ; None                        ; None                      ; 10.385 ns               ;
; N/A                                     ; 90.14 MHz ( period = 11.094 ns )                    ; cnt[10] ; cnt[8]  ; clk        ; clk      ; None                        ; None                      ; 10.385 ns               ;
; N/A                                     ; 90.14 MHz ( period = 11.094 ns )                    ; cnt[10] ; cnt[9]  ; clk        ; clk      ; None                        ; None                      ; 10.385 ns               ;
; N/A                                     ; 90.14 MHz ( period = 11.094 ns )                    ; cnt[10] ; cnt[10] ; clk        ; clk      ; None                        ; None                      ; 10.385 ns               ;
; N/A                                     ; 90.26 MHz ( period = 11.079 ns )                    ; cnt[3]  ; cnt[0]  ; clk        ; clk      ; None                        ; None                      ; 10.370 ns               ;
; N/A                                     ; 90.26 MHz ( period = 11.079 ns )                    ; cnt[3]  ; cnt[1]  ; clk        ; clk      ; None                        ; None                      ; 10.370 ns               ;
; N/A                                     ; 90.26 MHz ( period = 11.079 ns )                    ; cnt[3]  ; cnt[2]  ; clk        ; clk      ; None                        ; None                      ; 10.370 ns               ;
; N/A                                     ; 90.26 MHz ( period = 11.079 ns )                    ; cnt[3]  ; cnt[3]  ; clk        ; clk      ; None                        ; None                      ; 10.370 ns               ;
; N/A                                     ; 90.26 MHz ( period = 11.079 ns )                    ; cnt[3]  ; cnt[4]  ; clk        ; clk      ; None                        ; None                      ; 10.370 ns               ;
; N/A                                     ; 90.26 MHz ( period = 11.079 ns )                    ; cnt[3]  ; cnt[5]  ; clk        ; clk      ; None                        ; None                      ; 10.370 ns               ;
; N/A                                     ; 90.26 MHz ( period = 11.079 ns )                    ; cnt[3]  ; cnt[6]  ; clk        ; clk      ; None                        ; None                      ; 10.370 ns               ;
; N/A                                     ; 91.23 MHz ( period = 10.961 ns )                    ; cnt[11] ; cnt[16] ; clk        ; clk      ; None                        ; None                      ; 10.252 ns               ;
; N/A                                     ; 91.23 MHz ( period = 10.961 ns )                    ; cnt[11] ; cnt[11] ; clk        ; clk      ; None                        ; None                      ; 10.252 ns               ;
; N/A                                     ; 91.23 MHz ( period = 10.961 ns )                    ; cnt[11] ; cnt[15] ; clk        ; clk      ; None                        ; None                      ; 10.252 ns               ;
; N/A                                     ; 91.23 MHz ( period = 10.961 ns )                    ; cnt[11] ; cnt[14] ; clk        ; clk      ; None                        ; None                      ; 10.252 ns               ;
; N/A                                     ; 91.23 MHz ( period = 10.961 ns )                    ; cnt[11] ; cnt[13] ; clk        ; clk      ; None                        ; None                      ; 10.252 ns               ;
; N/A                                     ; 91.23 MHz ( period = 10.961 ns )                    ; cnt[11] ; cnt[12] ; clk        ; clk      ; None                        ; None                      ; 10.252 ns               ;
; N/A                                     ; 91.23 MHz ( period = 10.961 ns )                    ; cnt[11] ; cnt[7]  ; clk        ; clk      ; None                        ; None                      ; 10.252 ns               ;
; N/A                                     ; 91.23 MHz ( period = 10.961 ns )                    ; cnt[11] ; cnt[8]  ; clk        ; clk      ; None                        ; None                      ; 10.252 ns               ;
; N/A                                     ; 91.23 MHz ( period = 10.961 ns )                    ; cnt[11] ; cnt[9]  ; clk        ; clk      ; None                        ; None                      ; 10.252 ns               ;
; N/A                                     ; 91.23 MHz ( period = 10.961 ns )                    ; cnt[11] ; cnt[10] ; clk        ; clk      ; None                        ; None                      ; 10.252 ns               ;
; N/A                                     ; 91.25 MHz ( period = 10.959 ns )                    ; cnt[12] ; cnt[16] ; clk        ; clk      ; None                        ; None                      ; 10.250 ns               ;
; N/A                                     ; 91.25 MHz ( period = 10.959 ns )                    ; cnt[12] ; cnt[11] ; clk        ; clk      ; None                        ; None                      ; 10.250 ns               ;
; N/A                                     ; 91.25 MHz ( period = 10.959 ns )                    ; cnt[12] ; cnt[15] ; clk        ; clk      ; None                        ; None                      ; 10.250 ns               ;
; N/A                                     ; 91.25 MHz ( period = 10.959 ns )                    ; cnt[12] ; cnt[14] ; clk        ; clk      ; None                        ; None                      ; 10.250 ns               ;
; N/A                                     ; 91.25 MHz ( period = 10.959 ns )                    ; cnt[12] ; cnt[13] ; clk        ; clk      ; None                        ; None                      ; 10.250 ns               ;
; N/A                                     ; 91.25 MHz ( period = 10.959 ns )                    ; cnt[12] ; cnt[12] ; clk        ; clk      ; None                        ; None                      ; 10.250 ns               ;
; N/A                                     ; 91.25 MHz ( period = 10.959 ns )                    ; cnt[12] ; cnt[7]  ; clk        ; clk      ; None                        ; None                      ; 10.250 ns               ;
; N/A                                     ; 91.25 MHz ( period = 10.959 ns )                    ; cnt[12] ; cnt[8]  ; clk        ; clk      ; None                        ; None                      ; 10.250 ns               ;
; N/A                                     ; 91.25 MHz ( period = 10.959 ns )                    ; cnt[12] ; cnt[9]  ; clk        ; clk      ; None                        ; None                      ; 10.250 ns               ;
; N/A                                     ; 91.25 MHz ( period = 10.959 ns )                    ; cnt[12] ; cnt[10] ; clk        ; clk      ; None                        ; None                      ; 10.250 ns               ;
; N/A                                     ; 92.08 MHz ( period = 10.860 ns )                    ; cnt[13] ; cnt[16] ; clk        ; clk      ; None                        ; None                      ; 10.151 ns               ;
; N/A                                     ; 92.08 MHz ( period = 10.860 ns )                    ; cnt[13] ; cnt[11] ; clk        ; clk      ; None                        ; None                      ; 10.151 ns               ;
; N/A                                     ; 92.08 MHz ( period = 10.860 ns )                    ; cnt[13] ; cnt[15] ; clk        ; clk      ; None                        ; None                      ; 10.151 ns               ;
; N/A                                     ; 92.08 MHz ( period = 10.860 ns )                    ; cnt[13] ; cnt[14] ; clk        ; clk      ; None                        ; None                      ; 10.151 ns               ;
; N/A                                     ; 92.08 MHz ( period = 10.860 ns )                    ; cnt[13] ; cnt[13] ; clk        ; clk      ; None                        ; None                      ; 10.151 ns               ;
; N/A                                     ; 92.08 MHz ( period = 10.860 ns )                    ; cnt[13] ; cnt[12] ; clk        ; clk      ; None                        ; None                      ; 10.151 ns               ;
; N/A                                     ; 92.08 MHz ( period = 10.860 ns )                    ; cnt[13] ; cnt[7]  ; clk        ; clk      ; None                        ; None                      ; 10.151 ns               ;
; N/A                                     ; 92.08 MHz ( period = 10.860 ns )                    ; cnt[13] ; cnt[8]  ; clk        ; clk      ; None                        ; None                      ; 10.151 ns               ;
; N/A                                     ; 92.08 MHz ( period = 10.860 ns )                    ; cnt[13] ; cnt[9]  ; clk        ; clk      ; None                        ; None                      ; 10.151 ns               ;
; N/A                                     ; 92.08 MHz ( period = 10.860 ns )                    ; cnt[13] ; cnt[10] ; clk        ; clk      ; None                        ; None                      ; 10.151 ns               ;
; N/A                                     ; 92.28 MHz ( period = 10.836 ns )                    ; cnt[7]  ; cnt[23] ; clk        ; clk      ; None                        ; None                      ; 10.127 ns               ;
; N/A                                     ; 92.28 MHz ( period = 10.836 ns )                    ; cnt[7]  ; cnt[24] ; clk        ; clk      ; None                        ; None                      ; 10.127 ns               ;
; N/A                                     ; 92.28 MHz ( period = 10.836 ns )                    ; cnt[7]  ; cnt[22] ; clk        ; clk      ; None                        ; None                      ; 10.127 ns               ;
; N/A                                     ; 92.28 MHz ( period = 10.836 ns )                    ; cnt[7]  ; cnt[21] ; clk        ; clk      ; None                        ; None                      ; 10.127 ns               ;
; N/A                                     ; 92.28 MHz ( period = 10.836 ns )                    ; cnt[7]  ; cnt[17] ; clk        ; clk      ; None                        ; None                      ; 10.127 ns               ;
; N/A                                     ; 92.28 MHz ( period = 10.836 ns )                    ; cnt[7]  ; cnt[18] ; clk        ; clk      ; None                        ; None                      ; 10.127 ns               ;
; N/A                                     ; 92.28 MHz ( period = 10.836 ns )                    ; cnt[7]  ; cnt[19] ; clk        ; clk      ; None                        ; None                      ; 10.127 ns               ;
; N/A                                     ; 92.28 MHz ( period = 10.836 ns )                    ; cnt[7]  ; cnt[20] ; clk        ; clk      ; None                        ; None                      ; 10.127 ns               ;
; N/A                                     ; 92.47 MHz ( period = 10.814 ns )                    ; cnt[7]  ; ff      ; clk        ; clk      ; None                        ; None                      ; 10.105 ns               ;
; N/A                                     ; 92.77 MHz ( period = 10.779 ns )                    ; cnt[9]  ; cnt[16] ; clk        ; clk      ; None                        ; None                      ; 10.070 ns               ;
; N/A                                     ; 92.77 MHz ( period = 10.779 ns )                    ; cnt[9]  ; cnt[11] ; clk        ; clk      ; None                        ; None                      ; 10.070 ns               ;
; N/A                                     ; 92.77 MHz ( period = 10.779 ns )                    ; cnt[9]  ; cnt[15] ; clk        ; clk      ; None                        ; None                      ; 10.070 ns               ;
; N/A                                     ; 92.77 MHz ( period = 10.779 ns )                    ; cnt[9]  ; cnt[14] ; clk        ; clk      ; None                        ; None                      ; 10.070 ns               ;
; N/A                                     ; 92.77 MHz ( period = 10.779 ns )                    ; cnt[9]  ; cnt[13] ; clk        ; clk      ; None                        ; None                      ; 10.070 ns               ;
; N/A                                     ; 92.77 MHz ( period = 10.779 ns )                    ; cnt[9]  ; cnt[12] ; clk        ; clk      ; None                        ; None                      ; 10.070 ns               ;
; N/A                                     ; 92.77 MHz ( period = 10.779 ns )                    ; cnt[9]  ; cnt[7]  ; clk        ; clk      ; None                        ; None                      ; 10.070 ns               ;
; N/A                                     ; 92.77 MHz ( period = 10.779 ns )                    ; cnt[9]  ; cnt[8]  ; clk        ; clk      ; None                        ; None                      ; 10.070 ns               ;
; N/A                                     ; 92.77 MHz ( period = 10.779 ns )                    ; cnt[9]  ; cnt[9]  ; clk        ; clk      ; None                        ; None                      ; 10.070 ns               ;
; N/A                                     ; 92.77 MHz ( period = 10.779 ns )                    ; cnt[9]  ; cnt[10] ; clk        ; clk      ; None                        ; None                      ; 10.070 ns               ;
; N/A                                     ; 93.20 MHz ( period = 10.730 ns )                    ; cnt[2]  ; cnt[0]  ; clk        ; clk      ; None                        ; None                      ; 10.021 ns               ;
; N/A                                     ; 93.20 MHz ( period = 10.730 ns )                    ; cnt[2]  ; cnt[1]  ; clk        ; clk      ; None                        ; None                      ; 10.021 ns               ;
; N/A                                     ; 93.20 MHz ( period = 10.730 ns )                    ; cnt[2]  ; cnt[2]  ; clk        ; clk      ; None                        ; None                      ; 10.021 ns               ;
; N/A                                     ; 93.20 MHz ( period = 10.730 ns )                    ; cnt[2]  ; cnt[3]  ; clk        ; clk      ; None                        ; None                      ; 10.021 ns               ;
; N/A                                     ; 93.20 MHz ( period = 10.730 ns )                    ; cnt[2]  ; cnt[4]  ; clk        ; clk      ; None                        ; None                      ; 10.021 ns               ;
; N/A                                     ; 93.20 MHz ( period = 10.730 ns )                    ; cnt[2]  ; cnt[5]  ; clk        ; clk      ; None                        ; None                      ; 10.021 ns               ;
; N/A                                     ; 93.20 MHz ( period = 10.730 ns )                    ; cnt[2]  ; cnt[6]  ; clk        ; clk      ; None                        ; None                      ; 10.021 ns               ;
; N/A                                     ; 93.22 MHz ( period = 10.727 ns )                    ; cnt[8]  ; cnt[23] ; clk        ; clk      ; None                        ; None                      ; 10.018 ns               ;
; N/A                                     ; 93.22 MHz ( period = 10.727 ns )                    ; cnt[8]  ; cnt[24] ; clk        ; clk      ; None                        ; None                      ; 10.018 ns               ;
; N/A                                     ; 93.22 MHz ( period = 10.727 ns )                    ; cnt[8]  ; cnt[22] ; clk        ; clk      ; None                        ; None                      ; 10.018 ns               ;
; N/A                                     ; 93.22 MHz ( period = 10.727 ns )                    ; cnt[8]  ; cnt[21] ; clk        ; clk      ; None                        ; None                      ; 10.018 ns               ;
; N/A                                     ; 93.22 MHz ( period = 10.727 ns )                    ; cnt[8]  ; cnt[17] ; clk        ; clk      ; None                        ; None                      ; 10.018 ns               ;
; N/A                                     ; 93.22 MHz ( period = 10.727 ns )                    ; cnt[8]  ; cnt[18] ; clk        ; clk      ; None                        ; None                      ; 10.018 ns               ;
; N/A                                     ; 93.22 MHz ( period = 10.727 ns )                    ; cnt[8]  ; cnt[19] ; clk        ; clk      ; None                        ; None                      ; 10.018 ns               ;
; N/A                                     ; 93.22 MHz ( period = 10.727 ns )                    ; cnt[8]  ; cnt[20] ; clk        ; clk      ; None                        ; None                      ; 10.018 ns               ;
; N/A                                     ; 93.41 MHz ( period = 10.705 ns )                    ; cnt[8]  ; ff      ; clk        ; clk      ; None                        ; None                      ; 9.996 ns                ;
; N/A                                     ; 93.77 MHz ( period = 10.664 ns )                    ; cnt[1]  ; cnt[16] ; clk        ; clk      ; None                        ; None                      ; 9.955 ns                ;
; N/A                                     ; 93.77 MHz ( period = 10.664 ns )                    ; cnt[1]  ; cnt[11] ; clk        ; clk      ; None                        ; None                      ; 9.955 ns                ;
; N/A                                     ; 93.77 MHz ( period = 10.664 ns )                    ; cnt[1]  ; cnt[15] ; clk        ; clk      ; None                        ; None                      ; 9.955 ns                ;
; N/A                                     ; 93.77 MHz ( period = 10.664 ns )                    ; cnt[1]  ; cnt[14] ; clk        ; clk      ; None                        ; None                      ; 9.955 ns                ;
; N/A                                     ; 93.77 MHz ( period = 10.664 ns )                    ; cnt[1]  ; cnt[13] ; clk        ; clk      ; None                        ; None                      ; 9.955 ns                ;
; N/A                                     ; 93.77 MHz ( period = 10.664 ns )                    ; cnt[1]  ; cnt[12] ; clk        ; clk      ; None                        ; None                      ; 9.955 ns                ;
; N/A                                     ; 93.77 MHz ( period = 10.664 ns )                    ; cnt[1]  ; cnt[7]  ; clk        ; clk      ; None                        ; None                      ; 9.955 ns                ;
; N/A                                     ; 93.77 MHz ( period = 10.664 ns )                    ; cnt[1]  ; cnt[8]  ; clk        ; clk      ; None                        ; None                      ; 9.955 ns                ;
; N/A                                     ; 93.77 MHz ( period = 10.664 ns )                    ; cnt[1]  ; cnt[9]  ; clk        ; clk      ; None                        ; None                      ; 9.955 ns                ;
; N/A                                     ; 93.77 MHz ( period = 10.664 ns )                    ; cnt[1]  ; cnt[10] ; clk        ; clk      ; None                        ; None                      ; 9.955 ns                ;
; N/A                                     ; 93.81 MHz ( period = 10.660 ns )                    ; cnt[10] ; cnt[23] ; clk        ; clk      ; None                        ; None                      ; 9.951 ns                ;
; N/A                                     ; 93.81 MHz ( period = 10.660 ns )                    ; cnt[10] ; cnt[24] ; clk        ; clk      ; None                        ; None                      ; 9.951 ns                ;
; N/A                                     ; 93.81 MHz ( period = 10.660 ns )                    ; cnt[10] ; cnt[22] ; clk        ; clk      ; None                        ; None                      ; 9.951 ns                ;
; N/A                                     ; 93.81 MHz ( period = 10.660 ns )                    ; cnt[10] ; cnt[21] ; clk        ; clk      ; None                        ; None                      ; 9.951 ns                ;
; N/A                                     ; 93.81 MHz ( period = 10.660 ns )                    ; cnt[10] ; cnt[17] ; clk        ; clk      ; None                        ; None                      ; 9.951 ns                ;
; N/A                                     ; 93.81 MHz ( period = 10.660 ns )                    ; cnt[10] ; cnt[18] ; clk        ; clk      ; None                        ; None                      ; 9.951 ns                ;
; N/A                                     ; 93.81 MHz ( period = 10.660 ns )                    ; cnt[10] ; cnt[19] ; clk        ; clk      ; None                        ; None                      ; 9.951 ns                ;
; N/A                                     ; 93.81 MHz ( period = 10.660 ns )                    ; cnt[10] ; cnt[20] ; clk        ; clk      ; None                        ; None                      ; 9.951 ns                ;
; N/A                                     ; 93.88 MHz ( period = 10.652 ns )                    ; cnt[14] ; cnt[16] ; clk        ; clk      ; None                        ; None                      ; 9.943 ns                ;
; N/A                                     ; 93.88 MHz ( period = 10.652 ns )                    ; cnt[14] ; cnt[11] ; clk        ; clk      ; None                        ; None                      ; 9.943 ns                ;
; N/A                                     ; 93.88 MHz ( period = 10.652 ns )                    ; cnt[14] ; cnt[15] ; clk        ; clk      ; None                        ; None                      ; 9.943 ns                ;
; N/A                                     ; 93.88 MHz ( period = 10.652 ns )                    ; cnt[14] ; cnt[14] ; clk        ; clk      ; None                        ; None                      ; 9.943 ns                ;
; N/A                                     ; 93.88 MHz ( period = 10.652 ns )                    ; cnt[14] ; cnt[13] ; clk        ; clk      ; None                        ; None                      ; 9.943 ns                ;
; N/A                                     ; 93.88 MHz ( period = 10.652 ns )                    ; cnt[14] ; cnt[12] ; clk        ; clk      ; None                        ; None                      ; 9.943 ns                ;
; N/A                                     ; 93.88 MHz ( period = 10.652 ns )                    ; cnt[14] ; cnt[7]  ; clk        ; clk      ; None                        ; None                      ; 9.943 ns                ;
; N/A                                     ; 93.88 MHz ( period = 10.652 ns )                    ; cnt[14] ; cnt[8]  ; clk        ; clk      ; None                        ; None                      ; 9.943 ns                ;
; N/A                                     ; 93.88 MHz ( period = 10.652 ns )                    ; cnt[14] ; cnt[9]  ; clk        ; clk      ; None                        ; None                      ; 9.943 ns                ;
; N/A                                     ; 93.88 MHz ( period = 10.652 ns )                    ; cnt[14] ; cnt[10] ; clk        ; clk      ; None                        ; None                      ; 9.943 ns                ;
; N/A                                     ; 94.00 MHz ( period = 10.638 ns )                    ; cnt[10] ; ff      ; clk        ; clk      ; None                        ; None                      ; 9.929 ns                ;
; N/A                                     ; 94.99 MHz ( period = 10.527 ns )                    ; cnt[11] ; cnt[24] ; clk        ; clk      ; None                        ; None                      ; 9.818 ns                ;
; N/A                                     ; 94.99 MHz ( period = 10.527 ns )                    ; cnt[11] ; cnt[22] ; clk        ; clk      ; None                        ; None                      ; 9.818 ns                ;
; N/A                                     ; 94.99 MHz ( period = 10.527 ns )                    ; cnt[11] ; cnt[21] ; clk        ; clk      ; None                        ; None                      ; 9.818 ns                ;
; N/A                                     ; 94.99 MHz ( period = 10.527 ns )                    ; cnt[11] ; cnt[17] ; clk        ; clk      ; None                        ; None                      ; 9.818 ns                ;
; N/A                                     ; 94.99 MHz ( period = 10.527 ns )                    ; cnt[11] ; cnt[18] ; clk        ; clk      ; None                        ; None                      ; 9.818 ns                ;
; N/A                                     ; 94.99 MHz ( period = 10.527 ns )                    ; cnt[11] ; cnt[19] ; clk        ; clk      ; None                        ; None                      ; 9.818 ns                ;
; Timing analysis restricted to 200 rows. ; To change the limit use Settings (Assignments menu) ;         ;         ;            ;          ;                             ;                           ;                         ;
+-----------------------------------------+-----------------------------------------------------+---------+---------+------------+----------+-----------------------------+---------------------------+-------------------------+


+------------------------------------------------------------------+
; tco                                                              ;
+-------+--------------+------------+------+----------+------------+
; Slack ; Required tco ; Actual tco ; From ; To       ; From Clock ;
+-------+--------------+------------+------+----------+------------+
; N/A   ; None         ; 6.813 ns   ; ff   ; miao_out ; clk        ;
+-------+--------------+------------+------+----------+------------+


+--------------------------+
; Timing Analyzer Messages ;
+--------------------------+
Info: *******************************************************************
Info: Running Quartus II Classic Timing Analyzer
    Info: Version 9.0 Build 235 06/17/2009 Service Pack 2 SJ Web Edition
    Info: Processing started: Thu Jul 04 21:14:26 2013
Info: Command: quartus_tan --read_settings_files=off --write_settings_files=off div_f -c div_f
Info: Parallel compilation is enabled and will use 2 of the 2 processors detected
Info: Started post-fitting delay annotation
Info: Delay annotation completed successfully
Warning: Found pins functioning as undefined clocks and/or memory enables
    Info: Assuming node "clk" is an undefined clock
Info: Clock "clk" has Internal fmax of 84.39 MHz between source register "cnt[7]" and destination register "cnt[0]" (period= 11.85 ns)
    Info: + Longest register to register delay is 11.141 ns
        Info: 1: + IC(0.000 ns) + CELL(0.000 ns) = 0.000 ns; Loc. = LC_X6_Y1_N0; Fanout = 4; REG Node = 'cnt[7]'
        Info: 2: + IC(1.882 ns) + CELL(0.914 ns) = 2.796 ns; Loc. = LC_X6_Y2_N3; Fanout = 1; COMB Node = 'LessThan0~4'
        Info: 3: + IC(1.688 ns) + CELL(0.511 ns) = 4.995 ns; Loc. = LC_X5_Y1_N1; Fanout = 1; COMB Node = 'LessThan0~6'
        Info: 4: + IC(1.575 ns) + CELL(0.200 ns) = 6.770 ns; Loc. = LC_X7_Y1_N9; Fanout = 1; COMB Node = 'LessThan0~7'
        Info: 5: + IC(0.728 ns) + CELL(0.200 ns) = 7.698 ns; Loc. = LC_X7_Y1_N8; Fanout = 26; COMB Node = 'LessThan0~8'
        Info: 6: + IC(1.683 ns) + CELL(1.760 ns) = 11.141 ns; Loc. = LC_X5_Y1_N3; Fanout = 4; REG Node = 'cnt[0]'
        Info: Total cell delay = 3.585 ns ( 32.18 % )
        Info: Total interconnect delay = 7.556 ns ( 67.82 % )
    Info: - Smallest clock skew is 0.000 ns
        Info: + Shortest clock path from clock "clk" to destination register is 3.348 ns
            Info: 1: + IC(0.000 ns) + CELL(1.163 ns) = 1.163 ns; Loc. = PIN_12; Fanout = 26; CLK Node = 'clk'
            Info: 2: + IC(1.267 ns) + CELL(0.918 ns) = 3.348 ns; Loc. = LC_X5_Y1_N3; Fanout = 4; REG Node = 'cnt[0]'
            Info: Total cell delay = 2.081 ns ( 62.16 % )
            Info: Total interconnect delay = 1.267 ns ( 37.84 % )
        Info: - Longest clock path from clock "clk" to source register is 3.348 ns
            Info: 1: + IC(0.000 ns) + CELL(1.163 ns) = 1.163 ns; Loc. = PIN_12; Fanout = 26; CLK Node = 'clk'
            Info: 2: + IC(1.267 ns) + CELL(0.918 ns) = 3.348 ns; Loc. = LC_X6_Y1_N0; Fanout = 4; REG Node = 'cnt[7]'
            Info: Total cell delay = 2.081 ns ( 62.16 % )
            Info: Total interconnect delay = 1.267 ns ( 37.84 % )
    Info: + Micro clock to output delay of source is 0.376 ns
    Info: + Micro setup delay of destination is 0.333 ns
Info: tco from clock "clk" to destination pin "miao_out" through register "ff" is 6.813 ns
    Info: + Longest clock path from clock "clk" to source register is 3.348 ns
        Info: 1: + IC(0.000 ns) + CELL(1.163 ns) = 1.163 ns; Loc. = PIN_12; Fanout = 26; CLK Node = 'clk'
        Info: 2: + IC(1.267 ns) + CELL(0.918 ns) = 3.348 ns; Loc. = LC_X7_Y2_N4; Fanout = 2; REG Node = 'ff'
        Info: Total cell delay = 2.081 ns ( 62.16 % )
        Info: Total interconnect delay = 1.267 ns ( 37.84 % )
    Info: + Micro clock to output delay of source is 0.376 ns
    Info: + Longest register to pin delay is 3.089 ns
        Info: 1: + IC(0.000 ns) + CELL(0.000 ns) = 0.000 ns; Loc. = LC_X7_Y2_N4; Fanout = 2; REG Node = 'ff'
        Info: 2: + IC(0.767 ns) + CELL(2.322 ns) = 3.089 ns; Loc. = PIN_58; Fanout = 0; PIN Node = 'miao_out'
        Info: Total cell delay = 2.322 ns ( 75.17 % )
        Info: Total interconnect delay = 0.767 ns ( 24.83 % )
Info: Quartus II Classic Timing Analyzer was successful. 0 errors, 1 warning
    Info: Peak virtual memory: 133 megabytes
    Info: Processing ended: Thu Jul 04 21:14:27 2013
    Info: Elapsed time: 00:00:01
    Info: Total CPU time (on all processors): 00:00:01


