Flow report for LED8
Mon May 14 10:42:13 2018
Quartus II Version 11.0 Build 157 04/27/2011 SJ Full Version


---------------------
; Table of Contents ;
---------------------
  1. Legal Notice
  2. Flow Summary
  3. Flow Settings
  4. Flow Non-Default Global Settings
  5. Flow Elapsed Time
  6. Flow OS Summary
  7. Flow Log



----------------
; Legal Notice ;
----------------
Copyright (C) 1991-2011 Altera Corporation
Your use of Altera Corporation's design tools, logic functions 
and other software and tools, and its AMPP partner logic 
functions, and any output files from any of the foregoing 
(including device programming or simulation files), and any 
associated documentation or information are expressly subject 
to the terms and conditions of the Altera Program License 
Subscription Agreement, Altera MegaCore Function License 
Agreement, or other applicable license agreement, including, 
without limitation, that your use is for the sole purpose of 
programming logic devices manufactured by Altera and sold by 
Altera or its authorized distributors.  Please refer to the 
applicable agreement for further details.



+--------------------------------------------------------------------------------+
; Flow Summary                                                                   ;
+------------------------------------+-------------------------------------------+
; Flow Status                        ; Successful - Mon May 14 10:42:13 2018     ;
; Quartus II Version                 ; 11.0 Build 157 04/27/2011 SJ Full Version ;
; Revision Name                      ; LED8                                      ;
; Top-level Entity Name              ; LED8                                      ;
; Family                             ; Cyclone IV E                              ;
; Device                             ; EP4CE6E22C8                               ;
; Timing Models                      ; Final                                     ;
; Total logic elements               ; 83                                        ;
;     Total combinational functions  ; 77                                        ;
;     Dedicated logic registers      ; 43                                        ;
; Total registers                    ; 43                                        ;
; Total pins                         ; 14                                        ;
; Total virtual pins                 ; 0                                         ;
; Total memory bits                  ; 0                                         ;
; Embedded Multiplier 9-bit elements ; 0                                         ;
; Total PLLs                         ; 0                                         ;
+------------------------------------+-------------------------------------------+


+-----------------------------------------+
; Flow Settings                           ;
+-------------------+---------------------+
; Option            ; Setting             ;
+-------------------+---------------------+
; Start date & time ; 05/14/2018 10:42:10 ;
; Main task         ; Compilation         ;
; Revision Name     ; LED8                ;
+-------------------+---------------------+


+-------------------------------------------------------------------------------------------------------------------------------------------------------------------------+
; Flow Non-Default Global Settings                                                                                                                                        ;
+-----------------------------------------+------------------------------------------------------------------------------------+---------------+-------------+------------+
; Assignment Name                         ; Value                                                                              ; Default Value ; Entity Name ; Section Id ;
+-----------------------------------------+------------------------------------------------------------------------------------+---------------+-------------+------------+
; ANALYZE_LATCHES_AS_SYNCHRONOUS_ELEMENTS ; Off                                                                                ; On            ; --          ; --         ;
; COMPILER_SIGNATURE_ID                   ; 238368713245696.152626573027980                                                    ; --            ; --          ; --         ;
; FMAX_REQUIREMENT                        ; 50 MHz                                                                             ; --            ; --          ; --         ;
; MAX_CORE_JUNCTION_TEMP                  ; 85                                                                                 ; --            ; --          ; --         ;
; MIN_CORE_JUNCTION_TEMP                  ; 0                                                                                  ; --            ; --          ; --         ;
; MISC_FILE                               ; C:/Documents and Settings/Administrator/×ÀÃæ/EP3C16_VHDL/LED8/LED8.dpf             ; --            ; --          ; --         ;
; MISC_FILE                               ; F:/ICDev/EP3C25/EP3C25_Program/EP3C25_VHDL/LED8/LED8.dpf                           ; --            ; --          ; --         ;
; MISC_FILE                               ; C:/Users/Services/Desktop/FPGA_EP3C25_Doc/EP3C25_Program/EP3C25_VHDL/LED8/LED8.dpf ; --            ; --          ; --         ;
; MISC_FILE                               ; E:/Program_CD/CD/CD_FPGA/data/Program/EX-EP3C40/VHDL/LED8/LED8.dpf                 ; --            ; --          ; --         ;
; MISC_FILE                               ; D:/Work/FPGA/Su/VHDL/LED8/LED8.dpf                                                 ; --            ; --          ; --         ;
; MISC_FILE                               ; D:/FPGA_work/FPGA/VHDL/LED8/LED8.dpf                                               ; --            ; --          ; --         ;
; MISC_FILE                               ; D:/xiaoguang/FPGA data/EPM1270/program/VHDL/LED8/LED8.dpf                          ; --            ; --          ; --         ;
; MISC_FILE                               ; D:/fpga_project/EP3C40/vhdl/shumaguan/LED8.dpf                                     ; --            ; --          ; --         ;
; MISC_FILE                               ; E:/Program/EP2C8Q/vhdl/8 SEG LED Board/LED8.dpf                                    ; --            ; --          ; --         ;
; PARTITION_COLOR                         ; 16764057                                                                           ; --            ; --          ; Top        ;
; PARTITION_FITTER_PRESERVATION_LEVEL     ; PLACEMENT_AND_ROUTING                                                              ; --            ; --          ; Top        ;
; PARTITION_NETLIST_TYPE                  ; SOURCE                                                                             ; --            ; --          ; Top        ;
+-----------------------------------------+------------------------------------------------------------------------------------+---------------+-------------+------------+


+--------------------------------------------------------------------------------------------------------------------------+
; Flow Elapsed Time                                                                                                        ;
+----------------------+--------------+-------------------------+---------------------+------------------------------------+
; Module Name          ; Elapsed Time ; Average Processors Used ; Peak Virtual Memory ; Total CPU Time (on all processors) ;
+----------------------+--------------+-------------------------+---------------------+------------------------------------+
; Analysis & Synthesis ; 00:00:02     ; 1.0                     ; 358 MB              ; 00:00:03                           ;
; Total                ; 00:00:02     ; --                      ; --                  ; 00:00:03                           ;
+----------------------+--------------+-------------------------+---------------------+------------------------------------+


+-----------------------------------------------------------------------------------+
; Flow OS Summary                                                                   ;
+----------------------+------------------+-----------+------------+----------------+
; Module Name          ; Machine Hostname ; OS Name   ; OS Version ; Processor type ;
+----------------------+------------------+-----------+------------+----------------+
; Analysis & Synthesis ; LINXINWU-PC      ; Windows 7 ; 6.2        ; x86_64         ;
+----------------------+------------------+-----------+------------+----------------+


------------
; Flow Log ;
------------
quartus_map --read_settings_files=on --write_settings_files=off LED8 -c LED8



