Classic Timing Analyzer report for div_f
Wed Apr 14 22:45:56 2010
Quartus II Version 9.0 Build 235 06/17/2009 Service Pack 2 SJ Web Edition


---------------------
; Table of Contents ;
---------------------
  1. Legal Notice
  2. Timing Analyzer Summary
  3. Timing Analyzer Settings
  4. Clock Settings Summary
  5. Parallel Compilation
  6. Clock Setup: 'clk'
  7. tco
  8. Timing Analyzer Messages



----------------
; Legal Notice ;
----------------
Copyright (C) 1991-2009 Altera Corporation
Your use of Altera Corporation's design tools, logic functions 
and other software and tools, and its AMPP partner logic 
functions, and any output files from any of the foregoing 
(including device programming or simulation files), and any 
associated documentation or information are expressly subject 
to the terms and conditions of the Altera Program License 
Subscription Agreement, Altera MegaCore Function License 
Agreement, or other applicable license agreement, including, 
without limitation, that your use is for the sole purpose of 
programming logic devices manufactured by Altera and sold by 
Altera or its authorized distributors.  Please refer to the 
applicable agreement for further details.



+----------------------------------------------------------------------------------------------------------------------------------------------------+
; Timing Analyzer Summary                                                                                                                            ;
+------------------------------+-------+---------------+----------------------------------+--------+----------+------------+----------+--------------+
; Type                         ; Slack ; Required Time ; Actual Time                      ; From   ; To       ; From Clock ; To Clock ; Failed Paths ;
+------------------------------+-------+---------------+----------------------------------+--------+----------+------------+----------+--------------+
; Worst-case tco               ; N/A   ; None          ; 8.461 ns                         ; ff     ; miao_out ; clk        ; --       ; 0            ;
; Clock Setup: 'clk'           ; N/A   ; None          ; 160.49 MHz ( period = 6.231 ns ) ; cnt[0] ; cnt[12]  ; clk        ; clk      ; 0            ;
; Total number of failed paths ;       ;               ;                                  ;        ;          ;            ;          ; 0            ;
+------------------------------+-------+---------------+----------------------------------+--------+----------+------------+----------+--------------+


+--------------------------------------------------------------------------------------------------------------------+
; Timing Analyzer Settings                                                                                           ;
+---------------------------------------------------------------------+--------------------+------+----+-------------+
; Option                                                              ; Setting            ; From ; To ; Entity Name ;
+---------------------------------------------------------------------+--------------------+------+----+-------------+
; Device Name                                                         ; EP2C8Q208C8        ;      ;    ;             ;
; Timing Models                                                       ; Final              ;      ;    ;             ;
; Default hold multicycle                                             ; Same as Multicycle ;      ;    ;             ;
; Cut paths between unrelated clock domains                           ; On                 ;      ;    ;             ;
; Cut off read during write signal paths                              ; On                 ;      ;    ;             ;
; Cut off feedback from I/O pins                                      ; On                 ;      ;    ;             ;
; Report Combined Fast/Slow Timing                                    ; Off                ;      ;    ;             ;
; Ignore Clock Settings                                               ; Off                ;      ;    ;             ;
; Analyze latches as synchronous elements                             ; On                 ;      ;    ;             ;
; Enable Recovery/Removal analysis                                    ; Off                ;      ;    ;             ;
; Enable Clock Latency                                                ; Off                ;      ;    ;             ;
; Use TimeQuest Timing Analyzer                                       ; Off                ;      ;    ;             ;
; Minimum Core Junction Temperature                                   ; 0                  ;      ;    ;             ;
; Maximum Core Junction Temperature                                   ; 85                 ;      ;    ;             ;
; Number of source nodes to report per destination node               ; 10                 ;      ;    ;             ;
; Number of destination nodes to report                               ; 10                 ;      ;    ;             ;
; Number of paths to report                                           ; 200                ;      ;    ;             ;
; Report Minimum Timing Checks                                        ; Off                ;      ;    ;             ;
; Use Fast Timing Models                                              ; Off                ;      ;    ;             ;
; Report IO Paths Separately                                          ; Off                ;      ;    ;             ;
; Perform Multicorner Analysis                                        ; On                 ;      ;    ;             ;
; Reports the worst-case path for each clock domain and analysis      ; Off                ;      ;    ;             ;
; Removes common clock path pessimism (CCPP) during slack computation ; Off                ;      ;    ;             ;
; Output I/O Timing Endpoint                                          ; Near End           ;      ;    ;             ;
+---------------------------------------------------------------------+--------------------+------+----+-------------+


+------------------------------------------------------------------------------------------------------------------------------------------------------------------------------------+
; Clock Settings Summary                                                                                                                                                             ;
+-----------------+--------------------+----------+------------------+---------------+--------------+----------+-----------------------+---------------------+--------+--------------+
; Clock Node Name ; Clock Setting Name ; Type     ; Fmax Requirement ; Early Latency ; Late Latency ; Based on ; Multiply Base Fmax by ; Divide Base Fmax by ; Offset ; Phase offset ;
+-----------------+--------------------+----------+------------------+---------------+--------------+----------+-----------------------+---------------------+--------+--------------+
; clk             ;                    ; User Pin ; None             ; 0.000 ns      ; 0.000 ns     ; --       ; N/A                   ; N/A                 ; N/A    ;              ;
+-----------------+--------------------+----------+------------------+---------------+--------------+----------+-----------------------+---------------------+--------+--------------+


+------------------------------------------+
; Parallel Compilation                     ;
+----------------------------+-------------+
; Processors                 ; Number      ;
+----------------------------+-------------+
; Number detected on machine ; 2           ;
; Maximum allowed            ; 2           ;
;                            ;             ;
; Average used               ; 1.00        ;
; Maximum used               ; 1           ;
;                            ;             ;
; Usage by Processor         ; % Time Used ;
;     1 processor            ; 100.0%      ;
;     2 processors           ;   0.0%      ;
+----------------------------+-------------+


+-------------------------------------------------------------------------------------------------------------------------------------------------------------------------------------------------------------------------------+
; Clock Setup: 'clk'                                                                                                                                                                                                            ;
+-----------------------------------------+-----------------------------------------------------+---------+---------+------------+----------+-----------------------------+---------------------------+-------------------------+
; Slack                                   ; Actual fmax (period)                                ; From    ; To      ; From Clock ; To Clock ; Required Setup Relationship ; Required Longest P2P Time ; Actual Longest P2P Time ;
+-----------------------------------------+-----------------------------------------------------+---------+---------+------------+----------+-----------------------------+---------------------------+-------------------------+
; N/A                                     ; 160.49 MHz ( period = 6.231 ns )                    ; cnt[0]  ; cnt[23] ; clk        ; clk      ; None                        ; None                      ; 5.962 ns                ;
; N/A                                     ; 160.49 MHz ( period = 6.231 ns )                    ; cnt[0]  ; cnt[24] ; clk        ; clk      ; None                        ; None                      ; 5.962 ns                ;
; N/A                                     ; 160.49 MHz ( period = 6.231 ns )                    ; cnt[0]  ; cnt[22] ; clk        ; clk      ; None                        ; None                      ; 5.962 ns                ;
; N/A                                     ; 160.49 MHz ( period = 6.231 ns )                    ; cnt[0]  ; cnt[18] ; clk        ; clk      ; None                        ; None                      ; 5.962 ns                ;
; N/A                                     ; 160.49 MHz ( period = 6.231 ns )                    ; cnt[0]  ; cnt[19] ; clk        ; clk      ; None                        ; None                      ; 5.962 ns                ;
; N/A                                     ; 160.49 MHz ( period = 6.231 ns )                    ; cnt[0]  ; cnt[17] ; clk        ; clk      ; None                        ; None                      ; 5.962 ns                ;
; N/A                                     ; 160.49 MHz ( period = 6.231 ns )                    ; cnt[0]  ; cnt[16] ; clk        ; clk      ; None                        ; None                      ; 5.962 ns                ;
; N/A                                     ; 160.49 MHz ( period = 6.231 ns )                    ; cnt[0]  ; cnt[15] ; clk        ; clk      ; None                        ; None                      ; 5.962 ns                ;
; N/A                                     ; 160.49 MHz ( period = 6.231 ns )                    ; cnt[0]  ; cnt[21] ; clk        ; clk      ; None                        ; None                      ; 5.962 ns                ;
; N/A                                     ; 160.49 MHz ( period = 6.231 ns )                    ; cnt[0]  ; cnt[20] ; clk        ; clk      ; None                        ; None                      ; 5.962 ns                ;
; N/A                                     ; 160.49 MHz ( period = 6.231 ns )                    ; cnt[0]  ; cnt[14] ; clk        ; clk      ; None                        ; None                      ; 5.962 ns                ;
; N/A                                     ; 160.49 MHz ( period = 6.231 ns )                    ; cnt[0]  ; cnt[13] ; clk        ; clk      ; None                        ; None                      ; 5.962 ns                ;
; N/A                                     ; 160.49 MHz ( period = 6.231 ns )                    ; cnt[0]  ; cnt[12] ; clk        ; clk      ; None                        ; None                      ; 5.962 ns                ;
; N/A                                     ; 161.00 MHz ( period = 6.211 ns )                    ; cnt[0]  ; cnt[6]  ; clk        ; clk      ; None                        ; None                      ; 5.947 ns                ;
; N/A                                     ; 161.00 MHz ( period = 6.211 ns )                    ; cnt[0]  ; cnt[9]  ; clk        ; clk      ; None                        ; None                      ; 5.947 ns                ;
; N/A                                     ; 161.00 MHz ( period = 6.211 ns )                    ; cnt[0]  ; cnt[7]  ; clk        ; clk      ; None                        ; None                      ; 5.947 ns                ;
; N/A                                     ; 161.00 MHz ( period = 6.211 ns )                    ; cnt[0]  ; cnt[8]  ; clk        ; clk      ; None                        ; None                      ; 5.947 ns                ;
; N/A                                     ; 161.00 MHz ( period = 6.211 ns )                    ; cnt[0]  ; cnt[10] ; clk        ; clk      ; None                        ; None                      ; 5.947 ns                ;
; N/A                                     ; 161.00 MHz ( period = 6.211 ns )                    ; cnt[0]  ; cnt[11] ; clk        ; clk      ; None                        ; None                      ; 5.947 ns                ;
; N/A                                     ; 161.00 MHz ( period = 6.211 ns )                    ; cnt[0]  ; cnt[4]  ; clk        ; clk      ; None                        ; None                      ; 5.947 ns                ;
; N/A                                     ; 161.00 MHz ( period = 6.211 ns )                    ; cnt[0]  ; cnt[5]  ; clk        ; clk      ; None                        ; None                      ; 5.947 ns                ;
; N/A                                     ; 161.00 MHz ( period = 6.211 ns )                    ; cnt[0]  ; cnt[0]  ; clk        ; clk      ; None                        ; None                      ; 5.947 ns                ;
; N/A                                     ; 161.00 MHz ( period = 6.211 ns )                    ; cnt[0]  ; cnt[1]  ; clk        ; clk      ; None                        ; None                      ; 5.947 ns                ;
; N/A                                     ; 161.00 MHz ( period = 6.211 ns )                    ; cnt[0]  ; cnt[3]  ; clk        ; clk      ; None                        ; None                      ; 5.947 ns                ;
; N/A                                     ; 161.00 MHz ( period = 6.211 ns )                    ; cnt[0]  ; cnt[2]  ; clk        ; clk      ; None                        ; None                      ; 5.947 ns                ;
; N/A                                     ; 161.94 MHz ( period = 6.175 ns )                    ; cnt[1]  ; cnt[23] ; clk        ; clk      ; None                        ; None                      ; 5.906 ns                ;
; N/A                                     ; 161.94 MHz ( period = 6.175 ns )                    ; cnt[1]  ; cnt[24] ; clk        ; clk      ; None                        ; None                      ; 5.906 ns                ;
; N/A                                     ; 161.94 MHz ( period = 6.175 ns )                    ; cnt[1]  ; cnt[22] ; clk        ; clk      ; None                        ; None                      ; 5.906 ns                ;
; N/A                                     ; 161.94 MHz ( period = 6.175 ns )                    ; cnt[1]  ; cnt[18] ; clk        ; clk      ; None                        ; None                      ; 5.906 ns                ;
; N/A                                     ; 161.94 MHz ( period = 6.175 ns )                    ; cnt[1]  ; cnt[19] ; clk        ; clk      ; None                        ; None                      ; 5.906 ns                ;
; N/A                                     ; 161.94 MHz ( period = 6.175 ns )                    ; cnt[1]  ; cnt[17] ; clk        ; clk      ; None                        ; None                      ; 5.906 ns                ;
; N/A                                     ; 161.94 MHz ( period = 6.175 ns )                    ; cnt[1]  ; cnt[16] ; clk        ; clk      ; None                        ; None                      ; 5.906 ns                ;
; N/A                                     ; 161.94 MHz ( period = 6.175 ns )                    ; cnt[1]  ; cnt[15] ; clk        ; clk      ; None                        ; None                      ; 5.906 ns                ;
; N/A                                     ; 161.94 MHz ( period = 6.175 ns )                    ; cnt[1]  ; cnt[21] ; clk        ; clk      ; None                        ; None                      ; 5.906 ns                ;
; N/A                                     ; 161.94 MHz ( period = 6.175 ns )                    ; cnt[1]  ; cnt[20] ; clk        ; clk      ; None                        ; None                      ; 5.906 ns                ;
; N/A                                     ; 161.94 MHz ( period = 6.175 ns )                    ; cnt[1]  ; cnt[14] ; clk        ; clk      ; None                        ; None                      ; 5.906 ns                ;
; N/A                                     ; 161.94 MHz ( period = 6.175 ns )                    ; cnt[1]  ; cnt[13] ; clk        ; clk      ; None                        ; None                      ; 5.906 ns                ;
; N/A                                     ; 161.94 MHz ( period = 6.175 ns )                    ; cnt[1]  ; cnt[12] ; clk        ; clk      ; None                        ; None                      ; 5.906 ns                ;
; N/A                                     ; 162.47 MHz ( period = 6.155 ns )                    ; cnt[1]  ; cnt[6]  ; clk        ; clk      ; None                        ; None                      ; 5.891 ns                ;
; N/A                                     ; 162.47 MHz ( period = 6.155 ns )                    ; cnt[1]  ; cnt[9]  ; clk        ; clk      ; None                        ; None                      ; 5.891 ns                ;
; N/A                                     ; 162.47 MHz ( period = 6.155 ns )                    ; cnt[1]  ; cnt[7]  ; clk        ; clk      ; None                        ; None                      ; 5.891 ns                ;
; N/A                                     ; 162.47 MHz ( period = 6.155 ns )                    ; cnt[1]  ; cnt[8]  ; clk        ; clk      ; None                        ; None                      ; 5.891 ns                ;
; N/A                                     ; 162.47 MHz ( period = 6.155 ns )                    ; cnt[1]  ; cnt[10] ; clk        ; clk      ; None                        ; None                      ; 5.891 ns                ;
; N/A                                     ; 162.47 MHz ( period = 6.155 ns )                    ; cnt[1]  ; cnt[11] ; clk        ; clk      ; None                        ; None                      ; 5.891 ns                ;
; N/A                                     ; 162.47 MHz ( period = 6.155 ns )                    ; cnt[1]  ; cnt[4]  ; clk        ; clk      ; None                        ; None                      ; 5.891 ns                ;
; N/A                                     ; 162.47 MHz ( period = 6.155 ns )                    ; cnt[1]  ; cnt[5]  ; clk        ; clk      ; None                        ; None                      ; 5.891 ns                ;
; N/A                                     ; 162.47 MHz ( period = 6.155 ns )                    ; cnt[1]  ; cnt[0]  ; clk        ; clk      ; None                        ; None                      ; 5.891 ns                ;
; N/A                                     ; 162.47 MHz ( period = 6.155 ns )                    ; cnt[1]  ; cnt[1]  ; clk        ; clk      ; None                        ; None                      ; 5.891 ns                ;
; N/A                                     ; 162.47 MHz ( period = 6.155 ns )                    ; cnt[1]  ; cnt[3]  ; clk        ; clk      ; None                        ; None                      ; 5.891 ns                ;
; N/A                                     ; 162.47 MHz ( period = 6.155 ns )                    ; cnt[1]  ; cnt[2]  ; clk        ; clk      ; None                        ; None                      ; 5.891 ns                ;
; N/A                                     ; 164.10 MHz ( period = 6.094 ns )                    ; cnt[10] ; cnt[23] ; clk        ; clk      ; None                        ; None                      ; 5.825 ns                ;
; N/A                                     ; 164.10 MHz ( period = 6.094 ns )                    ; cnt[10] ; cnt[24] ; clk        ; clk      ; None                        ; None                      ; 5.825 ns                ;
; N/A                                     ; 164.10 MHz ( period = 6.094 ns )                    ; cnt[10] ; cnt[22] ; clk        ; clk      ; None                        ; None                      ; 5.825 ns                ;
; N/A                                     ; 164.10 MHz ( period = 6.094 ns )                    ; cnt[10] ; cnt[18] ; clk        ; clk      ; None                        ; None                      ; 5.825 ns                ;
; N/A                                     ; 164.10 MHz ( period = 6.094 ns )                    ; cnt[10] ; cnt[19] ; clk        ; clk      ; None                        ; None                      ; 5.825 ns                ;
; N/A                                     ; 164.10 MHz ( period = 6.094 ns )                    ; cnt[10] ; cnt[17] ; clk        ; clk      ; None                        ; None                      ; 5.825 ns                ;
; N/A                                     ; 164.10 MHz ( period = 6.094 ns )                    ; cnt[10] ; cnt[16] ; clk        ; clk      ; None                        ; None                      ; 5.825 ns                ;
; N/A                                     ; 164.10 MHz ( period = 6.094 ns )                    ; cnt[10] ; cnt[15] ; clk        ; clk      ; None                        ; None                      ; 5.825 ns                ;
; N/A                                     ; 164.10 MHz ( period = 6.094 ns )                    ; cnt[10] ; cnt[21] ; clk        ; clk      ; None                        ; None                      ; 5.825 ns                ;
; N/A                                     ; 164.10 MHz ( period = 6.094 ns )                    ; cnt[10] ; cnt[20] ; clk        ; clk      ; None                        ; None                      ; 5.825 ns                ;
; N/A                                     ; 164.10 MHz ( period = 6.094 ns )                    ; cnt[10] ; cnt[14] ; clk        ; clk      ; None                        ; None                      ; 5.825 ns                ;
; N/A                                     ; 164.10 MHz ( period = 6.094 ns )                    ; cnt[10] ; cnt[13] ; clk        ; clk      ; None                        ; None                      ; 5.825 ns                ;
; N/A                                     ; 164.10 MHz ( period = 6.094 ns )                    ; cnt[10] ; cnt[12] ; clk        ; clk      ; None                        ; None                      ; 5.825 ns                ;
; N/A                                     ; 164.64 MHz ( period = 6.074 ns )                    ; cnt[10] ; cnt[6]  ; clk        ; clk      ; None                        ; None                      ; 5.810 ns                ;
; N/A                                     ; 164.64 MHz ( period = 6.074 ns )                    ; cnt[10] ; cnt[9]  ; clk        ; clk      ; None                        ; None                      ; 5.810 ns                ;
; N/A                                     ; 164.64 MHz ( period = 6.074 ns )                    ; cnt[10] ; cnt[7]  ; clk        ; clk      ; None                        ; None                      ; 5.810 ns                ;
; N/A                                     ; 164.64 MHz ( period = 6.074 ns )                    ; cnt[10] ; cnt[8]  ; clk        ; clk      ; None                        ; None                      ; 5.810 ns                ;
; N/A                                     ; 164.64 MHz ( period = 6.074 ns )                    ; cnt[10] ; cnt[10] ; clk        ; clk      ; None                        ; None                      ; 5.810 ns                ;
; N/A                                     ; 164.64 MHz ( period = 6.074 ns )                    ; cnt[10] ; cnt[11] ; clk        ; clk      ; None                        ; None                      ; 5.810 ns                ;
; N/A                                     ; 164.64 MHz ( period = 6.074 ns )                    ; cnt[10] ; cnt[4]  ; clk        ; clk      ; None                        ; None                      ; 5.810 ns                ;
; N/A                                     ; 164.64 MHz ( period = 6.074 ns )                    ; cnt[10] ; cnt[5]  ; clk        ; clk      ; None                        ; None                      ; 5.810 ns                ;
; N/A                                     ; 164.64 MHz ( period = 6.074 ns )                    ; cnt[10] ; cnt[0]  ; clk        ; clk      ; None                        ; None                      ; 5.810 ns                ;
; N/A                                     ; 164.64 MHz ( period = 6.074 ns )                    ; cnt[10] ; cnt[1]  ; clk        ; clk      ; None                        ; None                      ; 5.810 ns                ;
; N/A                                     ; 164.64 MHz ( period = 6.074 ns )                    ; cnt[10] ; cnt[3]  ; clk        ; clk      ; None                        ; None                      ; 5.810 ns                ;
; N/A                                     ; 164.64 MHz ( period = 6.074 ns )                    ; cnt[10] ; cnt[2]  ; clk        ; clk      ; None                        ; None                      ; 5.810 ns                ;
; N/A                                     ; 165.76 MHz ( period = 6.033 ns )                    ; cnt[9]  ; cnt[23] ; clk        ; clk      ; None                        ; None                      ; 5.764 ns                ;
; N/A                                     ; 165.76 MHz ( period = 6.033 ns )                    ; cnt[9]  ; cnt[24] ; clk        ; clk      ; None                        ; None                      ; 5.764 ns                ;
; N/A                                     ; 165.76 MHz ( period = 6.033 ns )                    ; cnt[9]  ; cnt[22] ; clk        ; clk      ; None                        ; None                      ; 5.764 ns                ;
; N/A                                     ; 165.76 MHz ( period = 6.033 ns )                    ; cnt[9]  ; cnt[18] ; clk        ; clk      ; None                        ; None                      ; 5.764 ns                ;
; N/A                                     ; 165.76 MHz ( period = 6.033 ns )                    ; cnt[9]  ; cnt[19] ; clk        ; clk      ; None                        ; None                      ; 5.764 ns                ;
; N/A                                     ; 165.76 MHz ( period = 6.033 ns )                    ; cnt[9]  ; cnt[17] ; clk        ; clk      ; None                        ; None                      ; 5.764 ns                ;
; N/A                                     ; 165.76 MHz ( period = 6.033 ns )                    ; cnt[9]  ; cnt[16] ; clk        ; clk      ; None                        ; None                      ; 5.764 ns                ;
; N/A                                     ; 165.76 MHz ( period = 6.033 ns )                    ; cnt[9]  ; cnt[15] ; clk        ; clk      ; None                        ; None                      ; 5.764 ns                ;
; N/A                                     ; 165.76 MHz ( period = 6.033 ns )                    ; cnt[9]  ; cnt[21] ; clk        ; clk      ; None                        ; None                      ; 5.764 ns                ;
; N/A                                     ; 165.76 MHz ( period = 6.033 ns )                    ; cnt[9]  ; cnt[20] ; clk        ; clk      ; None                        ; None                      ; 5.764 ns                ;
; N/A                                     ; 165.76 MHz ( period = 6.033 ns )                    ; cnt[9]  ; cnt[14] ; clk        ; clk      ; None                        ; None                      ; 5.764 ns                ;
; N/A                                     ; 165.76 MHz ( period = 6.033 ns )                    ; cnt[9]  ; cnt[13] ; clk        ; clk      ; None                        ; None                      ; 5.764 ns                ;
; N/A                                     ; 165.76 MHz ( period = 6.033 ns )                    ; cnt[9]  ; cnt[12] ; clk        ; clk      ; None                        ; None                      ; 5.764 ns                ;
; N/A                                     ; 166.31 MHz ( period = 6.013 ns )                    ; cnt[9]  ; cnt[6]  ; clk        ; clk      ; None                        ; None                      ; 5.749 ns                ;
; N/A                                     ; 166.31 MHz ( period = 6.013 ns )                    ; cnt[9]  ; cnt[9]  ; clk        ; clk      ; None                        ; None                      ; 5.749 ns                ;
; N/A                                     ; 166.31 MHz ( period = 6.013 ns )                    ; cnt[9]  ; cnt[7]  ; clk        ; clk      ; None                        ; None                      ; 5.749 ns                ;
; N/A                                     ; 166.31 MHz ( period = 6.013 ns )                    ; cnt[9]  ; cnt[8]  ; clk        ; clk      ; None                        ; None                      ; 5.749 ns                ;
; N/A                                     ; 166.31 MHz ( period = 6.013 ns )                    ; cnt[9]  ; cnt[10] ; clk        ; clk      ; None                        ; None                      ; 5.749 ns                ;
; N/A                                     ; 166.31 MHz ( period = 6.013 ns )                    ; cnt[9]  ; cnt[11] ; clk        ; clk      ; None                        ; None                      ; 5.749 ns                ;
; N/A                                     ; 166.31 MHz ( period = 6.013 ns )                    ; cnt[9]  ; cnt[4]  ; clk        ; clk      ; None                        ; None                      ; 5.749 ns                ;
; N/A                                     ; 166.31 MHz ( period = 6.013 ns )                    ; cnt[9]  ; cnt[5]  ; clk        ; clk      ; None                        ; None                      ; 5.749 ns                ;
; N/A                                     ; 166.31 MHz ( period = 6.013 ns )                    ; cnt[9]  ; cnt[0]  ; clk        ; clk      ; None                        ; None                      ; 5.749 ns                ;
; N/A                                     ; 166.31 MHz ( period = 6.013 ns )                    ; cnt[9]  ; cnt[1]  ; clk        ; clk      ; None                        ; None                      ; 5.749 ns                ;
; N/A                                     ; 166.31 MHz ( period = 6.013 ns )                    ; cnt[9]  ; cnt[3]  ; clk        ; clk      ; None                        ; None                      ; 5.749 ns                ;
; N/A                                     ; 166.31 MHz ( period = 6.013 ns )                    ; cnt[9]  ; cnt[2]  ; clk        ; clk      ; None                        ; None                      ; 5.749 ns                ;
; N/A                                     ; 166.56 MHz ( period = 6.004 ns )                    ; cnt[7]  ; cnt[23] ; clk        ; clk      ; None                        ; None                      ; 5.735 ns                ;
; N/A                                     ; 166.56 MHz ( period = 6.004 ns )                    ; cnt[7]  ; cnt[24] ; clk        ; clk      ; None                        ; None                      ; 5.735 ns                ;
; N/A                                     ; 166.56 MHz ( period = 6.004 ns )                    ; cnt[7]  ; cnt[22] ; clk        ; clk      ; None                        ; None                      ; 5.735 ns                ;
; N/A                                     ; 166.56 MHz ( period = 6.004 ns )                    ; cnt[7]  ; cnt[18] ; clk        ; clk      ; None                        ; None                      ; 5.735 ns                ;
; N/A                                     ; 166.56 MHz ( period = 6.004 ns )                    ; cnt[7]  ; cnt[19] ; clk        ; clk      ; None                        ; None                      ; 5.735 ns                ;
; N/A                                     ; 166.56 MHz ( period = 6.004 ns )                    ; cnt[7]  ; cnt[17] ; clk        ; clk      ; None                        ; None                      ; 5.735 ns                ;
; N/A                                     ; 166.56 MHz ( period = 6.004 ns )                    ; cnt[7]  ; cnt[16] ; clk        ; clk      ; None                        ; None                      ; 5.735 ns                ;
; N/A                                     ; 166.56 MHz ( period = 6.004 ns )                    ; cnt[7]  ; cnt[15] ; clk        ; clk      ; None                        ; None                      ; 5.735 ns                ;
; N/A                                     ; 166.56 MHz ( period = 6.004 ns )                    ; cnt[7]  ; cnt[21] ; clk        ; clk      ; None                        ; None                      ; 5.735 ns                ;
; N/A                                     ; 166.56 MHz ( period = 6.004 ns )                    ; cnt[7]  ; cnt[20] ; clk        ; clk      ; None                        ; None                      ; 5.735 ns                ;
; N/A                                     ; 166.56 MHz ( period = 6.004 ns )                    ; cnt[7]  ; cnt[14] ; clk        ; clk      ; None                        ; None                      ; 5.735 ns                ;
; N/A                                     ; 166.56 MHz ( period = 6.004 ns )                    ; cnt[7]  ; cnt[13] ; clk        ; clk      ; None                        ; None                      ; 5.735 ns                ;
; N/A                                     ; 166.56 MHz ( period = 6.004 ns )                    ; cnt[7]  ; cnt[12] ; clk        ; clk      ; None                        ; None                      ; 5.735 ns                ;
; N/A                                     ; 167.11 MHz ( period = 5.984 ns )                    ; cnt[7]  ; cnt[6]  ; clk        ; clk      ; None                        ; None                      ; 5.720 ns                ;
; N/A                                     ; 167.11 MHz ( period = 5.984 ns )                    ; cnt[7]  ; cnt[9]  ; clk        ; clk      ; None                        ; None                      ; 5.720 ns                ;
; N/A                                     ; 167.11 MHz ( period = 5.984 ns )                    ; cnt[7]  ; cnt[7]  ; clk        ; clk      ; None                        ; None                      ; 5.720 ns                ;
; N/A                                     ; 167.11 MHz ( period = 5.984 ns )                    ; cnt[7]  ; cnt[8]  ; clk        ; clk      ; None                        ; None                      ; 5.720 ns                ;
; N/A                                     ; 167.11 MHz ( period = 5.984 ns )                    ; cnt[7]  ; cnt[10] ; clk        ; clk      ; None                        ; None                      ; 5.720 ns                ;
; N/A                                     ; 167.11 MHz ( period = 5.984 ns )                    ; cnt[7]  ; cnt[11] ; clk        ; clk      ; None                        ; None                      ; 5.720 ns                ;
; N/A                                     ; 167.11 MHz ( period = 5.984 ns )                    ; cnt[7]  ; cnt[4]  ; clk        ; clk      ; None                        ; None                      ; 5.720 ns                ;
; N/A                                     ; 167.11 MHz ( period = 5.984 ns )                    ; cnt[7]  ; cnt[5]  ; clk        ; clk      ; None                        ; None                      ; 5.720 ns                ;
; N/A                                     ; 167.11 MHz ( period = 5.984 ns )                    ; cnt[7]  ; cnt[0]  ; clk        ; clk      ; None                        ; None                      ; 5.720 ns                ;
; N/A                                     ; 167.11 MHz ( period = 5.984 ns )                    ; cnt[7]  ; cnt[1]  ; clk        ; clk      ; None                        ; None                      ; 5.720 ns                ;
; N/A                                     ; 167.11 MHz ( period = 5.984 ns )                    ; cnt[7]  ; cnt[3]  ; clk        ; clk      ; None                        ; None                      ; 5.720 ns                ;
; N/A                                     ; 167.11 MHz ( period = 5.984 ns )                    ; cnt[7]  ; cnt[2]  ; clk        ; clk      ; None                        ; None                      ; 5.720 ns                ;
; N/A                                     ; 168.18 MHz ( period = 5.946 ns )                    ; cnt[3]  ; cnt[23] ; clk        ; clk      ; None                        ; None                      ; 5.677 ns                ;
; N/A                                     ; 168.18 MHz ( period = 5.946 ns )                    ; cnt[3]  ; cnt[24] ; clk        ; clk      ; None                        ; None                      ; 5.677 ns                ;
; N/A                                     ; 168.18 MHz ( period = 5.946 ns )                    ; cnt[3]  ; cnt[22] ; clk        ; clk      ; None                        ; None                      ; 5.677 ns                ;
; N/A                                     ; 168.18 MHz ( period = 5.946 ns )                    ; cnt[3]  ; cnt[18] ; clk        ; clk      ; None                        ; None                      ; 5.677 ns                ;
; N/A                                     ; 168.18 MHz ( period = 5.946 ns )                    ; cnt[3]  ; cnt[19] ; clk        ; clk      ; None                        ; None                      ; 5.677 ns                ;
; N/A                                     ; 168.18 MHz ( period = 5.946 ns )                    ; cnt[3]  ; cnt[17] ; clk        ; clk      ; None                        ; None                      ; 5.677 ns                ;
; N/A                                     ; 168.18 MHz ( period = 5.946 ns )                    ; cnt[3]  ; cnt[16] ; clk        ; clk      ; None                        ; None                      ; 5.677 ns                ;
; N/A                                     ; 168.18 MHz ( period = 5.946 ns )                    ; cnt[3]  ; cnt[15] ; clk        ; clk      ; None                        ; None                      ; 5.677 ns                ;
; N/A                                     ; 168.18 MHz ( period = 5.946 ns )                    ; cnt[3]  ; cnt[21] ; clk        ; clk      ; None                        ; None                      ; 5.677 ns                ;
; N/A                                     ; 168.18 MHz ( period = 5.946 ns )                    ; cnt[3]  ; cnt[20] ; clk        ; clk      ; None                        ; None                      ; 5.677 ns                ;
; N/A                                     ; 168.18 MHz ( period = 5.946 ns )                    ; cnt[3]  ; cnt[14] ; clk        ; clk      ; None                        ; None                      ; 5.677 ns                ;
; N/A                                     ; 168.18 MHz ( period = 5.946 ns )                    ; cnt[3]  ; cnt[13] ; clk        ; clk      ; None                        ; None                      ; 5.677 ns                ;
; N/A                                     ; 168.18 MHz ( period = 5.946 ns )                    ; cnt[3]  ; cnt[12] ; clk        ; clk      ; None                        ; None                      ; 5.677 ns                ;
; N/A                                     ; 168.75 MHz ( period = 5.926 ns )                    ; cnt[3]  ; cnt[6]  ; clk        ; clk      ; None                        ; None                      ; 5.662 ns                ;
; N/A                                     ; 168.75 MHz ( period = 5.926 ns )                    ; cnt[3]  ; cnt[9]  ; clk        ; clk      ; None                        ; None                      ; 5.662 ns                ;
; N/A                                     ; 168.75 MHz ( period = 5.926 ns )                    ; cnt[3]  ; cnt[7]  ; clk        ; clk      ; None                        ; None                      ; 5.662 ns                ;
; N/A                                     ; 168.75 MHz ( period = 5.926 ns )                    ; cnt[3]  ; cnt[8]  ; clk        ; clk      ; None                        ; None                      ; 5.662 ns                ;
; N/A                                     ; 168.75 MHz ( period = 5.926 ns )                    ; cnt[3]  ; cnt[10] ; clk        ; clk      ; None                        ; None                      ; 5.662 ns                ;
; N/A                                     ; 168.75 MHz ( period = 5.926 ns )                    ; cnt[3]  ; cnt[11] ; clk        ; clk      ; None                        ; None                      ; 5.662 ns                ;
; N/A                                     ; 168.75 MHz ( period = 5.926 ns )                    ; cnt[3]  ; cnt[4]  ; clk        ; clk      ; None                        ; None                      ; 5.662 ns                ;
; N/A                                     ; 168.75 MHz ( period = 5.926 ns )                    ; cnt[3]  ; cnt[5]  ; clk        ; clk      ; None                        ; None                      ; 5.662 ns                ;
; N/A                                     ; 168.75 MHz ( period = 5.926 ns )                    ; cnt[3]  ; cnt[0]  ; clk        ; clk      ; None                        ; None                      ; 5.662 ns                ;
; N/A                                     ; 168.75 MHz ( period = 5.926 ns )                    ; cnt[3]  ; cnt[1]  ; clk        ; clk      ; None                        ; None                      ; 5.662 ns                ;
; N/A                                     ; 168.75 MHz ( period = 5.926 ns )                    ; cnt[3]  ; cnt[3]  ; clk        ; clk      ; None                        ; None                      ; 5.662 ns                ;
; N/A                                     ; 168.75 MHz ( period = 5.926 ns )                    ; cnt[3]  ; cnt[2]  ; clk        ; clk      ; None                        ; None                      ; 5.662 ns                ;
; N/A                                     ; 169.58 MHz ( period = 5.897 ns )                    ; cnt[20] ; cnt[23] ; clk        ; clk      ; None                        ; None                      ; 5.633 ns                ;
; N/A                                     ; 169.58 MHz ( period = 5.897 ns )                    ; cnt[20] ; cnt[24] ; clk        ; clk      ; None                        ; None                      ; 5.633 ns                ;
; N/A                                     ; 169.58 MHz ( period = 5.897 ns )                    ; cnt[20] ; cnt[22] ; clk        ; clk      ; None                        ; None                      ; 5.633 ns                ;
; N/A                                     ; 169.58 MHz ( period = 5.897 ns )                    ; cnt[20] ; cnt[18] ; clk        ; clk      ; None                        ; None                      ; 5.633 ns                ;
; N/A                                     ; 169.58 MHz ( period = 5.897 ns )                    ; cnt[20] ; cnt[19] ; clk        ; clk      ; None                        ; None                      ; 5.633 ns                ;
; N/A                                     ; 169.58 MHz ( period = 5.897 ns )                    ; cnt[20] ; cnt[17] ; clk        ; clk      ; None                        ; None                      ; 5.633 ns                ;
; N/A                                     ; 169.58 MHz ( period = 5.897 ns )                    ; cnt[20] ; cnt[16] ; clk        ; clk      ; None                        ; None                      ; 5.633 ns                ;
; N/A                                     ; 169.58 MHz ( period = 5.897 ns )                    ; cnt[20] ; cnt[15] ; clk        ; clk      ; None                        ; None                      ; 5.633 ns                ;
; N/A                                     ; 169.58 MHz ( period = 5.897 ns )                    ; cnt[20] ; cnt[21] ; clk        ; clk      ; None                        ; None                      ; 5.633 ns                ;
; N/A                                     ; 169.58 MHz ( period = 5.897 ns )                    ; cnt[20] ; cnt[20] ; clk        ; clk      ; None                        ; None                      ; 5.633 ns                ;
; N/A                                     ; 169.58 MHz ( period = 5.897 ns )                    ; cnt[20] ; cnt[14] ; clk        ; clk      ; None                        ; None                      ; 5.633 ns                ;
; N/A                                     ; 169.58 MHz ( period = 5.897 ns )                    ; cnt[20] ; cnt[13] ; clk        ; clk      ; None                        ; None                      ; 5.633 ns                ;
; N/A                                     ; 169.58 MHz ( period = 5.897 ns )                    ; cnt[20] ; cnt[12] ; clk        ; clk      ; None                        ; None                      ; 5.633 ns                ;
; N/A                                     ; 170.15 MHz ( period = 5.877 ns )                    ; cnt[20] ; cnt[6]  ; clk        ; clk      ; None                        ; None                      ; 5.618 ns                ;
; N/A                                     ; 170.15 MHz ( period = 5.877 ns )                    ; cnt[20] ; cnt[9]  ; clk        ; clk      ; None                        ; None                      ; 5.618 ns                ;
; N/A                                     ; 170.15 MHz ( period = 5.877 ns )                    ; cnt[20] ; cnt[7]  ; clk        ; clk      ; None                        ; None                      ; 5.618 ns                ;
; N/A                                     ; 170.15 MHz ( period = 5.877 ns )                    ; cnt[20] ; cnt[8]  ; clk        ; clk      ; None                        ; None                      ; 5.618 ns                ;
; N/A                                     ; 170.15 MHz ( period = 5.877 ns )                    ; cnt[20] ; cnt[10] ; clk        ; clk      ; None                        ; None                      ; 5.618 ns                ;
; N/A                                     ; 170.15 MHz ( period = 5.877 ns )                    ; cnt[20] ; cnt[11] ; clk        ; clk      ; None                        ; None                      ; 5.618 ns                ;
; N/A                                     ; 170.15 MHz ( period = 5.877 ns )                    ; cnt[20] ; cnt[4]  ; clk        ; clk      ; None                        ; None                      ; 5.618 ns                ;
; N/A                                     ; 170.15 MHz ( period = 5.877 ns )                    ; cnt[20] ; cnt[5]  ; clk        ; clk      ; None                        ; None                      ; 5.618 ns                ;
; N/A                                     ; 170.15 MHz ( period = 5.877 ns )                    ; cnt[20] ; cnt[0]  ; clk        ; clk      ; None                        ; None                      ; 5.618 ns                ;
; N/A                                     ; 170.15 MHz ( period = 5.877 ns )                    ; cnt[20] ; cnt[1]  ; clk        ; clk      ; None                        ; None                      ; 5.618 ns                ;
; N/A                                     ; 170.15 MHz ( period = 5.877 ns )                    ; cnt[20] ; cnt[3]  ; clk        ; clk      ; None                        ; None                      ; 5.618 ns                ;
; N/A                                     ; 170.15 MHz ( period = 5.877 ns )                    ; cnt[20] ; cnt[2]  ; clk        ; clk      ; None                        ; None                      ; 5.618 ns                ;
; N/A                                     ; 171.53 MHz ( period = 5.830 ns )                    ; cnt[8]  ; cnt[23] ; clk        ; clk      ; None                        ; None                      ; 5.561 ns                ;
; N/A                                     ; 171.53 MHz ( period = 5.830 ns )                    ; cnt[8]  ; cnt[24] ; clk        ; clk      ; None                        ; None                      ; 5.561 ns                ;
; N/A                                     ; 171.53 MHz ( period = 5.830 ns )                    ; cnt[8]  ; cnt[22] ; clk        ; clk      ; None                        ; None                      ; 5.561 ns                ;
; N/A                                     ; 171.53 MHz ( period = 5.830 ns )                    ; cnt[8]  ; cnt[18] ; clk        ; clk      ; None                        ; None                      ; 5.561 ns                ;
; N/A                                     ; 171.53 MHz ( period = 5.830 ns )                    ; cnt[8]  ; cnt[19] ; clk        ; clk      ; None                        ; None                      ; 5.561 ns                ;
; N/A                                     ; 171.53 MHz ( period = 5.830 ns )                    ; cnt[8]  ; cnt[17] ; clk        ; clk      ; None                        ; None                      ; 5.561 ns                ;
; N/A                                     ; 171.53 MHz ( period = 5.830 ns )                    ; cnt[8]  ; cnt[16] ; clk        ; clk      ; None                        ; None                      ; 5.561 ns                ;
; N/A                                     ; 171.53 MHz ( period = 5.830 ns )                    ; cnt[8]  ; cnt[15] ; clk        ; clk      ; None                        ; None                      ; 5.561 ns                ;
; N/A                                     ; 171.53 MHz ( period = 5.830 ns )                    ; cnt[8]  ; cnt[21] ; clk        ; clk      ; None                        ; None                      ; 5.561 ns                ;
; N/A                                     ; 171.53 MHz ( period = 5.830 ns )                    ; cnt[8]  ; cnt[20] ; clk        ; clk      ; None                        ; None                      ; 5.561 ns                ;
; N/A                                     ; 171.53 MHz ( period = 5.830 ns )                    ; cnt[8]  ; cnt[14] ; clk        ; clk      ; None                        ; None                      ; 5.561 ns                ;
; N/A                                     ; 171.53 MHz ( period = 5.830 ns )                    ; cnt[8]  ; cnt[13] ; clk        ; clk      ; None                        ; None                      ; 5.561 ns                ;
; N/A                                     ; 171.53 MHz ( period = 5.830 ns )                    ; cnt[8]  ; cnt[12] ; clk        ; clk      ; None                        ; None                      ; 5.561 ns                ;
; N/A                                     ; 172.12 MHz ( period = 5.810 ns )                    ; cnt[8]  ; cnt[6]  ; clk        ; clk      ; None                        ; None                      ; 5.546 ns                ;
; N/A                                     ; 172.12 MHz ( period = 5.810 ns )                    ; cnt[8]  ; cnt[9]  ; clk        ; clk      ; None                        ; None                      ; 5.546 ns                ;
; N/A                                     ; 172.12 MHz ( period = 5.810 ns )                    ; cnt[8]  ; cnt[7]  ; clk        ; clk      ; None                        ; None                      ; 5.546 ns                ;
; N/A                                     ; 172.12 MHz ( period = 5.810 ns )                    ; cnt[8]  ; cnt[8]  ; clk        ; clk      ; None                        ; None                      ; 5.546 ns                ;
; N/A                                     ; 172.12 MHz ( period = 5.810 ns )                    ; cnt[8]  ; cnt[10] ; clk        ; clk      ; None                        ; None                      ; 5.546 ns                ;
; N/A                                     ; 172.12 MHz ( period = 5.810 ns )                    ; cnt[8]  ; cnt[11] ; clk        ; clk      ; None                        ; None                      ; 5.546 ns                ;
; N/A                                     ; 172.12 MHz ( period = 5.810 ns )                    ; cnt[8]  ; cnt[4]  ; clk        ; clk      ; None                        ; None                      ; 5.546 ns                ;
; N/A                                     ; 172.12 MHz ( period = 5.810 ns )                    ; cnt[8]  ; cnt[5]  ; clk        ; clk      ; None                        ; None                      ; 5.546 ns                ;
; N/A                                     ; 172.12 MHz ( period = 5.810 ns )                    ; cnt[8]  ; cnt[0]  ; clk        ; clk      ; None                        ; None                      ; 5.546 ns                ;
; N/A                                     ; 172.12 MHz ( period = 5.810 ns )                    ; cnt[8]  ; cnt[1]  ; clk        ; clk      ; None                        ; None                      ; 5.546 ns                ;
; N/A                                     ; 172.12 MHz ( period = 5.810 ns )                    ; cnt[8]  ; cnt[3]  ; clk        ; clk      ; None                        ; None                      ; 5.546 ns                ;
; N/A                                     ; 172.12 MHz ( period = 5.810 ns )                    ; cnt[8]  ; cnt[2]  ; clk        ; clk      ; None                        ; None                      ; 5.546 ns                ;
; Timing analysis restricted to 200 rows. ; To change the limit use Settings (Assignments menu) ;         ;         ;            ;          ;                             ;                           ;                         ;
+-----------------------------------------+-----------------------------------------------------+---------+---------+------------+----------+-----------------------------+---------------------------+-------------------------+


+------------------------------------------------------------------+
; tco                                                              ;
+-------+--------------+------------+------+----------+------------+
; Slack ; Required tco ; Actual tco ; From ; To       ; From Clock ;
+-------+--------------+------------+------+----------+------------+
; N/A   ; None         ; 8.461 ns   ; ff   ; miao_out ; clk        ;
+-------+--------------+------------+------+----------+------------+


+--------------------------+
; Timing Analyzer Messages ;
+--------------------------+
Info: *******************************************************************
Info: Running Quartus II Classic Timing Analyzer
    Info: Version 9.0 Build 235 06/17/2009 Service Pack 2 SJ Web Edition
    Info: Processing started: Wed Apr 14 22:45:55 2010
Info: Command: quartus_tan --read_settings_files=off --write_settings_files=off div_f -c div_f --timing_analysis_only
Info: Parallel compilation is enabled and will use 2 of the 2 processors detected
Warning: Found pins functioning as undefined clocks and/or memory enables
    Info: Assuming node "clk" is an undefined clock
Info: Clock "clk" has Internal fmax of 160.49 MHz between source register "cnt[0]" and destination register "cnt[23]" (period= 6.231 ns)
    Info: + Longest register to register delay is 5.962 ns
        Info: 1: + IC(0.000 ns) + CELL(0.000 ns) = 0.000 ns; Loc. = LCFF_X29_Y14_N9; Fanout = 3; REG Node = 'cnt[0]'
        Info: 2: + IC(1.174 ns) + CELL(0.651 ns) = 1.825 ns; Loc. = LCCOMB_X29_Y15_N30; Fanout = 1; COMB Node = 'LessThan0~2'
        Info: 3: + IC(0.361 ns) + CELL(0.206 ns) = 2.392 ns; Loc. = LCCOMB_X29_Y15_N0; Fanout = 1; COMB Node = 'LessThan0~3'
        Info: 4: + IC(0.357 ns) + CELL(0.206 ns) = 2.955 ns; Loc. = LCCOMB_X29_Y15_N22; Fanout = 1; COMB Node = 'LessThan0~6'
        Info: 5: + IC(0.359 ns) + CELL(0.206 ns) = 3.520 ns; Loc. = LCCOMB_X29_Y15_N16; Fanout = 1; COMB Node = 'LessThan0~7'
        Info: 6: + IC(0.371 ns) + CELL(0.370 ns) = 4.261 ns; Loc. = LCCOMB_X29_Y15_N26; Fanout = 26; COMB Node = 'LessThan0~8'
        Info: 7: + IC(1.041 ns) + CELL(0.660 ns) = 5.962 ns; Loc. = LCFF_X29_Y13_N23; Fanout = 3; REG Node = 'cnt[23]'
        Info: Total cell delay = 2.299 ns ( 38.56 % )
        Info: Total interconnect delay = 3.663 ns ( 61.44 % )
    Info: - Smallest clock skew is -0.005 ns
        Info: + Shortest clock path from clock "clk" to destination register is 2.859 ns
            Info: 1: + IC(0.000 ns) + CELL(1.140 ns) = 1.140 ns; Loc. = PIN_23; Fanout = 1; CLK Node = 'clk'
            Info: 2: + IC(0.139 ns) + CELL(0.000 ns) = 1.279 ns; Loc. = CLKCTRL_G2; Fanout = 26; COMB Node = 'clk~clkctrl'
            Info: 3: + IC(0.914 ns) + CELL(0.666 ns) = 2.859 ns; Loc. = LCFF_X29_Y13_N23; Fanout = 3; REG Node = 'cnt[23]'
            Info: Total cell delay = 1.806 ns ( 63.17 % )
            Info: Total interconnect delay = 1.053 ns ( 36.83 % )
        Info: - Longest clock path from clock "clk" to source register is 2.864 ns
            Info: 1: + IC(0.000 ns) + CELL(1.140 ns) = 1.140 ns; Loc. = PIN_23; Fanout = 1; CLK Node = 'clk'
            Info: 2: + IC(0.139 ns) + CELL(0.000 ns) = 1.279 ns; Loc. = CLKCTRL_G2; Fanout = 26; COMB Node = 'clk~clkctrl'
            Info: 3: + IC(0.919 ns) + CELL(0.666 ns) = 2.864 ns; Loc. = LCFF_X29_Y14_N9; Fanout = 3; REG Node = 'cnt[0]'
            Info: Total cell delay = 1.806 ns ( 63.06 % )
            Info: Total interconnect delay = 1.058 ns ( 36.94 % )
    Info: + Micro clock to output delay of source is 0.304 ns
    Info: + Micro setup delay of destination is -0.040 ns
Info: tco from clock "clk" to destination pin "miao_out" through register "ff" is 8.461 ns
    Info: + Longest clock path from clock "clk" to source register is 2.869 ns
        Info: 1: + IC(0.000 ns) + CELL(1.140 ns) = 1.140 ns; Loc. = PIN_23; Fanout = 1; CLK Node = 'clk'
        Info: 2: + IC(0.139 ns) + CELL(0.000 ns) = 1.279 ns; Loc. = CLKCTRL_G2; Fanout = 26; COMB Node = 'clk~clkctrl'
        Info: 3: + IC(0.924 ns) + CELL(0.666 ns) = 2.869 ns; Loc. = LCFF_X29_Y15_N25; Fanout = 2; REG Node = 'ff'
        Info: Total cell delay = 1.806 ns ( 62.95 % )
        Info: Total interconnect delay = 1.063 ns ( 37.05 % )
    Info: + Micro clock to output delay of source is 0.304 ns
    Info: + Longest register to pin delay is 5.288 ns
        Info: 1: + IC(0.000 ns) + CELL(0.000 ns) = 0.000 ns; Loc. = LCFF_X29_Y15_N25; Fanout = 2; REG Node = 'ff'
        Info: 2: + IC(2.182 ns) + CELL(3.106 ns) = 5.288 ns; Loc. = PIN_118; Fanout = 0; PIN Node = 'miao_out'
        Info: Total cell delay = 3.106 ns ( 58.74 % )
        Info: Total interconnect delay = 2.182 ns ( 41.26 % )
Info: Quartus II Classic Timing Analyzer was successful. 0 errors, 1 warning
    Info: Peak virtual memory: 136 megabytes
    Info: Processing ended: Wed Apr 14 22:45:56 2010
    Info: Elapsed time: 00:00:01
    Info: Total CPU time (on all processors): 00:00:01


