Classic Timing Analyzer report for led_0_7
Thu Jul 04 21:13:17 2013
Quartus II Version 9.0 Build 235 06/17/2009 Service Pack 2 SJ Web Edition


---------------------
; Table of Contents ;
---------------------
  1. Legal Notice
  2. Timing Analyzer Summary
  3. Timing Analyzer Settings
  4. Clock Settings Summary
  5. Parallel Compilation
  6. Clock Setup: 'clk'
  7. tco
  8. Timing Analyzer Messages



----------------
; Legal Notice ;
----------------
Copyright (C) 1991-2009 Altera Corporation
Your use of Altera Corporation's design tools, logic functions 
and other software and tools, and its AMPP partner logic 
functions, and any output files from any of the foregoing 
(including device programming or simulation files), and any 
associated documentation or information are expressly subject 
to the terms and conditions of the Altera Program License 
Subscription Agreement, Altera MegaCore Function License 
Agreement, or other applicable license agreement, including, 
without limitation, that your use is for the sole purpose of 
programming logic devices manufactured by Altera and sold by 
Altera or its authorized distributors.  Please refer to the 
applicable agreement for further details.



+-------------------------------------------------------------------------------------------------------------------------------------------------------------+
; Timing Analyzer Summary                                                                                                                                     ;
+------------------------------+-------+---------------+----------------------------------+--------------+-------------+------------+----------+--------------+
; Type                         ; Slack ; Required Time ; Actual Time                      ; From         ; To          ; From Clock ; To Clock ; Failed Paths ;
+------------------------------+-------+---------------+----------------------------------+--------------+-------------+------------+----------+--------------+
; Worst-case tco               ; N/A   ; None          ; 12.008 ns                        ; cnt_scan[13] ; led_out[4]  ; clk        ; --       ; 0            ;
; Clock Setup: 'clk'           ; N/A   ; None          ; 201.09 MHz ( period = 4.973 ns ) ; cnt_scan[3]  ; cnt_scan[8] ; clk        ; clk      ; 0            ;
; Total number of failed paths ;       ;               ;                                  ;              ;             ;            ;          ; 0            ;
+------------------------------+-------+---------------+----------------------------------+--------------+-------------+------------+----------+--------------+


+--------------------------------------------------------------------------------------------------------------------+
; Timing Analyzer Settings                                                                                           ;
+---------------------------------------------------------------------+--------------------+------+----+-------------+
; Option                                                              ; Setting            ; From ; To ; Entity Name ;
+---------------------------------------------------------------------+--------------------+------+----+-------------+
; Device Name                                                         ; EPM240T100C5       ;      ;    ;             ;
; Timing Models                                                       ; Final              ;      ;    ;             ;
; Default hold multicycle                                             ; Same as Multicycle ;      ;    ;             ;
; Cut paths between unrelated clock domains                           ; On                 ;      ;    ;             ;
; Cut off read during write signal paths                              ; On                 ;      ;    ;             ;
; Cut off feedback from I/O pins                                      ; On                 ;      ;    ;             ;
; Report Combined Fast/Slow Timing                                    ; Off                ;      ;    ;             ;
; Ignore Clock Settings                                               ; Off                ;      ;    ;             ;
; Analyze latches as synchronous elements                             ; On                 ;      ;    ;             ;
; Enable Recovery/Removal analysis                                    ; Off                ;      ;    ;             ;
; Enable Clock Latency                                                ; Off                ;      ;    ;             ;
; Use TimeQuest Timing Analyzer                                       ; Off                ;      ;    ;             ;
; Minimum Core Junction Temperature                                   ; 0                  ;      ;    ;             ;
; Maximum Core Junction Temperature                                   ; 85                 ;      ;    ;             ;
; Number of source nodes to report per destination node               ; 10                 ;      ;    ;             ;
; Number of destination nodes to report                               ; 10                 ;      ;    ;             ;
; Number of paths to report                                           ; 200                ;      ;    ;             ;
; Report Minimum Timing Checks                                        ; Off                ;      ;    ;             ;
; Use Fast Timing Models                                              ; Off                ;      ;    ;             ;
; Report IO Paths Separately                                          ; Off                ;      ;    ;             ;
; Perform Multicorner Analysis                                        ; Off                ;      ;    ;             ;
; Reports the worst-case path for each clock domain and analysis      ; Off                ;      ;    ;             ;
; Removes common clock path pessimism (CCPP) during slack computation ; Off                ;      ;    ;             ;
; Output I/O Timing Endpoint                                          ; Near End           ;      ;    ;             ;
+---------------------------------------------------------------------+--------------------+------+----+-------------+


+------------------------------------------------------------------------------------------------------------------------------------------------------------------------------------+
; Clock Settings Summary                                                                                                                                                             ;
+-----------------+--------------------+----------+------------------+---------------+--------------+----------+-----------------------+---------------------+--------+--------------+
; Clock Node Name ; Clock Setting Name ; Type     ; Fmax Requirement ; Early Latency ; Late Latency ; Based on ; Multiply Base Fmax by ; Divide Base Fmax by ; Offset ; Phase offset ;
+-----------------+--------------------+----------+------------------+---------------+--------------+----------+-----------------------+---------------------+--------+--------------+
; clk             ;                    ; User Pin ; None             ; 0.000 ns      ; 0.000 ns     ; --       ; N/A                   ; N/A                 ; N/A    ;              ;
+-----------------+--------------------+----------+------------------+---------------+--------------+----------+-----------------------+---------------------+--------+--------------+


+------------------------------------------+
; Parallel Compilation                     ;
+----------------------------+-------------+
; Processors                 ; Number      ;
+----------------------------+-------------+
; Number detected on machine ; 2           ;
; Maximum allowed            ; 2           ;
;                            ;             ;
; Average used               ; 1.00        ;
; Maximum used               ; 1           ;
;                            ;             ;
; Usage by Processor         ; % Time Used ;
;     1 processor            ; 100.0%      ;
;     2 processors           ;   0.0%      ;
+----------------------------+-------------+


+--------------------------------------------------------------------------------------------------------------------------------------------------------------------------------------------------+
; Clock Setup: 'clk'                                                                                                                                                                               ;
+-------+------------------------------------------------+--------------+--------------+------------+----------+-----------------------------+---------------------------+-------------------------+
; Slack ; Actual fmax (period)                           ; From         ; To           ; From Clock ; To Clock ; Required Setup Relationship ; Required Longest P2P Time ; Actual Longest P2P Time ;
+-------+------------------------------------------------+--------------+--------------+------------+----------+-----------------------------+---------------------------+-------------------------+
; N/A   ; 201.09 MHz ( period = 4.973 ns )               ; cnt_scan[3]  ; cnt_scan[12] ; clk        ; clk      ; None                        ; None                      ; 4.264 ns                ;
; N/A   ; 201.09 MHz ( period = 4.973 ns )               ; cnt_scan[3]  ; cnt_scan[11] ; clk        ; clk      ; None                        ; None                      ; 4.264 ns                ;
; N/A   ; 201.09 MHz ( period = 4.973 ns )               ; cnt_scan[3]  ; cnt_scan[10] ; clk        ; clk      ; None                        ; None                      ; 4.264 ns                ;
; N/A   ; 201.09 MHz ( period = 4.973 ns )               ; cnt_scan[3]  ; cnt_scan[9]  ; clk        ; clk      ; None                        ; None                      ; 4.264 ns                ;
; N/A   ; 201.09 MHz ( period = 4.973 ns )               ; cnt_scan[3]  ; cnt_scan[8]  ; clk        ; clk      ; None                        ; None                      ; 4.264 ns                ;
; N/A   ; 201.61 MHz ( period = 4.960 ns )               ; cnt_scan[3]  ; cnt_scan[13] ; clk        ; clk      ; None                        ; None                      ; 4.251 ns                ;
; N/A   ; 201.61 MHz ( period = 4.960 ns )               ; cnt_scan[3]  ; cnt_scan[15] ; clk        ; clk      ; None                        ; None                      ; 4.251 ns                ;
; N/A   ; 201.61 MHz ( period = 4.960 ns )               ; cnt_scan[3]  ; cnt_scan[14] ; clk        ; clk      ; None                        ; None                      ; 4.251 ns                ;
; N/A   ; 206.14 MHz ( period = 4.851 ns )               ; cnt_scan[4]  ; cnt_scan[12] ; clk        ; clk      ; None                        ; None                      ; 4.142 ns                ;
; N/A   ; 206.14 MHz ( period = 4.851 ns )               ; cnt_scan[4]  ; cnt_scan[11] ; clk        ; clk      ; None                        ; None                      ; 4.142 ns                ;
; N/A   ; 206.14 MHz ( period = 4.851 ns )               ; cnt_scan[4]  ; cnt_scan[10] ; clk        ; clk      ; None                        ; None                      ; 4.142 ns                ;
; N/A   ; 206.14 MHz ( period = 4.851 ns )               ; cnt_scan[4]  ; cnt_scan[9]  ; clk        ; clk      ; None                        ; None                      ; 4.142 ns                ;
; N/A   ; 206.14 MHz ( period = 4.851 ns )               ; cnt_scan[4]  ; cnt_scan[8]  ; clk        ; clk      ; None                        ; None                      ; 4.142 ns                ;
; N/A   ; 206.70 MHz ( period = 4.838 ns )               ; cnt_scan[4]  ; cnt_scan[13] ; clk        ; clk      ; None                        ; None                      ; 4.129 ns                ;
; N/A   ; 206.70 MHz ( period = 4.838 ns )               ; cnt_scan[4]  ; cnt_scan[15] ; clk        ; clk      ; None                        ; None                      ; 4.129 ns                ;
; N/A   ; 206.70 MHz ( period = 4.838 ns )               ; cnt_scan[4]  ; cnt_scan[14] ; clk        ; clk      ; None                        ; None                      ; 4.129 ns                ;
; N/A   ; 208.07 MHz ( period = 4.806 ns )               ; cnt_scan[1]  ; cnt_scan[12] ; clk        ; clk      ; None                        ; None                      ; 4.097 ns                ;
; N/A   ; 208.07 MHz ( period = 4.806 ns )               ; cnt_scan[1]  ; cnt_scan[11] ; clk        ; clk      ; None                        ; None                      ; 4.097 ns                ;
; N/A   ; 208.07 MHz ( period = 4.806 ns )               ; cnt_scan[1]  ; cnt_scan[10] ; clk        ; clk      ; None                        ; None                      ; 4.097 ns                ;
; N/A   ; 208.07 MHz ( period = 4.806 ns )               ; cnt_scan[1]  ; cnt_scan[9]  ; clk        ; clk      ; None                        ; None                      ; 4.097 ns                ;
; N/A   ; 208.07 MHz ( period = 4.806 ns )               ; cnt_scan[1]  ; cnt_scan[8]  ; clk        ; clk      ; None                        ; None                      ; 4.097 ns                ;
; N/A   ; 208.64 MHz ( period = 4.793 ns )               ; cnt_scan[1]  ; cnt_scan[13] ; clk        ; clk      ; None                        ; None                      ; 4.084 ns                ;
; N/A   ; 208.64 MHz ( period = 4.793 ns )               ; cnt_scan[1]  ; cnt_scan[15] ; clk        ; clk      ; None                        ; None                      ; 4.084 ns                ;
; N/A   ; 208.64 MHz ( period = 4.793 ns )               ; cnt_scan[1]  ; cnt_scan[14] ; clk        ; clk      ; None                        ; None                      ; 4.084 ns                ;
; N/A   ; 214.87 MHz ( period = 4.654 ns )               ; cnt_scan[2]  ; cnt_scan[12] ; clk        ; clk      ; None                        ; None                      ; 3.945 ns                ;
; N/A   ; 214.87 MHz ( period = 4.654 ns )               ; cnt_scan[2]  ; cnt_scan[11] ; clk        ; clk      ; None                        ; None                      ; 3.945 ns                ;
; N/A   ; 214.87 MHz ( period = 4.654 ns )               ; cnt_scan[2]  ; cnt_scan[10] ; clk        ; clk      ; None                        ; None                      ; 3.945 ns                ;
; N/A   ; 214.87 MHz ( period = 4.654 ns )               ; cnt_scan[2]  ; cnt_scan[9]  ; clk        ; clk      ; None                        ; None                      ; 3.945 ns                ;
; N/A   ; 214.87 MHz ( period = 4.654 ns )               ; cnt_scan[2]  ; cnt_scan[8]  ; clk        ; clk      ; None                        ; None                      ; 3.945 ns                ;
; N/A   ; 215.47 MHz ( period = 4.641 ns )               ; cnt_scan[2]  ; cnt_scan[13] ; clk        ; clk      ; None                        ; None                      ; 3.932 ns                ;
; N/A   ; 215.47 MHz ( period = 4.641 ns )               ; cnt_scan[2]  ; cnt_scan[15] ; clk        ; clk      ; None                        ; None                      ; 3.932 ns                ;
; N/A   ; 215.47 MHz ( period = 4.641 ns )               ; cnt_scan[2]  ; cnt_scan[14] ; clk        ; clk      ; None                        ; None                      ; 3.932 ns                ;
; N/A   ; 216.68 MHz ( period = 4.615 ns )               ; cnt_scan[0]  ; cnt_scan[12] ; clk        ; clk      ; None                        ; None                      ; 3.906 ns                ;
; N/A   ; 216.68 MHz ( period = 4.615 ns )               ; cnt_scan[0]  ; cnt_scan[11] ; clk        ; clk      ; None                        ; None                      ; 3.906 ns                ;
; N/A   ; 216.68 MHz ( period = 4.615 ns )               ; cnt_scan[0]  ; cnt_scan[10] ; clk        ; clk      ; None                        ; None                      ; 3.906 ns                ;
; N/A   ; 216.68 MHz ( period = 4.615 ns )               ; cnt_scan[0]  ; cnt_scan[9]  ; clk        ; clk      ; None                        ; None                      ; 3.906 ns                ;
; N/A   ; 216.68 MHz ( period = 4.615 ns )               ; cnt_scan[0]  ; cnt_scan[8]  ; clk        ; clk      ; None                        ; None                      ; 3.906 ns                ;
; N/A   ; 217.30 MHz ( period = 4.602 ns )               ; cnt_scan[0]  ; cnt_scan[13] ; clk        ; clk      ; None                        ; None                      ; 3.893 ns                ;
; N/A   ; 217.30 MHz ( period = 4.602 ns )               ; cnt_scan[0]  ; cnt_scan[15] ; clk        ; clk      ; None                        ; None                      ; 3.893 ns                ;
; N/A   ; 217.30 MHz ( period = 4.602 ns )               ; cnt_scan[0]  ; cnt_scan[14] ; clk        ; clk      ; None                        ; None                      ; 3.893 ns                ;
; N/A   ; 217.63 MHz ( period = 4.595 ns )               ; cnt_scan[6]  ; cnt_scan[12] ; clk        ; clk      ; None                        ; None                      ; 3.886 ns                ;
; N/A   ; 217.63 MHz ( period = 4.595 ns )               ; cnt_scan[6]  ; cnt_scan[11] ; clk        ; clk      ; None                        ; None                      ; 3.886 ns                ;
; N/A   ; 217.63 MHz ( period = 4.595 ns )               ; cnt_scan[6]  ; cnt_scan[10] ; clk        ; clk      ; None                        ; None                      ; 3.886 ns                ;
; N/A   ; 217.63 MHz ( period = 4.595 ns )               ; cnt_scan[6]  ; cnt_scan[9]  ; clk        ; clk      ; None                        ; None                      ; 3.886 ns                ;
; N/A   ; 217.63 MHz ( period = 4.595 ns )               ; cnt_scan[6]  ; cnt_scan[8]  ; clk        ; clk      ; None                        ; None                      ; 3.886 ns                ;
; N/A   ; 218.25 MHz ( period = 4.582 ns )               ; cnt_scan[6]  ; cnt_scan[13] ; clk        ; clk      ; None                        ; None                      ; 3.873 ns                ;
; N/A   ; 218.25 MHz ( period = 4.582 ns )               ; cnt_scan[6]  ; cnt_scan[15] ; clk        ; clk      ; None                        ; None                      ; 3.873 ns                ;
; N/A   ; 218.25 MHz ( period = 4.582 ns )               ; cnt_scan[6]  ; cnt_scan[14] ; clk        ; clk      ; None                        ; None                      ; 3.873 ns                ;
; N/A   ; 222.42 MHz ( period = 4.496 ns )               ; cnt_scan[5]  ; cnt_scan[12] ; clk        ; clk      ; None                        ; None                      ; 3.787 ns                ;
; N/A   ; 222.42 MHz ( period = 4.496 ns )               ; cnt_scan[5]  ; cnt_scan[11] ; clk        ; clk      ; None                        ; None                      ; 3.787 ns                ;
; N/A   ; 222.42 MHz ( period = 4.496 ns )               ; cnt_scan[5]  ; cnt_scan[10] ; clk        ; clk      ; None                        ; None                      ; 3.787 ns                ;
; N/A   ; 222.42 MHz ( period = 4.496 ns )               ; cnt_scan[5]  ; cnt_scan[9]  ; clk        ; clk      ; None                        ; None                      ; 3.787 ns                ;
; N/A   ; 222.42 MHz ( period = 4.496 ns )               ; cnt_scan[5]  ; cnt_scan[8]  ; clk        ; clk      ; None                        ; None                      ; 3.787 ns                ;
; N/A   ; 223.06 MHz ( period = 4.483 ns )               ; cnt_scan[5]  ; cnt_scan[13] ; clk        ; clk      ; None                        ; None                      ; 3.774 ns                ;
; N/A   ; 223.06 MHz ( period = 4.483 ns )               ; cnt_scan[5]  ; cnt_scan[15] ; clk        ; clk      ; None                        ; None                      ; 3.774 ns                ;
; N/A   ; 223.06 MHz ( period = 4.483 ns )               ; cnt_scan[5]  ; cnt_scan[14] ; clk        ; clk      ; None                        ; None                      ; 3.774 ns                ;
; N/A   ; 228.89 MHz ( period = 4.369 ns )               ; cnt_scan[8]  ; cnt_scan[13] ; clk        ; clk      ; None                        ; None                      ; 3.660 ns                ;
; N/A   ; 228.89 MHz ( period = 4.369 ns )               ; cnt_scan[8]  ; cnt_scan[15] ; clk        ; clk      ; None                        ; None                      ; 3.660 ns                ;
; N/A   ; 228.89 MHz ( period = 4.369 ns )               ; cnt_scan[8]  ; cnt_scan[14] ; clk        ; clk      ; None                        ; None                      ; 3.660 ns                ;
; N/A   ; 230.20 MHz ( period = 4.344 ns )               ; cnt_scan[7]  ; cnt_scan[12] ; clk        ; clk      ; None                        ; None                      ; 3.635 ns                ;
; N/A   ; 230.20 MHz ( period = 4.344 ns )               ; cnt_scan[7]  ; cnt_scan[11] ; clk        ; clk      ; None                        ; None                      ; 3.635 ns                ;
; N/A   ; 230.20 MHz ( period = 4.344 ns )               ; cnt_scan[7]  ; cnt_scan[10] ; clk        ; clk      ; None                        ; None                      ; 3.635 ns                ;
; N/A   ; 230.20 MHz ( period = 4.344 ns )               ; cnt_scan[7]  ; cnt_scan[9]  ; clk        ; clk      ; None                        ; None                      ; 3.635 ns                ;
; N/A   ; 230.20 MHz ( period = 4.344 ns )               ; cnt_scan[7]  ; cnt_scan[8]  ; clk        ; clk      ; None                        ; None                      ; 3.635 ns                ;
; N/A   ; 230.89 MHz ( period = 4.331 ns )               ; cnt_scan[7]  ; cnt_scan[13] ; clk        ; clk      ; None                        ; None                      ; 3.622 ns                ;
; N/A   ; 230.89 MHz ( period = 4.331 ns )               ; cnt_scan[7]  ; cnt_scan[15] ; clk        ; clk      ; None                        ; None                      ; 3.622 ns                ;
; N/A   ; 230.89 MHz ( period = 4.331 ns )               ; cnt_scan[7]  ; cnt_scan[14] ; clk        ; clk      ; None                        ; None                      ; 3.622 ns                ;
; N/A   ; 236.35 MHz ( period = 4.231 ns )               ; cnt_scan[9]  ; cnt_scan[13] ; clk        ; clk      ; None                        ; None                      ; 3.522 ns                ;
; N/A   ; 236.35 MHz ( period = 4.231 ns )               ; cnt_scan[9]  ; cnt_scan[15] ; clk        ; clk      ; None                        ; None                      ; 3.522 ns                ;
; N/A   ; 236.35 MHz ( period = 4.231 ns )               ; cnt_scan[9]  ; cnt_scan[14] ; clk        ; clk      ; None                        ; None                      ; 3.522 ns                ;
; N/A   ; 238.21 MHz ( period = 4.198 ns )               ; cnt_scan[1]  ; cnt_scan[7]  ; clk        ; clk      ; None                        ; None                      ; 3.489 ns                ;
; N/A   ; 238.21 MHz ( period = 4.198 ns )               ; cnt_scan[1]  ; cnt_scan[6]  ; clk        ; clk      ; None                        ; None                      ; 3.489 ns                ;
; N/A   ; 238.21 MHz ( period = 4.198 ns )               ; cnt_scan[1]  ; cnt_scan[5]  ; clk        ; clk      ; None                        ; None                      ; 3.489 ns                ;
; N/A   ; 238.21 MHz ( period = 4.198 ns )               ; cnt_scan[1]  ; cnt_scan[4]  ; clk        ; clk      ; None                        ; None                      ; 3.489 ns                ;
; N/A   ; 238.21 MHz ( period = 4.198 ns )               ; cnt_scan[1]  ; cnt_scan[3]  ; clk        ; clk      ; None                        ; None                      ; 3.489 ns                ;
; N/A   ; 238.72 MHz ( period = 4.189 ns )               ; cnt_scan[11] ; cnt_scan[13] ; clk        ; clk      ; None                        ; None                      ; 3.480 ns                ;
; N/A   ; 238.72 MHz ( period = 4.189 ns )               ; cnt_scan[11] ; cnt_scan[15] ; clk        ; clk      ; None                        ; None                      ; 3.480 ns                ;
; N/A   ; 238.72 MHz ( period = 4.189 ns )               ; cnt_scan[11] ; cnt_scan[14] ; clk        ; clk      ; None                        ; None                      ; 3.480 ns                ;
; N/A   ; 243.37 MHz ( period = 4.109 ns )               ; cnt_scan[3]  ; cnt_scan[7]  ; clk        ; clk      ; None                        ; None                      ; 3.400 ns                ;
; N/A   ; 243.43 MHz ( period = 4.108 ns )               ; cnt_scan[10] ; cnt_scan[13] ; clk        ; clk      ; None                        ; None                      ; 3.399 ns                ;
; N/A   ; 243.43 MHz ( period = 4.108 ns )               ; cnt_scan[10] ; cnt_scan[15] ; clk        ; clk      ; None                        ; None                      ; 3.399 ns                ;
; N/A   ; 243.43 MHz ( period = 4.108 ns )               ; cnt_scan[10] ; cnt_scan[14] ; clk        ; clk      ; None                        ; None                      ; 3.399 ns                ;
; N/A   ; 246.00 MHz ( period = 4.065 ns )               ; cnt_scan[12] ; cnt_scan[13] ; clk        ; clk      ; None                        ; None                      ; 3.356 ns                ;
; N/A   ; 246.00 MHz ( period = 4.065 ns )               ; cnt_scan[12] ; cnt_scan[15] ; clk        ; clk      ; None                        ; None                      ; 3.356 ns                ;
; N/A   ; 246.00 MHz ( period = 4.065 ns )               ; cnt_scan[12] ; cnt_scan[14] ; clk        ; clk      ; None                        ; None                      ; 3.356 ns                ;
; N/A   ; 247.16 MHz ( period = 4.046 ns )               ; cnt_scan[2]  ; cnt_scan[7]  ; clk        ; clk      ; None                        ; None                      ; 3.337 ns                ;
; N/A   ; 247.16 MHz ( period = 4.046 ns )               ; cnt_scan[2]  ; cnt_scan[6]  ; clk        ; clk      ; None                        ; None                      ; 3.337 ns                ;
; N/A   ; 247.16 MHz ( period = 4.046 ns )               ; cnt_scan[2]  ; cnt_scan[5]  ; clk        ; clk      ; None                        ; None                      ; 3.337 ns                ;
; N/A   ; 247.16 MHz ( period = 4.046 ns )               ; cnt_scan[2]  ; cnt_scan[4]  ; clk        ; clk      ; None                        ; None                      ; 3.337 ns                ;
; N/A   ; 247.16 MHz ( period = 4.046 ns )               ; cnt_scan[2]  ; cnt_scan[3]  ; clk        ; clk      ; None                        ; None                      ; 3.337 ns                ;
; N/A   ; 249.56 MHz ( period = 4.007 ns )               ; cnt_scan[0]  ; cnt_scan[7]  ; clk        ; clk      ; None                        ; None                      ; 3.298 ns                ;
; N/A   ; 249.56 MHz ( period = 4.007 ns )               ; cnt_scan[0]  ; cnt_scan[6]  ; clk        ; clk      ; None                        ; None                      ; 3.298 ns                ;
; N/A   ; 249.56 MHz ( period = 4.007 ns )               ; cnt_scan[0]  ; cnt_scan[5]  ; clk        ; clk      ; None                        ; None                      ; 3.298 ns                ;
; N/A   ; 249.56 MHz ( period = 4.007 ns )               ; cnt_scan[0]  ; cnt_scan[4]  ; clk        ; clk      ; None                        ; None                      ; 3.298 ns                ;
; N/A   ; 249.56 MHz ( period = 4.007 ns )               ; cnt_scan[0]  ; cnt_scan[3]  ; clk        ; clk      ; None                        ; None                      ; 3.298 ns                ;
; N/A   ; 250.82 MHz ( period = 3.987 ns )               ; cnt_scan[4]  ; cnt_scan[7]  ; clk        ; clk      ; None                        ; None                      ; 3.278 ns                ;
; N/A   ; 250.88 MHz ( period = 3.986 ns )               ; cnt_scan[3]  ; cnt_scan[6]  ; clk        ; clk      ; None                        ; None                      ; 3.277 ns                ;
; N/A   ; 255.82 MHz ( period = 3.909 ns )               ; cnt_scan[13] ; cnt_scan[15] ; clk        ; clk      ; None                        ; None                      ; 3.200 ns                ;
; N/A   ; 256.28 MHz ( period = 3.902 ns )               ; cnt_scan[8]  ; cnt_scan[12] ; clk        ; clk      ; None                        ; None                      ; 3.193 ns                ;
; N/A   ; 258.80 MHz ( period = 3.864 ns )               ; cnt_scan[4]  ; cnt_scan[6]  ; clk        ; clk      ; None                        ; None                      ; 3.155 ns                ;
; N/A   ; 258.87 MHz ( period = 3.863 ns )               ; cnt_scan[3]  ; cnt_scan[5]  ; clk        ; clk      ; None                        ; None                      ; 3.154 ns                ;
; N/A   ; 264.13 MHz ( period = 3.786 ns )               ; cnt_scan[13] ; cnt_scan[14] ; clk        ; clk      ; None                        ; None                      ; 3.077 ns                ;
; N/A   ; 264.62 MHz ( period = 3.779 ns )               ; cnt_scan[8]  ; cnt_scan[11] ; clk        ; clk      ; None                        ; None                      ; 3.070 ns                ;
; N/A   ; 265.67 MHz ( period = 3.764 ns )               ; cnt_scan[9]  ; cnt_scan[12] ; clk        ; clk      ; None                        ; None                      ; 3.055 ns                ;
; N/A   ; 266.03 MHz ( period = 3.759 ns )               ; cnt_scan[14] ; cnt_scan[15] ; clk        ; clk      ; None                        ; None                      ; 3.050 ns                ;
; N/A   ; 267.31 MHz ( period = 3.741 ns )               ; cnt_scan[4]  ; cnt_scan[5]  ; clk        ; clk      ; None                        ; None                      ; 3.032 ns                ;
; N/A   ; 267.38 MHz ( period = 3.740 ns )               ; cnt_scan[3]  ; cnt_scan[4]  ; clk        ; clk      ; None                        ; None                      ; 3.031 ns                ;
; N/A   ; 268.02 MHz ( period = 3.731 ns )               ; cnt_scan[6]  ; cnt_scan[7]  ; clk        ; clk      ; None                        ; None                      ; 3.022 ns                ;
; N/A   ; 268.02 MHz ( period = 3.731 ns )               ; cnt_scan[1]  ; cnt_scan[2]  ; clk        ; clk      ; None                        ; None                      ; 3.022 ns                ;
; N/A   ; 268.67 MHz ( period = 3.722 ns )               ; cnt_scan[11] ; cnt_scan[12] ; clk        ; clk      ; None                        ; None                      ; 3.013 ns                ;
; N/A   ; 273.52 MHz ( period = 3.656 ns )               ; cnt_scan[8]  ; cnt_scan[10] ; clk        ; clk      ; None                        ; None                      ; 2.947 ns                ;
; N/A   ; 274.65 MHz ( period = 3.641 ns )               ; cnt_scan[10] ; cnt_scan[12] ; clk        ; clk      ; None                        ; None                      ; 2.932 ns                ;
; N/A   ; 274.65 MHz ( period = 3.641 ns )               ; cnt_scan[9]  ; cnt_scan[11] ; clk        ; clk      ; None                        ; None                      ; 2.932 ns                ;
; N/A   ; 275.33 MHz ( period = 3.632 ns )               ; cnt_scan[5]  ; cnt_scan[7]  ; clk        ; clk      ; None                        ; None                      ; 2.923 ns                ;
; N/A   ; 282.49 MHz ( period = 3.540 ns )               ; cnt_scan[0]  ; cnt_scan[2]  ; clk        ; clk      ; None                        ; None                      ; 2.831 ns                ;
; N/A   ; 283.05 MHz ( period = 3.533 ns )               ; cnt_scan[8]  ; cnt_scan[9]  ; clk        ; clk      ; None                        ; None                      ; 2.824 ns                ;
; N/A   ; 284.25 MHz ( period = 3.518 ns )               ; cnt_scan[10] ; cnt_scan[11] ; clk        ; clk      ; None                        ; None                      ; 2.809 ns                ;
; N/A   ; 284.25 MHz ( period = 3.518 ns )               ; cnt_scan[9]  ; cnt_scan[10] ; clk        ; clk      ; None                        ; None                      ; 2.809 ns                ;
; N/A   ; 284.98 MHz ( period = 3.509 ns )               ; cnt_scan[5]  ; cnt_scan[6]  ; clk        ; clk      ; None                        ; None                      ; 2.800 ns                ;
; N/A   ; Restricted to 304.04 MHz ( period = 3.289 ns ) ; cnt_scan[13] ; cnt_scan[13] ; clk        ; clk      ; None                        ; None                      ; 2.121 ns                ;
; N/A   ; Restricted to 304.04 MHz ( period = 3.289 ns ) ; cnt_scan[12] ; cnt_scan[12] ; clk        ; clk      ; None                        ; None                      ; 2.095 ns                ;
; N/A   ; Restricted to 304.04 MHz ( period = 3.289 ns ) ; cnt_scan[14] ; cnt_scan[14] ; clk        ; clk      ; None                        ; None                      ; 2.094 ns                ;
; N/A   ; Restricted to 304.04 MHz ( period = 3.289 ns ) ; cnt_scan[2]  ; cnt_scan[2]  ; clk        ; clk      ; None                        ; None                      ; 2.076 ns                ;
; N/A   ; Restricted to 304.04 MHz ( period = 3.289 ns ) ; cnt_scan[4]  ; cnt_scan[4]  ; clk        ; clk      ; None                        ; None                      ; 2.076 ns                ;
; N/A   ; Restricted to 304.04 MHz ( period = 3.289 ns ) ; cnt_scan[3]  ; cnt_scan[3]  ; clk        ; clk      ; None                        ; None                      ; 2.075 ns                ;
; N/A   ; Restricted to 304.04 MHz ( period = 3.289 ns ) ; cnt_scan[6]  ; cnt_scan[6]  ; clk        ; clk      ; None                        ; None                      ; 2.066 ns                ;
; N/A   ; Restricted to 304.04 MHz ( period = 3.289 ns ) ; cnt_scan[1]  ; cnt_scan[1]  ; clk        ; clk      ; None                        ; None                      ; 2.066 ns                ;
; N/A   ; Restricted to 304.04 MHz ( period = 3.289 ns ) ; cnt_scan[11] ; cnt_scan[11] ; clk        ; clk      ; None                        ; None                      ; 2.057 ns                ;
; N/A   ; Restricted to 304.04 MHz ( period = 3.289 ns ) ; cnt_scan[15] ; cnt_scan[15] ; clk        ; clk      ; None                        ; None                      ; 2.000 ns                ;
; N/A   ; Restricted to 304.04 MHz ( period = 3.289 ns ) ; cnt_scan[0]  ; cnt_scan[1]  ; clk        ; clk      ; None                        ; None                      ; 1.984 ns                ;
; N/A   ; Restricted to 304.04 MHz ( period = 3.289 ns ) ; cnt_scan[8]  ; cnt_scan[8]  ; clk        ; clk      ; None                        ; None                      ; 1.977 ns                ;
; N/A   ; Restricted to 304.04 MHz ( period = 3.289 ns ) ; cnt_scan[7]  ; cnt_scan[7]  ; clk        ; clk      ; None                        ; None                      ; 1.971 ns                ;
; N/A   ; Restricted to 304.04 MHz ( period = 3.289 ns ) ; cnt_scan[10] ; cnt_scan[10] ; clk        ; clk      ; None                        ; None                      ; 1.962 ns                ;
; N/A   ; Restricted to 304.04 MHz ( period = 3.289 ns ) ; cnt_scan[9]  ; cnt_scan[9]  ; clk        ; clk      ; None                        ; None                      ; 1.962 ns                ;
; N/A   ; Restricted to 304.04 MHz ( period = 3.289 ns ) ; cnt_scan[5]  ; cnt_scan[5]  ; clk        ; clk      ; None                        ; None                      ; 1.953 ns                ;
; N/A   ; Restricted to 304.04 MHz ( period = 3.289 ns ) ; cnt_scan[0]  ; cnt_scan[0]  ; clk        ; clk      ; None                        ; None                      ; 1.513 ns                ;
+-------+------------------------------------------------+--------------+--------------+------------+----------+-----------------------------+---------------------------+-------------------------+


+----------------------------------------------------------------------------+
; tco                                                                        ;
+-------+--------------+------------+--------------+------------+------------+
; Slack ; Required tco ; Actual tco ; From         ; To         ; From Clock ;
+-------+--------------+------------+--------------+------------+------------+
; N/A   ; None         ; 12.008 ns  ; cnt_scan[13] ; led_out[4] ; clk        ;
; N/A   ; None         ; 12.006 ns  ; cnt_scan[14] ; led_out[6] ; clk        ;
; N/A   ; None         ; 11.980 ns  ; cnt_scan[14] ; led_out[3] ; clk        ;
; N/A   ; None         ; 11.898 ns  ; cnt_scan[15] ; led_out[4] ; clk        ;
; N/A   ; None         ; 11.854 ns  ; cnt_scan[13] ; led_out[5] ; clk        ;
; N/A   ; None         ; 11.854 ns  ; cnt_scan[13] ; led_out[1] ; clk        ;
; N/A   ; None         ; 11.792 ns  ; cnt_scan[14] ; led_out[5] ; clk        ;
; N/A   ; None         ; 11.792 ns  ; cnt_scan[14] ; led_out[1] ; clk        ;
; N/A   ; None         ; 11.753 ns  ; cnt_scan[15] ; led_out[3] ; clk        ;
; N/A   ; None         ; 11.642 ns  ; cnt_scan[13] ; led_out[6] ; clk        ;
; N/A   ; None         ; 11.590 ns  ; cnt_scan[14] ; led_bit[3] ; clk        ;
; N/A   ; None         ; 11.565 ns  ; cnt_scan[13] ; led_bit[7] ; clk        ;
; N/A   ; None         ; 11.536 ns  ; cnt_scan[15] ; led_bit[0] ; clk        ;
; N/A   ; None         ; 11.458 ns  ; cnt_scan[14] ; led_out[4] ; clk        ;
; N/A   ; None         ; 11.418 ns  ; cnt_scan[13] ; led_bit[0] ; clk        ;
; N/A   ; None         ; 11.415 ns  ; cnt_scan[14] ; led_bit[7] ; clk        ;
; N/A   ; None         ; 11.415 ns  ; cnt_scan[13] ; led_out[3] ; clk        ;
; N/A   ; None         ; 11.358 ns  ; cnt_scan[15] ; led_out[6] ; clk        ;
; N/A   ; None         ; 11.355 ns  ; cnt_scan[13] ; led_bit[1] ; clk        ;
; N/A   ; None         ; 11.355 ns  ; cnt_scan[14] ; led_out[0] ; clk        ;
; N/A   ; None         ; 11.323 ns  ; cnt_scan[15] ; led_out[5] ; clk        ;
; N/A   ; None         ; 11.323 ns  ; cnt_scan[15] ; led_out[1] ; clk        ;
; N/A   ; None         ; 11.319 ns  ; cnt_scan[13] ; led_out[0] ; clk        ;
; N/A   ; None         ; 11.251 ns  ; cnt_scan[15] ; led_bit[1] ; clk        ;
; N/A   ; None         ; 11.224 ns  ; cnt_scan[13] ; led_bit[3] ; clk        ;
; N/A   ; None         ; 10.942 ns  ; cnt_scan[15] ; led_bit[7] ; clk        ;
; N/A   ; None         ; 10.938 ns  ; cnt_scan[15] ; led_bit[3] ; clk        ;
; N/A   ; None         ; 10.916 ns  ; cnt_scan[14] ; led_bit[0] ; clk        ;
; N/A   ; None         ; 10.901 ns  ; cnt_scan[13] ; led_bit[5] ; clk        ;
; N/A   ; None         ; 10.881 ns  ; cnt_scan[13] ; led_bit[4] ; clk        ;
; N/A   ; None         ; 10.836 ns  ; cnt_scan[15] ; led_out[0] ; clk        ;
; N/A   ; None         ; 10.800 ns  ; cnt_scan[14] ; led_bit[1] ; clk        ;
; N/A   ; None         ; 10.632 ns  ; cnt_scan[15] ; led_bit[5] ; clk        ;
; N/A   ; None         ; 10.613 ns  ; cnt_scan[15] ; led_bit[4] ; clk        ;
; N/A   ; None         ; 10.485 ns  ; cnt_scan[13] ; led_bit[6] ; clk        ;
; N/A   ; None         ; 10.451 ns  ; cnt_scan[13] ; led_bit[2] ; clk        ;
; N/A   ; None         ; 10.212 ns  ; cnt_scan[14] ; led_bit[5] ; clk        ;
; N/A   ; None         ; 10.193 ns  ; cnt_scan[14] ; led_bit[4] ; clk        ;
; N/A   ; None         ; 10.166 ns  ; cnt_scan[14] ; led_bit[6] ; clk        ;
; N/A   ; None         ; 10.133 ns  ; cnt_scan[14] ; led_bit[2] ; clk        ;
; N/A   ; None         ; 10.127 ns  ; cnt_scan[15] ; led_bit[6] ; clk        ;
; N/A   ; None         ; 10.093 ns  ; cnt_scan[15] ; led_bit[2] ; clk        ;
; N/A   ; None         ; 9.868 ns   ; cnt_scan[13] ; led_out[2] ; clk        ;
; N/A   ; None         ; 9.550 ns   ; cnt_scan[14] ; led_out[2] ; clk        ;
; N/A   ; None         ; 9.510 ns   ; cnt_scan[15] ; led_out[2] ; clk        ;
+-------+--------------+------------+--------------+------------+------------+


+--------------------------+
; Timing Analyzer Messages ;
+--------------------------+
Info: *******************************************************************
Info: Running Quartus II Classic Timing Analyzer
    Info: Version 9.0 Build 235 06/17/2009 Service Pack 2 SJ Web Edition
    Info: Processing started: Thu Jul 04 21:13:16 2013
Info: Command: quartus_tan --read_settings_files=off --write_settings_files=off led_0_7 -c led_0_7
Info: Parallel compilation is enabled and will use 2 of the 2 processors detected
Info: Started post-fitting delay annotation
Info: Delay annotation completed successfully
Warning: Found pins functioning as undefined clocks and/or memory enables
    Info: Assuming node "clk" is an undefined clock
Info: Clock "clk" has Internal fmax of 201.09 MHz between source register "cnt_scan[3]" and destination register "cnt_scan[12]" (period= 4.973 ns)
    Info: + Longest register to register delay is 4.264 ns
        Info: 1: + IC(0.000 ns) + CELL(0.000 ns) = 0.000 ns; Loc. = LC_X5_Y1_N5; Fanout = 3; REG Node = 'cnt_scan[3]'
        Info: 2: + IC(0.892 ns) + CELL(0.978 ns) = 1.870 ns; Loc. = LC_X5_Y1_N5; Fanout = 2; COMB Node = 'cnt_scan[3]~25'
        Info: 3: + IC(0.000 ns) + CELL(0.123 ns) = 1.993 ns; Loc. = LC_X5_Y1_N6; Fanout = 2; COMB Node = 'cnt_scan[4]~23'
        Info: 4: + IC(0.000 ns) + CELL(0.123 ns) = 2.116 ns; Loc. = LC_X5_Y1_N7; Fanout = 2; COMB Node = 'cnt_scan[5]~21'
        Info: 5: + IC(0.000 ns) + CELL(0.123 ns) = 2.239 ns; Loc. = LC_X5_Y1_N8; Fanout = 2; COMB Node = 'cnt_scan[6]~19'
        Info: 6: + IC(0.000 ns) + CELL(0.399 ns) = 2.638 ns; Loc. = LC_X5_Y1_N9; Fanout = 6; COMB Node = 'cnt_scan[7]~17'
        Info: 7: + IC(0.000 ns) + CELL(1.626 ns) = 4.264 ns; Loc. = LC_X6_Y1_N4; Fanout = 2; REG Node = 'cnt_scan[12]'
        Info: Total cell delay = 3.372 ns ( 79.08 % )
        Info: Total interconnect delay = 0.892 ns ( 20.92 % )
    Info: - Smallest clock skew is 0.000 ns
        Info: + Shortest clock path from clock "clk" to destination register is 3.348 ns
            Info: 1: + IC(0.000 ns) + CELL(1.163 ns) = 1.163 ns; Loc. = PIN_12; Fanout = 16; CLK Node = 'clk'
            Info: 2: + IC(1.267 ns) + CELL(0.918 ns) = 3.348 ns; Loc. = LC_X6_Y1_N4; Fanout = 2; REG Node = 'cnt_scan[12]'
            Info: Total cell delay = 2.081 ns ( 62.16 % )
            Info: Total interconnect delay = 1.267 ns ( 37.84 % )
        Info: - Longest clock path from clock "clk" to source register is 3.348 ns
            Info: 1: + IC(0.000 ns) + CELL(1.163 ns) = 1.163 ns; Loc. = PIN_12; Fanout = 16; CLK Node = 'clk'
            Info: 2: + IC(1.267 ns) + CELL(0.918 ns) = 3.348 ns; Loc. = LC_X5_Y1_N5; Fanout = 3; REG Node = 'cnt_scan[3]'
            Info: Total cell delay = 2.081 ns ( 62.16 % )
            Info: Total interconnect delay = 1.267 ns ( 37.84 % )
    Info: + Micro clock to output delay of source is 0.376 ns
    Info: + Micro setup delay of destination is 0.333 ns
Info: tco from clock "clk" to destination pin "led_out[4]" through register "cnt_scan[13]" is 12.008 ns
    Info: + Longest clock path from clock "clk" to source register is 3.348 ns
        Info: 1: + IC(0.000 ns) + CELL(1.163 ns) = 1.163 ns; Loc. = PIN_12; Fanout = 16; CLK Node = 'clk'
        Info: 2: + IC(1.267 ns) + CELL(0.918 ns) = 3.348 ns; Loc. = LC_X6_Y1_N5; Fanout = 17; REG Node = 'cnt_scan[13]'
        Info: Total cell delay = 2.081 ns ( 62.16 % )
        Info: Total interconnect delay = 1.267 ns ( 37.84 % )
    Info: + Micro clock to output delay of source is 0.376 ns
    Info: + Longest register to pin delay is 8.284 ns
        Info: 1: + IC(0.000 ns) + CELL(0.000 ns) = 0.000 ns; Loc. = LC_X6_Y1_N5; Fanout = 17; REG Node = 'cnt_scan[13]'
        Info: 2: + IC(2.699 ns) + CELL(0.740 ns) = 3.439 ns; Loc. = LC_X4_Y2_N1; Fanout = 1; COMB Node = 'Mux15~0'
        Info: 3: + IC(2.523 ns) + CELL(2.322 ns) = 8.284 ns; Loc. = PIN_81; Fanout = 0; PIN Node = 'led_out[4]'
        Info: Total cell delay = 3.062 ns ( 36.96 % )
        Info: Total interconnect delay = 5.222 ns ( 63.04 % )
Info: Quartus II Classic Timing Analyzer was successful. 0 errors, 1 warning
    Info: Peak virtual memory: 133 megabytes
    Info: Processing ended: Thu Jul 04 21:13:17 2013
    Info: Elapsed time: 00:00:01
    Info: Total CPU time (on all processors): 00:00:01


