Analysis & Synthesis report for key_3x3
Fri Aug 23 10:32:18 2019
Quartus Prime Version 18.1.0 Build 625 09/12/2018 SJ Lite Edition


---------------------
; Table of Contents ;
---------------------
  1. Legal Notice
  2. Analysis & Synthesis Summary
  3. Analysis & Synthesis Settings
  4. Parallel Compilation
  5. Analysis & Synthesis Source Files Read
  6. Analysis & Synthesis Resource Usage Summary
  7. Analysis & Synthesis Resource Utilization by Entity
  8. State Machine - |key_3x3|current_state
  9. Registers Removed During Synthesis
 10. General Register Statistics
 11. Multiplexer Restructuring Statistics (Restructuring Performed)
 12. Parameter Settings for User Entity Instance: Top-level Entity: |key_3x3
 13. Post-Synthesis Netlist Statistics for Top Partition
 14. Elapsed Time Per Partition
 15. Analysis & Synthesis Messages



----------------
; Legal Notice ;
----------------
Copyright (C) 2018  Intel Corporation. All rights reserved.
Your use of Intel Corporation's design tools, logic functions 
and other software and tools, and its AMPP partner logic 
functions, and any output files from any of the foregoing 
(including device programming or simulation files), and any 
associated documentation or information are expressly subject 
to the terms and conditions of the Intel Program License 
Subscription Agreement, the Intel Quartus Prime License Agreement,
the Intel FPGA IP License Agreement, or other applicable license
agreement, including, without limitation, that your use is for
the sole purpose of programming logic devices manufactured by
Intel and sold by Intel or its authorized distributors.  Please
refer to the applicable agreement for further details.



+----------------------------------------------------------------------------------+
; Analysis & Synthesis Summary                                                     ;
+------------------------------------+---------------------------------------------+
; Analysis & Synthesis Status        ; Successful - Fri Aug 23 10:32:18 2019       ;
; Quartus Prime Version              ; 18.1.0 Build 625 09/12/2018 SJ Lite Edition ;
; Revision Name                      ; key_3x3                                     ;
; Top-level Entity Name              ; key_3x3                                     ;
; Family                             ; Cyclone IV E                                ;
; Total logic elements               ; 50                                          ;
;     Total combinational functions  ; 44                                          ;
;     Dedicated logic registers      ; 41                                          ;
; Total registers                    ; 41                                          ;
; Total pins                         ; 21                                          ;
; Total virtual pins                 ; 0                                           ;
; Total memory bits                  ; 0                                           ;
; Embedded Multiplier 9-bit elements ; 0                                           ;
; Total PLLs                         ; 0                                           ;
+------------------------------------+---------------------------------------------+


+------------------------------------------------------------------------------------------------------------+
; Analysis & Synthesis Settings                                                                              ;
+------------------------------------------------------------------+--------------------+--------------------+
; Option                                                           ; Setting            ; Default Value      ;
+------------------------------------------------------------------+--------------------+--------------------+
; Device                                                           ; EP4CE22F17C8       ;                    ;
; Top-level entity name                                            ; key_3x3            ; key_3x3            ;
; Family name                                                      ; Cyclone IV E       ; Cyclone V          ;
; Use smart compilation                                            ; Off                ; Off                ;
; Enable parallel Assembler and Timing Analyzer during compilation ; On                 ; On                 ;
; Enable compact report table                                      ; Off                ; Off                ;
; Restructure Multiplexers                                         ; Auto               ; Auto               ;
; Create Debugging Nodes for IP Cores                              ; Off                ; Off                ;
; Preserve fewer node names                                        ; On                 ; On                 ;
; Intel FPGA IP Evaluation Mode                                    ; Enable             ; Enable             ;
; Verilog Version                                                  ; Verilog_2001       ; Verilog_2001       ;
; VHDL Version                                                     ; VHDL_1993          ; VHDL_1993          ;
; State Machine Processing                                         ; Auto               ; Auto               ;
; Safe State Machine                                               ; Off                ; Off                ;
; Extract Verilog State Machines                                   ; On                 ; On                 ;
; Extract VHDL State Machines                                      ; On                 ; On                 ;
; Ignore Verilog initial constructs                                ; Off                ; Off                ;
; Iteration limit for constant Verilog loops                       ; 5000               ; 5000               ;
; Iteration limit for non-constant Verilog loops                   ; 250                ; 250                ;
; Add Pass-Through Logic to Inferred RAMs                          ; On                 ; On                 ;
; Infer RAMs from Raw Logic                                        ; On                 ; On                 ;
; Parallel Synthesis                                               ; On                 ; On                 ;
; DSP Block Balancing                                              ; Auto               ; Auto               ;
; NOT Gate Push-Back                                               ; On                 ; On                 ;
; Power-Up Don't Care                                              ; On                 ; On                 ;
; Remove Redundant Logic Cells                                     ; Off                ; Off                ;
; Remove Duplicate Registers                                       ; On                 ; On                 ;
; Ignore CARRY Buffers                                             ; Off                ; Off                ;
; Ignore CASCADE Buffers                                           ; Off                ; Off                ;
; Ignore GLOBAL Buffers                                            ; Off                ; Off                ;
; Ignore ROW GLOBAL Buffers                                        ; Off                ; Off                ;
; Ignore LCELL Buffers                                             ; Off                ; Off                ;
; Ignore SOFT Buffers                                              ; On                 ; On                 ;
; Limit AHDL Integers to 32 Bits                                   ; Off                ; Off                ;
; Optimization Technique                                           ; Balanced           ; Balanced           ;
; Carry Chain Length                                               ; 70                 ; 70                 ;
; Auto Carry Chains                                                ; On                 ; On                 ;
; Auto Open-Drain Pins                                             ; On                 ; On                 ;
; Perform WYSIWYG Primitive Resynthesis                            ; Off                ; Off                ;
; Auto ROM Replacement                                             ; On                 ; On                 ;
; Auto RAM Replacement                                             ; On                 ; On                 ;
; Auto DSP Block Replacement                                       ; On                 ; On                 ;
; Auto Shift Register Replacement                                  ; Auto               ; Auto               ;
; Allow Shift Register Merging across Hierarchies                  ; Auto               ; Auto               ;
; Auto Clock Enable Replacement                                    ; On                 ; On                 ;
; Strict RAM Replacement                                           ; Off                ; Off                ;
; Allow Synchronous Control Signals                                ; On                 ; On                 ;
; Force Use of Synchronous Clear Signals                           ; Off                ; Off                ;
; Auto RAM Block Balancing                                         ; On                 ; On                 ;
; Auto RAM to Logic Cell Conversion                                ; Off                ; Off                ;
; Auto Resource Sharing                                            ; Off                ; Off                ;
; Allow Any RAM Size For Recognition                               ; Off                ; Off                ;
; Allow Any ROM Size For Recognition                               ; Off                ; Off                ;
; Allow Any Shift Register Size For Recognition                    ; Off                ; Off                ;
; Use LogicLock Constraints during Resource Balancing              ; On                 ; On                 ;
; Ignore translate_off and synthesis_off directives                ; Off                ; Off                ;
; Timing-Driven Synthesis                                          ; On                 ; On                 ;
; Report Parameter Settings                                        ; On                 ; On                 ;
; Report Source Assignments                                        ; On                 ; On                 ;
; Report Connectivity Checks                                       ; On                 ; On                 ;
; Ignore Maximum Fan-Out Assignments                               ; Off                ; Off                ;
; Synchronization Register Chain Length                            ; 2                  ; 2                  ;
; Power Optimization During Synthesis                              ; Normal compilation ; Normal compilation ;
; HDL message level                                                ; Level2             ; Level2             ;
; Suppress Register Optimization Related Messages                  ; Off                ; Off                ;
; Number of Removed Registers Reported in Synthesis Report         ; 5000               ; 5000               ;
; Number of Swept Nodes Reported in Synthesis Report               ; 5000               ; 5000               ;
; Number of Inverted Registers Reported in Synthesis Report        ; 100                ; 100                ;
; Clock MUX Protection                                             ; On                 ; On                 ;
; Auto Gated Clock Conversion                                      ; Off                ; Off                ;
; Block Design Naming                                              ; Auto               ; Auto               ;
; SDC constraint protection                                        ; Off                ; Off                ;
; Synthesis Effort                                                 ; Auto               ; Auto               ;
; Shift Register Replacement - Allow Asynchronous Clear Signal     ; On                 ; On                 ;
; Pre-Mapping Resynthesis Optimization                             ; Off                ; Off                ;
; Analysis & Synthesis Message Level                               ; Medium             ; Medium             ;
; Disable Register Merging Across Hierarchies                      ; Auto               ; Auto               ;
; Resource Aware Inference For Block RAM                           ; On                 ; On                 ;
+------------------------------------------------------------------+--------------------+--------------------+


+------------------------------------------+
; Parallel Compilation                     ;
+----------------------------+-------------+
; Processors                 ; Number      ;
+----------------------------+-------------+
; Number detected on machine ; 8           ;
; Maximum allowed            ; 4           ;
;                            ;             ;
; Average used               ; 1.00        ;
; Maximum used               ; 4           ;
;                            ;             ;
; Usage by Processor         ; % Time Used ;
;     Processor 1            ; 100.0%      ;
;     Processor 2            ;   0.0%      ;
;     Processors 3-4         ;   0.0%      ;
+----------------------------+-------------+


+-----------------------------------------------------------------------------------------------------------------------------------------------------------------------------------------+
; Analysis & Synthesis Source Files Read                                                                                                                                                  ;
+----------------------------------+-----------------+------------------------+-------------------------------------------------------------------------------------------------+---------+
; File Name with User-Entered Path ; Used in Netlist ; File Type              ; File Name with Absolute Path                                                                    ; Library ;
+----------------------------------+-----------------+------------------------+-------------------------------------------------------------------------------------------------+---------+
; key_3x3.v                        ; yes             ; User Verilog HDL File  ; C:/Users/HPz420/Documents/GitHub/FPGA_Cards/A-ESTF_V2_EP4CE22Board/E22_BGA256/key_3x3/key_3x3.v ;         ;
+----------------------------------+-----------------+------------------------+-------------------------------------------------------------------------------------------------+---------+


+-------------------------------------------------------------+
; Analysis & Synthesis Resource Usage Summary                 ;
+---------------------------------------------+---------------+
; Resource                                    ; Usage         ;
+---------------------------------------------+---------------+
; Estimated Total logic elements              ; 50            ;
;                                             ;               ;
; Total combinational functions               ; 44            ;
; Logic element usage by number of LUT inputs ;               ;
;     -- 4 input functions                    ; 16            ;
;     -- 3 input functions                    ; 8             ;
;     -- <=2 input functions                  ; 20            ;
;                                             ;               ;
; Logic elements by mode                      ;               ;
;     -- normal mode                          ; 26            ;
;     -- arithmetic mode                      ; 18            ;
;                                             ;               ;
; Total registers                             ; 41            ;
;     -- Dedicated logic registers            ; 41            ;
;     -- I/O registers                        ; 0             ;
;                                             ;               ;
; I/O pins                                    ; 21            ;
;                                             ;               ;
; Embedded Multiplier 9-bit elements          ; 0             ;
;                                             ;               ;
; Maximum fan-out node                        ; i_rst_n~input ;
; Maximum fan-out                             ; 36            ;
; Total fan-out                               ; 290           ;
; Average fan-out                             ; 2.28          ;
+---------------------------------------------+---------------+


+----------------------------------------------------------------------------------------------------------------------------------------------------------------------------------------------------------+
; Analysis & Synthesis Resource Utilization by Entity                                                                                                                                                      ;
+----------------------------+---------------------+---------------------------+-------------+--------------+---------+-----------+------+--------------+---------------------+-------------+--------------+
; Compilation Hierarchy Node ; Combinational ALUTs ; Dedicated Logic Registers ; Memory Bits ; DSP Elements ; DSP 9x9 ; DSP 18x18 ; Pins ; Virtual Pins ; Full Hierarchy Name ; Entity Name ; Library Name ;
+----------------------------+---------------------+---------------------------+-------------+--------------+---------+-----------+------+--------------+---------------------+-------------+--------------+
; |key_3x3                   ; 44 (44)             ; 41 (41)                   ; 0           ; 0            ; 0       ; 0         ; 21   ; 0            ; |key_3x3            ; key_3x3     ; work         ;
+----------------------------+---------------------+---------------------------+-------------+--------------+---------+-----------+------+--------------+---------------------+-------------+--------------+
Note: For table entries with two numbers listed, the numbers in parentheses indicate the number of resources of the given type used by the specific entity alone. The numbers listed outside of parentheses indicate the total resources of the given type used by the specific entity and all of its sub-entities in the hierarchy.


Encoding Type:  One-Hot
+-----------------------------------------------------------------------------------------------------------------------------------------------------------------------+
; State Machine - |key_3x3|current_state                                                                                                                                ;
+------------------------------+---------------------------+-------------------------+-------------------------+-------------------------+------------------------------+
; Name                         ; current_state.KEY_PRESSED ; current_state.SCAN_COL2 ; current_state.SCAN_COL1 ; current_state.SCAN_COL0 ; current_state.NO_KEY_PRESSED ;
+------------------------------+---------------------------+-------------------------+-------------------------+-------------------------+------------------------------+
; current_state.NO_KEY_PRESSED ; 0                         ; 0                       ; 0                       ; 0                       ; 0                            ;
; current_state.SCAN_COL0      ; 0                         ; 0                       ; 0                       ; 1                       ; 1                            ;
; current_state.SCAN_COL1      ; 0                         ; 0                       ; 1                       ; 0                       ; 1                            ;
; current_state.SCAN_COL2      ; 0                         ; 1                       ; 0                       ; 0                       ; 1                            ;
; current_state.KEY_PRESSED    ; 1                         ; 0                       ; 0                       ; 0                       ; 1                            ;
+------------------------------+---------------------------+-------------------------+-------------------------+-------------------------+------------------------------+


+------------------------------------------------------------+
; Registers Removed During Synthesis                         ;
+---------------------------------------+--------------------+
; Register name                         ; Reason for Removal ;
+---------------------------------------+--------------------+
; current_state.SCAN_COL2               ; Lost fanout        ;
; current_state.KEY_PRESSED             ; Lost fanout        ;
; current_state~9                       ; Lost fanout        ;
; Total Number of Removed Registers = 3 ;                    ;
+---------------------------------------+--------------------+


+------------------------------------------------------+
; General Register Statistics                          ;
+----------------------------------------------+-------+
; Statistic                                    ; Value ;
+----------------------------------------------+-------+
; Total registers                              ; 41    ;
; Number of registers using Synchronous Clear  ; 0     ;
; Number of registers using Synchronous Load   ; 0     ;
; Number of registers using Asynchronous Clear ; 35    ;
; Number of registers using Asynchronous Load  ; 0     ;
; Number of registers using Clock Enable       ; 15    ;
; Number of registers using Preset             ; 0     ;
+----------------------------------------------+-------+


+---------------------------------------------------------------------------------------------------------------------------------------------+
; Multiplexer Restructuring Statistics (Restructuring Performed)                                                                              ;
+--------------------+-----------+---------------+----------------------+------------------------+------------+-------------------------------+
; Multiplexer Inputs ; Bus Width ; Baseline Area ; Area if Restructured ; Saving if Restructured ; Registered ; Example Multiplexer Output    ;
+--------------------+-----------+---------------+----------------------+------------------------+------------+-------------------------------+
; 64:1               ; 7 bits    ; 294 LEs       ; 42 LEs               ; 252 LEs                ; Yes        ; |key_3x3|keyboard_val[0]~reg0 ;
+--------------------+-----------+---------------+----------------------+------------------------+------------+-------------------------------+


+-------------------------------------------------------------------------+
; Parameter Settings for User Entity Instance: Top-level Entity: |key_3x3 ;
+----------------+--------+-----------------------------------------------+
; Parameter Name ; Value  ; Type                                          ;
+----------------+--------+-----------------------------------------------+
; NO_KEY_PRESSED ; 000001 ; Unsigned Binary                               ;
; SCAN_COL0      ; 000010 ; Unsigned Binary                               ;
; SCAN_COL1      ; 000100 ; Unsigned Binary                               ;
; SCAN_COL2      ; 001000 ; Unsigned Binary                               ;
; KEY_PRESSED    ; 010000 ; Unsigned Binary                               ;
+----------------+--------+-----------------------------------------------+
Note: In order to hide this table in the UI and the text report file, please set the "Show Parameter Settings in Synthesis Report" option in "Analysis and Synthesis Settings -> More Settings" to "Off".


+-----------------------------------------------------+
; Post-Synthesis Netlist Statistics for Top Partition ;
+-----------------------+-----------------------------+
; Type                  ; Count                       ;
+-----------------------+-----------------------------+
; boundary_port         ; 21                          ;
; cycloneiii_ff         ; 41                          ;
;     CLR               ; 26                          ;
;     ENA               ; 6                           ;
;     ENA CLR           ; 9                           ;
; cycloneiii_lcell_comb ; 46                          ;
;     arith             ; 18                          ;
;         2 data inputs ; 17                          ;
;         3 data inputs ; 1                           ;
;     normal            ; 28                          ;
;         0 data inputs ; 2                           ;
;         1 data inputs ; 2                           ;
;         2 data inputs ; 1                           ;
;         3 data inputs ; 7                           ;
;         4 data inputs ; 16                          ;
;                       ;                             ;
; Max LUT depth         ; 3.00                        ;
; Average LUT depth     ; 1.82                        ;
+-----------------------+-----------------------------+


+-------------------------------+
; Elapsed Time Per Partition    ;
+----------------+--------------+
; Partition Name ; Elapsed Time ;
+----------------+--------------+
; Top            ; 00:00:00     ;
+----------------+--------------+


+-------------------------------+
; Analysis & Synthesis Messages ;
+-------------------------------+
Info: *******************************************************************
Info: Running Quartus Prime Analysis & Synthesis
    Info: Version 18.1.0 Build 625 09/12/2018 SJ Lite Edition
    Info: Processing started: Fri Aug 23 10:32:05 2019
Info: Command: quartus_map --read_settings_files=on --write_settings_files=off key_3x3 -c key_3x3
Warning (18236): Number of processors has not been specified which may cause overloading on shared machines.  Set the global assignment NUM_PARALLEL_PROCESSORS in your QSF to an appropriate value for best performance.
Info (20030): Parallel compilation is enabled and will use 4 of the 4 processors detected
Info (12021): Found 1 design units, including 1 entities, in source file key_3x3.v
    Info (12023): Found entity 1: key_3x3 File: C:/Users/HPz420/Documents/GitHub/FPGA_Cards/A-ESTF_V2_EP4CE22Board/E22_BGA256/key_3x3/key_3x3.v Line: 6
Warning (10236): Verilog HDL Implicit Net warning at key_3x3.v(17): created implicit net for "U7_128_A" File: C:/Users/HPz420/Documents/GitHub/FPGA_Cards/A-ESTF_V2_EP4CE22Board/E22_BGA256/key_3x3/key_3x3.v Line: 17
Info (12127): Elaborating entity "key_3x3" for the top level hierarchy
Warning (10036): Verilog HDL or VHDL warning at key_3x3.v(17): object "U7_128_A" assigned a value but never read File: C:/Users/HPz420/Documents/GitHub/FPGA_Cards/A-ESTF_V2_EP4CE22Board/E22_BGA256/key_3x3/key_3x3.v Line: 17
Warning (10230): Verilog HDL assignment warning at key_3x3.v(94): truncated value with size 4 to match size of target (3) File: C:/Users/HPz420/Documents/GitHub/FPGA_Cards/A-ESTF_V2_EP4CE22Board/E22_BGA256/key_3x3/key_3x3.v Line: 94
Warning (10034): Output port "U2_128_A" at key_3x3.v(9) has no driver File: C:/Users/HPz420/Documents/GitHub/FPGA_Cards/A-ESTF_V2_EP4CE22Board/E22_BGA256/key_3x3/key_3x3.v Line: 9
Warning (13024): Output pins are stuck at VCC or GND
    Warning (13410): Pin "U2_128_A[0]" is stuck at GND File: C:/Users/HPz420/Documents/GitHub/FPGA_Cards/A-ESTF_V2_EP4CE22Board/E22_BGA256/key_3x3/key_3x3.v Line: 9
    Warning (13410): Pin "U2_128_A[1]" is stuck at GND File: C:/Users/HPz420/Documents/GitHub/FPGA_Cards/A-ESTF_V2_EP4CE22Board/E22_BGA256/key_3x3/key_3x3.v Line: 9
    Warning (13410): Pin "U2_128_A[2]" is stuck at GND File: C:/Users/HPz420/Documents/GitHub/FPGA_Cards/A-ESTF_V2_EP4CE22Board/E22_BGA256/key_3x3/key_3x3.v Line: 9
    Warning (13410): Pin "U2_138_select" is stuck at VCC File: C:/Users/HPz420/Documents/GitHub/FPGA_Cards/A-ESTF_V2_EP4CE22Board/E22_BGA256/key_3x3/key_3x3.v Line: 10
    Warning (13410): Pin "U3_138_select" is stuck at GND File: C:/Users/HPz420/Documents/GitHub/FPGA_Cards/A-ESTF_V2_EP4CE22Board/E22_BGA256/key_3x3/key_3x3.v Line: 11
Info (286030): Timing-Driven Synthesis is running
Info (17049): 3 registers lost all their fanouts during netlist optimizations.
Info (16010): Generating hard_block partition "hard_block:auto_generated_inst"
    Info (16011): Adding 0 node(s), including 0 DDIO, 0 PLL, 0 transceiver and 0 LCELL
Info (21057): Implemented 71 device resources after synthesis - the final resource count might be different
    Info (21058): Implemented 5 input pins
    Info (21059): Implemented 16 output pins
    Info (21061): Implemented 50 logic cells
Info: Quartus Prime Analysis & Synthesis was successful. 0 errors, 11 warnings
    Info: Peak virtual memory: 4781 megabytes
    Info: Processing ended: Fri Aug 23 10:32:18 2019
    Info: Elapsed time: 00:00:13
    Info: Total CPU time (on all processors): 00:00:29


