Analysis & Synthesis report for seg73
Thu Jun 06 10:51:58 2019
Quartus Prime Version 18.1.0 Build 625 09/12/2018 SJ Lite Edition


---------------------
; Table of Contents ;
---------------------
  1. Legal Notice
  2. Analysis & Synthesis Summary
  3. Analysis & Synthesis Settings
  4. Parallel Compilation
  5. Analysis & Synthesis Source Files Read
  6. Analysis & Synthesis Resource Usage Summary
  7. Analysis & Synthesis Resource Utilization by Entity
  8. Registers Removed During Synthesis
  9. General Register Statistics
 10. Multiplexer Restructuring Statistics (Restructuring Performed)
 11. Post-Synthesis Netlist Statistics for Top Partition
 12. Elapsed Time Per Partition
 13. Analysis & Synthesis Messages



----------------
; Legal Notice ;
----------------
Copyright (C) 2018  Intel Corporation. All rights reserved.
Your use of Intel Corporation's design tools, logic functions 
and other software and tools, and its AMPP partner logic 
functions, and any output files from any of the foregoing 
(including device programming or simulation files), and any 
associated documentation or information are expressly subject 
to the terms and conditions of the Intel Program License 
Subscription Agreement, the Intel Quartus Prime License Agreement,
the Intel FPGA IP License Agreement, or other applicable license
agreement, including, without limitation, that your use is for
the sole purpose of programming logic devices manufactured by
Intel and sold by Intel or its authorized distributors.  Please
refer to the applicable agreement for further details.



+----------------------------------------------------------------------------------+
; Analysis & Synthesis Summary                                                     ;
+------------------------------------+---------------------------------------------+
; Analysis & Synthesis Status        ; Successful - Thu Jun 06 10:51:58 2019       ;
; Quartus Prime Version              ; 18.1.0 Build 625 09/12/2018 SJ Lite Edition ;
; Revision Name                      ; seg73                                       ;
; Top-level Entity Name              ; ElapsedTimeCounter_7S8D_LED                 ;
; Family                             ; Cyclone IV E                                ;
; Total logic elements               ; 129                                         ;
;     Total combinational functions  ; 129                                         ;
;     Dedicated logic registers      ; 80                                          ;
; Total registers                    ; 80                                          ;
; Total pins                         ; 18                                          ;
; Total virtual pins                 ; 0                                           ;
; Total memory bits                  ; 0                                           ;
; Embedded Multiplier 9-bit elements ; 0                                           ;
; Total PLLs                         ; 0                                           ;
+------------------------------------+---------------------------------------------+


+---------------------------------------------------------------------------------------------------------------------+
; Analysis & Synthesis Settings                                                                                       ;
+------------------------------------------------------------------+-----------------------------+--------------------+
; Option                                                           ; Setting                     ; Default Value      ;
+------------------------------------------------------------------+-----------------------------+--------------------+
; Device                                                           ; EP4CE6E22C8                 ;                    ;
; Top-level entity name                                            ; ElapsedTimeCounter_7S8D_LED ; seg73              ;
; Family name                                                      ; Cyclone IV E                ; Stratix            ;
; Use smart compilation                                            ; Off                         ; Off                ;
; Enable parallel Assembler and Timing Analyzer during compilation ; On                          ; On                 ;
; Enable compact report table                                      ; Off                         ; Off                ;
; Restructure Multiplexers                                         ; Auto                        ; Auto               ;
; Create Debugging Nodes for IP Cores                              ; Off                         ; Off                ;
; Preserve fewer node names                                        ; On                          ; On                 ;
; Intel FPGA IP Evaluation Mode                                    ; Enable                      ; Enable             ;
; Verilog Version                                                  ; Verilog_2001                ; Verilog_2001       ;
; VHDL Version                                                     ; VHDL_1993                   ; VHDL_1993          ;
; State Machine Processing                                         ; Auto                        ; Auto               ;
; Safe State Machine                                               ; Off                         ; Off                ;
; Extract Verilog State Machines                                   ; On                          ; On                 ;
; Extract VHDL State Machines                                      ; On                          ; On                 ;
; Ignore Verilog initial constructs                                ; Off                         ; Off                ;
; Iteration limit for constant Verilog loops                       ; 5000                        ; 5000               ;
; Iteration limit for non-constant Verilog loops                   ; 250                         ; 250                ;
; Add Pass-Through Logic to Inferred RAMs                          ; On                          ; On                 ;
; Infer RAMs from Raw Logic                                        ; On                          ; On                 ;
; Parallel Synthesis                                               ; On                          ; On                 ;
; DSP Block Balancing                                              ; Auto                        ; Auto               ;
; Maximum DSP Block Usage                                          ; -1                          ; -1                 ;
; NOT Gate Push-Back                                               ; On                          ; On                 ;
; Power-Up Don't Care                                              ; On                          ; On                 ;
; Remove Redundant Logic Cells                                     ; Off                         ; Off                ;
; Remove Duplicate Registers                                       ; On                          ; On                 ;
; Ignore CARRY Buffers                                             ; Off                         ; Off                ;
; Ignore CASCADE Buffers                                           ; Off                         ; Off                ;
; Ignore GLOBAL Buffers                                            ; Off                         ; Off                ;
; Ignore ROW GLOBAL Buffers                                        ; Off                         ; Off                ;
; Ignore LCELL Buffers                                             ; Off                         ; Off                ;
; Ignore SOFT Buffers                                              ; On                          ; On                 ;
; Limit AHDL Integers to 32 Bits                                   ; Off                         ; Off                ;
; Optimization Technique                                           ; Balanced                    ; Balanced           ;
; Carry Chain Length                                               ; 70                          ; 70                 ;
; Auto Carry Chains                                                ; On                          ; On                 ;
; Auto Open-Drain Pins                                             ; On                          ; On                 ;
; Perform WYSIWYG Primitive Resynthesis                            ; Off                         ; Off                ;
; Auto ROM Replacement                                             ; On                          ; On                 ;
; Auto RAM Replacement                                             ; On                          ; On                 ;
; Auto DSP Block Replacement                                       ; On                          ; On                 ;
; Auto Shift Register Replacement                                  ; Auto                        ; Auto               ;
; Allow Shift Register Merging across Hierarchies                  ; Auto                        ; Auto               ;
; Auto Clock Enable Replacement                                    ; On                          ; On                 ;
; Strict RAM Replacement                                           ; Off                         ; Off                ;
; Allow Synchronous Control Signals                                ; On                          ; On                 ;
; Force Use of Synchronous Clear Signals                           ; Off                         ; Off                ;
; Auto RAM Block Balancing                                         ; On                          ; On                 ;
; Auto RAM to Logic Cell Conversion                                ; Off                         ; Off                ;
; Auto Resource Sharing                                            ; Off                         ; Off                ;
; Allow Any RAM Size For Recognition                               ; Off                         ; Off                ;
; Allow Any ROM Size For Recognition                               ; Off                         ; Off                ;
; Allow Any Shift Register Size For Recognition                    ; Off                         ; Off                ;
; Use LogicLock Constraints during Resource Balancing              ; On                          ; On                 ;
; Maximum Number of M4K/M9K/M20K/M10K Memory Blocks                ; -1                          ; -1                 ;
; Ignore translate_off and synthesis_off directives                ; Off                         ; Off                ;
; Timing-Driven Synthesis                                          ; On                          ; On                 ;
; Report Parameter Settings                                        ; On                          ; On                 ;
; Report Source Assignments                                        ; On                          ; On                 ;
; Report Connectivity Checks                                       ; On                          ; On                 ;
; Ignore Maximum Fan-Out Assignments                               ; Off                         ; Off                ;
; Synchronization Register Chain Length                            ; 2                           ; 2                  ;
; Power Optimization During Synthesis                              ; Normal compilation          ; Normal compilation ;
; HDL message level                                                ; Level2                      ; Level2             ;
; Suppress Register Optimization Related Messages                  ; Off                         ; Off                ;
; Number of Removed Registers Reported in Synthesis Report         ; 5000                        ; 5000               ;
; Number of Swept Nodes Reported in Synthesis Report               ; 5000                        ; 5000               ;
; Number of Inverted Registers Reported in Synthesis Report        ; 100                         ; 100                ;
; Clock MUX Protection                                             ; On                          ; On                 ;
; Auto Gated Clock Conversion                                      ; Off                         ; Off                ;
; Block Design Naming                                              ; Auto                        ; Auto               ;
; SDC constraint protection                                        ; Off                         ; Off                ;
; Synthesis Effort                                                 ; Auto                        ; Auto               ;
; Shift Register Replacement - Allow Asynchronous Clear Signal     ; On                          ; On                 ;
; Pre-Mapping Resynthesis Optimization                             ; Off                         ; Off                ;
; Analysis & Synthesis Message Level                               ; Medium                      ; Medium             ;
; Disable Register Merging Across Hierarchies                      ; Auto                        ; Auto               ;
; Resource Aware Inference For Block RAM                           ; On                          ; On                 ;
+------------------------------------------------------------------+-----------------------------+--------------------+


+------------------------------------------+
; Parallel Compilation                     ;
+----------------------------+-------------+
; Processors                 ; Number      ;
+----------------------------+-------------+
; Number detected on machine ; 8           ;
; Maximum allowed            ; 4           ;
;                            ;             ;
; Average used               ; 1.00        ;
; Maximum used               ; 4           ;
;                            ;             ;
; Usage by Processor         ; % Time Used ;
;     Processor 1            ; 100.0%      ;
;     Processors 2-4         ;   0.0%      ;
+----------------------------+-------------+


+-----------------------------------------------------------------------------------------------------------------------------------------------------------------------------------------------------------------------------------------------------------+
; Analysis & Synthesis Source Files Read                                                                                                                                                                                                                    ;
+-------------------------------------------------------------------------------------------+-----------------+-----------------+-----------------------------------------------------------------------------------------------------------------+---------+
; File Name with User-Entered Path                                                          ; Used in Netlist ; File Type       ; File Name with Absolute Path                                                                                    ; Library ;
+-------------------------------------------------------------------------------------------+-----------------+-----------------+-----------------------------------------------------------------------------------------------------------------+---------+
; ../../../../../R32V2020/VHDL/Components/Seven_Seg_8_Digit/ElapsedTimeCounter_7S8D_LED.vhd ; yes             ; User VHDL File  ; C:/Users/dgilliland/Documents/GitHub/R32V2020/VHDL/Components/Seven_Seg_8_Digit/ElapsedTimeCounter_7S8D_LED.vhd ;         ;
+-------------------------------------------------------------------------------------------+-----------------+-----------------+-----------------------------------------------------------------------------------------------------------------+---------+


+-----------------------------------------------------------------+
; Analysis & Synthesis Resource Usage Summary                     ;
+---------------------------------------------+-------------------+
; Resource                                    ; Usage             ;
+---------------------------------------------+-------------------+
; Estimated Total logic elements              ; 129               ;
;                                             ;                   ;
; Total combinational functions               ; 129               ;
; Logic element usage by number of LUT inputs ;                   ;
;     -- 4 input functions                    ; 34                ;
;     -- 3 input functions                    ; 16                ;
;     -- <=2 input functions                  ; 79                ;
;                                             ;                   ;
; Logic elements by mode                      ;                   ;
;     -- normal mode                          ; 54                ;
;     -- arithmetic mode                      ; 75                ;
;                                             ;                   ;
; Total registers                             ; 80                ;
;     -- Dedicated logic registers            ; 80                ;
;     -- I/O registers                        ; 0                 ;
;                                             ;                   ;
; I/O pins                                    ; 18                ;
;                                             ;                   ;
; Embedded Multiplier 9-bit elements          ; 0                 ;
;                                             ;                   ;
; Maximum fan-out node                        ; clock_50Mhz~input ;
; Maximum fan-out                             ; 80                ;
; Total fan-out                               ; 670               ;
; Average fan-out                             ; 2.73              ;
+---------------------------------------------+-------------------+


+-------------------------------------------------------------------------------------------------------------------------------------------------------------------------------------------------------------------------------------+
; Analysis & Synthesis Resource Utilization by Entity                                                                                                                                                                                 ;
+------------------------------+---------------------+---------------------------+-------------+--------------+---------+-----------+------+--------------+------------------------------+-----------------------------+--------------+
; Compilation Hierarchy Node   ; Combinational ALUTs ; Dedicated Logic Registers ; Memory Bits ; DSP Elements ; DSP 9x9 ; DSP 18x18 ; Pins ; Virtual Pins ; Full Hierarchy Name          ; Entity Name                 ; Library Name ;
+------------------------------+---------------------+---------------------------+-------------+--------------+---------+-----------+------+--------------+------------------------------+-----------------------------+--------------+
; |ElapsedTimeCounter_7S8D_LED ; 129 (129)           ; 80 (80)                   ; 0           ; 0            ; 0       ; 0         ; 18   ; 0            ; |ElapsedTimeCounter_7S8D_LED ; ElapsedTimeCounter_7S8D_LED ; work         ;
+------------------------------+---------------------+---------------------------+-------------+--------------+---------+-----------+------+--------------+------------------------------+-----------------------------+--------------+
Note: For table entries with two numbers listed, the numbers in parentheses indicate the number of resources of the given type used by the specific entity alone. The numbers listed outside of parentheses indicate the total resources of the given type used by the specific entity and all of its sub-entities in the hierarchy.


+------------------------------------------------------------+
; Registers Removed During Synthesis                         ;
+---------------------------------------+--------------------+
; Register name                         ; Reason for Removal ;
+---------------------------------------+--------------------+
; refresh_counter[20]                   ; Lost fanout        ;
; Total Number of Removed Registers = 1 ;                    ;
+---------------------------------------+--------------------+


+------------------------------------------------------+
; General Register Statistics                          ;
+----------------------------------------------+-------+
; Statistic                                    ; Value ;
+----------------------------------------------+-------+
; Total registers                              ; 80    ;
; Number of registers using Synchronous Clear  ; 28    ;
; Number of registers using Synchronous Load   ; 0     ;
; Number of registers using Asynchronous Clear ; 80    ;
; Number of registers using Asynchronous Load  ; 0     ;
; Number of registers using Clock Enable       ; 31    ;
; Number of registers using Preset             ; 0     ;
+----------------------------------------------+-------+


+--------------------------------------------------------------------------------------------------------------------------------------------------+
; Multiplexer Restructuring Statistics (Restructuring Performed)                                                                                   ;
+--------------------+-----------+---------------+----------------------+------------------------+------------+------------------------------------+
; Multiplexer Inputs ; Bus Width ; Baseline Area ; Area if Restructured ; Saving if Restructured ; Registered ; Example Multiplexer Output         ;
+--------------------+-----------+---------------+----------------------+------------------------+------------+------------------------------------+
; 8:1                ; 4 bits    ; 20 LEs        ; 20 LEs               ; 0 LEs                  ; No         ; |ElapsedTimeCounter_7S8D_LED|Mux15 ;
+--------------------+-----------+---------------+----------------------+------------------------+------------+------------------------------------+


+-----------------------------------------------------+
; Post-Synthesis Netlist Statistics for Top Partition ;
+-----------------------+-----------------------------+
; Type                  ; Count                       ;
+-----------------------+-----------------------------+
; boundary_port         ; 18                          ;
; cycloneiii_ff         ; 80                          ;
;     CLR               ; 21                          ;
;     CLR SCLR          ; 28                          ;
;     ENA CLR           ; 31                          ;
; cycloneiii_lcell_comb ; 139                         ;
;     arith             ; 75                          ;
;         2 data inputs ; 73                          ;
;         3 data inputs ; 2                           ;
;     normal            ; 64                          ;
;         0 data inputs ; 1                           ;
;         1 data inputs ; 13                          ;
;         2 data inputs ; 2                           ;
;         3 data inputs ; 14                          ;
;         4 data inputs ; 34                          ;
;                       ;                             ;
; Max LUT depth         ; 5.00                        ;
; Average LUT depth     ; 3.31                        ;
+-----------------------+-----------------------------+


+-------------------------------+
; Elapsed Time Per Partition    ;
+----------------+--------------+
; Partition Name ; Elapsed Time ;
+----------------+--------------+
; Top            ; 00:00:00     ;
+----------------+--------------+


+-------------------------------+
; Analysis & Synthesis Messages ;
+-------------------------------+
Info: *******************************************************************
Info: Running Quartus Prime Analysis & Synthesis
    Info: Version 18.1.0 Build 625 09/12/2018 SJ Lite Edition
    Info: Processing started: Thu Jun 06 10:51:46 2019
Info: Command: quartus_map --read_settings_files=on --write_settings_files=off seg73 -c seg73
Critical Warning (138069): Setting INCREMENTAL_COMPILATION to "OFF" is no longer supported. Assignment is ignored. To disable partitions, set the IGNORE_PARTITIONS global assignment to "ON" instead.
Warning (18236): Number of processors has not been specified which may cause overloading on shared machines.  Set the global assignment NUM_PARALLEL_PROCESSORS in your QSF to an appropriate value for best performance.
Info (20030): Parallel compilation is enabled and will use 4 of the 4 processors detected
Info (12021): Found 2 design units, including 1 entities, in source file /users/dgilliland/documents/github/r32v2020/vhdl/components/seven_seg_8_digit/elapsedtimecounter_7s8d_led.vhd
    Info (12022): Found design unit 1: ElapsedTimeCounter_7S8D_LED-Behavioral File: C:/Users/dgilliland/Documents/GitHub/R32V2020/VHDL/Components/Seven_Seg_8_Digit/ElapsedTimeCounter_7S8D_LED.vhd Line: 17
    Info (12023): Found entity 1: ElapsedTimeCounter_7S8D_LED File: C:/Users/dgilliland/Documents/GitHub/R32V2020/VHDL/Components/Seven_Seg_8_Digit/ElapsedTimeCounter_7S8D_LED.vhd Line: 10
Info (12127): Elaborating entity "ElapsedTimeCounter_7S8D_LED" for the top level hierarchy
Warning (10492): VHDL Process Statement warning at ElapsedTimeCounter_7S8D_LED.vhd(74): signal "displayed_number" is read inside the Process Statement but isn't in the Process Statement's sensitivity list File: C:/Users/dgilliland/Documents/GitHub/R32V2020/VHDL/Components/Seven_Seg_8_Digit/ElapsedTimeCounter_7S8D_LED.vhd Line: 74
Warning (10492): VHDL Process Statement warning at ElapsedTimeCounter_7S8D_LED.vhd(79): signal "displayed_number" is read inside the Process Statement but isn't in the Process Statement's sensitivity list File: C:/Users/dgilliland/Documents/GitHub/R32V2020/VHDL/Components/Seven_Seg_8_Digit/ElapsedTimeCounter_7S8D_LED.vhd Line: 79
Warning (10492): VHDL Process Statement warning at ElapsedTimeCounter_7S8D_LED.vhd(84): signal "displayed_number" is read inside the Process Statement but isn't in the Process Statement's sensitivity list File: C:/Users/dgilliland/Documents/GitHub/R32V2020/VHDL/Components/Seven_Seg_8_Digit/ElapsedTimeCounter_7S8D_LED.vhd Line: 84
Warning (10492): VHDL Process Statement warning at ElapsedTimeCounter_7S8D_LED.vhd(89): signal "displayed_number" is read inside the Process Statement but isn't in the Process Statement's sensitivity list File: C:/Users/dgilliland/Documents/GitHub/R32V2020/VHDL/Components/Seven_Seg_8_Digit/ElapsedTimeCounter_7S8D_LED.vhd Line: 89
Warning (10492): VHDL Process Statement warning at ElapsedTimeCounter_7S8D_LED.vhd(94): signal "displayed_number" is read inside the Process Statement but isn't in the Process Statement's sensitivity list File: C:/Users/dgilliland/Documents/GitHub/R32V2020/VHDL/Components/Seven_Seg_8_Digit/ElapsedTimeCounter_7S8D_LED.vhd Line: 94
Warning (10492): VHDL Process Statement warning at ElapsedTimeCounter_7S8D_LED.vhd(99): signal "displayed_number" is read inside the Process Statement but isn't in the Process Statement's sensitivity list File: C:/Users/dgilliland/Documents/GitHub/R32V2020/VHDL/Components/Seven_Seg_8_Digit/ElapsedTimeCounter_7S8D_LED.vhd Line: 99
Warning (10492): VHDL Process Statement warning at ElapsedTimeCounter_7S8D_LED.vhd(104): signal "displayed_number" is read inside the Process Statement but isn't in the Process Statement's sensitivity list File: C:/Users/dgilliland/Documents/GitHub/R32V2020/VHDL/Components/Seven_Seg_8_Digit/ElapsedTimeCounter_7S8D_LED.vhd Line: 104
Warning (10492): VHDL Process Statement warning at ElapsedTimeCounter_7S8D_LED.vhd(109): signal "displayed_number" is read inside the Process Statement but isn't in the Process Statement's sensitivity list File: C:/Users/dgilliland/Documents/GitHub/R32V2020/VHDL/Components/Seven_Seg_8_Digit/ElapsedTimeCounter_7S8D_LED.vhd Line: 109
Critical Warning (138069): Setting INCREMENTAL_COMPILATION to "OFF" is no longer supported. Assignment is ignored. To disable partitions, set the IGNORE_PARTITIONS global assignment to "ON" instead.
Warning (13024): Output pins are stuck at VCC or GND
    Warning (13410): Pin "LED_out[7]" is stuck at VCC File: C:/Users/dgilliland/Documents/GitHub/R32V2020/VHDL/Components/Seven_Seg_8_Digit/ElapsedTimeCounter_7S8D_LED.vhd Line: 14
Info (286030): Timing-Driven Synthesis is running
Info (17049): 1 registers lost all their fanouts during netlist optimizations.
Critical Warning (138069): Setting INCREMENTAL_COMPILATION to "OFF" is no longer supported. Assignment is ignored. To disable partitions, set the IGNORE_PARTITIONS global assignment to "ON" instead.
Info (16010): Generating hard_block partition "hard_block:auto_generated_inst"
    Info (16011): Adding 0 node(s), including 0 DDIO, 0 PLL, 0 transceiver and 0 LCELL
Info (21057): Implemented 147 device resources after synthesis - the final resource count might be different
    Info (21058): Implemented 2 input pins
    Info (21059): Implemented 16 output pins
    Info (21061): Implemented 129 logic cells
Info: Quartus Prime Analysis & Synthesis was successful. 0 errors, 14 warnings
    Info: Peak virtual memory: 4808 megabytes
    Info: Processing ended: Thu Jun 06 10:51:58 2019
    Info: Elapsed time: 00:00:12
    Info: Total CPU time (on all processors): 00:00:24


