Analysis & Synthesis report for KeyBoard
Tue Sep 04 14:00:02 2012
Quartus II Version 11.0 Build 157 04/27/2011 SJ Full Version


---------------------
; Table of Contents ;
---------------------
  1. Legal Notice
  2. Analysis & Synthesis Summary
  3. Analysis & Synthesis Settings
  4. Parallel Compilation
  5. Analysis & Synthesis Source Files Read
  6. Analysis & Synthesis Resource Usage Summary
  7. Analysis & Synthesis Resource Utilization by Entity
  8. State Machine - |KeyBoard|key44:inst1|state
  9. General Register Statistics
 10. Multiplexer Restructuring Statistics (Restructuring Performed)
 11. Parameter Settings for User Entity Instance: key44:inst1
 12. Elapsed Time Per Partition
 13. Analysis & Synthesis Messages



----------------
; Legal Notice ;
----------------
Copyright (C) 1991-2011 Altera Corporation
Your use of Altera Corporation's design tools, logic functions 
and other software and tools, and its AMPP partner logic 
functions, and any output files from any of the foregoing 
(including device programming or simulation files), and any 
associated documentation or information are expressly subject 
to the terms and conditions of the Altera Program License 
Subscription Agreement, Altera MegaCore Function License 
Agreement, or other applicable license agreement, including, 
without limitation, that your use is for the sole purpose of 
programming logic devices manufactured by Altera and sold by 
Altera or its authorized distributors.  Please refer to the 
applicable agreement for further details.



+--------------------------------------------------------------------------------+
; Analysis & Synthesis Summary                                                   ;
+------------------------------------+-------------------------------------------+
; Analysis & Synthesis Status        ; Successful - Tue Sep 04 14:00:02 2012     ;
; Quartus II Version                 ; 11.0 Build 157 04/27/2011 SJ Full Version ;
; Revision Name                      ; KeyBoard                                  ;
; Top-level Entity Name              ; KeyBoard                                  ;
; Family                             ; Cyclone IV E                              ;
; Total logic elements               ; 90                                        ;
;     Total combinational functions  ; 85                                        ;
;     Dedicated logic registers      ; 46                                        ;
; Total registers                    ; 46                                        ;
; Total pins                         ; 21                                        ;
; Total virtual pins                 ; 0                                         ;
; Total memory bits                  ; 0                                         ;
; Embedded Multiplier 9-bit elements ; 0                                         ;
; Total PLLs                         ; 0                                         ;
+------------------------------------+-------------------------------------------+


+----------------------------------------------------------------------------------------------------------------------+
; Analysis & Synthesis Settings                                                                                        ;
+----------------------------------------------------------------------------+--------------------+--------------------+
; Option                                                                     ; Setting            ; Default Value      ;
+----------------------------------------------------------------------------+--------------------+--------------------+
; Device                                                                     ; EP4CE6E22C8        ;                    ;
; Top-level entity name                                                      ; KeyBoard           ; KeyBoard           ;
; Family name                                                                ; Cyclone IV E       ; Stratix            ;
; Use smart compilation                                                      ; Off                ; Off                ;
; Maximum processors allowed for parallel compilation                        ; 1                  ; 1                  ;
; Enable parallel Assembler and TimeQuest Timing Analyzer during compilation ; On                 ; On                 ;
; Enable compact report table                                                ; Off                ; Off                ;
; Restructure Multiplexers                                                   ; Auto               ; Auto               ;
; Create Debugging Nodes for IP Cores                                        ; Off                ; Off                ;
; Preserve fewer node names                                                  ; On                 ; On                 ;
; Disable OpenCore Plus hardware evaluation                                  ; Off                ; Off                ;
; Verilog Version                                                            ; Verilog_2001       ; Verilog_2001       ;
; VHDL Version                                                               ; VHDL_1993          ; VHDL_1993          ;
; State Machine Processing                                                   ; Auto               ; Auto               ;
; Safe State Machine                                                         ; Off                ; Off                ;
; Extract Verilog State Machines                                             ; On                 ; On                 ;
; Extract VHDL State Machines                                                ; On                 ; On                 ;
; Ignore Verilog initial constructs                                          ; Off                ; Off                ;
; Iteration limit for constant Verilog loops                                 ; 5000               ; 5000               ;
; Iteration limit for non-constant Verilog loops                             ; 250                ; 250                ;
; Add Pass-Through Logic to Inferred RAMs                                    ; On                 ; On                 ;
; Parallel Synthesis                                                         ; On                 ; On                 ;
; DSP Block Balancing                                                        ; Auto               ; Auto               ;
; NOT Gate Push-Back                                                         ; On                 ; On                 ;
; Power-Up Don't Care                                                        ; On                 ; On                 ;
; Remove Redundant Logic Cells                                               ; Off                ; Off                ;
; Remove Duplicate Registers                                                 ; On                 ; On                 ;
; Ignore CARRY Buffers                                                       ; Off                ; Off                ;
; Ignore CASCADE Buffers                                                     ; Off                ; Off                ;
; Ignore GLOBAL Buffers                                                      ; Off                ; Off                ;
; Ignore ROW GLOBAL Buffers                                                  ; Off                ; Off                ;
; Ignore LCELL Buffers                                                       ; Off                ; Off                ;
; Ignore SOFT Buffers                                                        ; On                 ; On                 ;
; Limit AHDL Integers to 32 Bits                                             ; Off                ; Off                ;
; Optimization Technique                                                     ; Balanced           ; Balanced           ;
; Carry Chain Length                                                         ; 70                 ; 70                 ;
; Auto Carry Chains                                                          ; On                 ; On                 ;
; Auto Open-Drain Pins                                                       ; On                 ; On                 ;
; Perform WYSIWYG Primitive Resynthesis                                      ; Off                ; Off                ;
; Auto ROM Replacement                                                       ; On                 ; On                 ;
; Auto RAM Replacement                                                       ; On                 ; On                 ;
; Auto DSP Block Replacement                                                 ; On                 ; On                 ;
; Auto Shift Register Replacement                                            ; Auto               ; Auto               ;
; Allow Shift Register Merging across Hierarchies                            ; Auto               ; Auto               ;
; Auto Clock Enable Replacement                                              ; On                 ; On                 ;
; Strict RAM Replacement                                                     ; Off                ; Off                ;
; Allow Synchronous Control Signals                                          ; On                 ; On                 ;
; Force Use of Synchronous Clear Signals                                     ; Off                ; Off                ;
; Auto RAM Block Balancing                                                   ; On                 ; On                 ;
; Auto RAM to Logic Cell Conversion                                          ; Off                ; Off                ;
; Auto Resource Sharing                                                      ; Off                ; Off                ;
; Allow Any RAM Size For Recognition                                         ; Off                ; Off                ;
; Allow Any ROM Size For Recognition                                         ; Off                ; Off                ;
; Allow Any Shift Register Size For Recognition                              ; Off                ; Off                ;
; Use LogicLock Constraints during Resource Balancing                        ; On                 ; On                 ;
; Ignore translate_off and synthesis_off directives                          ; Off                ; Off                ;
; Timing-Driven Synthesis                                                    ; On                 ; On                 ;
; Report Parameter Settings                                                  ; On                 ; On                 ;
; Report Source Assignments                                                  ; On                 ; On                 ;
; Report Connectivity Checks                                                 ; On                 ; On                 ;
; Ignore Maximum Fan-Out Assignments                                         ; Off                ; Off                ;
; Synchronization Register Chain Length                                      ; 2                  ; 2                  ;
; PowerPlay Power Optimization                                               ; Normal compilation ; Normal compilation ;
; HDL message level                                                          ; Level2             ; Level2             ;
; Suppress Register Optimization Related Messages                            ; Off                ; Off                ;
; Number of Removed Registers Reported in Synthesis Report                   ; 100                ; 100                ;
; Number of Inverted Registers Reported in Synthesis Report                  ; 100                ; 100                ;
; Clock MUX Protection                                                       ; On                 ; On                 ;
; Auto Gated Clock Conversion                                                ; Off                ; Off                ;
; Block Design Naming                                                        ; Auto               ; Auto               ;
; SDC constraint protection                                                  ; Off                ; Off                ;
; Synthesis Effort                                                           ; Auto               ; Auto               ;
; Shift Register Replacement - Allow Asynchronous Clear Signal               ; On                 ; On                 ;
; Analysis & Synthesis Message Level                                         ; Medium             ; Medium             ;
; Disable Register Merging Across Hierarchies                                ; Auto               ; Auto               ;
; Resource Aware Inference For Block RAM                                     ; On                 ; On                 ;
; Synthesis Seed                                                             ; 1                  ; 1                  ;
+----------------------------------------------------------------------------+--------------------+--------------------+


Parallel compilation was disabled, but you have multiple processors available. Enable parallel compilation to reduce compilation time.
+-------------------------------------+
; Parallel Compilation                ;
+----------------------------+--------+
; Processors                 ; Number ;
+----------------------------+--------+
; Number detected on machine ; 2      ;
; Maximum allowed            ; 1      ;
+----------------------------+--------+


+-------------------------------------------------------------------------------------------------------------------------------------------+
; Analysis & Synthesis Source Files Read                                                                                                    ;
+----------------------------------+-----------------+------------------------------------+-------------------------------------------------+
; File Name with User-Entered Path ; Used in Netlist ; File Type                          ; File Name with Absolute Path                    ;
+----------------------------------+-----------------+------------------------------------+-------------------------------------------------+
; Frequency.vhd                    ; yes             ; User VHDL File                     ; E:/Program/EP4CE6/vhdl/4x4 Keypad/Frequency.vhd ;
; key44.v                          ; yes             ; User Verilog HDL File              ; E:/Program/EP4CE6/vhdl/4x4 Keypad/key44.v       ;
; LED8.vhd                         ; yes             ; User VHDL File                     ; E:/Program/EP4CE6/vhdl/4x4 Keypad/LED8.vhd      ;
; KeyBoard.bdf                     ; yes             ; User Block Diagram/Schematic File  ; E:/Program/EP4CE6/vhdl/4x4 Keypad/KeyBoard.bdf  ;
+----------------------------------+-----------------+------------------------------------+-------------------------------------------------+


+-----------------------------------------------------------+
; Analysis & Synthesis Resource Usage Summary               ;
+---------------------------------------------+-------------+
; Resource                                    ; Usage       ;
+---------------------------------------------+-------------+
; Estimated Total logic elements              ; 90          ;
;                                             ;             ;
; Total combinational functions               ; 85          ;
; Logic element usage by number of LUT inputs ;             ;
;     -- 4 input functions                    ; 31          ;
;     -- 3 input functions                    ; 15          ;
;     -- <=2 input functions                  ; 39          ;
;                                             ;             ;
; Logic elements by mode                      ;             ;
;     -- normal mode                          ; 65          ;
;     -- arithmetic mode                      ; 20          ;
;                                             ;             ;
; Total registers                             ; 46          ;
;     -- Dedicated logic registers            ; 46          ;
;     -- I/O registers                        ; 0           ;
;                                             ;             ;
; I/O pins                                    ; 21          ;
; Maximum fan-out node                        ; RESET~input ;
; Maximum fan-out                             ; 16          ;
; Total fan-out                               ; 404         ;
; Average fan-out                             ; 2.34        ;
+---------------------------------------------+-------------+


+----------------------------------------------------------------------------------------------------------------------------------------------------------------------------------+
; Analysis & Synthesis Resource Utilization by Entity                                                                                                                              ;
+----------------------------+-------------------+--------------+-------------+--------------+---------+-----------+------+--------------+--------------------------+--------------+
; Compilation Hierarchy Node ; LC Combinationals ; LC Registers ; Memory Bits ; DSP Elements ; DSP 9x9 ; DSP 18x18 ; Pins ; Virtual Pins ; Full Hierarchy Name      ; Library Name ;
+----------------------------+-------------------+--------------+-------------+--------------+---------+-----------+------+--------------+--------------------------+--------------+
; |KeyBoard                  ; 85 (0)            ; 46 (0)       ; 0           ; 0            ; 0       ; 0         ; 21   ; 0            ; |KeyBoard                ;              ;
;    |Frequency:inst|        ; 26 (26)           ; 17 (17)      ; 0           ; 0            ; 0       ; 0         ; 0    ; 0            ; |KeyBoard|Frequency:inst ;              ;
;    |LED8:inst2|            ; 10 (10)           ; 3 (3)        ; 0           ; 0            ; 0       ; 0         ; 0    ; 0            ; |KeyBoard|LED8:inst2     ;              ;
;    |key44:inst1|           ; 49 (49)           ; 26 (26)      ; 0           ; 0            ; 0       ; 0         ; 0    ; 0            ; |KeyBoard|key44:inst1    ;              ;
+----------------------------+-------------------+--------------+-------------+--------------+---------+-----------+------+--------------+--------------------------+--------------+
Note: For table entries with two numbers listed, the numbers in parentheses indicate the number of resources of the given type used by the specific entity alone. The numbers listed outside of parentheses indicate the total resources of the given type used by the specific entity and all of its sub-entities in the hierarchy.


Encoding Type:  One-Hot
+-----------------------------------------------------------------------------------+
; State Machine - |KeyBoard|key44:inst1|state                                       ;
+-----------+-----------+-----------+-----------+-----------+-----------+-----------+
; Name      ; state.S_5 ; state.S_4 ; state.S_3 ; state.S_2 ; state.S_1 ; state.S_0 ;
+-----------+-----------+-----------+-----------+-----------+-----------+-----------+
; state.S_0 ; 0         ; 0         ; 0         ; 0         ; 0         ; 0         ;
; state.S_1 ; 0         ; 0         ; 0         ; 0         ; 1         ; 1         ;
; state.S_2 ; 0         ; 0         ; 0         ; 1         ; 0         ; 1         ;
; state.S_3 ; 0         ; 0         ; 1         ; 0         ; 0         ; 1         ;
; state.S_4 ; 0         ; 1         ; 0         ; 0         ; 0         ; 1         ;
; state.S_5 ; 1         ; 0         ; 0         ; 0         ; 0         ; 1         ;
+-----------+-----------+-----------+-----------+-----------+-----------+-----------+


+------------------------------------------------------+
; General Register Statistics                          ;
+----------------------------------------------+-------+
; Statistic                                    ; Value ;
+----------------------------------------------+-------+
; Total registers                              ; 46    ;
; Number of registers using Synchronous Clear  ; 14    ;
; Number of registers using Synchronous Load   ; 0     ;
; Number of registers using Asynchronous Clear ; 16    ;
; Number of registers using Asynchronous Load  ; 0     ;
; Number of registers using Clock Enable       ; 12    ;
; Number of registers using Preset             ; 0     ;
+----------------------------------------------+-------+


+--------------------------------------------------------------------------------------------------------------------------------------------------------------+
; Multiplexer Restructuring Statistics (Restructuring Performed)                                                                                               ;
+--------------------+-----------+---------------+----------------------+------------------------+--------------------------------+----------------------------+
; Multiplexer Inputs ; Bus Width ; Baseline Area ; Area if Restructured ; Saving if Restructured ; Registered                     ; Example Multiplexer Output ;
+--------------------+-----------+---------------+----------------------+------------------------+--------------------------------+----------------------------+
; 3:1                ; 4 bits    ; 8 LEs         ; 4 LEs                ; 4 LEs                  ; |KeyBoard|key44:inst1|count[3] ;                            ;
+--------------------+-----------+---------------+----------------------+------------------------+--------------------------------+----------------------------+


+----------------------------------------------------------+
; Parameter Settings for User Entity Instance: key44:inst1 ;
+----------------+--------+--------------------------------+
; Parameter Name ; Value  ; Type                           ;
+----------------+--------+--------------------------------+
; S_0            ; 000001 ; Unsigned Binary                ;
; S_1            ; 000010 ; Unsigned Binary                ;
; S_2            ; 000100 ; Unsigned Binary                ;
; S_3            ; 001000 ; Unsigned Binary                ;
; S_4            ; 010000 ; Unsigned Binary                ;
; S_5            ; 100000 ; Unsigned Binary                ;
+----------------+--------+--------------------------------+
Note: In order to hide this table in the UI and the text report file, please set the "Show Parameter Settings in Synthesis Report" option in "Analysis and Synthesis Settings -> More Settings" to "Off".


+-------------------------------+
; Elapsed Time Per Partition    ;
+----------------+--------------+
; Partition Name ; Elapsed Time ;
+----------------+--------------+
; Top            ; 00:00:00     ;
+----------------+--------------+


+-------------------------------+
; Analysis & Synthesis Messages ;
+-------------------------------+
Info: *******************************************************************
Info: Running Quartus II Analysis & Synthesis
    Info: Version 11.0 Build 157 04/27/2011 SJ Full Version
    Info: Processing started: Tue Sep 04 14:00:01 2012
Info: Command: quartus_map --read_settings_files=on --write_settings_files=off KeyBoard -c KeyBoard
Critical Warning: Setting INCREMENTAL_COMPILATION to "OFF" is no longer supported. Assignment is ignored. To disable partitions, set the IGNORE_PARTITIONS global assignment to "ON" instead.
Info: Found 2 design units, including 1 entities, in source file frequency.vhd
    Info: Found design unit 1: Frequency-Frequency_arch
    Info: Found entity 1: Frequency
Info: Found 1 design units, including 1 entities, in source file key44.v
    Info: Found entity 1: key44
Info: Found 2 design units, including 1 entities, in source file led8.vhd
    Info: Found design unit 1: LED8-LED8_arch
    Info: Found entity 1: LED8
Info: Found 1 design units, including 1 entities, in source file keyboard.bdf
    Info: Found entity 1: KeyBoard
Info: Elaborating entity "KeyBoard" for the top level hierarchy
Info: Elaborating entity "key44" for hierarchy "key44:inst1"
Warning (10230): Verilog HDL assignment warning at key44.v(57): truncated value with size 32 to match size of target (5)
Warning (10230): Verilog HDL assignment warning at key44.v(84): truncated value with size 32 to match size of target (4)
Info: Elaborating entity "Frequency" for hierarchy "Frequency:inst"
Info: Elaborating entity "LED8" for hierarchy "LED8:inst2"
Warning: Output pins are stuck at VCC or GND
    Warning (13410): Pin "LED[7]" is stuck at VCC
Info: Timing-Driven Synthesis is running
Critical Warning: Setting INCREMENTAL_COMPILATION to "OFF" is no longer supported. Assignment is ignored. To disable partitions, set the IGNORE_PARTITIONS global assignment to "ON" instead.
Info: Generating hard_block partition "hard_block:auto_generated_inst"
Info: Implemented 112 device resources after synthesis - the final resource count might be different
    Info: Implemented 6 input pins
    Info: Implemented 15 output pins
    Info: Implemented 91 logic cells
Info: Quartus II Analysis & Synthesis was successful. 0 errors, 6 warnings
    Info: Peak virtual memory: 248 megabytes
    Info: Processing ended: Tue Sep 04 14:00:02 2012
    Info: Elapsed time: 00:00:01
    Info: Total CPU time (on all processors): 00:00:02


